[5.427s] Invoking command in '/home/guy/ros2_ws/build/examples_rclpy_minimal_client': PYTHONPATH=/home/guy/ros2_ws/build/examples_rclpy_minimal_client/prefix_override:/usr/lib/python3/dist-packages/colcon_core/task/python/colcon_distutils_commands:/home/guy/ros2_ws/install/examples_rclpy_minimal_client/lib/python3.10/site-packages:${PYTHONPATH} /usr/bin/python3 -W ignore:setup.py install is deprecated -W ignore:easy_install command is deprecated setup.py develop --editable --build-directory /home/guy/ros2_ws/build/examples_rclpy_minimal_client/build --no-deps symlink_data --force
[6.906s] running develop
[7.538s] running egg_info
[7.539s] writing examples_rclpy_minimal_client.egg-info/PKG-INFO
[7.540s] writing dependency_links to examples_rclpy_minimal_client.egg-info/dependency_links.txt
[7.540s] writing entry points to examples_rclpy_minimal_client.egg-info/entry_points.txt
[7.541s] writing requirements to examples_rclpy_minimal_client.egg-info/requires.txt
[7.541s] writing top-level names to examples_rclpy_minimal_client.egg-info/top_level.txt
[7.547s] reading manifest file 'examples_rclpy_minimal_client.egg-info/SOURCES.txt'
[7.548s] writing manifest file 'examples_rclpy_minimal_client.egg-info/SOURCES.txt'
[7.553s] running build_ext
[7.553s] Creating /home/guy/ros2_ws/install/examples_rclpy_minimal_client/lib/python3.10/site-packages/examples-rclpy-minimal-client.egg-link (link to .)
[7.564s] Installing client script to /home/guy/ros2_ws/install/examples_rclpy_minimal_client/lib/examples_rclpy_minimal_client
[7.565s] Installing client_async script to /home/guy/ros2_ws/install/examples_rclpy_minimal_client/lib/examples_rclpy_minimal_client
[7.565s] Installing client_async_callback script to /home/guy/ros2_ws/install/examples_rclpy_minimal_client/lib/examples_rclpy_minimal_client
[7.569s] Installing client_async_member_function script to /home/guy/ros2_ws/install/examples_rclpy_minimal_client/lib/examples_rclpy_minimal_client
[7.570s] 
[7.570s] Installed /home/guy/ros2_ws/build/examples_rclpy_minimal_client
[7.570s] running symlink_data
[7.578s] symbolically linking /home/guy/ros2_ws/build/examples_rclpy_minimal_client/resource/examples_rclpy_minimal_client -> /home/guy/ros2_ws/install/examples_rclpy_minimal_client/share/ament_index/resource_index/packages
[7.579s] symbolically linking /home/guy/ros2_ws/build/examples_rclpy_minimal_client/package.xml -> /home/guy/ros2_ws/install/examples_rclpy_minimal_client/share/examples_rclpy_minimal_client
[8.061s] Invoked command in '/home/guy/ros2_ws/build/examples_rclpy_minimal_client' returned '0': PYTHONPATH=/home/guy/ros2_ws/build/examples_rclpy_minimal_client/prefix_override:/usr/lib/python3/dist-packages/colcon_core/task/python/colcon_distutils_commands:/home/guy/ros2_ws/install/examples_rclpy_minimal_client/lib/python3.10/site-packages:${PYTHONPATH} /usr/bin/python3 -W ignore:setup.py install is deprecated -W ignore:easy_install command is deprecated setup.py develop --editable --build-directory /home/guy/ros2_ws/build/examples_rclpy_minimal_client/build --no-deps symlink_data --force
