[ 50%] [32mBuilding CXX object CMakeFiles/minimal_pubsub.dir/src/main.cpp.o[0m
[100%] [32m[1mLinking CXX executable minimal_pubsub[0m
[100%] Built target minimal_pubsub
-- Install configuration: ""
-- Installing: /home/guy/ros2_ws/install/pubsub_node/lib/pubsub_node/minimal_pubsub
-- Set runtime path of "/home/guy/ros2_ws/install/pubsub_node/lib/pubsub_node/minimal_pubsub" to ""
-- Up-to-date: /home/guy/ros2_ws/install/pubsub_node/share/ament_index/resource_index/package_run_dependencies/pubsub_node
-- Up-to-date: /home/guy/ros2_ws/install/pubsub_node/share/ament_index/resource_index/parent_prefix_path/pubsub_node
-- Up-to-date: /home/guy/ros2_ws/install/pubsub_node/share/pubsub_node/environment/ament_prefix_path.sh
-- Installing: /home/guy/ros2_ws/install/pubsub_node/share/pubsub_node/environment/ament_prefix_path.dsv
-- Up-to-date: /home/guy/ros2_ws/install/pubsub_node/share/pubsub_node/environment/path.sh
-- Installing: /home/guy/ros2_ws/install/pubsub_node/share/pubsub_node/environment/path.dsv
-- Up-to-date: /home/guy/ros2_ws/install/pubsub_node/share/pubsub_node/local_setup.bash
-- Up-to-date: /home/guy/ros2_ws/install/pubsub_node/share/pubsub_node/local_setup.sh
-- Up-to-date: /home/guy/ros2_ws/install/pubsub_node/share/pubsub_node/local_setup.zsh
-- Installing: /home/guy/ros2_ws/install/pubsub_node/share/pubsub_node/local_setup.dsv
-- Installing: /home/guy/ros2_ws/install/pubsub_node/share/pubsub_node/package.dsv
-- Up-to-date: /home/guy/ros2_ws/install/pubsub_node/share/ament_index/resource_index/packages/pubsub_node
-- Up-to-date: /home/guy/ros2_ws/install/pubsub_node/share/pubsub_node/cmake/pubsub_nodeConfig.cmake
-- Up-to-date: /home/guy/ros2_ws/install/pubsub_node/share/pubsub_node/cmake/pubsub_nodeConfig-version.cmake
-- Up-to-date: /home/guy/ros2_ws/install/pubsub_node/share/pubsub_node/package.xml
