[5.569s] Invoking command in '/home/guy/ros2_ws/src/examples/rclpy/executors': PYTHONPATH=/home/guy/ros2_ws/build/examples_rclpy_executors/prefix_override:/usr/lib/python3/dist-packages/colcon_core/task/python/colcon_distutils_commands:/home/guy/ros2_ws/install/examples_rclpy_executors/lib/python3.10/site-packages:${PYTHONPATH} /usr/bin/python3 -W ignore:setup.py install is deprecated -W ignore:easy_install command is deprecated setup.py egg_info --egg-base ../../../../build/examples_rclpy_executors build --build-base /home/guy/ros2_ws/build/examples_rclpy_executors/build install --record /home/guy/ros2_ws/build/examples_rclpy_executors/install.log --single-version-externally-managed install_data
[8.023s] running egg_info
[8.024s] writing ../../../../build/examples_rclpy_executors/examples_rclpy_executors.egg-info/PKG-INFO
[8.025s] writing dependency_links to ../../../../build/examples_rclpy_executors/examples_rclpy_executors.egg-info/dependency_links.txt
[8.026s] writing entry points to ../../../../build/examples_rclpy_executors/examples_rclpy_executors.egg-info/entry_points.txt
[8.026s] writing requirements to ../../../../build/examples_rclpy_executors/examples_rclpy_executors.egg-info/requires.txt
[8.027s] writing top-level names to ../../../../build/examples_rclpy_executors/examples_rclpy_executors.egg-info/top_level.txt
[8.027s] reading manifest file '../../../../build/examples_rclpy_executors/examples_rclpy_executors.egg-info/SOURCES.txt'
[8.027s] writing manifest file '../../../../build/examples_rclpy_executors/examples_rclpy_executors.egg-info/SOURCES.txt'
[8.027s] running build
[8.028s] running build_py
[8.029s] running install
[8.029s] running install_lib
[8.029s] running install_data
[8.030s] running install_egg_info
[8.031s] removing '/home/guy/ros2_ws/install/examples_rclpy_executors/lib/python3.10/site-packages/examples_rclpy_executors-0.15.3-py3.10.egg-info' (and everything under it)
[8.031s] Copying ../../../../build/examples_rclpy_executors/examples_rclpy_executors.egg-info to /home/guy/ros2_ws/install/examples_rclpy_executors/lib/python3.10/site-packages/examples_rclpy_executors-0.15.3-py3.10.egg-info
[8.031s] running install_scripts
[8.032s] Installing callback_group script to /home/guy/ros2_ws/install/examples_rclpy_executors/lib/examples_rclpy_executors
[8.032s] Installing composed script to /home/guy/ros2_ws/install/examples_rclpy_executors/lib/examples_rclpy_executors
[8.032s] Installing custom_callback_group script to /home/guy/ros2_ws/install/examples_rclpy_executors/lib/examples_rclpy_executors
[8.032s] Installing custom_executor script to /home/guy/ros2_ws/install/examples_rclpy_executors/lib/examples_rclpy_executors
[8.032s] Installing listener script to /home/guy/ros2_ws/install/examples_rclpy_executors/lib/examples_rclpy_executors
[8.032s] Installing talker script to /home/guy/ros2_ws/install/examples_rclpy_executors/lib/examples_rclpy_executors
[8.032s] writing list of installed files to '/home/guy/ros2_ws/build/examples_rclpy_executors/install.log'
[8.034s] Invoked command in '/home/guy/ros2_ws/src/examples/rclpy/executors' returned '0': PYTHONPATH=/home/guy/ros2_ws/build/examples_rclpy_executors/prefix_override:/usr/lib/python3/dist-packages/colcon_core/task/python/colcon_distutils_commands:/home/guy/ros2_ws/install/examples_rclpy_executors/lib/python3.10/site-packages:${PYTHONPATH} /usr/bin/python3 -W ignore:setup.py install is deprecated -W ignore:easy_install command is deprecated setup.py egg_info --egg-base ../../../../build/examples_rclpy_executors build --build-base /home/guy/ros2_ws/build/examples_rclpy_executors/build install --record /home/guy/ros2_ws/build/examples_rclpy_executors/install.log --single-version-externally-managed install_data
