[6.826s] Invoking command in '/home/guy/ros2_ws/build/examples_rclpy_minimal_action_client': PYTHONPATH=/home/guy/ros2_ws/build/examples_rclpy_minimal_action_client/prefix_override:/usr/lib/python3/dist-packages/colcon_core/task/python/colcon_distutils_commands:/home/guy/ros2_ws/install/examples_rclpy_minimal_action_client/lib/python3.10/site-packages:${PYTHONPATH} /usr/bin/python3 -W ignore:setup.py install is deprecated -W ignore:easy_install command is deprecated setup.py develop --editable --build-directory /home/guy/ros2_ws/build/examples_rclpy_minimal_action_client/build --no-deps symlink_data --force
[8.083s] running develop
[8.698s] running egg_info
[8.699s] writing examples_rclpy_minimal_action_client.egg-info/PKG-INFO
[8.700s] writing dependency_links to examples_rclpy_minimal_action_client.egg-info/dependency_links.txt
[8.700s] writing entry points to examples_rclpy_minimal_action_client.egg-info/entry_points.txt
[8.700s] writing requirements to examples_rclpy_minimal_action_client.egg-info/requires.txt
[8.701s] writing top-level names to examples_rclpy_minimal_action_client.egg-info/top_level.txt
[8.706s] reading manifest file 'examples_rclpy_minimal_action_client.egg-info/SOURCES.txt'
[8.707s] writing manifest file 'examples_rclpy_minimal_action_client.egg-info/SOURCES.txt'
[8.720s] running build_ext
[8.720s] Creating /home/guy/ros2_ws/install/examples_rclpy_minimal_action_client/lib/python3.10/site-packages/examples-rclpy-minimal-action-client.egg-link (link to .)
[8.722s] Installing client script to /home/guy/ros2_ws/install/examples_rclpy_minimal_action_client/lib/examples_rclpy_minimal_action_client
[8.723s] Installing client_asyncio script to /home/guy/ros2_ws/install/examples_rclpy_minimal_action_client/lib/examples_rclpy_minimal_action_client
[8.723s] Installing client_cancel script to /home/guy/ros2_ws/install/examples_rclpy_minimal_action_client/lib/examples_rclpy_minimal_action_client
[8.724s] Installing client_not_composable script to /home/guy/ros2_ws/install/examples_rclpy_minimal_action_client/lib/examples_rclpy_minimal_action_client
[8.724s] 
[8.724s] Installed /home/guy/ros2_ws/build/examples_rclpy_minimal_action_client
[8.725s] running symlink_data
[8.725s] symbolically linking /home/guy/ros2_ws/build/examples_rclpy_minimal_action_client/resource/examples_rclpy_minimal_action_client -> /home/guy/ros2_ws/install/examples_rclpy_minimal_action_client/share/ament_index/resource_index/packages
[8.725s] symbolically linking /home/guy/ros2_ws/build/examples_rclpy_minimal_action_client/package.xml -> /home/guy/ros2_ws/install/examples_rclpy_minimal_action_client/share/examples_rclpy_minimal_action_client
[8.920s] Invoked command in '/home/guy/ros2_ws/build/examples_rclpy_minimal_action_client' returned '0': PYTHONPATH=/home/guy/ros2_ws/build/examples_rclpy_minimal_action_client/prefix_override:/usr/lib/python3/dist-packages/colcon_core/task/python/colcon_distutils_commands:/home/guy/ros2_ws/install/examples_rclpy_minimal_action_client/lib/python3.10/site-packages:${PYTHONPATH} /usr/bin/python3 -W ignore:setup.py install is deprecated -W ignore:easy_install command is deprecated setup.py develop --editable --build-directory /home/guy/ros2_ws/build/examples_rclpy_minimal_action_client/build --no-deps symlink_data --force
