[0.209s] Invoking command in '/home/guy/ros2_ws/build/examples_rclcpp_minimal_composition': CMAKE_PREFIX_PATH=/opt/ros/humble /usr/bin/cmake /home/guy/ros2_ws/src/examples/rclcpp/composition/minimal_composition -DCMAKE_INSTALL_PREFIX=/home/guy/ros2_ws/install/examples_rclcpp_minimal_composition
[2.848s] -- Found ament_cmake: 1.3.11 (/opt/ros/humble/share/ament_cmake/cmake)
[2.848s] -- Override CMake install command with custom implementation using symlinks instead of copying resources
[2.848s] -- Found rclcpp: 16.0.12 (/opt/ros/humble/share/rclcpp/cmake)
[2.848s] -- Found rosidl_generator_c: 3.1.6 (/opt/ros/humble/share/rosidl_generator_c/cmake)
[2.849s] -- Found rosidl_adapter: 3.1.6 (/opt/ros/humble/share/rosidl_adapter/cmake)
[2.849s] -- Found rosidl_generator_cpp: 3.1.6 (/opt/ros/humble/share/rosidl_generator_cpp/cmake)
[2.849s] -- Using all available rosidl_typesupport_c: rosidl_typesupport_fastrtps_c;rosidl_typesupport_introspection_c
[2.849s] -- Using all available rosidl_typesupport_cpp: rosidl_typesupport_fastrtps_cpp;rosidl_typesupport_introspection_cpp
[2.849s] -- Found rmw_implementation_cmake: 6.1.2 (/opt/ros/humble/share/rmw_implementation_cmake/cmake)
[2.849s] -- Found rmw_fastrtps_cpp: 6.2.7 (/opt/ros/humble/share/rmw_fastrtps_cpp/cmake)
[2.849s] -- Using RMW implementation 'rmw_fastrtps_cpp' as default
[2.850s] -- Found rclcpp_components: 16.0.12 (/opt/ros/humble/share/rclcpp_components/cmake)
[2.850s] -- Found ament_lint_auto: 0.12.12 (/opt/ros/humble/share/ament_lint_auto/cmake)
[2.850s] -- Added test 'copyright' to check source files copyright and LICENSE
[2.850s] -- Added test 'cppcheck' to perform static code analysis on C / C++ code
[2.850s] -- Configured cppcheck include dirs: /home/guy/ros2_ws/src/examples/rclcpp/composition/minimal_composition/include
[2.850s] -- Configured cppcheck exclude dirs and/or files: 
[2.850s] -- Added test 'cpplint' to check C / C++ code against the Google style
[2.850s] -- Configured cpplint exclude dirs and/or files: 
[2.851s] -- Added test 'lint_cmake' to check CMake code style
[2.851s] -- Added test 'uncrustify' to check C / C++ code style
[2.851s] -- Configured uncrustify additional arguments: 
[2.851s] -- Added test 'xmllint' to check XML markup files
[2.851s] -- Configuring done
[2.851s] -- Generating done
[2.851s] -- Build files have been written to: /home/guy/ros2_ws/build/examples_rclcpp_minimal_composition
[2.898s] Invoked command in '/home/guy/ros2_ws/build/examples_rclcpp_minimal_composition' returned '0': CMAKE_PREFIX_PATH=/opt/ros/humble /usr/bin/cmake /home/guy/ros2_ws/src/examples/rclcpp/composition/minimal_composition -DCMAKE_INSTALL_PREFIX=/home/guy/ros2_ws/install/examples_rclcpp_minimal_composition
[2.908s] Invoking command in '/home/guy/ros2_ws/build/examples_rclcpp_minimal_composition': CMAKE_PREFIX_PATH=/opt/ros/humble /usr/bin/cmake --build /home/guy/ros2_ws/build/examples_rclcpp_minimal_composition -- -j6 -l6
[3.090s] [35m[1mConsolidate compiler generated dependencies of target composition_nodes[0m
[3.209s] [ 33%] Built target composition_nodes
[3.267s] [35m[1mConsolidate compiler generated dependencies of target composition_publisher[0m
[3.344s] [ 55%] Built target composition_publisher
[3.417s] [35m[1mConsolidate compiler generated dependencies of target composition_composed[0m
[3.529s] [ 77%] Built target composition_composed
[3.576s] [35m[1mConsolidate compiler generated dependencies of target composition_subscriber[0m
[3.700s] [100%] Built target composition_subscriber
[3.757s] Invoked command in '/home/guy/ros2_ws/build/examples_rclcpp_minimal_composition' returned '0': CMAKE_PREFIX_PATH=/opt/ros/humble /usr/bin/cmake --build /home/guy/ros2_ws/build/examples_rclcpp_minimal_composition -- -j6 -l6
[3.758s] Invoking command in '/home/guy/ros2_ws/build/examples_rclcpp_minimal_composition': CMAKE_PREFIX_PATH=/opt/ros/humble /usr/bin/cmake --install /home/guy/ros2_ws/build/examples_rclcpp_minimal_composition
[3.834s] -- Install configuration: ""
[3.834s] -- Execute custom install script
[3.834s] -- Up-to-date symlink: /home/guy/ros2_ws/install/examples_rclcpp_minimal_composition/share/examples_rclcpp_minimal_composition/environment/library_path.sh
[3.835s] -- Up-to-date symlink: /home/guy/ros2_ws/install/examples_rclcpp_minimal_composition/share/examples_rclcpp_minimal_composition/environment/library_path.dsv
[3.835s] -- Up-to-date symlink: /home/guy/ros2_ws/install/examples_rclcpp_minimal_composition/lib/libcomposition_nodes.so
[3.847s] -- Up-to-date symlink: /home/guy/ros2_ws/install/examples_rclcpp_minimal_composition/lib/examples_rclcpp_minimal_composition/composition_publisher
[3.848s] -- Up-to-date symlink: /home/guy/ros2_ws/install/examples_rclcpp_minimal_composition/lib/examples_rclcpp_minimal_composition/composition_subscriber
[3.849s] -- Up-to-date symlink: /home/guy/ros2_ws/install/examples_rclcpp_minimal_composition/lib/examples_rclcpp_minimal_composition/composition_composed
[3.849s] -- Up-to-date symlink: /home/guy/ros2_ws/install/examples_rclcpp_minimal_composition/share/ament_index/resource_index/package_run_dependencies/examples_rclcpp_minimal_composition
[3.849s] -- Up-to-date symlink: /home/guy/ros2_ws/install/examples_rclcpp_minimal_composition/share/ament_index/resource_index/parent_prefix_path/examples_rclcpp_minimal_composition
[3.849s] -- Up-to-date symlink: /home/guy/ros2_ws/install/examples_rclcpp_minimal_composition/share/examples_rclcpp_minimal_composition/environment/ament_prefix_path.sh
[3.849s] -- Up-to-date symlink: /home/guy/ros2_ws/install/examples_rclcpp_minimal_composition/share/examples_rclcpp_minimal_composition/environment/ament_prefix_path.dsv
[3.850s] -- Up-to-date symlink: /home/guy/ros2_ws/install/examples_rclcpp_minimal_composition/share/examples_rclcpp_minimal_composition/environment/path.sh
[3.850s] -- Up-to-date symlink: /home/guy/ros2_ws/install/examples_rclcpp_minimal_composition/share/examples_rclcpp_minimal_composition/environment/path.dsv
[3.851s] -- Up-to-date symlink: /home/guy/ros2_ws/install/examples_rclcpp_minimal_composition/share/examples_rclcpp_minimal_composition/local_setup.bash
[3.851s] -- Up-to-date symlink: /home/guy/ros2_ws/install/examples_rclcpp_minimal_composition/share/examples_rclcpp_minimal_composition/local_setup.sh
[3.857s] -- Up-to-date symlink: /home/guy/ros2_ws/install/examples_rclcpp_minimal_composition/share/examples_rclcpp_minimal_composition/local_setup.zsh
[3.857s] -- Up-to-date symlink: /home/guy/ros2_ws/install/examples_rclcpp_minimal_composition/share/examples_rclcpp_minimal_composition/local_setup.dsv
[3.857s] -- Symlinking: /home/guy/ros2_ws/install/examples_rclcpp_minimal_composition/share/examples_rclcpp_minimal_composition/package.dsv
[3.913s] -- Up-to-date symlink: /home/guy/ros2_ws/install/examples_rclcpp_minimal_composition/share/ament_index/resource_index/packages/examples_rclcpp_minimal_composition
[3.914s] -- Up-to-date symlink: /home/guy/ros2_ws/install/examples_rclcpp_minimal_composition/share/examples_rclcpp_minimal_composition/cmake/examples_rclcpp_minimal_compositionConfig.cmake
[3.914s] -- Up-to-date symlink: /home/guy/ros2_ws/install/examples_rclcpp_minimal_composition/share/examples_rclcpp_minimal_composition/cmake/examples_rclcpp_minimal_compositionConfig-version.cmake
[3.915s] -- Up-to-date symlink: /home/guy/ros2_ws/install/examples_rclcpp_minimal_composition/share/examples_rclcpp_minimal_composition/package.xml
[3.982s] Invoked command in '/home/guy/ros2_ws/build/examples_rclcpp_minimal_composition' returned '0': CMAKE_PREFIX_PATH=/opt/ros/humble /usr/bin/cmake --install /home/guy/ros2_ws/build/examples_rclcpp_minimal_composition
