[0.274s] Invoking command in '/home/guy/ros2_ws/build/examples_rclcpp_minimal_composition': CMAKE_PREFIX_PATH=${CMAKE_PREFIX_PATH}:/home/guy/ros2_ws/install/launch_testing_examples:/home/guy/ros2_ws/install/examples_rclpy_pointcloud_publisher:/home/guy/ros2_ws/install/examples_rclpy_minimal_subscriber:/home/guy/ros2_ws/install/examples_rclpy_minimal_service:/home/guy/ros2_ws/install/examples_rclpy_minimal_publisher:/home/guy/ros2_ws/install/examples_rclpy_minimal_client:/home/guy/ros2_ws/install/examples_rclpy_minimal_action_server:/home/guy/ros2_ws/install/examples_rclpy_minimal_action_client:/home/guy/ros2_ws/install/examples_rclpy_guard_conditions:/home/guy/ros2_ws/install/examples_rclpy_executors:/opt/ros/humble /usr/bin/cmake /home/guy/ros2_ws/src/examples/rclcpp/composition/minimal_composition -DAMENT_CMAKE_SYMLINK_INSTALL=1 -DCMAKE_INSTALL_PREFIX=/home/guy/ros2_ws/install/examples_rclcpp_minimal_composition
[1.810s] -- Found ament_cmake: 1.3.11 (/opt/ros/humble/share/ament_cmake/cmake)
[1.812s] -- Override CMake install command with custom implementation using symlinks instead of copying resources
[1.812s] -- Found rclcpp: 16.0.12 (/opt/ros/humble/share/rclcpp/cmake)
[1.812s] -- Found rosidl_generator_c: 3.1.6 (/opt/ros/humble/share/rosidl_generator_c/cmake)
[1.812s] -- Found rosidl_adapter: 3.1.6 (/opt/ros/humble/share/rosidl_adapter/cmake)
[1.812s] -- Found rosidl_generator_cpp: 3.1.6 (/opt/ros/humble/share/rosidl_generator_cpp/cmake)
[1.812s] -- Using all available rosidl_typesupport_c: rosidl_typesupport_fastrtps_c;rosidl_typesupport_introspection_c
[1.813s] -- Using all available rosidl_typesupport_cpp: rosidl_typesupport_fastrtps_cpp;rosidl_typesupport_introspection_cpp
[1.813s] -- Found rmw_implementation_cmake: 6.1.2 (/opt/ros/humble/share/rmw_implementation_cmake/cmake)
[1.813s] -- Found rmw_fastrtps_cpp: 6.2.7 (/opt/ros/humble/share/rmw_fastrtps_cpp/cmake)
[2.130s] -- Using RMW implementation 'rmw_fastrtps_cpp' as default
[2.252s] -- Found rclcpp_components: 16.0.12 (/opt/ros/humble/share/rclcpp_components/cmake)
[2.295s] -- Found ament_lint_auto: 0.12.12 (/opt/ros/humble/share/ament_lint_auto/cmake)
[2.523s] -- Added test 'copyright' to check source files copyright and LICENSE
[2.526s] -- Added test 'cppcheck' to perform static code analysis on C / C++ code
[2.528s] -- Configured cppcheck include dirs: /home/guy/ros2_ws/src/examples/rclcpp/composition/minimal_composition/include
[2.529s] -- Configured cppcheck exclude dirs and/or files: 
[2.529s] -- Added test 'cpplint' to check C / C++ code against the Google style
[2.529s] -- Configured cpplint exclude dirs and/or files: 
[2.530s] -- Added test 'lint_cmake' to check CMake code style
[2.535s] -- Added test 'uncrustify' to check C / C++ code style
[2.537s] -- Configured uncrustify additional arguments: 
[2.538s] -- Added test 'xmllint' to check XML markup files
[2.539s] -- Configuring done
[2.613s] -- Generating done
[2.621s] -- Build files have been written to: /home/guy/ros2_ws/build/examples_rclcpp_minimal_composition
[2.674s] Invoked command in '/home/guy/ros2_ws/build/examples_rclcpp_minimal_composition' returned '0': CMAKE_PREFIX_PATH=${CMAKE_PREFIX_PATH}:/home/guy/ros2_ws/install/launch_testing_examples:/home/guy/ros2_ws/install/examples_rclpy_pointcloud_publisher:/home/guy/ros2_ws/install/examples_rclpy_minimal_subscriber:/home/guy/ros2_ws/install/examples_rclpy_minimal_service:/home/guy/ros2_ws/install/examples_rclpy_minimal_publisher:/home/guy/ros2_ws/install/examples_rclpy_minimal_client:/home/guy/ros2_ws/install/examples_rclpy_minimal_action_server:/home/guy/ros2_ws/install/examples_rclpy_minimal_action_client:/home/guy/ros2_ws/install/examples_rclpy_guard_conditions:/home/guy/ros2_ws/install/examples_rclpy_executors:/opt/ros/humble /usr/bin/cmake /home/guy/ros2_ws/src/examples/rclcpp/composition/minimal_composition -DAMENT_CMAKE_SYMLINK_INSTALL=1 -DCMAKE_INSTALL_PREFIX=/home/guy/ros2_ws/install/examples_rclcpp_minimal_composition
[2.675s] Invoking command in '/home/guy/ros2_ws/build/examples_rclcpp_minimal_composition': CMAKE_PREFIX_PATH=${CMAKE_PREFIX_PATH}:/home/guy/ros2_ws/install/launch_testing_examples:/home/guy/ros2_ws/install/examples_rclpy_pointcloud_publisher:/home/guy/ros2_ws/install/examples_rclpy_minimal_subscriber:/home/guy/ros2_ws/install/examples_rclpy_minimal_service:/home/guy/ros2_ws/install/examples_rclpy_minimal_publisher:/home/guy/ros2_ws/install/examples_rclpy_minimal_client:/home/guy/ros2_ws/install/examples_rclpy_minimal_action_server:/home/guy/ros2_ws/install/examples_rclpy_minimal_action_client:/home/guy/ros2_ws/install/examples_rclpy_guard_conditions:/home/guy/ros2_ws/install/examples_rclpy_executors:/opt/ros/humble /usr/bin/cmake --build /home/guy/ros2_ws/build/examples_rclcpp_minimal_composition -- -j6 -l6
[2.861s] [35m[1mConsolidate compiler generated dependencies of target composition_nodes[0m
[2.971s] [ 33%] Built target composition_nodes
[3.055s] [35m[1mConsolidate compiler generated dependencies of target composition_publisher[0m
[3.152s] [ 55%] Built target composition_publisher
[3.237s] [35m[1mConsolidate compiler generated dependencies of target composition_composed[0m
[3.347s] [ 77%] Built target composition_composed
[3.410s] [35m[1mConsolidate compiler generated dependencies of target composition_subscriber[0m
[3.523s] [100%] Built target composition_subscriber
[3.600s] Invoked command in '/home/guy/ros2_ws/build/examples_rclcpp_minimal_composition' returned '0': CMAKE_PREFIX_PATH=${CMAKE_PREFIX_PATH}:/home/guy/ros2_ws/install/launch_testing_examples:/home/guy/ros2_ws/install/examples_rclpy_pointcloud_publisher:/home/guy/ros2_ws/install/examples_rclpy_minimal_subscriber:/home/guy/ros2_ws/install/examples_rclpy_minimal_service:/home/guy/ros2_ws/install/examples_rclpy_minimal_publisher:/home/guy/ros2_ws/install/examples_rclpy_minimal_client:/home/guy/ros2_ws/install/examples_rclpy_minimal_action_server:/home/guy/ros2_ws/install/examples_rclpy_minimal_action_client:/home/guy/ros2_ws/install/examples_rclpy_guard_conditions:/home/guy/ros2_ws/install/examples_rclpy_executors:/opt/ros/humble /usr/bin/cmake --build /home/guy/ros2_ws/build/examples_rclcpp_minimal_composition -- -j6 -l6
[3.601s] Invoking command in '/home/guy/ros2_ws/build/examples_rclcpp_minimal_composition': CMAKE_PREFIX_PATH=${CMAKE_PREFIX_PATH}:/home/guy/ros2_ws/install/launch_testing_examples:/home/guy/ros2_ws/install/examples_rclpy_pointcloud_publisher:/home/guy/ros2_ws/install/examples_rclpy_minimal_subscriber:/home/guy/ros2_ws/install/examples_rclpy_minimal_service:/home/guy/ros2_ws/install/examples_rclpy_minimal_publisher:/home/guy/ros2_ws/install/examples_rclpy_minimal_client:/home/guy/ros2_ws/install/examples_rclpy_minimal_action_server:/home/guy/ros2_ws/install/examples_rclpy_minimal_action_client:/home/guy/ros2_ws/install/examples_rclpy_guard_conditions:/home/guy/ros2_ws/install/examples_rclpy_executors:/opt/ros/humble /usr/bin/cmake --install /home/guy/ros2_ws/build/examples_rclcpp_minimal_composition
[3.639s] -- Install configuration: ""
[3.640s] -- Execute custom install script
[3.640s] -- Up-to-date symlink: /home/guy/ros2_ws/install/examples_rclcpp_minimal_composition/share/examples_rclcpp_minimal_composition/environment/library_path.sh
[3.640s] -- Up-to-date symlink: /home/guy/ros2_ws/install/examples_rclcpp_minimal_composition/share/examples_rclcpp_minimal_composition/environment/library_path.dsv
[3.640s] -- Up-to-date symlink: /home/guy/ros2_ws/install/examples_rclcpp_minimal_composition/lib/libcomposition_nodes.so
[3.640s] -- Up-to-date symlink: /home/guy/ros2_ws/install/examples_rclcpp_minimal_composition/lib/examples_rclcpp_minimal_composition/composition_publisher
[3.641s] -- Up-to-date symlink: /home/guy/ros2_ws/install/examples_rclcpp_minimal_composition/lib/examples_rclcpp_minimal_composition/composition_subscriber
[3.641s] -- Up-to-date symlink: /home/guy/ros2_ws/install/examples_rclcpp_minimal_composition/lib/examples_rclcpp_minimal_composition/composition_composed
[3.641s] -- Up-to-date symlink: /home/guy/ros2_ws/install/examples_rclcpp_minimal_composition/share/ament_index/resource_index/package_run_dependencies/examples_rclcpp_minimal_composition
[3.641s] -- Up-to-date symlink: /home/guy/ros2_ws/install/examples_rclcpp_minimal_composition/share/ament_index/resource_index/parent_prefix_path/examples_rclcpp_minimal_composition
[3.641s] -- Up-to-date symlink: /home/guy/ros2_ws/install/examples_rclcpp_minimal_composition/share/examples_rclcpp_minimal_composition/environment/ament_prefix_path.sh
[3.642s] -- Up-to-date symlink: /home/guy/ros2_ws/install/examples_rclcpp_minimal_composition/share/examples_rclcpp_minimal_composition/environment/ament_prefix_path.dsv
[3.642s] -- Up-to-date symlink: /home/guy/ros2_ws/install/examples_rclcpp_minimal_composition/share/examples_rclcpp_minimal_composition/environment/path.sh
[3.642s] -- Up-to-date symlink: /home/guy/ros2_ws/install/examples_rclcpp_minimal_composition/share/examples_rclcpp_minimal_composition/environment/path.dsv
[3.642s] -- Up-to-date symlink: /home/guy/ros2_ws/install/examples_rclcpp_minimal_composition/share/examples_rclcpp_minimal_composition/local_setup.bash
[3.642s] -- Up-to-date symlink: /home/guy/ros2_ws/install/examples_rclcpp_minimal_composition/share/examples_rclcpp_minimal_composition/local_setup.sh
[3.642s] -- Up-to-date symlink: /home/guy/ros2_ws/install/examples_rclcpp_minimal_composition/share/examples_rclcpp_minimal_composition/local_setup.zsh
[3.642s] -- Up-to-date symlink: /home/guy/ros2_ws/install/examples_rclcpp_minimal_composition/share/examples_rclcpp_minimal_composition/local_setup.dsv
[3.643s] -- Symlinking: /home/guy/ros2_ws/install/examples_rclcpp_minimal_composition/share/examples_rclcpp_minimal_composition/package.dsv
[3.688s] -- Up-to-date symlink: /home/guy/ros2_ws/install/examples_rclcpp_minimal_composition/share/ament_index/resource_index/packages/examples_rclcpp_minimal_composition
[3.688s] -- Up-to-date symlink: /home/guy/ros2_ws/install/examples_rclcpp_minimal_composition/share/examples_rclcpp_minimal_composition/cmake/examples_rclcpp_minimal_compositionConfig.cmake
[3.688s] -- Up-to-date symlink: /home/guy/ros2_ws/install/examples_rclcpp_minimal_composition/share/examples_rclcpp_minimal_composition/cmake/examples_rclcpp_minimal_compositionConfig-version.cmake
[3.689s] -- Up-to-date symlink: /home/guy/ros2_ws/install/examples_rclcpp_minimal_composition/share/examples_rclcpp_minimal_composition/package.xml
[3.785s] Invoked command in '/home/guy/ros2_ws/build/examples_rclcpp_minimal_composition' returned '0': CMAKE_PREFIX_PATH=${CMAKE_PREFIX_PATH}:/home/guy/ros2_ws/install/launch_testing_examples:/home/guy/ros2_ws/install/examples_rclpy_pointcloud_publisher:/home/guy/ros2_ws/install/examples_rclpy_minimal_subscriber:/home/guy/ros2_ws/install/examples_rclpy_minimal_service:/home/guy/ros2_ws/install/examples_rclpy_minimal_publisher:/home/guy/ros2_ws/install/examples_rclpy_minimal_client:/home/guy/ros2_ws/install/examples_rclpy_minimal_action_server:/home/guy/ros2_ws/install/examples_rclpy_minimal_action_client:/home/guy/ros2_ws/install/examples_rclpy_guard_conditions:/home/guy/ros2_ws/install/examples_rclpy_executors:/opt/ros/humble /usr/bin/cmake --install /home/guy/ros2_ws/build/examples_rclcpp_minimal_composition
