[6.963s] Invoking command in '/home/guy/ros2_ws/build/examples_rclpy_minimal_client': PYTHONPATH=/home/guy/ros2_ws/build/examples_rclpy_minimal_client/prefix_override:/usr/lib/python3/dist-packages/colcon_core/task/python/colcon_distutils_commands:/home/guy/ros2_ws/install/examples_rclpy_minimal_client/lib/python3.10/site-packages:${PYTHONPATH} /usr/bin/python3 -W ignore:setup.py install is deprecated -W ignore:easy_install command is deprecated setup.py develop --editable --build-directory /home/guy/ros2_ws/build/examples_rclpy_minimal_client/build --no-deps symlink_data
[8.267s] running develop
[8.891s] running egg_info
[8.891s] writing examples_rclpy_minimal_client.egg-info/PKG-INFO
[8.892s] writing dependency_links to examples_rclpy_minimal_client.egg-info/dependency_links.txt
[8.892s] writing entry points to examples_rclpy_minimal_client.egg-info/entry_points.txt
[8.892s] writing requirements to examples_rclpy_minimal_client.egg-info/requires.txt
[8.893s] writing top-level names to examples_rclpy_minimal_client.egg-info/top_level.txt
[8.897s] reading manifest file 'examples_rclpy_minimal_client.egg-info/SOURCES.txt'
[8.899s] writing manifest file 'examples_rclpy_minimal_client.egg-info/SOURCES.txt'
[8.911s] running build_ext
[8.912s] Creating /home/guy/ros2_ws/install/examples_rclpy_minimal_client/lib/python3.10/site-packages/examples-rclpy-minimal-client.egg-link (link to .)
[8.914s] Installing client script to /home/guy/ros2_ws/install/examples_rclpy_minimal_client/lib/examples_rclpy_minimal_client
[8.914s] Installing client_async script to /home/guy/ros2_ws/install/examples_rclpy_minimal_client/lib/examples_rclpy_minimal_client
[8.914s] Installing client_async_callback script to /home/guy/ros2_ws/install/examples_rclpy_minimal_client/lib/examples_rclpy_minimal_client
[8.915s] Installing client_async_member_function script to /home/guy/ros2_ws/install/examples_rclpy_minimal_client/lib/examples_rclpy_minimal_client
[8.915s] 
[8.915s] Installed /home/guy/ros2_ws/build/examples_rclpy_minimal_client
[8.915s] running symlink_data
[10.173s] Invoked command in '/home/guy/ros2_ws/build/examples_rclpy_minimal_client' returned '0': PYTHONPATH=/home/guy/ros2_ws/build/examples_rclpy_minimal_client/prefix_override:/usr/lib/python3/dist-packages/colcon_core/task/python/colcon_distutils_commands:/home/guy/ros2_ws/install/examples_rclpy_minimal_client/lib/python3.10/site-packages:${PYTHONPATH} /usr/bin/python3 -W ignore:setup.py install is deprecated -W ignore:easy_install command is deprecated setup.py develop --editable --build-directory /home/guy/ros2_ws/build/examples_rclpy_minimal_client/build --no-deps symlink_data
