[0.149s] Invoking command in '/home/guy/ros2_ws/build/examples_rclcpp_minimal_client': CMAKE_PREFIX_PATH=${CMAKE_PREFIX_PATH}:/home/guy/ros2_ws/install/launch_testing_examples:/home/guy/ros2_ws/install/examples_rclpy_pointcloud_publisher:/home/guy/ros2_ws/install/examples_rclpy_minimal_subscriber:/home/guy/ros2_ws/install/examples_rclpy_minimal_service:/home/guy/ros2_ws/install/examples_rclpy_minimal_publisher:/home/guy/ros2_ws/install/examples_rclpy_minimal_client:/home/guy/ros2_ws/install/examples_rclpy_minimal_action_server:/home/guy/ros2_ws/install/examples_rclpy_minimal_action_client:/home/guy/ros2_ws/install/examples_rclpy_guard_conditions:/home/guy/ros2_ws/install/examples_rclpy_executors:/opt/ros/humble /usr/bin/cmake /home/guy/ros2_ws/src/examples/rclcpp/services/minimal_client -DAMENT_CMAKE_SYMLINK_INSTALL=1 -DCMAKE_INSTALL_PREFIX=/home/guy/ros2_ws/install/examples_rclcpp_minimal_client
[0.260s] -- Found ament_cmake: 1.3.11 (/opt/ros/humble/share/ament_cmake/cmake)
[0.999s] -- Override CMake install command with custom implementation using symlinks instead of copying resources
[1.022s] -- Found example_interfaces: 0.9.3 (/opt/ros/humble/share/example_interfaces/cmake)
[1.244s] -- Found rosidl_generator_c: 3.1.6 (/opt/ros/humble/share/rosidl_generator_c/cmake)
[1.249s] -- Found rosidl_adapter: 3.1.6 (/opt/ros/humble/share/rosidl_adapter/cmake)
[1.273s] -- Found rosidl_generator_cpp: 3.1.6 (/opt/ros/humble/share/rosidl_generator_cpp/cmake)
[1.305s] -- Using all available rosidl_typesupport_c: rosidl_typesupport_fastrtps_c;rosidl_typesupport_introspection_c
[1.331s] -- Using all available rosidl_typesupport_cpp: rosidl_typesupport_fastrtps_cpp;rosidl_typesupport_introspection_cpp
[1.424s] -- Found rclcpp: 16.0.12 (/opt/ros/humble/share/rclcpp/cmake)
[1.475s] -- Found rmw_implementation_cmake: 6.1.2 (/opt/ros/humble/share/rmw_implementation_cmake/cmake)
[1.479s] -- Found rmw_fastrtps_cpp: 6.2.7 (/opt/ros/humble/share/rmw_fastrtps_cpp/cmake)
[1.775s] -- Using RMW implementation 'rmw_fastrtps_cpp' as default
[1.888s] -- Found ament_lint_auto: 0.12.12 (/opt/ros/humble/share/ament_lint_auto/cmake)
[2.152s] -- Added test 'copyright' to check source files copyright and LICENSE
[2.154s] -- Added test 'cppcheck' to perform static code analysis on C / C++ code
[2.155s] -- Configured cppcheck include dirs: 
[2.156s] -- Configured cppcheck exclude dirs and/or files: 
[2.158s] -- Added test 'cpplint' to check C / C++ code against the Google style
[2.158s] -- Configured cpplint exclude dirs and/or files: 
[2.159s] -- Added test 'lint_cmake' to check CMake code style
[2.160s] -- Added test 'uncrustify' to check C / C++ code style
[2.160s] -- Configured uncrustify additional arguments: 
[2.160s] -- Added test 'xmllint' to check XML markup files
[2.163s] -- Configuring done
[2.205s] -- Generating done
[2.217s] -- Build files have been written to: /home/guy/ros2_ws/build/examples_rclcpp_minimal_client
[2.266s] Invoked command in '/home/guy/ros2_ws/build/examples_rclcpp_minimal_client' returned '0': CMAKE_PREFIX_PATH=${CMAKE_PREFIX_PATH}:/home/guy/ros2_ws/install/launch_testing_examples:/home/guy/ros2_ws/install/examples_rclpy_pointcloud_publisher:/home/guy/ros2_ws/install/examples_rclpy_minimal_subscriber:/home/guy/ros2_ws/install/examples_rclpy_minimal_service:/home/guy/ros2_ws/install/examples_rclpy_minimal_publisher:/home/guy/ros2_ws/install/examples_rclpy_minimal_client:/home/guy/ros2_ws/install/examples_rclpy_minimal_action_server:/home/guy/ros2_ws/install/examples_rclpy_minimal_action_client:/home/guy/ros2_ws/install/examples_rclpy_guard_conditions:/home/guy/ros2_ws/install/examples_rclpy_executors:/opt/ros/humble /usr/bin/cmake /home/guy/ros2_ws/src/examples/rclcpp/services/minimal_client -DAMENT_CMAKE_SYMLINK_INSTALL=1 -DCMAKE_INSTALL_PREFIX=/home/guy/ros2_ws/install/examples_rclcpp_minimal_client
[2.267s] Invoking command in '/home/guy/ros2_ws/build/examples_rclcpp_minimal_client': CMAKE_PREFIX_PATH=${CMAKE_PREFIX_PATH}:/home/guy/ros2_ws/install/launch_testing_examples:/home/guy/ros2_ws/install/examples_rclpy_pointcloud_publisher:/home/guy/ros2_ws/install/examples_rclpy_minimal_subscriber:/home/guy/ros2_ws/install/examples_rclpy_minimal_service:/home/guy/ros2_ws/install/examples_rclpy_minimal_publisher:/home/guy/ros2_ws/install/examples_rclpy_minimal_client:/home/guy/ros2_ws/install/examples_rclpy_minimal_action_server:/home/guy/ros2_ws/install/examples_rclpy_minimal_action_client:/home/guy/ros2_ws/install/examples_rclpy_guard_conditions:/home/guy/ros2_ws/install/examples_rclpy_executors:/opt/ros/humble /usr/bin/cmake --build /home/guy/ros2_ws/build/examples_rclcpp_minimal_client -- -j6 -l6
[2.503s] [35m[1mConsolidate compiler generated dependencies of target client_main[0m
[2.589s] [100%] Built target client_main
[2.681s] Invoked command in '/home/guy/ros2_ws/build/examples_rclcpp_minimal_client' returned '0': CMAKE_PREFIX_PATH=${CMAKE_PREFIX_PATH}:/home/guy/ros2_ws/install/launch_testing_examples:/home/guy/ros2_ws/install/examples_rclpy_pointcloud_publisher:/home/guy/ros2_ws/install/examples_rclpy_minimal_subscriber:/home/guy/ros2_ws/install/examples_rclpy_minimal_service:/home/guy/ros2_ws/install/examples_rclpy_minimal_publisher:/home/guy/ros2_ws/install/examples_rclpy_minimal_client:/home/guy/ros2_ws/install/examples_rclpy_minimal_action_server:/home/guy/ros2_ws/install/examples_rclpy_minimal_action_client:/home/guy/ros2_ws/install/examples_rclpy_guard_conditions:/home/guy/ros2_ws/install/examples_rclpy_executors:/opt/ros/humble /usr/bin/cmake --build /home/guy/ros2_ws/build/examples_rclcpp_minimal_client -- -j6 -l6
[2.682s] Invoking command in '/home/guy/ros2_ws/build/examples_rclcpp_minimal_client': CMAKE_PREFIX_PATH=${CMAKE_PREFIX_PATH}:/home/guy/ros2_ws/install/launch_testing_examples:/home/guy/ros2_ws/install/examples_rclpy_pointcloud_publisher:/home/guy/ros2_ws/install/examples_rclpy_minimal_subscriber:/home/guy/ros2_ws/install/examples_rclpy_minimal_service:/home/guy/ros2_ws/install/examples_rclpy_minimal_publisher:/home/guy/ros2_ws/install/examples_rclpy_minimal_client:/home/guy/ros2_ws/install/examples_rclpy_minimal_action_server:/home/guy/ros2_ws/install/examples_rclpy_minimal_action_client:/home/guy/ros2_ws/install/examples_rclpy_guard_conditions:/home/guy/ros2_ws/install/examples_rclpy_executors:/opt/ros/humble /usr/bin/cmake --install /home/guy/ros2_ws/build/examples_rclcpp_minimal_client
[2.710s] -- Install configuration: ""
[2.717s] -- Execute custom install script
[2.718s] -- Up-to-date symlink: /home/guy/ros2_ws/install/examples_rclcpp_minimal_client/lib/examples_rclcpp_minimal_client/client_main
[2.718s] -- Up-to-date symlink: /home/guy/ros2_ws/install/examples_rclcpp_minimal_client/share/ament_index/resource_index/package_run_dependencies/examples_rclcpp_minimal_client
[2.718s] -- Up-to-date symlink: /home/guy/ros2_ws/install/examples_rclcpp_minimal_client/share/ament_index/resource_index/parent_prefix_path/examples_rclcpp_minimal_client
[2.718s] -- Up-to-date symlink: /home/guy/ros2_ws/install/examples_rclcpp_minimal_client/share/examples_rclcpp_minimal_client/environment/ament_prefix_path.sh
[2.718s] -- Up-to-date symlink: /home/guy/ros2_ws/install/examples_rclcpp_minimal_client/share/examples_rclcpp_minimal_client/environment/ament_prefix_path.dsv
[2.719s] -- Up-to-date symlink: /home/guy/ros2_ws/install/examples_rclcpp_minimal_client/share/examples_rclcpp_minimal_client/environment/path.sh
[2.719s] -- Up-to-date symlink: /home/guy/ros2_ws/install/examples_rclcpp_minimal_client/share/examples_rclcpp_minimal_client/environment/path.dsv
[2.719s] -- Up-to-date symlink: /home/guy/ros2_ws/install/examples_rclcpp_minimal_client/share/examples_rclcpp_minimal_client/local_setup.bash
[2.720s] -- Up-to-date symlink: /home/guy/ros2_ws/install/examples_rclcpp_minimal_client/share/examples_rclcpp_minimal_client/local_setup.sh
[2.720s] -- Up-to-date symlink: /home/guy/ros2_ws/install/examples_rclcpp_minimal_client/share/examples_rclcpp_minimal_client/local_setup.zsh
[2.720s] -- Up-to-date symlink: /home/guy/ros2_ws/install/examples_rclcpp_minimal_client/share/examples_rclcpp_minimal_client/local_setup.dsv
[2.721s] -- Symlinking: /home/guy/ros2_ws/install/examples_rclcpp_minimal_client/share/examples_rclcpp_minimal_client/package.dsv
[2.764s] -- Up-to-date symlink: /home/guy/ros2_ws/install/examples_rclcpp_minimal_client/share/ament_index/resource_index/packages/examples_rclcpp_minimal_client
[2.764s] -- Up-to-date symlink: /home/guy/ros2_ws/install/examples_rclcpp_minimal_client/share/examples_rclcpp_minimal_client/cmake/examples_rclcpp_minimal_clientConfig.cmake
[2.764s] -- Up-to-date symlink: /home/guy/ros2_ws/install/examples_rclcpp_minimal_client/share/examples_rclcpp_minimal_client/cmake/examples_rclcpp_minimal_clientConfig-version.cmake
[2.764s] -- Up-to-date symlink: /home/guy/ros2_ws/install/examples_rclcpp_minimal_client/share/examples_rclcpp_minimal_client/package.xml
[2.775s] Invoked command in '/home/guy/ros2_ws/build/examples_rclcpp_minimal_client' returned '0': CMAKE_PREFIX_PATH=${CMAKE_PREFIX_PATH}:/home/guy/ros2_ws/install/launch_testing_examples:/home/guy/ros2_ws/install/examples_rclpy_pointcloud_publisher:/home/guy/ros2_ws/install/examples_rclpy_minimal_subscriber:/home/guy/ros2_ws/install/examples_rclpy_minimal_service:/home/guy/ros2_ws/install/examples_rclpy_minimal_publisher:/home/guy/ros2_ws/install/examples_rclpy_minimal_client:/home/guy/ros2_ws/install/examples_rclpy_minimal_action_server:/home/guy/ros2_ws/install/examples_rclpy_minimal_action_client:/home/guy/ros2_ws/install/examples_rclpy_guard_conditions:/home/guy/ros2_ws/install/examples_rclpy_executors:/opt/ros/humble /usr/bin/cmake --install /home/guy/ros2_ws/build/examples_rclcpp_minimal_client
