[0.062s] Invoking command in '/home/guy/ros2_ws/build/examples_rclcpp_minimal_action_server': /usr/bin/cmake /home/guy/ros2_ws/src/examples/rclcpp/actions/minimal_action_server -DAMENT_CMAKE_SYMLINK_INSTALL=1 -DCMAKE_INSTALL_PREFIX=/home/guy/ros2_ws/install/examples_rclcpp_minimal_action_server
[0.187s] -- The C compiler identification is GNU 11.4.0
[0.337s] -- The CXX compiler identification is GNU 11.4.0
[0.351s] -- Detecting C compiler ABI info
[0.510s] -- Detecting C compiler ABI info - done
[0.523s] -- Check for working C compiler: /usr/bin/cc - skipped
[0.524s] -- Detecting C compile features
[0.524s] -- Detecting C compile features - done
[0.531s] -- Detecting CXX compiler ABI info
[0.770s] -- Detecting CXX compiler ABI info - done
[0.796s] -- Check for working CXX compiler: /usr/bin/c++ - skipped
[0.796s] -- Detecting CXX compile features
[0.798s] -- Detecting CXX compile features - done
[0.826s] [31mCMake Error at CMakeLists.txt:13 (find_package):
[0.827s]   By not providing "Findament_cmake.cmake" in CMAKE_MODULE_PATH this project
[0.827s]   has asked CMake to find a package configuration file provided by
[0.827s]   "ament_cmake", but CMake did not find one.
[0.828s] 
[0.828s]   Could not find a package configuration file provided by "ament_cmake" with
[0.828s]   any of the following names:
[0.828s] 
[0.828s]     ament_cmakeConfig.cmake
[0.829s]     ament_cmake-config.cmake
[0.829s] 
[0.829s]   Add the installation prefix of "ament_cmake" to CMAKE_PREFIX_PATH or set
[0.829s]   "ament_cmake_DIR" to a directory containing one of the above files.  If
[0.830s]   "ament_cmake" provides a separate development package or SDK, be sure it
[0.830s]   has been installed.
[0.830s] 
[0.830s] [0m
[0.830s] -- Configuring incomplete, errors occurred!
[0.831s] See also "/home/guy/ros2_ws/build/examples_rclcpp_minimal_action_server/CMakeFiles/CMakeOutput.log".
