[1.728s] Invoking command in '/home/guy/ros2_ws/build/examples_rclpy_minimal_client': PYTHONPATH=/home/guy/ros2_ws/build/examples_rclpy_minimal_client/prefix_override:/usr/lib/python3/dist-packages/colcon_core/task/python/colcon_distutils_commands:/home/guy/ros2_ws/install/examples_rclpy_minimal_client/lib/python3.10/site-packages:${PYTHONPATH} /usr/bin/python3 -W ignore:setup.py install is deprecated -W ignore:easy_install command is deprecated setup.py develop --editable --build-directory /home/guy/ros2_ws/build/examples_rclpy_minimal_client/build --no-deps symlink_data
[2.664s] running develop
[3.112s] running egg_info
[3.113s] creating examples_rclpy_minimal_client.egg-info
[3.116s] writing examples_rclpy_minimal_client.egg-info/PKG-INFO
[3.120s] writing dependency_links to examples_rclpy_minimal_client.egg-info/dependency_links.txt
[3.122s] writing entry points to examples_rclpy_minimal_client.egg-info/entry_points.txt
[3.124s] writing requirements to examples_rclpy_minimal_client.egg-info/requires.txt
[3.125s] writing top-level names to examples_rclpy_minimal_client.egg-info/top_level.txt
[3.127s] writing manifest file 'examples_rclpy_minimal_client.egg-info/SOURCES.txt'
[3.136s] reading manifest file 'examples_rclpy_minimal_client.egg-info/SOURCES.txt'
[3.139s] writing manifest file 'examples_rclpy_minimal_client.egg-info/SOURCES.txt'
[3.144s] running build_ext
[3.146s] Creating /home/guy/ros2_ws/install/examples_rclpy_minimal_client/lib/python3.10/site-packages/examples-rclpy-minimal-client.egg-link (link to .)
[3.154s] Installing client script to /home/guy/ros2_ws/install/examples_rclpy_minimal_client/lib/examples_rclpy_minimal_client
[3.156s] Installing client_async script to /home/guy/ros2_ws/install/examples_rclpy_minimal_client/lib/examples_rclpy_minimal_client
[3.158s] Installing client_async_callback script to /home/guy/ros2_ws/install/examples_rclpy_minimal_client/lib/examples_rclpy_minimal_client
[3.161s] Installing client_async_member_function script to /home/guy/ros2_ws/install/examples_rclpy_minimal_client/lib/examples_rclpy_minimal_client
[3.162s] 
[3.162s] Installed /home/guy/ros2_ws/build/examples_rclpy_minimal_client
[3.163s] running symlink_data
[3.164s] creating /home/guy/ros2_ws/install/examples_rclpy_minimal_client/share/ament_index
[3.164s] creating /home/guy/ros2_ws/install/examples_rclpy_minimal_client/share/ament_index/resource_index
[3.165s] creating /home/guy/ros2_ws/install/examples_rclpy_minimal_client/share/ament_index/resource_index/packages
[3.166s] symbolically linking /home/guy/ros2_ws/build/examples_rclpy_minimal_client/resource/examples_rclpy_minimal_client -> /home/guy/ros2_ws/install/examples_rclpy_minimal_client/share/ament_index/resource_index/packages
[3.167s] symbolically linking /home/guy/ros2_ws/build/examples_rclpy_minimal_client/package.xml -> /home/guy/ros2_ws/install/examples_rclpy_minimal_client/share/examples_rclpy_minimal_client
[3.480s] Invoked command in '/home/guy/ros2_ws/build/examples_rclpy_minimal_client' returned '0': PYTHONPATH=/home/guy/ros2_ws/build/examples_rclpy_minimal_client/prefix_override:/usr/lib/python3/dist-packages/colcon_core/task/python/colcon_distutils_commands:/home/guy/ros2_ws/install/examples_rclpy_minimal_client/lib/python3.10/site-packages:${PYTHONPATH} /usr/bin/python3 -W ignore:setup.py install is deprecated -W ignore:easy_install command is deprecated setup.py develop --editable --build-directory /home/guy/ros2_ws/build/examples_rclpy_minimal_client/build --no-deps symlink_data
