[0.179s] Invoking command in '/home/guy/ros2_ws/build/examples_rclcpp_async_client': CMAKE_PREFIX_PATH=/opt/ros/humble /usr/bin/cmake /home/guy/ros2_ws/src/examples/rclcpp/services/async_client -DCMAKE_INSTALL_PREFIX=/home/guy/ros2_ws/install/examples_rclcpp_async_client
[0.375s] -- Found ament_cmake: 1.3.11 (/opt/ros/humble/share/ament_cmake/cmake)
[0.941s] -- Override CMake install command with custom implementation using symlinks instead of copying resources
[0.993s] -- Found example_interfaces: 0.9.3 (/opt/ros/humble/share/example_interfaces/cmake)
[1.134s] -- Found rosidl_generator_c: 3.1.6 (/opt/ros/humble/share/rosidl_generator_c/cmake)
[1.142s] -- Found rosidl_adapter: 3.1.6 (/opt/ros/humble/share/rosidl_adapter/cmake)
[1.170s] -- Found rosidl_generator_cpp: 3.1.6 (/opt/ros/humble/share/rosidl_generator_cpp/cmake)
[1.246s] -- Using all available rosidl_typesupport_c: rosidl_typesupport_fastrtps_c;rosidl_typesupport_introspection_c
[1.310s] -- Using all available rosidl_typesupport_cpp: rosidl_typesupport_fastrtps_cpp;rosidl_typesupport_introspection_cpp
[1.523s] -- Found rclcpp: 16.0.12 (/opt/ros/humble/share/rclcpp/cmake)
[1.622s] -- Found rmw_implementation_cmake: 6.1.2 (/opt/ros/humble/share/rmw_implementation_cmake/cmake)
[1.641s] -- Found rmw_fastrtps_cpp: 6.2.7 (/opt/ros/humble/share/rmw_fastrtps_cpp/cmake)
[2.169s] -- Using RMW implementation 'rmw_fastrtps_cpp' as default
[2.483s] -- Found ament_lint_auto: 0.12.12 (/opt/ros/humble/share/ament_lint_auto/cmake)
[2.842s] -- Added test 'copyright' to check source files copyright and LICENSE
[2.848s] -- Added test 'cppcheck' to perform static code analysis on C / C++ code
[2.859s] -- Configured cppcheck include dirs: 
[2.860s] -- Configured cppcheck exclude dirs and/or files: 
[2.861s] -- Added test 'cpplint' to check C / C++ code against the Google style
[2.862s] -- Configured cpplint exclude dirs and/or files: 
[2.864s] -- Added test 'lint_cmake' to check CMake code style
[2.865s] -- Added test 'uncrustify' to check C / C++ code style
[2.871s] -- Configured uncrustify additional arguments: 
[2.872s] -- Added test 'xmllint' to check XML markup files
[2.878s] -- Configuring done
[2.942s] -- Generating done
[2.993s] -- Build files have been written to: /home/guy/ros2_ws/build/examples_rclcpp_async_client
[3.076s] Invoked command in '/home/guy/ros2_ws/build/examples_rclcpp_async_client' returned '0': CMAKE_PREFIX_PATH=/opt/ros/humble /usr/bin/cmake /home/guy/ros2_ws/src/examples/rclcpp/services/async_client -DCMAKE_INSTALL_PREFIX=/home/guy/ros2_ws/install/examples_rclcpp_async_client
[3.077s] Invoking command in '/home/guy/ros2_ws/build/examples_rclcpp_async_client': CMAKE_PREFIX_PATH=/opt/ros/humble /usr/bin/cmake --build /home/guy/ros2_ws/build/examples_rclcpp_async_client -- -j6 -l6
[3.254s] [35m[1mConsolidate compiler generated dependencies of target client_main[0m
[3.359s] [100%] Built target client_main
[3.422s] Invoked command in '/home/guy/ros2_ws/build/examples_rclcpp_async_client' returned '0': CMAKE_PREFIX_PATH=/opt/ros/humble /usr/bin/cmake --build /home/guy/ros2_ws/build/examples_rclcpp_async_client -- -j6 -l6
[3.433s] Invoking command in '/home/guy/ros2_ws/build/examples_rclcpp_async_client': CMAKE_PREFIX_PATH=/opt/ros/humble /usr/bin/cmake --install /home/guy/ros2_ws/build/examples_rclcpp_async_client
[3.535s] -- Install configuration: ""
[3.536s] -- Execute custom install script
[3.536s] -- Up-to-date symlink: /home/guy/ros2_ws/install/examples_rclcpp_async_client/lib/examples_rclcpp_async_client/client_main
[3.536s] -- Up-to-date symlink: /home/guy/ros2_ws/install/examples_rclcpp_async_client/share/ament_index/resource_index/package_run_dependencies/examples_rclcpp_async_client
[3.536s] -- Up-to-date symlink: /home/guy/ros2_ws/install/examples_rclcpp_async_client/share/ament_index/resource_index/parent_prefix_path/examples_rclcpp_async_client
[3.536s] -- Up-to-date symlink: /home/guy/ros2_ws/install/examples_rclcpp_async_client/share/examples_rclcpp_async_client/environment/ament_prefix_path.sh
[3.536s] -- Up-to-date symlink: /home/guy/ros2_ws/install/examples_rclcpp_async_client/share/examples_rclcpp_async_client/environment/ament_prefix_path.dsv
[3.537s] -- Up-to-date symlink: /home/guy/ros2_ws/install/examples_rclcpp_async_client/share/examples_rclcpp_async_client/environment/path.sh
[3.537s] -- Up-to-date symlink: /home/guy/ros2_ws/install/examples_rclcpp_async_client/share/examples_rclcpp_async_client/environment/path.dsv
[3.537s] -- Up-to-date symlink: /home/guy/ros2_ws/install/examples_rclcpp_async_client/share/examples_rclcpp_async_client/local_setup.bash
[3.537s] -- Up-to-date symlink: /home/guy/ros2_ws/install/examples_rclcpp_async_client/share/examples_rclcpp_async_client/local_setup.sh
[3.537s] -- Up-to-date symlink: /home/guy/ros2_ws/install/examples_rclcpp_async_client/share/examples_rclcpp_async_client/local_setup.zsh
[3.537s] -- Up-to-date symlink: /home/guy/ros2_ws/install/examples_rclcpp_async_client/share/examples_rclcpp_async_client/local_setup.dsv
[3.537s] -- Symlinking: /home/guy/ros2_ws/install/examples_rclcpp_async_client/share/examples_rclcpp_async_client/package.dsv
[3.580s] -- Up-to-date symlink: /home/guy/ros2_ws/install/examples_rclcpp_async_client/share/ament_index/resource_index/packages/examples_rclcpp_async_client
[3.580s] -- Up-to-date symlink: /home/guy/ros2_ws/install/examples_rclcpp_async_client/share/examples_rclcpp_async_client/cmake/examples_rclcpp_async_clientConfig.cmake
[3.580s] -- Up-to-date symlink: /home/guy/ros2_ws/install/examples_rclcpp_async_client/share/examples_rclcpp_async_client/cmake/examples_rclcpp_async_clientConfig-version.cmake
[3.580s] -- Up-to-date symlink: /home/guy/ros2_ws/install/examples_rclcpp_async_client/share/examples_rclcpp_async_client/package.xml
[3.708s] Invoked command in '/home/guy/ros2_ws/build/examples_rclcpp_async_client' returned '0': CMAKE_PREFIX_PATH=/opt/ros/humble /usr/bin/cmake --install /home/guy/ros2_ws/build/examples_rclcpp_async_client
