-- Found ament_cmake: 1.3.11 (/opt/ros/humble/share/ament_cmake/cmake)
-- Override CMake install command with custom implementation using symlinks instead of copying resources
-- Found rclcpp: 16.0.12 (/opt/ros/humble/share/rclcpp/cmake)
-- Found rosidl_generator_c: 3.1.6 (/opt/ros/humble/share/rosidl_generator_c/cmake)
-- Found rosidl_adapter: 3.1.6 (/opt/ros/humble/share/rosidl_adapter/cmake)
-- Found rosidl_generator_cpp: 3.1.6 (/opt/ros/humble/share/rosidl_generator_cpp/cmake)
-- Using all available rosidl_typesupport_c: rosidl_typesupport_fastrtps_c;rosidl_typesupport_introspection_c
-- Using all available rosidl_typesupport_cpp: rosidl_typesupport_fastrtps_cpp;rosidl_typesupport_introspection_cpp
-- Found rmw_implementation_cmake: 6.1.2 (/opt/ros/humble/share/rmw_implementation_cmake/cmake)
-- Found rmw_fastrtps_cpp: 6.2.7 (/opt/ros/humble/share/rmw_fastrtps_cpp/cmake)
-- Using RMW implementation 'rmw_fastrtps_cpp' as default
-- Found ament_lint_auto: 0.12.12 (/opt/ros/humble/share/ament_lint_auto/cmake)
-- Added test 'cppcheck' to perform static code analysis on C / C++ code
-- Configured cppcheck include dirs: /home/guy/ros2_ws/src/pubsub_node/include
-- Configured cppcheck exclude dirs and/or files: 
-- Added test 'lint_cmake' to check CMake code style
-- Added test 'uncrustify' to check C / C++ code style
-- Configured uncrustify additional arguments: 
-- Added test 'xmllint' to check XML markup files
-- Configuring done
-- Generating done
-- Build files have been written to: /home/guy/ros2_ws/build/pubsub_node
[35m[1mConsolidate compiler generated dependencies of target minimal_pubsub[0m
[ 50%] [32mBuilding CXX object CMakeFiles/minimal_pubsub.dir/src/main.cpp.o[0m
[100%] [32m[1mLinking CXX executable minimal_pubsub[0m
[100%] Built target minimal_pubsub
-- Install configuration: ""
-- Execute custom install script
-- Symlinking: /home/guy/ros2_ws/install/pubsub_node/lib/pubsub_node/minimal_pubsub
-- Symlinking: /home/guy/ros2_ws/install/pubsub_node/include/minimal_publisher.hpp
-- Symlinking: /home/guy/ros2_ws/install/pubsub_node/include/minimal_subscriber.hpp
-- Symlinking: /home/guy/ros2_ws/install/pubsub_node/share/ament_index/resource_index/package_run_dependencies/pubsub_node
-- Symlinking: /home/guy/ros2_ws/install/pubsub_node/share/ament_index/resource_index/parent_prefix_path/pubsub_node
-- Symlinking: /home/guy/ros2_ws/install/pubsub_node/share/pubsub_node/environment/ament_prefix_path.sh
-- Symlinking: /home/guy/ros2_ws/install/pubsub_node/share/pubsub_node/environment/ament_prefix_path.dsv
-- Symlinking: /home/guy/ros2_ws/install/pubsub_node/share/pubsub_node/environment/path.sh
-- Symlinking: /home/guy/ros2_ws/install/pubsub_node/share/pubsub_node/environment/path.dsv
-- Symlinking: /home/guy/ros2_ws/install/pubsub_node/share/pubsub_node/local_setup.bash
-- Symlinking: /home/guy/ros2_ws/install/pubsub_node/share/pubsub_node/local_setup.sh
-- Symlinking: /home/guy/ros2_ws/install/pubsub_node/share/pubsub_node/local_setup.zsh
-- Symlinking: /home/guy/ros2_ws/install/pubsub_node/share/pubsub_node/local_setup.dsv
-- Symlinking: /home/guy/ros2_ws/install/pubsub_node/share/pubsub_node/package.dsv
-- Symlinking: /home/guy/ros2_ws/install/pubsub_node/share/ament_index/resource_index/packages/pubsub_node
-- Symlinking: /home/guy/ros2_ws/install/pubsub_node/share/pubsub_node/cmake/pubsub_nodeConfig.cmake
-- Symlinking: /home/guy/ros2_ws/install/pubsub_node/share/pubsub_node/cmake/pubsub_nodeConfig-version.cmake
-- Symlinking: /home/guy/ros2_ws/install/pubsub_node/share/pubsub_node/package.xml
