[1.287s] Invoking command in '/home/guy/ros2_ws/build/pubsub_node': CMAKE_PREFIX_PATH=${CMAKE_PREFIX_PATH}:/home/guy/ros2_ws/install/launch_testing_examples:/home/guy/ros2_ws/install/examples_rclpy_pointcloud_publisher:/home/guy/ros2_ws/install/examples_rclpy_minimal_subscriber:/home/guy/ros2_ws/install/examples_rclpy_minimal_service:/home/guy/ros2_ws/install/examples_rclpy_minimal_publisher:/home/guy/ros2_ws/install/examples_rclpy_minimal_client:/home/guy/ros2_ws/install/examples_rclpy_minimal_action_server:/home/guy/ros2_ws/install/examples_rclpy_minimal_action_client:/home/guy/ros2_ws/install/examples_rclpy_guard_conditions:/home/guy/ros2_ws/install/examples_rclpy_executors:/opt/ros/humble /usr/bin/cmake /home/guy/ros2_ws/src/pubsub_node -DAMENT_CMAKE_SYMLINK_INSTALL=1 -DCMAKE_INSTALL_PREFIX=/home/guy/ros2_ws/install/pubsub_node
[1.341s] -- Found ament_cmake: 1.3.11 (/opt/ros/humble/share/ament_cmake/cmake)
[1.893s] -- Override CMake install command with custom implementation using symlinks instead of copying resources
[1.912s] -- Found rclcpp: 16.0.12 (/opt/ros/humble/share/rclcpp/cmake)
[1.997s] -- Found rosidl_generator_c: 3.1.6 (/opt/ros/humble/share/rosidl_generator_c/cmake)
[2.002s] -- Found rosidl_adapter: 3.1.6 (/opt/ros/humble/share/rosidl_adapter/cmake)
[2.026s] -- Found rosidl_generator_cpp: 3.1.6 (/opt/ros/humble/share/rosidl_generator_cpp/cmake)
[2.063s] -- Using all available rosidl_typesupport_c: rosidl_typesupport_fastrtps_c;rosidl_typesupport_introspection_c
[2.098s] -- Using all available rosidl_typesupport_cpp: rosidl_typesupport_fastrtps_cpp;rosidl_typesupport_introspection_cpp
[2.207s] -- Found rmw_implementation_cmake: 6.1.2 (/opt/ros/humble/share/rmw_implementation_cmake/cmake)
[2.212s] -- Found rmw_fastrtps_cpp: 6.2.7 (/opt/ros/humble/share/rmw_fastrtps_cpp/cmake)
[2.594s] -- Using RMW implementation 'rmw_fastrtps_cpp' as default
[2.775s] -- Found ament_lint_auto: 0.12.12 (/opt/ros/humble/share/ament_lint_auto/cmake)
[2.990s] -- Added test 'cppcheck' to perform static code analysis on C / C++ code
[2.990s] -- Configured cppcheck include dirs: /home/guy/ros2_ws/src/pubsub_node/include
[2.990s] -- Configured cppcheck exclude dirs and/or files: 
[2.991s] -- Added test 'lint_cmake' to check CMake code style
[2.993s] -- Added test 'uncrustify' to check C / C++ code style
[2.993s] -- Configured uncrustify additional arguments: 
[2.994s] -- Added test 'xmllint' to check XML markup files
[2.997s] -- Configuring done
[3.024s] -- Generating done
[3.033s] -- Build files have been written to: /home/guy/ros2_ws/build/pubsub_node
[3.063s] Invoked command in '/home/guy/ros2_ws/build/pubsub_node' returned '0': CMAKE_PREFIX_PATH=${CMAKE_PREFIX_PATH}:/home/guy/ros2_ws/install/launch_testing_examples:/home/guy/ros2_ws/install/examples_rclpy_pointcloud_publisher:/home/guy/ros2_ws/install/examples_rclpy_minimal_subscriber:/home/guy/ros2_ws/install/examples_rclpy_minimal_service:/home/guy/ros2_ws/install/examples_rclpy_minimal_publisher:/home/guy/ros2_ws/install/examples_rclpy_minimal_client:/home/guy/ros2_ws/install/examples_rclpy_minimal_action_server:/home/guy/ros2_ws/install/examples_rclpy_minimal_action_client:/home/guy/ros2_ws/install/examples_rclpy_guard_conditions:/home/guy/ros2_ws/install/examples_rclpy_executors:/opt/ros/humble /usr/bin/cmake /home/guy/ros2_ws/src/pubsub_node -DAMENT_CMAKE_SYMLINK_INSTALL=1 -DCMAKE_INSTALL_PREFIX=/home/guy/ros2_ws/install/pubsub_node
[3.064s] Invoking command in '/home/guy/ros2_ws/build/pubsub_node': CMAKE_PREFIX_PATH=${CMAKE_PREFIX_PATH}:/home/guy/ros2_ws/install/launch_testing_examples:/home/guy/ros2_ws/install/examples_rclpy_pointcloud_publisher:/home/guy/ros2_ws/install/examples_rclpy_minimal_subscriber:/home/guy/ros2_ws/install/examples_rclpy_minimal_service:/home/guy/ros2_ws/install/examples_rclpy_minimal_publisher:/home/guy/ros2_ws/install/examples_rclpy_minimal_client:/home/guy/ros2_ws/install/examples_rclpy_minimal_action_server:/home/guy/ros2_ws/install/examples_rclpy_minimal_action_client:/home/guy/ros2_ws/install/examples_rclpy_guard_conditions:/home/guy/ros2_ws/install/examples_rclpy_executors:/opt/ros/humble /usr/bin/cmake --build /home/guy/ros2_ws/build/pubsub_node -- -j6 -l6
[3.156s] [35m[1mConsolidate compiler generated dependencies of target minimal_pubsub[0m
[3.204s] [ 50%] [32mBuilding CXX object CMakeFiles/minimal_pubsub.dir/src/main.cpp.o[0m
[25.921s] [100%] [32m[1mLinking CXX executable minimal_pubsub[0m
[26.811s] [100%] Built target minimal_pubsub
[26.839s] Invoked command in '/home/guy/ros2_ws/build/pubsub_node' returned '0': CMAKE_PREFIX_PATH=${CMAKE_PREFIX_PATH}:/home/guy/ros2_ws/install/launch_testing_examples:/home/guy/ros2_ws/install/examples_rclpy_pointcloud_publisher:/home/guy/ros2_ws/install/examples_rclpy_minimal_subscriber:/home/guy/ros2_ws/install/examples_rclpy_minimal_service:/home/guy/ros2_ws/install/examples_rclpy_minimal_publisher:/home/guy/ros2_ws/install/examples_rclpy_minimal_client:/home/guy/ros2_ws/install/examples_rclpy_minimal_action_server:/home/guy/ros2_ws/install/examples_rclpy_minimal_action_client:/home/guy/ros2_ws/install/examples_rclpy_guard_conditions:/home/guy/ros2_ws/install/examples_rclpy_executors:/opt/ros/humble /usr/bin/cmake --build /home/guy/ros2_ws/build/pubsub_node -- -j6 -l6
[26.844s] Invoking command in '/home/guy/ros2_ws/build/pubsub_node': CMAKE_PREFIX_PATH=${CMAKE_PREFIX_PATH}:/home/guy/ros2_ws/install/launch_testing_examples:/home/guy/ros2_ws/install/examples_rclpy_pointcloud_publisher:/home/guy/ros2_ws/install/examples_rclpy_minimal_subscriber:/home/guy/ros2_ws/install/examples_rclpy_minimal_service:/home/guy/ros2_ws/install/examples_rclpy_minimal_publisher:/home/guy/ros2_ws/install/examples_rclpy_minimal_client:/home/guy/ros2_ws/install/examples_rclpy_minimal_action_server:/home/guy/ros2_ws/install/examples_rclpy_minimal_action_client:/home/guy/ros2_ws/install/examples_rclpy_guard_conditions:/home/guy/ros2_ws/install/examples_rclpy_executors:/opt/ros/humble /usr/bin/cmake --install /home/guy/ros2_ws/build/pubsub_node
[26.862s] -- Install configuration: ""
[26.863s] -- Execute custom install script
[26.864s] -- Symlinking: /home/guy/ros2_ws/install/pubsub_node/lib/pubsub_node/minimal_pubsub
[26.884s] -- Symlinking: /home/guy/ros2_ws/install/pubsub_node/include/minimal_publisher.hpp
[26.908s] -- Symlinking: /home/guy/ros2_ws/install/pubsub_node/include/minimal_subscriber.hpp
[26.930s] -- Symlinking: /home/guy/ros2_ws/install/pubsub_node/share/ament_index/resource_index/package_run_dependencies/pubsub_node
[26.950s] -- Symlinking: /home/guy/ros2_ws/install/pubsub_node/share/ament_index/resource_index/parent_prefix_path/pubsub_node
[26.973s] -- Symlinking: /home/guy/ros2_ws/install/pubsub_node/share/pubsub_node/environment/ament_prefix_path.sh
[26.994s] -- Symlinking: /home/guy/ros2_ws/install/pubsub_node/share/pubsub_node/environment/ament_prefix_path.dsv
[27.014s] -- Symlinking: /home/guy/ros2_ws/install/pubsub_node/share/pubsub_node/environment/path.sh
[27.034s] -- Symlinking: /home/guy/ros2_ws/install/pubsub_node/share/pubsub_node/environment/path.dsv
[27.055s] -- Symlinking: /home/guy/ros2_ws/install/pubsub_node/share/pubsub_node/local_setup.bash
[27.074s] -- Symlinking: /home/guy/ros2_ws/install/pubsub_node/share/pubsub_node/local_setup.sh
[27.096s] -- Symlinking: /home/guy/ros2_ws/install/pubsub_node/share/pubsub_node/local_setup.zsh
[27.115s] -- Symlinking: /home/guy/ros2_ws/install/pubsub_node/share/pubsub_node/local_setup.dsv
[27.135s] -- Symlinking: /home/guy/ros2_ws/install/pubsub_node/share/pubsub_node/package.dsv
[27.158s] -- Symlinking: /home/guy/ros2_ws/install/pubsub_node/share/ament_index/resource_index/packages/pubsub_node
[27.177s] -- Symlinking: /home/guy/ros2_ws/install/pubsub_node/share/pubsub_node/cmake/pubsub_nodeConfig.cmake
[27.199s] -- Symlinking: /home/guy/ros2_ws/install/pubsub_node/share/pubsub_node/cmake/pubsub_nodeConfig-version.cmake
[27.220s] -- Symlinking: /home/guy/ros2_ws/install/pubsub_node/share/pubsub_node/package.xml
[27.253s] Invoked command in '/home/guy/ros2_ws/build/pubsub_node' returned '0': CMAKE_PREFIX_PATH=${CMAKE_PREFIX_PATH}:/home/guy/ros2_ws/install/launch_testing_examples:/home/guy/ros2_ws/install/examples_rclpy_pointcloud_publisher:/home/guy/ros2_ws/install/examples_rclpy_minimal_subscriber:/home/guy/ros2_ws/install/examples_rclpy_minimal_service:/home/guy/ros2_ws/install/examples_rclpy_minimal_publisher:/home/guy/ros2_ws/install/examples_rclpy_minimal_client:/home/guy/ros2_ws/install/examples_rclpy_minimal_action_server:/home/guy/ros2_ws/install/examples_rclpy_minimal_action_client:/home/guy/ros2_ws/install/examples_rclpy_guard_conditions:/home/guy/ros2_ws/install/examples_rclpy_executors:/opt/ros/humble /usr/bin/cmake --install /home/guy/ros2_ws/build/pubsub_node
