[0.014s] Invoking command in '/home/guy/ros2_ws/build/examples_rclcpp_wait_set': CMAKE_PREFIX_PATH=/opt/ros/humble /usr/bin/cmake /home/guy/ros2_ws/src/examples/rclcpp/wait_set -DAMENT_CMAKE_SYMLINK_INSTALL=1 -DCMAKE_INSTALL_PREFIX=/home/guy/ros2_ws/install/examples_rclcpp_wait_set
[1.912s] -- The C compiler identification is GNU 11.4.0
[1.912s] -- The CXX compiler identification is GNU 11.4.0
[1.912s] -- Detecting C compiler ABI info
[1.912s] -- Detecting C compiler ABI info - done
[1.912s] -- Check for working C compiler: /usr/bin/cc - skipped
[1.913s] -- Detecting C compile features
[1.913s] -- Detecting C compile features - done
[1.913s] -- Detecting CXX compiler ABI info
[1.913s] -- Detecting CXX compiler ABI info - done
[1.913s] -- Check for working CXX compiler: /usr/bin/c++ - skipped
[1.913s] -- Detecting CXX compile features
[1.913s] -- Detecting CXX compile features - done
[1.913s] -- Found ament_cmake: 1.3.11 (/opt/ros/humble/share/ament_cmake/cmake)
[1.914s] -- Found Python3: /usr/bin/python3 (found version "3.10.12") found components: Interpreter 
[1.914s] -- Override CMake install command with custom implementation using symlinks instead of copying resources
[1.914s] -- Found example_interfaces: 0.9.3 (/opt/ros/humble/share/example_interfaces/cmake)
[1.914s] -- Found rosidl_generator_c: 3.1.6 (/opt/ros/humble/share/rosidl_generator_c/cmake)
[1.914s] -- Found rosidl_adapter: 3.1.6 (/opt/ros/humble/share/rosidl_adapter/cmake)
[1.914s] -- Found rosidl_generator_cpp: 3.1.6 (/opt/ros/humble/share/rosidl_generator_cpp/cmake)
[1.914s] -- Using all available rosidl_typesupport_c: rosidl_typesupport_fastrtps_c;rosidl_typesupport_introspection_c
[1.914s] -- Using all available rosidl_typesupport_cpp: rosidl_typesupport_fastrtps_cpp;rosidl_typesupport_introspection_cpp
[1.915s] -- Found rclcpp: 16.0.11 (/opt/ros/humble/share/rclcpp/cmake)
[1.915s] -- Found rmw_implementation_cmake: 6.1.2 (/opt/ros/humble/share/rmw_implementation_cmake/cmake)
[1.915s] -- Found rmw_fastrtps_cpp: 6.2.7 (/opt/ros/humble/share/rmw_fastrtps_cpp/cmake)
[1.915s] -- Found OpenSSL: /usr/lib/aarch64-linux-gnu/libcrypto.so (found version "3.0.2")  
[1.915s] -- Found FastRTPS: /opt/ros/humble/include  
[1.950s] -- Using RMW implementation 'rmw_fastrtps_cpp' as default
[1.965s] -- Looking for pthread.h
[2.194s] -- Looking for pthread.h - found
[2.194s] -- Performing Test CMAKE_HAVE_LIBC_PTHREAD
[2.372s] -- Performing Test CMAKE_HAVE_LIBC_PTHREAD - Success
[2.375s] -- Found Threads: TRUE  
[2.486s] -- Found rclcpp_components: 16.0.11 (/opt/ros/humble/share/rclcpp_components/cmake)
[2.555s] -- Found ament_lint_auto: 0.12.11 (/opt/ros/humble/share/ament_lint_auto/cmake)
[2.732s] -- Added test 'copyright' to check source files copyright and LICENSE
[2.735s] -- Added test 'cppcheck' to perform static code analysis on C / C++ code
[2.736s] -- Configured cppcheck include dirs: /home/guy/ros2_ws/src/examples/rclcpp/wait_set/include
[2.737s] -- Configured cppcheck exclude dirs and/or files: 
[2.739s] -- Added test 'cpplint' to check C / C++ code against the Google style
[2.739s] -- Configured cpplint exclude dirs and/or files: 
[2.740s] -- Added test 'lint_cmake' to check CMake code style
[2.743s] -- Added test 'uncrustify' to check C / C++ code style
[2.743s] -- Configured uncrustify additional arguments: 
[2.744s] -- Added test 'xmllint' to check XML markup files
[2.747s] -- Configuring done
[2.839s] -- Generating done
[2.877s] -- Build files have been written to: /home/guy/ros2_ws/build/examples_rclcpp_wait_set
[3.671s] Invoked command in '/home/guy/ros2_ws/build/examples_rclcpp_wait_set' returned '0': CMAKE_PREFIX_PATH=/opt/ros/humble /usr/bin/cmake /home/guy/ros2_ws/src/examples/rclcpp/wait_set -DAMENT_CMAKE_SYMLINK_INSTALL=1 -DCMAKE_INSTALL_PREFIX=/home/guy/ros2_ws/install/examples_rclcpp_wait_set
[3.672s] Invoking command in '/home/guy/ros2_ws/build/examples_rclcpp_wait_set': CMAKE_PREFIX_PATH=/opt/ros/humble /usr/bin/cmake --build /home/guy/ros2_ws/build/examples_rclcpp_wait_set -- -j6 -l6
[3.784s] [  4%] [32mBuilding CXX object CMakeFiles/talker.dir/src/talker.cpp.o[0m
[15.222s] [  8%] [32m[1mLinking CXX shared library libtalker.so[0m
[15.648s] [  8%] Built target talker
[15.688s] [ 12%] [32mBuilding CXX object CMakeFiles/static_wait_set.dir/src/static_wait_set.cpp.o[0m
[38.232s] [ 16%] [32m[1mLinking CXX executable static_wait_set[0m
[39.147s] [ 16%] Built target static_wait_set
[39.192s] [ 20%] [32mBuilding CXX object CMakeFiles/thread_safe_wait_set.dir/src/thread_safe_wait_set.cpp.o[0m
[61.756s] [ 25%] [32m[1mLinking CXX executable thread_safe_wait_set[0m
[62.733s] [ 25%] Built target thread_safe_wait_set
[62.770s] [ 29%] [32mBuilding CXX object CMakeFiles/wait_set_topics_and_timer.dir/src/wait_set_topics_and_timer.cpp.o[0m
[75.806s] [ 33%] [32mBuilding CXX object CMakeFiles/wait_set_random_order.dir/src/wait_set_random_order.cpp.o[0m
[76.898s] [ 37%] [32mBuilding CXX object CMakeFiles/wait_set.dir/src/wait_set.cpp.o[0m
[77.985s] [ 41%] [32mBuilding CXX object CMakeFiles/wait_set_listener.dir/rclcpp_components/node_main_wait_set_listener.cpp.o[0m
[79.088s] [ 45%] [32mBuilding CXX object CMakeFiles/listener.dir/src/listener.cpp.o[0m
[79.144s] [ 50%] [32mBuilding CXX object CMakeFiles/wait_set_talker.dir/rclcpp_components/node_main_wait_set_talker.cpp.o[0m
[93.618s] [ 54%] [32m[1mLinking CXX executable wait_set_topics_and_timer[0m
[95.474s] [ 54%] Built target wait_set_topics_and_timer
[95.514s] [ 58%] [32m[1mLinking CXX executable wait_set_listener[0m
[95.779s] [ 62%] [32m[1mLinking CXX executable wait_set_talker[0m
[96.138s] [ 62%] Built target wait_set_listener
[96.271s] [ 62%] Built target wait_set_talker
[112.186s] [ 66%] [32m[1mLinking CXX executable wait_set[0m
[112.660s] [ 70%] [32m[1mLinking CXX executable wait_set_random_order[0m
[113.539s] [ 70%] Built target wait_set
[114.142s] [ 70%] Built target wait_set_random_order
[115.262s] [ 75%] [32m[1mLinking CXX shared library liblistener.so[0m
[116.291s] [ 75%] Built target listener
[116.329s] [ 79%] [32mBuilding CXX object CMakeFiles/wait_set_topics_with_different_rates.dir/src/wait_set_topics_with_different_rates.cpp.o[0m
[136.223s] [ 83%] [32m[1mLinking CXX executable wait_set_topics_with_different_rates[0m
[137.082s] [ 83%] Built target wait_set_topics_with_different_rates
[137.118s] [ 87%] [32mBuilding CXX object CMakeFiles/wait_set_composed.dir/src/wait_set_composed.cpp.o[0m
[143.649s] [ 91%] [32m[1mLinking CXX executable wait_set_composed[0m
[144.098s] [ 91%] Built target wait_set_composed
[144.135s] [ 95%] [32mBuilding CXX object CMakeFiles/executor_random_order.dir/src/executor_random_order.cpp.o[0m
[162.885s] [100%] [32m[1mLinking CXX executable executor_random_order[0m
[163.679s] [100%] Built target executor_random_order
[163.705s] Invoked command in '/home/guy/ros2_ws/build/examples_rclcpp_wait_set' returned '0': CMAKE_PREFIX_PATH=/opt/ros/humble /usr/bin/cmake --build /home/guy/ros2_ws/build/examples_rclcpp_wait_set -- -j6 -l6
[163.709s] Invoking command in '/home/guy/ros2_ws/build/examples_rclcpp_wait_set': CMAKE_PREFIX_PATH=/opt/ros/humble /usr/bin/cmake --install /home/guy/ros2_ws/build/examples_rclcpp_wait_set
[163.724s] -- Install configuration: ""
[163.725s] -- Execute custom install script
[163.726s] -- Symlinking: /home/guy/ros2_ws/install/examples_rclcpp_wait_set/lib/examples_rclcpp_wait_set/wait_set_talker
[163.744s] -- Symlinking: /home/guy/ros2_ws/install/examples_rclcpp_wait_set/lib/examples_rclcpp_wait_set/wait_set_listener
[163.762s] -- Symlinking: /home/guy/ros2_ws/install/examples_rclcpp_wait_set/lib/libtalker.so
[163.780s] -- Symlinking: /home/guy/ros2_ws/install/examples_rclcpp_wait_set/lib/liblistener.so
[163.799s] -- Symlinking: /home/guy/ros2_ws/install/examples_rclcpp_wait_set/lib/examples_rclcpp_wait_set/wait_set
[163.816s] -- Symlinking: /home/guy/ros2_ws/install/examples_rclcpp_wait_set/lib/examples_rclcpp_wait_set/static_wait_set
[163.834s] -- Symlinking: /home/guy/ros2_ws/install/examples_rclcpp_wait_set/lib/examples_rclcpp_wait_set/thread_safe_wait_set
[163.852s] -- Symlinking: /home/guy/ros2_ws/install/examples_rclcpp_wait_set/lib/examples_rclcpp_wait_set/wait_set_topics_and_timer
[163.872s] -- Symlinking: /home/guy/ros2_ws/install/examples_rclcpp_wait_set/lib/examples_rclcpp_wait_set/wait_set_random_order
[163.890s] -- Symlinking: /home/guy/ros2_ws/install/examples_rclcpp_wait_set/lib/examples_rclcpp_wait_set/executor_random_order
[163.908s] -- Symlinking: /home/guy/ros2_ws/install/examples_rclcpp_wait_set/lib/examples_rclcpp_wait_set/wait_set_topics_with_different_rates
[163.926s] -- Symlinking: /home/guy/ros2_ws/install/examples_rclcpp_wait_set/lib/examples_rclcpp_wait_set/wait_set_composed
[163.943s] -- Symlinking: /home/guy/ros2_ws/install/examples_rclcpp_wait_set/share/ament_index/resource_index/package_run_dependencies/examples_rclcpp_wait_set
[163.961s] -- Symlinking: /home/guy/ros2_ws/install/examples_rclcpp_wait_set/share/ament_index/resource_index/parent_prefix_path/examples_rclcpp_wait_set
[163.980s] -- Symlinking: /home/guy/ros2_ws/install/examples_rclcpp_wait_set/share/examples_rclcpp_wait_set/environment/ament_prefix_path.sh
[164.000s] -- Symlinking: /home/guy/ros2_ws/install/examples_rclcpp_wait_set/share/examples_rclcpp_wait_set/environment/ament_prefix_path.dsv
[164.020s] -- Symlinking: /home/guy/ros2_ws/install/examples_rclcpp_wait_set/share/examples_rclcpp_wait_set/environment/path.sh
[164.037s] -- Symlinking: /home/guy/ros2_ws/install/examples_rclcpp_wait_set/share/examples_rclcpp_wait_set/environment/path.dsv
[164.056s] -- Symlinking: /home/guy/ros2_ws/install/examples_rclcpp_wait_set/share/examples_rclcpp_wait_set/local_setup.bash
[164.075s] -- Symlinking: /home/guy/ros2_ws/install/examples_rclcpp_wait_set/share/examples_rclcpp_wait_set/local_setup.sh
[164.093s] -- Symlinking: /home/guy/ros2_ws/install/examples_rclcpp_wait_set/share/examples_rclcpp_wait_set/local_setup.zsh
[164.111s] -- Symlinking: /home/guy/ros2_ws/install/examples_rclcpp_wait_set/share/examples_rclcpp_wait_set/local_setup.dsv
[164.129s] -- Symlinking: /home/guy/ros2_ws/install/examples_rclcpp_wait_set/share/examples_rclcpp_wait_set/package.dsv
[164.147s] -- Symlinking: /home/guy/ros2_ws/install/examples_rclcpp_wait_set/share/ament_index/resource_index/packages/examples_rclcpp_wait_set
[164.165s] -- Symlinking: /home/guy/ros2_ws/install/examples_rclcpp_wait_set/share/ament_index/resource_index/rclcpp_components/examples_rclcpp_wait_set
[164.183s] -- Symlinking: /home/guy/ros2_ws/install/examples_rclcpp_wait_set/share/examples_rclcpp_wait_set/cmake/examples_rclcpp_wait_setConfig.cmake
[164.201s] -- Symlinking: /home/guy/ros2_ws/install/examples_rclcpp_wait_set/share/examples_rclcpp_wait_set/cmake/examples_rclcpp_wait_setConfig-version.cmake
[164.219s] -- Symlinking: /home/guy/ros2_ws/install/examples_rclcpp_wait_set/share/examples_rclcpp_wait_set/package.xml
[164.242s] Invoked command in '/home/guy/ros2_ws/build/examples_rclcpp_wait_set' returned '0': CMAKE_PREFIX_PATH=/opt/ros/humble /usr/bin/cmake --install /home/guy/ros2_ws/build/examples_rclcpp_wait_set
