[0.127s] Invoking command in '/home/guy/ros2_ws/build/examples_rclcpp_wait_set': CMAKE_PREFIX_PATH=/opt/ros/humble /usr/bin/cmake --build /home/guy/ros2_ws/build/examples_rclcpp_wait_set -- -j6 -l6
[0.295s] [  8%] Built target talker
[0.349s] [ 16%] Built target static_wait_set
[0.404s] [ 25%] Built target thread_safe_wait_set
[0.458s] [ 33%] Built target wait_set_topics_and_timer
[0.515s] [ 41%] Built target wait_set_random_order
[0.567s] [ 50%] Built target executor_random_order
[0.615s] [ 58%] Built target wait_set_topics_with_different_rates
[0.662s] [ 66%] Built target wait_set
[0.714s] [ 75%] Built target wait_set_listener
[0.765s] [ 83%] Built target listener
[0.827s] [ 91%] Built target wait_set_talker
[0.919s] [100%] Built target wait_set_composed
[1.072s] Invoked command in '/home/guy/ros2_ws/build/examples_rclcpp_wait_set' returned '0': CMAKE_PREFIX_PATH=/opt/ros/humble /usr/bin/cmake --build /home/guy/ros2_ws/build/examples_rclcpp_wait_set -- -j6 -l6
[1.074s] Invoking command in '/home/guy/ros2_ws/build/examples_rclcpp_wait_set': CMAKE_PREFIX_PATH=/opt/ros/humble /usr/bin/cmake --install /home/guy/ros2_ws/build/examples_rclcpp_wait_set
[1.102s] -- Install configuration: ""
[1.102s] -- Execute custom install script
[1.102s] -- Up-to-date symlink: /home/guy/ros2_ws/install/examples_rclcpp_wait_set/lib/examples_rclcpp_wait_set/wait_set_talker
[1.102s] -- Up-to-date symlink: /home/guy/ros2_ws/install/examples_rclcpp_wait_set/lib/examples_rclcpp_wait_set/wait_set_listener
[1.103s] -- Up-to-date symlink: /home/guy/ros2_ws/install/examples_rclcpp_wait_set/lib/libtalker.so
[1.103s] -- Up-to-date symlink: /home/guy/ros2_ws/install/examples_rclcpp_wait_set/lib/liblistener.so
[1.103s] -- Up-to-date symlink: /home/guy/ros2_ws/install/examples_rclcpp_wait_set/lib/examples_rclcpp_wait_set/wait_set
[1.103s] -- Up-to-date symlink: /home/guy/ros2_ws/install/examples_rclcpp_wait_set/lib/examples_rclcpp_wait_set/static_wait_set
[1.103s] -- Up-to-date symlink: /home/guy/ros2_ws/install/examples_rclcpp_wait_set/lib/examples_rclcpp_wait_set/thread_safe_wait_set
[1.103s] -- Up-to-date symlink: /home/guy/ros2_ws/install/examples_rclcpp_wait_set/lib/examples_rclcpp_wait_set/wait_set_topics_and_timer
[1.103s] -- Up-to-date symlink: /home/guy/ros2_ws/install/examples_rclcpp_wait_set/lib/examples_rclcpp_wait_set/wait_set_random_order
[1.104s] -- Up-to-date symlink: /home/guy/ros2_ws/install/examples_rclcpp_wait_set/lib/examples_rclcpp_wait_set/executor_random_order
[1.104s] -- Up-to-date symlink: /home/guy/ros2_ws/install/examples_rclcpp_wait_set/lib/examples_rclcpp_wait_set/wait_set_topics_with_different_rates
[1.104s] -- Up-to-date symlink: /home/guy/ros2_ws/install/examples_rclcpp_wait_set/lib/examples_rclcpp_wait_set/wait_set_composed
[1.104s] -- Up-to-date symlink: /home/guy/ros2_ws/install/examples_rclcpp_wait_set/share/ament_index/resource_index/package_run_dependencies/examples_rclcpp_wait_set
[1.104s] -- Up-to-date symlink: /home/guy/ros2_ws/install/examples_rclcpp_wait_set/share/ament_index/resource_index/parent_prefix_path/examples_rclcpp_wait_set
[1.104s] -- Up-to-date symlink: /home/guy/ros2_ws/install/examples_rclcpp_wait_set/share/examples_rclcpp_wait_set/environment/ament_prefix_path.sh
[1.105s] -- Up-to-date symlink: /home/guy/ros2_ws/install/examples_rclcpp_wait_set/share/examples_rclcpp_wait_set/environment/ament_prefix_path.dsv
[1.105s] -- Up-to-date symlink: /home/guy/ros2_ws/install/examples_rclcpp_wait_set/share/examples_rclcpp_wait_set/environment/path.sh
[1.105s] -- Up-to-date symlink: /home/guy/ros2_ws/install/examples_rclcpp_wait_set/share/examples_rclcpp_wait_set/environment/path.dsv
[1.108s] -- Up-to-date symlink: /home/guy/ros2_ws/install/examples_rclcpp_wait_set/share/examples_rclcpp_wait_set/local_setup.bash
[1.109s] -- Up-to-date symlink: /home/guy/ros2_ws/install/examples_rclcpp_wait_set/share/examples_rclcpp_wait_set/local_setup.sh
[1.109s] -- Up-to-date symlink: /home/guy/ros2_ws/install/examples_rclcpp_wait_set/share/examples_rclcpp_wait_set/local_setup.zsh
[1.109s] -- Up-to-date symlink: /home/guy/ros2_ws/install/examples_rclcpp_wait_set/share/examples_rclcpp_wait_set/local_setup.dsv
[1.109s] -- Symlinking: /home/guy/ros2_ws/install/examples_rclcpp_wait_set/share/examples_rclcpp_wait_set/package.dsv
[1.133s] -- Up-to-date symlink: /home/guy/ros2_ws/install/examples_rclcpp_wait_set/share/ament_index/resource_index/packages/examples_rclcpp_wait_set
[1.133s] -- Up-to-date symlink: /home/guy/ros2_ws/install/examples_rclcpp_wait_set/share/ament_index/resource_index/rclcpp_components/examples_rclcpp_wait_set
[1.133s] -- Up-to-date symlink: /home/guy/ros2_ws/install/examples_rclcpp_wait_set/share/examples_rclcpp_wait_set/cmake/examples_rclcpp_wait_setConfig.cmake
[1.133s] -- Up-to-date symlink: /home/guy/ros2_ws/install/examples_rclcpp_wait_set/share/examples_rclcpp_wait_set/cmake/examples_rclcpp_wait_setConfig-version.cmake
[1.134s] -- Up-to-date symlink: /home/guy/ros2_ws/install/examples_rclcpp_wait_set/share/examples_rclcpp_wait_set/package.xml
[3.633s] Invoked command in '/home/guy/ros2_ws/build/examples_rclcpp_wait_set' returned '0': CMAKE_PREFIX_PATH=/opt/ros/humble /usr/bin/cmake --install /home/guy/ros2_ws/build/examples_rclcpp_wait_set
