[0.127s] Invoking command in '/home/guy/ros2_ws/build/examples_rclcpp_minimal_timer': CMAKE_PREFIX_PATH=/opt/ros/humble /usr/bin/cmake /home/guy/ros2_ws/src/examples/rclcpp/timers/minimal_timer -DCMAKE_INSTALL_PREFIX=/home/guy/ros2_ws/install/examples_rclcpp_minimal_timer
[0.176s] -- Found ament_cmake: 1.3.11 (/opt/ros/humble/share/ament_cmake/cmake)
[0.809s] -- Override CMake install command with custom implementation using symlinks instead of copying resources
[0.840s] -- Found rclcpp: 16.0.12 (/opt/ros/humble/share/rclcpp/cmake)
[0.957s] -- Found rosidl_generator_c: 3.1.6 (/opt/ros/humble/share/rosidl_generator_c/cmake)
[0.975s] -- Found rosidl_adapter: 3.1.6 (/opt/ros/humble/share/rosidl_adapter/cmake)
[0.998s] -- Found rosidl_generator_cpp: 3.1.6 (/opt/ros/humble/share/rosidl_generator_cpp/cmake)
[1.061s] -- Using all available rosidl_typesupport_c: rosidl_typesupport_fastrtps_c;rosidl_typesupport_introspection_c
[1.119s] -- Using all available rosidl_typesupport_cpp: rosidl_typesupport_fastrtps_cpp;rosidl_typesupport_introspection_cpp
[1.247s] -- Found rmw_implementation_cmake: 6.1.2 (/opt/ros/humble/share/rmw_implementation_cmake/cmake)
[1.259s] -- Found rmw_fastrtps_cpp: 6.2.7 (/opt/ros/humble/share/rmw_fastrtps_cpp/cmake)
[1.700s] -- Using RMW implementation 'rmw_fastrtps_cpp' as default
[1.834s] -- Found ament_lint_auto: 0.12.12 (/opt/ros/humble/share/ament_lint_auto/cmake)
[2.280s] -- Added test 'copyright' to check source files copyright and LICENSE
[2.282s] -- Added test 'cppcheck' to perform static code analysis on C / C++ code
[2.283s] -- Configured cppcheck include dirs: 
[2.283s] -- Configured cppcheck exclude dirs and/or files: 
[2.283s] -- Added test 'cpplint' to check C / C++ code against the Google style
[2.293s] -- Configured cpplint exclude dirs and/or files: 
[2.293s] -- Added test 'lint_cmake' to check CMake code style
[2.294s] -- Added test 'uncrustify' to check C / C++ code style
[2.294s] -- Configured uncrustify additional arguments: 
[2.294s] -- Added test 'xmllint' to check XML markup files
[2.307s] -- Configuring done
[2.355s] -- Generating done
[2.370s] -- Build files have been written to: /home/guy/ros2_ws/build/examples_rclcpp_minimal_timer
[2.426s] Invoked command in '/home/guy/ros2_ws/build/examples_rclcpp_minimal_timer' returned '0': CMAKE_PREFIX_PATH=/opt/ros/humble /usr/bin/cmake /home/guy/ros2_ws/src/examples/rclcpp/timers/minimal_timer -DCMAKE_INSTALL_PREFIX=/home/guy/ros2_ws/install/examples_rclcpp_minimal_timer
[2.427s] Invoking command in '/home/guy/ros2_ws/build/examples_rclcpp_minimal_timer': CMAKE_PREFIX_PATH=/opt/ros/humble /usr/bin/cmake --build /home/guy/ros2_ws/build/examples_rclcpp_minimal_timer -- -j6 -l6
[2.678s] [35m[1mConsolidate compiler generated dependencies of target timer_lambda[0m
[2.781s] [ 50%] Built target timer_lambda
[2.885s] [35m[1mConsolidate compiler generated dependencies of target timer_member_function[0m
[3.000s] [100%] Built target timer_member_function
[4.600s] Invoked command in '/home/guy/ros2_ws/build/examples_rclcpp_minimal_timer' returned '0': CMAKE_PREFIX_PATH=/opt/ros/humble /usr/bin/cmake --build /home/guy/ros2_ws/build/examples_rclcpp_minimal_timer -- -j6 -l6
[4.614s] Invoking command in '/home/guy/ros2_ws/build/examples_rclcpp_minimal_timer': CMAKE_PREFIX_PATH=/opt/ros/humble /usr/bin/cmake --install /home/guy/ros2_ws/build/examples_rclcpp_minimal_timer
[4.690s] -- Install configuration: ""
[4.690s] -- Execute custom install script
[4.690s] -- Up-to-date symlink: /home/guy/ros2_ws/install/examples_rclcpp_minimal_timer/lib/examples_rclcpp_minimal_timer/timer_lambda
[4.692s] -- Up-to-date symlink: /home/guy/ros2_ws/install/examples_rclcpp_minimal_timer/lib/examples_rclcpp_minimal_timer/timer_member_function
[4.698s] -- Up-to-date symlink: /home/guy/ros2_ws/install/examples_rclcpp_minimal_timer/share/ament_index/resource_index/package_run_dependencies/examples_rclcpp_minimal_timer
[4.699s] -- Up-to-date symlink: /home/guy/ros2_ws/install/examples_rclcpp_minimal_timer/share/ament_index/resource_index/parent_prefix_path/examples_rclcpp_minimal_timer
[4.699s] -- Up-to-date symlink: /home/guy/ros2_ws/install/examples_rclcpp_minimal_timer/share/examples_rclcpp_minimal_timer/environment/ament_prefix_path.sh
[4.699s] -- Up-to-date symlink: /home/guy/ros2_ws/install/examples_rclcpp_minimal_timer/share/examples_rclcpp_minimal_timer/environment/ament_prefix_path.dsv
[4.700s] -- Up-to-date symlink: /home/guy/ros2_ws/install/examples_rclcpp_minimal_timer/share/examples_rclcpp_minimal_timer/environment/path.sh
[4.700s] -- Up-to-date symlink: /home/guy/ros2_ws/install/examples_rclcpp_minimal_timer/share/examples_rclcpp_minimal_timer/environment/path.dsv
[4.700s] -- Up-to-date symlink: /home/guy/ros2_ws/install/examples_rclcpp_minimal_timer/share/examples_rclcpp_minimal_timer/local_setup.bash
[4.700s] -- Up-to-date symlink: /home/guy/ros2_ws/install/examples_rclcpp_minimal_timer/share/examples_rclcpp_minimal_timer/local_setup.sh
[4.700s] -- Up-to-date symlink: /home/guy/ros2_ws/install/examples_rclcpp_minimal_timer/share/examples_rclcpp_minimal_timer/local_setup.zsh
[4.700s] -- Up-to-date symlink: /home/guy/ros2_ws/install/examples_rclcpp_minimal_timer/share/examples_rclcpp_minimal_timer/local_setup.dsv
[4.700s] -- Symlinking: /home/guy/ros2_ws/install/examples_rclcpp_minimal_timer/share/examples_rclcpp_minimal_timer/package.dsv
[4.701s] -- Up-to-date symlink: /home/guy/ros2_ws/install/examples_rclcpp_minimal_timer/share/ament_index/resource_index/packages/examples_rclcpp_minimal_timer
[4.701s] -- Up-to-date symlink: /home/guy/ros2_ws/install/examples_rclcpp_minimal_timer/share/examples_rclcpp_minimal_timer/cmake/examples_rclcpp_minimal_timerConfig.cmake
[4.701s] -- Up-to-date symlink: /home/guy/ros2_ws/install/examples_rclcpp_minimal_timer/share/examples_rclcpp_minimal_timer/cmake/examples_rclcpp_minimal_timerConfig-version.cmake
[4.701s] -- Up-to-date symlink: /home/guy/ros2_ws/install/examples_rclcpp_minimal_timer/share/examples_rclcpp_minimal_timer/package.xml
[4.750s] Invoked command in '/home/guy/ros2_ws/build/examples_rclcpp_minimal_timer' returned '0': CMAKE_PREFIX_PATH=/opt/ros/humble /usr/bin/cmake --install /home/guy/ros2_ws/build/examples_rclcpp_minimal_timer
