-- Found ament_cmake: 1.3.11 (/opt/ros/humble/share/ament_cmake/cmake)
-- Found ament_lint_auto: 0.12.12 (/opt/ros/humble/share/ament_lint_auto/cmake)
-- Added test 'cppcheck' to perform static code analysis on C / C++ code
-- Configured cppcheck include dirs: 
-- Configured cppcheck exclude dirs and/or files: 
-- Added test 'lint_cmake' to check CMake code style
-- Added test 'uncrustify' to check C / C++ code style
-- Configured uncrustify additional arguments: 
-- Added test 'xmllint' to check XML markup files
-- Configuring done
-- Generating done
-- Build files have been written to: /home/guy/ros2_ws/build/pubsub_node
-- Install configuration: ""
-- Up-to-date: /home/guy/ros2_ws/install/pubsub_node/share/ament_index/resource_index/package_run_dependencies/pubsub_node
-- Up-to-date: /home/guy/ros2_ws/install/pubsub_node/share/ament_index/resource_index/parent_prefix_path/pubsub_node
-- Up-to-date: /home/guy/ros2_ws/install/pubsub_node/share/pubsub_node/environment/ament_prefix_path.sh
-- Installing: /home/guy/ros2_ws/install/pubsub_node/share/pubsub_node/environment/ament_prefix_path.dsv
-- Up-to-date: /home/guy/ros2_ws/install/pubsub_node/share/pubsub_node/environment/path.sh
-- Installing: /home/guy/ros2_ws/install/pubsub_node/share/pubsub_node/environment/path.dsv
-- Up-to-date: /home/guy/ros2_ws/install/pubsub_node/share/pubsub_node/local_setup.bash
-- Up-to-date: /home/guy/ros2_ws/install/pubsub_node/share/pubsub_node/local_setup.sh
-- Up-to-date: /home/guy/ros2_ws/install/pubsub_node/share/pubsub_node/local_setup.zsh
-- Installing: /home/guy/ros2_ws/install/pubsub_node/share/pubsub_node/local_setup.dsv
-- Installing: /home/guy/ros2_ws/install/pubsub_node/share/pubsub_node/package.dsv
-- Up-to-date: /home/guy/ros2_ws/install/pubsub_node/share/ament_index/resource_index/packages/pubsub_node
-- Up-to-date: /home/guy/ros2_ws/install/pubsub_node/share/pubsub_node/cmake/pubsub_nodeConfig.cmake
-- Up-to-date: /home/guy/ros2_ws/install/pubsub_node/share/pubsub_node/cmake/pubsub_nodeConfig-version.cmake
-- Up-to-date: /home/guy/ros2_ws/install/pubsub_node/share/pubsub_node/package.xml
