[0.104s] Invoking command in '/home/guy/ros2_ws/build/pubsub_node': CMAKE_PREFIX_PATH=/opt/ros/humble /usr/bin/cmake --build /home/guy/ros2_ws/build/pubsub_node -- -j6 -l6
[0.208s] -- Found ament_cmake: 1.3.11 (/opt/ros/humble/share/ament_cmake/cmake)
[0.858s] -- Found ament_lint_auto: 0.12.12 (/opt/ros/humble/share/ament_lint_auto/cmake)
[1.070s] -- Added test 'cppcheck' to perform static code analysis on C / C++ code
[1.071s] -- Configured cppcheck include dirs: 
[1.071s] -- Configured cppcheck exclude dirs and/or files: 
[1.074s] -- Added test 'lint_cmake' to check CMake code style
[1.077s] -- Added test 'uncrustify' to check C / C++ code style
[1.077s] -- Configured uncrustify additional arguments: 
[1.079s] -- Added test 'xmllint' to check XML markup files
[1.094s] -- Configuring done
[1.120s] -- Generating done
[1.131s] -- Build files have been written to: /home/guy/ros2_ws/build/pubsub_node
[1.254s] Invoked command in '/home/guy/ros2_ws/build/pubsub_node' returned '0': CMAKE_PREFIX_PATH=/opt/ros/humble /usr/bin/cmake --build /home/guy/ros2_ws/build/pubsub_node -- -j6 -l6
[1.255s] Invoking command in '/home/guy/ros2_ws/build/pubsub_node': CMAKE_PREFIX_PATH=/opt/ros/humble /usr/bin/cmake --install /home/guy/ros2_ws/build/pubsub_node
[1.282s] -- Install configuration: ""
[1.282s] -- Up-to-date: /home/guy/ros2_ws/install/pubsub_node/share/ament_index/resource_index/package_run_dependencies/pubsub_node
[1.288s] -- Up-to-date: /home/guy/ros2_ws/install/pubsub_node/share/ament_index/resource_index/parent_prefix_path/pubsub_node
[1.289s] -- Up-to-date: /home/guy/ros2_ws/install/pubsub_node/share/pubsub_node/environment/ament_prefix_path.sh
[1.289s] -- Installing: /home/guy/ros2_ws/install/pubsub_node/share/pubsub_node/environment/ament_prefix_path.dsv
[1.290s] -- Up-to-date: /home/guy/ros2_ws/install/pubsub_node/share/pubsub_node/environment/path.sh
[1.291s] -- Installing: /home/guy/ros2_ws/install/pubsub_node/share/pubsub_node/environment/path.dsv
[1.291s] -- Up-to-date: /home/guy/ros2_ws/install/pubsub_node/share/pubsub_node/local_setup.bash
[1.291s] -- Up-to-date: /home/guy/ros2_ws/install/pubsub_node/share/pubsub_node/local_setup.sh
[1.291s] -- Up-to-date: /home/guy/ros2_ws/install/pubsub_node/share/pubsub_node/local_setup.zsh
[1.291s] -- Installing: /home/guy/ros2_ws/install/pubsub_node/share/pubsub_node/local_setup.dsv
[1.291s] -- Installing: /home/guy/ros2_ws/install/pubsub_node/share/pubsub_node/package.dsv
[1.296s] -- Up-to-date: /home/guy/ros2_ws/install/pubsub_node/share/ament_index/resource_index/packages/pubsub_node
[1.296s] -- Up-to-date: /home/guy/ros2_ws/install/pubsub_node/share/pubsub_node/cmake/pubsub_nodeConfig.cmake
[1.297s] -- Up-to-date: /home/guy/ros2_ws/install/pubsub_node/share/pubsub_node/cmake/pubsub_nodeConfig-version.cmake
[1.297s] -- Up-to-date: /home/guy/ros2_ws/install/pubsub_node/share/pubsub_node/package.xml
[1.305s] Invoked command in '/home/guy/ros2_ws/build/pubsub_node' returned '0': CMAKE_PREFIX_PATH=/opt/ros/humble /usr/bin/cmake --install /home/guy/ros2_ws/build/pubsub_node
