[1.942s] Invoking command in '/home/guy/ros2_ws/build/examples_rclpy_minimal_service': PYTHONPATH=/home/guy/ros2_ws/build/examples_rclpy_minimal_service/prefix_override:/usr/lib/python3/dist-packages/colcon_core/task/python/colcon_distutils_commands:/home/guy/ros2_ws/install/examples_rclpy_minimal_service/lib/python3.10/site-packages:${PYTHONPATH} /usr/bin/python3 -W ignore:setup.py install is deprecated -W ignore:easy_install command is deprecated setup.py develop --editable --build-directory /home/guy/ros2_ws/build/examples_rclpy_minimal_service/build --no-deps symlink_data
[2.656s] running develop
[3.152s] running egg_info
[3.152s] creating examples_rclpy_minimal_service.egg-info
[3.153s] writing examples_rclpy_minimal_service.egg-info/PKG-INFO
[3.154s] writing dependency_links to examples_rclpy_minimal_service.egg-info/dependency_links.txt
[3.155s] writing entry points to examples_rclpy_minimal_service.egg-info/entry_points.txt
[3.156s] writing requirements to examples_rclpy_minimal_service.egg-info/requires.txt
[3.157s] writing top-level names to examples_rclpy_minimal_service.egg-info/top_level.txt
[3.158s] writing manifest file 'examples_rclpy_minimal_service.egg-info/SOURCES.txt'
[3.163s] reading manifest file 'examples_rclpy_minimal_service.egg-info/SOURCES.txt'
[3.165s] writing manifest file 'examples_rclpy_minimal_service.egg-info/SOURCES.txt'
[3.169s] running build_ext
[3.170s] Creating /home/guy/ros2_ws/install/examples_rclpy_minimal_service/lib/python3.10/site-packages/examples-rclpy-minimal-service.egg-link (link to .)
[3.173s] Installing service script to /home/guy/ros2_ws/install/examples_rclpy_minimal_service/lib/examples_rclpy_minimal_service
[3.174s] Installing service_member_function script to /home/guy/ros2_ws/install/examples_rclpy_minimal_service/lib/examples_rclpy_minimal_service
[3.177s] 
[3.178s] Installed /home/guy/ros2_ws/build/examples_rclpy_minimal_service
[3.178s] running symlink_data
[3.179s] creating /home/guy/ros2_ws/install/examples_rclpy_minimal_service/share/ament_index
[3.179s] creating /home/guy/ros2_ws/install/examples_rclpy_minimal_service/share/ament_index/resource_index
[3.180s] creating /home/guy/ros2_ws/install/examples_rclpy_minimal_service/share/ament_index/resource_index/packages
[3.181s] symbolically linking /home/guy/ros2_ws/build/examples_rclpy_minimal_service/resource/examples_rclpy_minimal_service -> /home/guy/ros2_ws/install/examples_rclpy_minimal_service/share/ament_index/resource_index/packages
[3.181s] symbolically linking /home/guy/ros2_ws/build/examples_rclpy_minimal_service/package.xml -> /home/guy/ros2_ws/install/examples_rclpy_minimal_service/share/examples_rclpy_minimal_service
[3.366s] Invoked command in '/home/guy/ros2_ws/build/examples_rclpy_minimal_service' returned '0': PYTHONPATH=/home/guy/ros2_ws/build/examples_rclpy_minimal_service/prefix_override:/usr/lib/python3/dist-packages/colcon_core/task/python/colcon_distutils_commands:/home/guy/ros2_ws/install/examples_rclpy_minimal_service/lib/python3.10/site-packages:${PYTHONPATH} /usr/bin/python3 -W ignore:setup.py install is deprecated -W ignore:easy_install command is deprecated setup.py develop --editable --build-directory /home/guy/ros2_ws/build/examples_rclpy_minimal_service/build --no-deps symlink_data
