[0.056s] Invoking command in '/home/guy/ros2_ws/build/examples_rclcpp_minimal_composition': CMAKE_PREFIX_PATH=/opt/ros/humble /usr/bin/cmake /home/guy/ros2_ws/src/examples/rclcpp/composition/minimal_composition -DAMENT_CMAKE_SYMLINK_INSTALL=1 -DCMAKE_INSTALL_PREFIX=/home/guy/ros2_ws/install/examples_rclcpp_minimal_composition
[2.167s] -- Found ament_cmake: 1.3.11 (/opt/ros/humble/share/ament_cmake/cmake)
[2.167s] -- Found Python3: /usr/bin/python3 (found version "3.10.12") found components: Interpreter 
[2.167s] -- Override CMake install command with custom implementation using symlinks instead of copying resources
[2.167s] -- Found rclcpp: 16.0.11 (/opt/ros/humble/share/rclcpp/cmake)
[2.168s] -- Found rosidl_generator_c: 3.1.6 (/opt/ros/humble/share/rosidl_generator_c/cmake)
[2.168s] -- Found rosidl_adapter: 3.1.6 (/opt/ros/humble/share/rosidl_adapter/cmake)
[2.168s] -- Found rosidl_generator_cpp: 3.1.6 (/opt/ros/humble/share/rosidl_generator_cpp/cmake)
[2.168s] -- Using all available rosidl_typesupport_c: rosidl_typesupport_fastrtps_c;rosidl_typesupport_introspection_c
[2.168s] -- Using all available rosidl_typesupport_cpp: rosidl_typesupport_fastrtps_cpp;rosidl_typesupport_introspection_cpp
[2.168s] -- Found rmw_implementation_cmake: 6.1.2 (/opt/ros/humble/share/rmw_implementation_cmake/cmake)
[2.168s] -- Found rmw_fastrtps_cpp: 6.2.7 (/opt/ros/humble/share/rmw_fastrtps_cpp/cmake)
[2.169s] -- Found OpenSSL: /usr/lib/aarch64-linux-gnu/libcrypto.so (found version "3.0.2")  
[2.169s] -- Found FastRTPS: /opt/ros/humble/include  
[2.169s] -- Using RMW implementation 'rmw_fastrtps_cpp' as default
[2.169s] -- Looking for pthread.h
[2.169s] -- Looking for pthread.h - found
[2.169s] -- Performing Test CMAKE_HAVE_LIBC_PTHREAD
[2.169s] -- Performing Test CMAKE_HAVE_LIBC_PTHREAD - Success
[2.170s] -- Found Threads: TRUE  
[2.170s] -- Found rclcpp_components: 16.0.11 (/opt/ros/humble/share/rclcpp_components/cmake)
[2.170s] -- Found ament_lint_auto: 0.12.11 (/opt/ros/humble/share/ament_lint_auto/cmake)
[2.178s] -- Added test 'copyright' to check source files copyright and LICENSE
[2.181s] -- Added test 'cppcheck' to perform static code analysis on C / C++ code
[2.182s] -- Configured cppcheck include dirs: /home/guy/ros2_ws/src/examples/rclcpp/composition/minimal_composition/include
[2.182s] -- Configured cppcheck exclude dirs and/or files: 
[2.185s] -- Added test 'cpplint' to check C / C++ code against the Google style
[2.186s] -- Configured cpplint exclude dirs and/or files: 
[2.188s] -- Added test 'lint_cmake' to check CMake code style
[2.192s] -- Added test 'uncrustify' to check C / C++ code style
[2.192s] -- Configured uncrustify additional arguments: 
[2.195s] -- Added test 'xmllint' to check XML markup files
[2.198s] -- Configuring done
[2.242s] -- Generating done
[2.255s] -- Build files have been written to: /home/guy/ros2_ws/build/examples_rclcpp_minimal_composition
[2.298s] Invoked command in '/home/guy/ros2_ws/build/examples_rclcpp_minimal_composition' returned '0': CMAKE_PREFIX_PATH=/opt/ros/humble /usr/bin/cmake /home/guy/ros2_ws/src/examples/rclcpp/composition/minimal_composition -DAMENT_CMAKE_SYMLINK_INSTALL=1 -DCMAKE_INSTALL_PREFIX=/home/guy/ros2_ws/install/examples_rclcpp_minimal_composition
[2.299s] Invoking command in '/home/guy/ros2_ws/build/examples_rclcpp_minimal_composition': CMAKE_PREFIX_PATH=/opt/ros/humble /usr/bin/cmake --build /home/guy/ros2_ws/build/examples_rclcpp_minimal_composition -- -j6 -l6
[30.572s] [ 11%] [32mBuilding CXX object CMakeFiles/composition_nodes.dir/src/publisher_node.cpp.o[0m
[30.573s] [ 22%] [32mBuilding CXX object CMakeFiles/composition_nodes.dir/src/subscriber_node.cpp.o[0m
[50.275s] [ 33%] [32m[1mLinking CXX shared library libcomposition_nodes.so[0m
[51.921s] [ 33%] Built target composition_nodes
[52.052s] [ 44%] [32mBuilding CXX object CMakeFiles/composition_publisher.dir/src/standalone_publisher.cpp.o[0m
[59.694s] [ 55%] [32m[1mLinking CXX executable composition_publisher[0m
[60.172s] [ 55%] Built target composition_publisher
[60.212s] [ 66%] [32mBuilding CXX object CMakeFiles/composition_composed.dir/src/composed.cpp.o[0m
[67.350s] [ 77%] [32m[1mLinking CXX executable composition_composed[0m
[67.812s] [ 77%] Built target composition_composed
[67.860s] [ 88%] [32mBuilding CXX object CMakeFiles/composition_subscriber.dir/src/standalone_subscriber.cpp.o[0m
[74.828s] [100%] [32m[1mLinking CXX executable composition_subscriber[0m
[75.535s] [100%] Built target composition_subscriber
[75.574s] Invoked command in '/home/guy/ros2_ws/build/examples_rclcpp_minimal_composition' returned '0': CMAKE_PREFIX_PATH=/opt/ros/humble /usr/bin/cmake --build /home/guy/ros2_ws/build/examples_rclcpp_minimal_composition -- -j6 -l6
[75.575s] Invoking command in '/home/guy/ros2_ws/build/examples_rclcpp_minimal_composition': CMAKE_PREFIX_PATH=/opt/ros/humble /usr/bin/cmake --install /home/guy/ros2_ws/build/examples_rclcpp_minimal_composition
[75.615s] -- Install configuration: ""
[75.615s] -- Execute custom install script
[75.616s] -- Symlinking: /home/guy/ros2_ws/install/examples_rclcpp_minimal_composition/share/examples_rclcpp_minimal_composition/environment/library_path.sh
[75.644s] -- Symlinking: /home/guy/ros2_ws/install/examples_rclcpp_minimal_composition/share/examples_rclcpp_minimal_composition/environment/library_path.dsv
[75.672s] -- Symlinking: /home/guy/ros2_ws/install/examples_rclcpp_minimal_composition/lib/libcomposition_nodes.so
[75.699s] -- Symlinking: /home/guy/ros2_ws/install/examples_rclcpp_minimal_composition/lib/examples_rclcpp_minimal_composition/composition_publisher
[75.734s] -- Symlinking: /home/guy/ros2_ws/install/examples_rclcpp_minimal_composition/lib/examples_rclcpp_minimal_composition/composition_subscriber
[75.760s] -- Symlinking: /home/guy/ros2_ws/install/examples_rclcpp_minimal_composition/lib/examples_rclcpp_minimal_composition/composition_composed
[75.782s] -- Symlinking: /home/guy/ros2_ws/install/examples_rclcpp_minimal_composition/share/ament_index/resource_index/package_run_dependencies/examples_rclcpp_minimal_composition
[75.809s] -- Symlinking: /home/guy/ros2_ws/install/examples_rclcpp_minimal_composition/share/ament_index/resource_index/parent_prefix_path/examples_rclcpp_minimal_composition
[75.830s] -- Symlinking: /home/guy/ros2_ws/install/examples_rclcpp_minimal_composition/share/examples_rclcpp_minimal_composition/environment/ament_prefix_path.sh
[75.883s] -- Symlinking: /home/guy/ros2_ws/install/examples_rclcpp_minimal_composition/share/examples_rclcpp_minimal_composition/environment/ament_prefix_path.dsv
[75.923s] -- Symlinking: /home/guy/ros2_ws/install/examples_rclcpp_minimal_composition/share/examples_rclcpp_minimal_composition/environment/path.sh
[75.951s] -- Symlinking: /home/guy/ros2_ws/install/examples_rclcpp_minimal_composition/share/examples_rclcpp_minimal_composition/environment/path.dsv
[75.993s] -- Symlinking: /home/guy/ros2_ws/install/examples_rclcpp_minimal_composition/share/examples_rclcpp_minimal_composition/local_setup.bash
[76.052s] -- Symlinking: /home/guy/ros2_ws/install/examples_rclcpp_minimal_composition/share/examples_rclcpp_minimal_composition/local_setup.sh
[76.090s] -- Symlinking: /home/guy/ros2_ws/install/examples_rclcpp_minimal_composition/share/examples_rclcpp_minimal_composition/local_setup.zsh
[76.141s] -- Symlinking: /home/guy/ros2_ws/install/examples_rclcpp_minimal_composition/share/examples_rclcpp_minimal_composition/local_setup.dsv
[76.167s] -- Symlinking: /home/guy/ros2_ws/install/examples_rclcpp_minimal_composition/share/examples_rclcpp_minimal_composition/package.dsv
[76.229s] -- Symlinking: /home/guy/ros2_ws/install/examples_rclcpp_minimal_composition/share/ament_index/resource_index/packages/examples_rclcpp_minimal_composition
[76.252s] -- Symlinking: /home/guy/ros2_ws/install/examples_rclcpp_minimal_composition/share/examples_rclcpp_minimal_composition/cmake/examples_rclcpp_minimal_compositionConfig.cmake
[76.274s] -- Symlinking: /home/guy/ros2_ws/install/examples_rclcpp_minimal_composition/share/examples_rclcpp_minimal_composition/cmake/examples_rclcpp_minimal_compositionConfig-version.cmake
[76.297s] -- Symlinking: /home/guy/ros2_ws/install/examples_rclcpp_minimal_composition/share/examples_rclcpp_minimal_composition/package.xml
[76.333s] Invoked command in '/home/guy/ros2_ws/build/examples_rclcpp_minimal_composition' returned '0': CMAKE_PREFIX_PATH=/opt/ros/humble /usr/bin/cmake --install /home/guy/ros2_ws/build/examples_rclcpp_minimal_composition
