[2.341s] Invoking command in '/home/guy/ros2_ws/build/examples_rclpy_executors': PYTHONPATH=/home/guy/ros2_ws/build/examples_rclpy_executors/prefix_override:/usr/lib/python3/dist-packages/colcon_core/task/python/colcon_distutils_commands:/home/guy/ros2_ws/install/examples_rclpy_executors/lib/python3.10/site-packages:${PYTHONPATH} /usr/bin/python3 -W ignore:setup.py install is deprecated -W ignore:easy_install command is deprecated setup.py develop --editable --build-directory /home/guy/ros2_ws/build/examples_rclpy_executors/build --no-deps symlink_data --force
[3.355s] running develop
[3.829s] running egg_info
[3.831s] writing examples_rclpy_executors.egg-info/PKG-INFO
[3.831s] writing dependency_links to examples_rclpy_executors.egg-info/dependency_links.txt
[3.831s] writing entry points to examples_rclpy_executors.egg-info/entry_points.txt
[3.832s] writing requirements to examples_rclpy_executors.egg-info/requires.txt
[3.834s] writing top-level names to examples_rclpy_executors.egg-info/top_level.txt
[3.836s] reading manifest file 'examples_rclpy_executors.egg-info/SOURCES.txt'
[3.838s] writing manifest file 'examples_rclpy_executors.egg-info/SOURCES.txt'
[3.842s] running build_ext
[3.843s] Creating /home/guy/ros2_ws/install/examples_rclpy_executors/lib/python3.10/site-packages/examples-rclpy-executors.egg-link (link to .)
[3.845s] Installing callback_group script to /home/guy/ros2_ws/install/examples_rclpy_executors/lib/examples_rclpy_executors
[3.845s] Installing composed script to /home/guy/ros2_ws/install/examples_rclpy_executors/lib/examples_rclpy_executors
[3.847s] Installing custom_callback_group script to /home/guy/ros2_ws/install/examples_rclpy_executors/lib/examples_rclpy_executors
[3.848s] Installing custom_executor script to /home/guy/ros2_ws/install/examples_rclpy_executors/lib/examples_rclpy_executors
[3.851s] Installing listener script to /home/guy/ros2_ws/install/examples_rclpy_executors/lib/examples_rclpy_executors
[3.852s] Installing talker script to /home/guy/ros2_ws/install/examples_rclpy_executors/lib/examples_rclpy_executors
[3.852s] 
[3.852s] Installed /home/guy/ros2_ws/build/examples_rclpy_executors
[3.852s] running symlink_data
[3.852s] symbolically linking /home/guy/ros2_ws/build/examples_rclpy_executors/resource/examples_rclpy_executors -> /home/guy/ros2_ws/install/examples_rclpy_executors/share/ament_index/resource_index/packages
[3.852s] symbolically linking /home/guy/ros2_ws/build/examples_rclpy_executors/package.xml -> /home/guy/ros2_ws/install/examples_rclpy_executors/share/examples_rclpy_executors
[5.061s] Invoked command in '/home/guy/ros2_ws/build/examples_rclpy_executors' returned '0': PYTHONPATH=/home/guy/ros2_ws/build/examples_rclpy_executors/prefix_override:/usr/lib/python3/dist-packages/colcon_core/task/python/colcon_distutils_commands:/home/guy/ros2_ws/install/examples_rclpy_executors/lib/python3.10/site-packages:${PYTHONPATH} /usr/bin/python3 -W ignore:setup.py install is deprecated -W ignore:easy_install command is deprecated setup.py develop --editable --build-directory /home/guy/ros2_ws/build/examples_rclpy_executors/build --no-deps symlink_data --force
