[5.980s] Invoking command in '/home/guy/ros2_ws/build/examples_rclpy_minimal_client': PYTHONPATH=/home/guy/ros2_ws/build/examples_rclpy_minimal_client/prefix_override:/usr/lib/python3/dist-packages/colcon_core/task/python/colcon_distutils_commands:/home/guy/ros2_ws/install/examples_rclpy_minimal_client/lib/python3.10/site-packages:${PYTHONPATH} /usr/bin/python3 -W ignore:setup.py install is deprecated -W ignore:easy_install command is deprecated setup.py develop --editable --build-directory /home/guy/ros2_ws/build/examples_rclpy_minimal_client/build --no-deps symlink_data --force
[7.231s] running develop
[7.823s] running egg_info
[7.824s] writing examples_rclpy_minimal_client.egg-info/PKG-INFO
[7.824s] writing dependency_links to examples_rclpy_minimal_client.egg-info/dependency_links.txt
[7.824s] writing entry points to examples_rclpy_minimal_client.egg-info/entry_points.txt
[7.825s] writing requirements to examples_rclpy_minimal_client.egg-info/requires.txt
[7.825s] writing top-level names to examples_rclpy_minimal_client.egg-info/top_level.txt
[7.826s] reading manifest file 'examples_rclpy_minimal_client.egg-info/SOURCES.txt'
[7.828s] writing manifest file 'examples_rclpy_minimal_client.egg-info/SOURCES.txt'
[7.840s] running build_ext
[7.840s] Creating /home/guy/ros2_ws/install/examples_rclpy_minimal_client/lib/python3.10/site-packages/examples-rclpy-minimal-client.egg-link (link to .)
[7.842s] Installing client script to /home/guy/ros2_ws/install/examples_rclpy_minimal_client/lib/examples_rclpy_minimal_client
[7.843s] Installing client_async script to /home/guy/ros2_ws/install/examples_rclpy_minimal_client/lib/examples_rclpy_minimal_client
[7.843s] Installing client_async_callback script to /home/guy/ros2_ws/install/examples_rclpy_minimal_client/lib/examples_rclpy_minimal_client
[7.843s] Installing client_async_member_function script to /home/guy/ros2_ws/install/examples_rclpy_minimal_client/lib/examples_rclpy_minimal_client
[7.844s] 
[7.845s] Installed /home/guy/ros2_ws/build/examples_rclpy_minimal_client
[7.845s] running symlink_data
[7.845s] symbolically linking /home/guy/ros2_ws/build/examples_rclpy_minimal_client/resource/examples_rclpy_minimal_client -> /home/guy/ros2_ws/install/examples_rclpy_minimal_client/share/ament_index/resource_index/packages
[7.845s] symbolically linking /home/guy/ros2_ws/build/examples_rclpy_minimal_client/package.xml -> /home/guy/ros2_ws/install/examples_rclpy_minimal_client/share/examples_rclpy_minimal_client
[8.668s] Invoked command in '/home/guy/ros2_ws/build/examples_rclpy_minimal_client' returned '0': PYTHONPATH=/home/guy/ros2_ws/build/examples_rclpy_minimal_client/prefix_override:/usr/lib/python3/dist-packages/colcon_core/task/python/colcon_distutils_commands:/home/guy/ros2_ws/install/examples_rclpy_minimal_client/lib/python3.10/site-packages:${PYTHONPATH} /usr/bin/python3 -W ignore:setup.py install is deprecated -W ignore:easy_install command is deprecated setup.py develop --editable --build-directory /home/guy/ros2_ws/build/examples_rclpy_minimal_client/build --no-deps symlink_data --force
