[1.878s] Invoking command in '/home/guy/ros2_ws/build/examples_rclpy_minimal_action_server': PYTHONPATH=/home/guy/ros2_ws/build/examples_rclpy_minimal_action_server/prefix_override:/usr/lib/python3/dist-packages/colcon_core/task/python/colcon_distutils_commands:/home/guy/ros2_ws/install/examples_rclpy_minimal_action_server/lib/python3.10/site-packages:${PYTHONPATH} /usr/bin/python3 -W ignore:setup.py install is deprecated -W ignore:easy_install command is deprecated setup.py develop --editable --build-directory /home/guy/ros2_ws/build/examples_rclpy_minimal_action_server/build --no-deps symlink_data
[2.589s] running develop
[2.987s] running egg_info
[2.988s] creating examples_rclpy_minimal_action_server.egg-info
[2.988s] writing examples_rclpy_minimal_action_server.egg-info/PKG-INFO
[2.989s] writing dependency_links to examples_rclpy_minimal_action_server.egg-info/dependency_links.txt
[2.989s] writing entry points to examples_rclpy_minimal_action_server.egg-info/entry_points.txt
[2.989s] writing requirements to examples_rclpy_minimal_action_server.egg-info/requires.txt
[2.989s] writing top-level names to examples_rclpy_minimal_action_server.egg-info/top_level.txt
[2.989s] writing manifest file 'examples_rclpy_minimal_action_server.egg-info/SOURCES.txt'
[2.999s] reading manifest file 'examples_rclpy_minimal_action_server.egg-info/SOURCES.txt'
[2.999s] writing manifest file 'examples_rclpy_minimal_action_server.egg-info/SOURCES.txt'
[2.999s] running build_ext
[3.000s] Creating /home/guy/ros2_ws/install/examples_rclpy_minimal_action_server/lib/python3.10/site-packages/examples-rclpy-minimal-action-server.egg-link (link to .)
[3.001s] Installing server script to /home/guy/ros2_ws/install/examples_rclpy_minimal_action_server/lib/examples_rclpy_minimal_action_server
[3.001s] Installing server_defer script to /home/guy/ros2_ws/install/examples_rclpy_minimal_action_server/lib/examples_rclpy_minimal_action_server
[3.001s] Installing server_not_composable script to /home/guy/ros2_ws/install/examples_rclpy_minimal_action_server/lib/examples_rclpy_minimal_action_server
[3.002s] Installing server_queue_goals script to /home/guy/ros2_ws/install/examples_rclpy_minimal_action_server/lib/examples_rclpy_minimal_action_server
[3.002s] Installing server_single_goal script to /home/guy/ros2_ws/install/examples_rclpy_minimal_action_server/lib/examples_rclpy_minimal_action_server
[3.002s] 
[3.003s] Installed /home/guy/ros2_ws/build/examples_rclpy_minimal_action_server
[3.003s] running symlink_data
[3.003s] creating /home/guy/ros2_ws/install/examples_rclpy_minimal_action_server/share/ament_index
[3.003s] creating /home/guy/ros2_ws/install/examples_rclpy_minimal_action_server/share/ament_index/resource_index
[3.003s] creating /home/guy/ros2_ws/install/examples_rclpy_minimal_action_server/share/ament_index/resource_index/packages
[3.004s] symbolically linking /home/guy/ros2_ws/build/examples_rclpy_minimal_action_server/resource/examples_rclpy_minimal_action_server -> /home/guy/ros2_ws/install/examples_rclpy_minimal_action_server/share/ament_index/resource_index/packages
[3.004s] symbolically linking /home/guy/ros2_ws/build/examples_rclpy_minimal_action_server/package.xml -> /home/guy/ros2_ws/install/examples_rclpy_minimal_action_server/share/examples_rclpy_minimal_action_server
[3.102s] Invoked command in '/home/guy/ros2_ws/build/examples_rclpy_minimal_action_server' returned '0': PYTHONPATH=/home/guy/ros2_ws/build/examples_rclpy_minimal_action_server/prefix_override:/usr/lib/python3/dist-packages/colcon_core/task/python/colcon_distutils_commands:/home/guy/ros2_ws/install/examples_rclpy_minimal_action_server/lib/python3.10/site-packages:${PYTHONPATH} /usr/bin/python3 -W ignore:setup.py install is deprecated -W ignore:easy_install command is deprecated setup.py develop --editable --build-directory /home/guy/ros2_ws/build/examples_rclpy_minimal_action_server/build --no-deps symlink_data
