[2.302s] Invoking command in '/home/guy/ros2_ws/build/examples_rclpy_pointcloud_publisher': PYTHONPATH=/home/guy/ros2_ws/build/examples_rclpy_pointcloud_publisher/prefix_override:/usr/lib/python3/dist-packages/colcon_core/task/python/colcon_distutils_commands:/home/guy/ros2_ws/install/examples_rclpy_pointcloud_publisher/lib/python3.10/site-packages:${PYTHONPATH} /usr/bin/python3 -W ignore:setup.py install is deprecated -W ignore:easy_install command is deprecated setup.py develop --editable --build-directory /home/guy/ros2_ws/build/examples_rclpy_pointcloud_publisher/build --no-deps symlink_data
[2.989s] running develop
[3.385s] running egg_info
[3.388s] creating examples_rclpy_pointcloud_publisher.egg-info
[3.388s] writing examples_rclpy_pointcloud_publisher.egg-info/PKG-INFO
[3.389s] writing dependency_links to examples_rclpy_pointcloud_publisher.egg-info/dependency_links.txt
[3.389s] writing entry points to examples_rclpy_pointcloud_publisher.egg-info/entry_points.txt
[3.389s] writing requirements to examples_rclpy_pointcloud_publisher.egg-info/requires.txt
[3.389s] writing top-level names to examples_rclpy_pointcloud_publisher.egg-info/top_level.txt
[3.389s] writing manifest file 'examples_rclpy_pointcloud_publisher.egg-info/SOURCES.txt'
[3.392s] reading manifest file 'examples_rclpy_pointcloud_publisher.egg-info/SOURCES.txt'
[3.394s] writing manifest file 'examples_rclpy_pointcloud_publisher.egg-info/SOURCES.txt'
[3.397s] running build_ext
[3.398s] Creating /home/guy/ros2_ws/install/examples_rclpy_pointcloud_publisher/lib/python3.10/site-packages/examples-rclpy-pointcloud-publisher.egg-link (link to .)
[3.400s] Installing pointcloud_publisher script to /home/guy/ros2_ws/install/examples_rclpy_pointcloud_publisher/lib/examples_rclpy_pointcloud_publisher
[3.401s] 
[3.401s] Installed /home/guy/ros2_ws/build/examples_rclpy_pointcloud_publisher
[3.401s] running symlink_data
[3.402s] creating /home/guy/ros2_ws/install/examples_rclpy_pointcloud_publisher/share/ament_index
[3.402s] creating /home/guy/ros2_ws/install/examples_rclpy_pointcloud_publisher/share/ament_index/resource_index
[3.402s] creating /home/guy/ros2_ws/install/examples_rclpy_pointcloud_publisher/share/ament_index/resource_index/packages
[3.402s] symbolically linking /home/guy/ros2_ws/build/examples_rclpy_pointcloud_publisher/resource/examples_rclpy_pointcloud_publisher -> /home/guy/ros2_ws/install/examples_rclpy_pointcloud_publisher/share/ament_index/resource_index/packages
[3.403s] symbolically linking /home/guy/ros2_ws/build/examples_rclpy_pointcloud_publisher/package.xml -> /home/guy/ros2_ws/install/examples_rclpy_pointcloud_publisher/share/examples_rclpy_pointcloud_publisher
[3.524s] Invoked command in '/home/guy/ros2_ws/build/examples_rclpy_pointcloud_publisher' returned '0': PYTHONPATH=/home/guy/ros2_ws/build/examples_rclpy_pointcloud_publisher/prefix_override:/usr/lib/python3/dist-packages/colcon_core/task/python/colcon_distutils_commands:/home/guy/ros2_ws/install/examples_rclpy_pointcloud_publisher/lib/python3.10/site-packages:${PYTHONPATH} /usr/bin/python3 -W ignore:setup.py install is deprecated -W ignore:easy_install command is deprecated setup.py develop --editable --build-directory /home/guy/ros2_ws/build/examples_rclpy_pointcloud_publisher/build --no-deps symlink_data
