[1.724s] Invoking command in '/home/guy/ros2_ws/build/examples_rclpy_guard_conditions': PYTHONPATH=/home/guy/ros2_ws/build/examples_rclpy_guard_conditions/prefix_override:/usr/lib/python3/dist-packages/colcon_core/task/python/colcon_distutils_commands:/home/guy/ros2_ws/install/examples_rclpy_guard_conditions/lib/python3.10/site-packages:${PYTHONPATH} /usr/bin/python3 -W ignore:setup.py install is deprecated -W ignore:easy_install command is deprecated setup.py develop --editable --build-directory /home/guy/ros2_ws/build/examples_rclpy_guard_conditions/build --no-deps symlink_data
[2.509s] running develop
[3.043s] running egg_info
[3.044s] creating examples_rclpy_guard_conditions.egg-info
[3.045s] writing examples_rclpy_guard_conditions.egg-info/PKG-INFO
[3.047s] writing dependency_links to examples_rclpy_guard_conditions.egg-info/dependency_links.txt
[3.049s] writing entry points to examples_rclpy_guard_conditions.egg-info/entry_points.txt
[3.050s] writing requirements to examples_rclpy_guard_conditions.egg-info/requires.txt
[3.051s] writing top-level names to examples_rclpy_guard_conditions.egg-info/top_level.txt
[3.052s] writing manifest file 'examples_rclpy_guard_conditions.egg-info/SOURCES.txt'
[3.058s] reading manifest file 'examples_rclpy_guard_conditions.egg-info/SOURCES.txt'
[3.060s] writing manifest file 'examples_rclpy_guard_conditions.egg-info/SOURCES.txt'
[3.065s] running build_ext
[3.066s] Creating /home/guy/ros2_ws/install/examples_rclpy_guard_conditions/lib/python3.10/site-packages/examples-rclpy-guard-conditions.egg-link (link to .)
[3.068s] Installing trigger_guard_condition script to /home/guy/ros2_ws/install/examples_rclpy_guard_conditions/lib/examples_rclpy_guard_conditions
[3.070s] 
[3.070s] Installed /home/guy/ros2_ws/build/examples_rclpy_guard_conditions
[3.071s] running symlink_data
[3.071s] creating /home/guy/ros2_ws/install/examples_rclpy_guard_conditions/share/ament_index
[3.071s] creating /home/guy/ros2_ws/install/examples_rclpy_guard_conditions/share/ament_index/resource_index
[3.071s] creating /home/guy/ros2_ws/install/examples_rclpy_guard_conditions/share/ament_index/resource_index/packages
[3.071s] symbolically linking /home/guy/ros2_ws/build/examples_rclpy_guard_conditions/resource/examples_rclpy_guard_conditions -> /home/guy/ros2_ws/install/examples_rclpy_guard_conditions/share/ament_index/resource_index/packages
[3.074s] symbolically linking /home/guy/ros2_ws/build/examples_rclpy_guard_conditions/package.xml -> /home/guy/ros2_ws/install/examples_rclpy_guard_conditions/share/examples_rclpy_guard_conditions
[3.194s] Invoked command in '/home/guy/ros2_ws/build/examples_rclpy_guard_conditions' returned '0': PYTHONPATH=/home/guy/ros2_ws/build/examples_rclpy_guard_conditions/prefix_override:/usr/lib/python3/dist-packages/colcon_core/task/python/colcon_distutils_commands:/home/guy/ros2_ws/install/examples_rclpy_guard_conditions/lib/python3.10/site-packages:${PYTHONPATH} /usr/bin/python3 -W ignore:setup.py install is deprecated -W ignore:easy_install command is deprecated setup.py develop --editable --build-directory /home/guy/ros2_ws/build/examples_rclpy_guard_conditions/build --no-deps symlink_data
