[0.052s] Invoking command in '/home/guy/ros2_ws/build/examples_rclcpp_wait_set': CMAKE_PREFIX_PATH=/opt/ros/humble /usr/bin/cmake --build /home/guy/ros2_ws/build/examples_rclcpp_wait_set -- -j6 -l6
[0.294s] [  8%] Built target talker
[0.454s] [ 16%] Built target static_wait_set
[0.540s] [ 25%] Built target thread_safe_wait_set
[0.685s] [ 33%] Built target wait_set_topics_and_timer
[0.798s] [ 41%] Built target wait_set_random_order
[0.910s] [ 50%] Built target executor_random_order
[1.054s] [ 58%] Built target wait_set_topics_with_different_rates
[1.169s] [ 66%] Built target wait_set
[1.312s] [ 75%] Built target wait_set_listener
[1.448s] [ 83%] Built target listener
[1.570s] [ 91%] Built target wait_set_talker
[1.718s] [100%] Built target wait_set_composed
[3.302s] Invoked command in '/home/guy/ros2_ws/build/examples_rclcpp_wait_set' returned '0': CMAKE_PREFIX_PATH=/opt/ros/humble /usr/bin/cmake --build /home/guy/ros2_ws/build/examples_rclcpp_wait_set -- -j6 -l6
[3.303s] Invoking command in '/home/guy/ros2_ws/build/examples_rclcpp_wait_set': CMAKE_PREFIX_PATH=/opt/ros/humble /usr/bin/cmake --install /home/guy/ros2_ws/build/examples_rclcpp_wait_set
[4.299s] -- Install configuration: ""
[4.300s] -- Execute custom install script
[4.300s] -- Up-to-date symlink: /home/guy/ros2_ws/install/examples_rclcpp_wait_set/lib/examples_rclcpp_wait_set/wait_set_talker
[4.300s] -- Up-to-date symlink: /home/guy/ros2_ws/install/examples_rclcpp_wait_set/lib/examples_rclcpp_wait_set/wait_set_listener
[4.300s] -- Up-to-date symlink: /home/guy/ros2_ws/install/examples_rclcpp_wait_set/lib/libtalker.so
[4.300s] -- Up-to-date symlink: /home/guy/ros2_ws/install/examples_rclcpp_wait_set/lib/liblistener.so
[4.300s] -- Up-to-date symlink: /home/guy/ros2_ws/install/examples_rclcpp_wait_set/lib/examples_rclcpp_wait_set/wait_set
[4.301s] -- Up-to-date symlink: /home/guy/ros2_ws/install/examples_rclcpp_wait_set/lib/examples_rclcpp_wait_set/static_wait_set
[4.301s] -- Up-to-date symlink: /home/guy/ros2_ws/install/examples_rclcpp_wait_set/lib/examples_rclcpp_wait_set/thread_safe_wait_set
[4.301s] -- Up-to-date symlink: /home/guy/ros2_ws/install/examples_rclcpp_wait_set/lib/examples_rclcpp_wait_set/wait_set_topics_and_timer
[4.301s] -- Up-to-date symlink: /home/guy/ros2_ws/install/examples_rclcpp_wait_set/lib/examples_rclcpp_wait_set/wait_set_random_order
[4.301s] -- Up-to-date symlink: /home/guy/ros2_ws/install/examples_rclcpp_wait_set/lib/examples_rclcpp_wait_set/executor_random_order
[4.301s] -- Up-to-date symlink: /home/guy/ros2_ws/install/examples_rclcpp_wait_set/lib/examples_rclcpp_wait_set/wait_set_topics_with_different_rates
[4.301s] -- Up-to-date symlink: /home/guy/ros2_ws/install/examples_rclcpp_wait_set/lib/examples_rclcpp_wait_set/wait_set_composed
[4.301s] -- Up-to-date symlink: /home/guy/ros2_ws/install/examples_rclcpp_wait_set/share/ament_index/resource_index/package_run_dependencies/examples_rclcpp_wait_set
[4.302s] -- Up-to-date symlink: /home/guy/ros2_ws/install/examples_rclcpp_wait_set/share/ament_index/resource_index/parent_prefix_path/examples_rclcpp_wait_set
[4.302s] -- Up-to-date symlink: /home/guy/ros2_ws/install/examples_rclcpp_wait_set/share/examples_rclcpp_wait_set/environment/ament_prefix_path.sh
[4.302s] -- Up-to-date symlink: /home/guy/ros2_ws/install/examples_rclcpp_wait_set/share/examples_rclcpp_wait_set/environment/ament_prefix_path.dsv
[4.302s] -- Up-to-date symlink: /home/guy/ros2_ws/install/examples_rclcpp_wait_set/share/examples_rclcpp_wait_set/environment/path.sh
[4.302s] -- Up-to-date symlink: /home/guy/ros2_ws/install/examples_rclcpp_wait_set/share/examples_rclcpp_wait_set/environment/path.dsv
[4.302s] -- Up-to-date symlink: /home/guy/ros2_ws/install/examples_rclcpp_wait_set/share/examples_rclcpp_wait_set/local_setup.bash
[4.302s] -- Up-to-date symlink: /home/guy/ros2_ws/install/examples_rclcpp_wait_set/share/examples_rclcpp_wait_set/local_setup.sh
[4.303s] -- Up-to-date symlink: /home/guy/ros2_ws/install/examples_rclcpp_wait_set/share/examples_rclcpp_wait_set/local_setup.zsh
[4.303s] -- Up-to-date symlink: /home/guy/ros2_ws/install/examples_rclcpp_wait_set/share/examples_rclcpp_wait_set/local_setup.dsv
[4.303s] -- Symlinking: /home/guy/ros2_ws/install/examples_rclcpp_wait_set/share/examples_rclcpp_wait_set/package.dsv
[4.303s] -- Up-to-date symlink: /home/guy/ros2_ws/install/examples_rclcpp_wait_set/share/ament_index/resource_index/packages/examples_rclcpp_wait_set
[4.303s] -- Up-to-date symlink: /home/guy/ros2_ws/install/examples_rclcpp_wait_set/share/ament_index/resource_index/rclcpp_components/examples_rclcpp_wait_set
[4.303s] -- Up-to-date symlink: /home/guy/ros2_ws/install/examples_rclcpp_wait_set/share/examples_rclcpp_wait_set/cmake/examples_rclcpp_wait_setConfig.cmake
[4.303s] -- Up-to-date symlink: /home/guy/ros2_ws/install/examples_rclcpp_wait_set/share/examples_rclcpp_wait_set/cmake/examples_rclcpp_wait_setConfig-version.cmake
[4.303s] -- Up-to-date symlink: /home/guy/ros2_ws/install/examples_rclcpp_wait_set/share/examples_rclcpp_wait_set/package.xml
[4.310s] Invoked command in '/home/guy/ros2_ws/build/examples_rclcpp_wait_set' returned '0': CMAKE_PREFIX_PATH=/opt/ros/humble /usr/bin/cmake --install /home/guy/ros2_ws/build/examples_rclcpp_wait_set
