[0.067s] Invoking command in '/home/guy/ros2_ws/build/examples_rclcpp_minimal_service': CMAKE_PREFIX_PATH=${CMAKE_PREFIX_PATH}:/home/guy/ros2_ws/install/launch_testing_examples:/home/guy/ros2_ws/install/examples_rclpy_pointcloud_publisher:/home/guy/ros2_ws/install/examples_rclpy_minimal_subscriber:/home/guy/ros2_ws/install/examples_rclpy_minimal_service:/home/guy/ros2_ws/install/examples_rclpy_minimal_publisher:/home/guy/ros2_ws/install/examples_rclpy_minimal_client:/home/guy/ros2_ws/install/examples_rclpy_minimal_action_server:/home/guy/ros2_ws/install/examples_rclpy_minimal_action_client:/home/guy/ros2_ws/install/examples_rclpy_guard_conditions:/home/guy/ros2_ws/install/examples_rclpy_executors:/opt/ros/humble /usr/bin/cmake /home/guy/ros2_ws/src/examples/rclcpp/services/minimal_service -DAMENT_CMAKE_SYMLINK_INSTALL=1 -DCMAKE_INSTALL_PREFIX=/home/guy/ros2_ws/install/examples_rclcpp_minimal_service
[0.112s] -- Found ament_cmake: 1.3.11 (/opt/ros/humble/share/ament_cmake/cmake)
[0.572s] -- Override CMake install command with custom implementation using symlinks instead of copying resources
[0.589s] -- Found example_interfaces: 0.9.3 (/opt/ros/humble/share/example_interfaces/cmake)
[0.656s] -- Found rosidl_generator_c: 3.1.6 (/opt/ros/humble/share/rosidl_generator_c/cmake)
[0.667s] -- Found rosidl_adapter: 3.1.6 (/opt/ros/humble/share/rosidl_adapter/cmake)
[0.683s] -- Found rosidl_generator_cpp: 3.1.6 (/opt/ros/humble/share/rosidl_generator_cpp/cmake)
[0.707s] -- Using all available rosidl_typesupport_c: rosidl_typesupport_fastrtps_c;rosidl_typesupport_introspection_c
[0.752s] -- Using all available rosidl_typesupport_cpp: rosidl_typesupport_fastrtps_cpp;rosidl_typesupport_introspection_cpp
[0.889s] -- Found rclcpp: 16.0.12 (/opt/ros/humble/share/rclcpp/cmake)
[0.952s] -- Found rmw_implementation_cmake: 6.1.2 (/opt/ros/humble/share/rmw_implementation_cmake/cmake)
[0.960s] -- Found rmw_fastrtps_cpp: 6.2.7 (/opt/ros/humble/share/rmw_fastrtps_cpp/cmake)
[1.360s] -- Using RMW implementation 'rmw_fastrtps_cpp' as default
[1.496s] -- Found ament_lint_auto: 0.12.12 (/opt/ros/humble/share/ament_lint_auto/cmake)
[1.834s] -- Added test 'copyright' to check source files copyright and LICENSE
[1.836s] -- Added test 'cppcheck' to perform static code analysis on C / C++ code
[1.842s] -- Configured cppcheck include dirs: 
[1.842s] -- Configured cppcheck exclude dirs and/or files: 
[1.843s] -- Added test 'cpplint' to check C / C++ code against the Google style
[1.843s] -- Configured cpplint exclude dirs and/or files: 
[1.844s] -- Added test 'lint_cmake' to check CMake code style
[1.845s] -- Added test 'uncrustify' to check C / C++ code style
[1.847s] -- Configured uncrustify additional arguments: 
[1.848s] -- Added test 'xmllint' to check XML markup files
[1.855s] -- Configuring done
[1.898s] -- Generating done
[1.915s] -- Build files have been written to: /home/guy/ros2_ws/build/examples_rclcpp_minimal_service
[1.966s] Invoked command in '/home/guy/ros2_ws/build/examples_rclcpp_minimal_service' returned '0': CMAKE_PREFIX_PATH=${CMAKE_PREFIX_PATH}:/home/guy/ros2_ws/install/launch_testing_examples:/home/guy/ros2_ws/install/examples_rclpy_pointcloud_publisher:/home/guy/ros2_ws/install/examples_rclpy_minimal_subscriber:/home/guy/ros2_ws/install/examples_rclpy_minimal_service:/home/guy/ros2_ws/install/examples_rclpy_minimal_publisher:/home/guy/ros2_ws/install/examples_rclpy_minimal_client:/home/guy/ros2_ws/install/examples_rclpy_minimal_action_server:/home/guy/ros2_ws/install/examples_rclpy_minimal_action_client:/home/guy/ros2_ws/install/examples_rclpy_guard_conditions:/home/guy/ros2_ws/install/examples_rclpy_executors:/opt/ros/humble /usr/bin/cmake /home/guy/ros2_ws/src/examples/rclcpp/services/minimal_service -DAMENT_CMAKE_SYMLINK_INSTALL=1 -DCMAKE_INSTALL_PREFIX=/home/guy/ros2_ws/install/examples_rclcpp_minimal_service
[1.980s] Invoking command in '/home/guy/ros2_ws/build/examples_rclcpp_minimal_service': CMAKE_PREFIX_PATH=${CMAKE_PREFIX_PATH}:/home/guy/ros2_ws/install/launch_testing_examples:/home/guy/ros2_ws/install/examples_rclpy_pointcloud_publisher:/home/guy/ros2_ws/install/examples_rclpy_minimal_subscriber:/home/guy/ros2_ws/install/examples_rclpy_minimal_service:/home/guy/ros2_ws/install/examples_rclpy_minimal_publisher:/home/guy/ros2_ws/install/examples_rclpy_minimal_client:/home/guy/ros2_ws/install/examples_rclpy_minimal_action_server:/home/guy/ros2_ws/install/examples_rclpy_minimal_action_client:/home/guy/ros2_ws/install/examples_rclpy_guard_conditions:/home/guy/ros2_ws/install/examples_rclpy_executors:/opt/ros/humble /usr/bin/cmake --build /home/guy/ros2_ws/build/examples_rclcpp_minimal_service -- -j6 -l6
[2.220s] [35m[1mConsolidate compiler generated dependencies of target service_main[0m
[2.318s] [100%] Built target service_main
[2.385s] Invoked command in '/home/guy/ros2_ws/build/examples_rclcpp_minimal_service' returned '0': CMAKE_PREFIX_PATH=${CMAKE_PREFIX_PATH}:/home/guy/ros2_ws/install/launch_testing_examples:/home/guy/ros2_ws/install/examples_rclpy_pointcloud_publisher:/home/guy/ros2_ws/install/examples_rclpy_minimal_subscriber:/home/guy/ros2_ws/install/examples_rclpy_minimal_service:/home/guy/ros2_ws/install/examples_rclpy_minimal_publisher:/home/guy/ros2_ws/install/examples_rclpy_minimal_client:/home/guy/ros2_ws/install/examples_rclpy_minimal_action_server:/home/guy/ros2_ws/install/examples_rclpy_minimal_action_client:/home/guy/ros2_ws/install/examples_rclpy_guard_conditions:/home/guy/ros2_ws/install/examples_rclpy_executors:/opt/ros/humble /usr/bin/cmake --build /home/guy/ros2_ws/build/examples_rclcpp_minimal_service -- -j6 -l6
[2.386s] Invoking command in '/home/guy/ros2_ws/build/examples_rclcpp_minimal_service': CMAKE_PREFIX_PATH=${CMAKE_PREFIX_PATH}:/home/guy/ros2_ws/install/launch_testing_examples:/home/guy/ros2_ws/install/examples_rclpy_pointcloud_publisher:/home/guy/ros2_ws/install/examples_rclpy_minimal_subscriber:/home/guy/ros2_ws/install/examples_rclpy_minimal_service:/home/guy/ros2_ws/install/examples_rclpy_minimal_publisher:/home/guy/ros2_ws/install/examples_rclpy_minimal_client:/home/guy/ros2_ws/install/examples_rclpy_minimal_action_server:/home/guy/ros2_ws/install/examples_rclpy_minimal_action_client:/home/guy/ros2_ws/install/examples_rclpy_guard_conditions:/home/guy/ros2_ws/install/examples_rclpy_executors:/opt/ros/humble /usr/bin/cmake --install /home/guy/ros2_ws/build/examples_rclcpp_minimal_service
[2.650s] -- Install configuration: ""
[2.650s] -- Execute custom install script
[2.650s] -- Up-to-date symlink: /home/guy/ros2_ws/install/examples_rclcpp_minimal_service/lib/examples_rclcpp_minimal_service/service_main
[2.651s] -- Up-to-date symlink: /home/guy/ros2_ws/install/examples_rclcpp_minimal_service/share/ament_index/resource_index/package_run_dependencies/examples_rclcpp_minimal_service
[2.651s] -- Up-to-date symlink: /home/guy/ros2_ws/install/examples_rclcpp_minimal_service/share/ament_index/resource_index/parent_prefix_path/examples_rclcpp_minimal_service
[2.651s] -- Up-to-date symlink: /home/guy/ros2_ws/install/examples_rclcpp_minimal_service/share/examples_rclcpp_minimal_service/environment/ament_prefix_path.sh
[2.651s] -- Up-to-date symlink: /home/guy/ros2_ws/install/examples_rclcpp_minimal_service/share/examples_rclcpp_minimal_service/environment/ament_prefix_path.dsv
[2.651s] -- Up-to-date symlink: /home/guy/ros2_ws/install/examples_rclcpp_minimal_service/share/examples_rclcpp_minimal_service/environment/path.sh
[2.651s] -- Up-to-date symlink: /home/guy/ros2_ws/install/examples_rclcpp_minimal_service/share/examples_rclcpp_minimal_service/environment/path.dsv
[2.651s] -- Up-to-date symlink: /home/guy/ros2_ws/install/examples_rclcpp_minimal_service/share/examples_rclcpp_minimal_service/local_setup.bash
[2.651s] -- Up-to-date symlink: /home/guy/ros2_ws/install/examples_rclcpp_minimal_service/share/examples_rclcpp_minimal_service/local_setup.sh
[2.652s] -- Up-to-date symlink: /home/guy/ros2_ws/install/examples_rclcpp_minimal_service/share/examples_rclcpp_minimal_service/local_setup.zsh
[2.655s] -- Up-to-date symlink: /home/guy/ros2_ws/install/examples_rclcpp_minimal_service/share/examples_rclcpp_minimal_service/local_setup.dsv
[2.655s] -- Symlinking: /home/guy/ros2_ws/install/examples_rclcpp_minimal_service/share/examples_rclcpp_minimal_service/package.dsv
[2.665s] -- Up-to-date symlink: /home/guy/ros2_ws/install/examples_rclcpp_minimal_service/share/ament_index/resource_index/packages/examples_rclcpp_minimal_service
[2.666s] -- Up-to-date symlink: /home/guy/ros2_ws/install/examples_rclcpp_minimal_service/share/examples_rclcpp_minimal_service/cmake/examples_rclcpp_minimal_serviceConfig.cmake
[2.666s] -- Up-to-date symlink: /home/guy/ros2_ws/install/examples_rclcpp_minimal_service/share/examples_rclcpp_minimal_service/cmake/examples_rclcpp_minimal_serviceConfig-version.cmake
[2.666s] -- Up-to-date symlink: /home/guy/ros2_ws/install/examples_rclcpp_minimal_service/share/examples_rclcpp_minimal_service/package.xml
[2.685s] Invoked command in '/home/guy/ros2_ws/build/examples_rclcpp_minimal_service' returned '0': CMAKE_PREFIX_PATH=${CMAKE_PREFIX_PATH}:/home/guy/ros2_ws/install/launch_testing_examples:/home/guy/ros2_ws/install/examples_rclpy_pointcloud_publisher:/home/guy/ros2_ws/install/examples_rclpy_minimal_subscriber:/home/guy/ros2_ws/install/examples_rclpy_minimal_service:/home/guy/ros2_ws/install/examples_rclpy_minimal_publisher:/home/guy/ros2_ws/install/examples_rclpy_minimal_client:/home/guy/ros2_ws/install/examples_rclpy_minimal_action_server:/home/guy/ros2_ws/install/examples_rclpy_minimal_action_client:/home/guy/ros2_ws/install/examples_rclpy_guard_conditions:/home/guy/ros2_ws/install/examples_rclpy_executors:/opt/ros/humble /usr/bin/cmake --install /home/guy/ros2_ws/build/examples_rclcpp_minimal_service
