[8.195s] Invoking command in '/home/guy/ros2_ws/build/examples_rclpy_minimal_action_client': PYTHONPATH=/home/guy/ros2_ws/build/examples_rclpy_minimal_action_client/prefix_override:/usr/lib/python3/dist-packages/colcon_core/task/python/colcon_distutils_commands:/home/guy/ros2_ws/install/examples_rclpy_minimal_action_client/lib/python3.10/site-packages:${PYTHONPATH} /usr/bin/python3 -W ignore:setup.py install is deprecated -W ignore:easy_install command is deprecated setup.py develop --editable --build-directory /home/guy/ros2_ws/build/examples_rclpy_minimal_action_client/build --no-deps symlink_data
[9.514s] running develop
[10.159s] running egg_info
[10.159s] writing examples_rclpy_minimal_action_client.egg-info/PKG-INFO
[10.160s] writing dependency_links to examples_rclpy_minimal_action_client.egg-info/dependency_links.txt
[10.160s] writing entry points to examples_rclpy_minimal_action_client.egg-info/entry_points.txt
[10.160s] writing requirements to examples_rclpy_minimal_action_client.egg-info/requires.txt
[10.161s] writing top-level names to examples_rclpy_minimal_action_client.egg-info/top_level.txt
[10.166s] reading manifest file 'examples_rclpy_minimal_action_client.egg-info/SOURCES.txt'
[10.167s] writing manifest file 'examples_rclpy_minimal_action_client.egg-info/SOURCES.txt'
[10.181s] running build_ext
[10.182s] Creating /home/guy/ros2_ws/install/examples_rclpy_minimal_action_client/lib/python3.10/site-packages/examples-rclpy-minimal-action-client.egg-link (link to .)
[10.184s] Installing client script to /home/guy/ros2_ws/install/examples_rclpy_minimal_action_client/lib/examples_rclpy_minimal_action_client
[10.184s] Installing client_asyncio script to /home/guy/ros2_ws/install/examples_rclpy_minimal_action_client/lib/examples_rclpy_minimal_action_client
[10.185s] Installing client_cancel script to /home/guy/ros2_ws/install/examples_rclpy_minimal_action_client/lib/examples_rclpy_minimal_action_client
[10.185s] Installing client_not_composable script to /home/guy/ros2_ws/install/examples_rclpy_minimal_action_client/lib/examples_rclpy_minimal_action_client
[10.186s] 
[10.186s] Installed /home/guy/ros2_ws/build/examples_rclpy_minimal_action_client
[10.186s] running symlink_data
[11.365s] Invoked command in '/home/guy/ros2_ws/build/examples_rclpy_minimal_action_client' returned '0': PYTHONPATH=/home/guy/ros2_ws/build/examples_rclpy_minimal_action_client/prefix_override:/usr/lib/python3/dist-packages/colcon_core/task/python/colcon_distutils_commands:/home/guy/ros2_ws/install/examples_rclpy_minimal_action_client/lib/python3.10/site-packages:${PYTHONPATH} /usr/bin/python3 -W ignore:setup.py install is deprecated -W ignore:easy_install command is deprecated setup.py develop --editable --build-directory /home/guy/ros2_ws/build/examples_rclpy_minimal_action_client/build --no-deps symlink_data
