[0.108s] Invoking command in '/home/guy/ros2_ws/build/pubsub_node': CMAKE_PREFIX_PATH=/opt/ros/humble /usr/bin/cmake --build /home/guy/ros2_ws/build/pubsub_node -- -j6 -l6
[0.210s] [33mCMake Warning (dev) in CMakeLists.txt:
[0.210s]   No project() command is present.  The top-level CMakeLists.txt file must
[0.210s]   contain a literal, direct call to the project() command.  Add a line of
[0.211s]   code such as
[0.211s] 
[0.211s]     project(ProjectName)
[0.211s] 
[0.211s]   near the top of the file, but after cmake_minimum_required().
[0.211s] 
[0.211s]   CMake is pretending there is a "project(Project)" command on the first
[0.211s]   line.
[0.212s] This warning is for project developers.  Use -Wno-dev to suppress it.
[0.212s] [0m
[0.236s] [31mCMake Error at CMakeLists.txt:9 (ament_target_dependencies):
[0.236s]   Unknown CMake command "ament_target_dependencies".
[0.236s] 
[0.237s] [0m
[0.237s] [33mCMake Warning (dev) in CMakeLists.txt:
[0.237s]   No cmake_minimum_required command is present.  A line of code such as
[0.237s] 
[0.237s]     cmake_minimum_required(VERSION 3.22)
[0.237s] 
[0.237s]   should be added at the top of the file.  The version specified may be lower
[0.238s]   if you wish to support older CMake versions for this project.  For more
[0.238s]   information run "cmake --help-policy CMP0000".
[0.238s] This warning is for project developers.  Use -Wno-dev to suppress it.
[0.238s] [0m
[0.238s] -- Configuring incomplete, errors occurred!
[0.238s] See also "/home/guy/ros2_ws/build/pubsub_node/CMakeFiles/CMakeOutput.log".
[0.249s] gmake: *** [Makefile:226: cmake_check_build_system] Error 1
[0.258s] Invoked command in '/home/guy/ros2_ws/build/pubsub_node' returned '2': CMAKE_PREFIX_PATH=/opt/ros/humble /usr/bin/cmake --build /home/guy/ros2_ws/build/pubsub_node -- -j6 -l6
