[0.110s] Invoking command in '/home/guy/ros2_ws/build/examples_rclcpp_multithreaded_executor': CMAKE_PREFIX_PATH=/opt/ros/humble /usr/bin/cmake /home/guy/ros2_ws/src/examples/rclcpp/executors/multithreaded_executor -DCMAKE_INSTALL_PREFIX=/home/guy/ros2_ws/install/examples_rclcpp_multithreaded_executor
[0.138s] -- Found ament_cmake: 1.3.11 (/opt/ros/humble/share/ament_cmake/cmake)
[0.636s] -- Override CMake install command with custom implementation using symlinks instead of copying resources
[0.661s] -- Found rclcpp: 16.0.12 (/opt/ros/humble/share/rclcpp/cmake)
[0.789s] -- Found rosidl_generator_c: 3.1.6 (/opt/ros/humble/share/rosidl_generator_c/cmake)
[0.807s] -- Found rosidl_adapter: 3.1.6 (/opt/ros/humble/share/rosidl_adapter/cmake)
[0.831s] -- Found rosidl_generator_cpp: 3.1.6 (/opt/ros/humble/share/rosidl_generator_cpp/cmake)
[0.875s] -- Using all available rosidl_typesupport_c: rosidl_typesupport_fastrtps_c;rosidl_typesupport_introspection_c
[0.923s] -- Using all available rosidl_typesupport_cpp: rosidl_typesupport_fastrtps_cpp;rosidl_typesupport_introspection_cpp
[1.034s] -- Found rmw_implementation_cmake: 6.1.2 (/opt/ros/humble/share/rmw_implementation_cmake/cmake)
[1.038s] -- Found rmw_fastrtps_cpp: 6.2.7 (/opt/ros/humble/share/rmw_fastrtps_cpp/cmake)
[1.388s] -- Using RMW implementation 'rmw_fastrtps_cpp' as default
[1.557s] -- Found ament_lint_auto: 0.12.12 (/opt/ros/humble/share/ament_lint_auto/cmake)
[1.883s] -- Added test 'copyright' to check source files copyright and LICENSE
[1.888s] -- Added test 'cppcheck' to perform static code analysis on C / C++ code
[1.890s] -- Configured cppcheck include dirs: 
[1.891s] -- Configured cppcheck exclude dirs and/or files: 
[1.893s] -- Added test 'cpplint' to check C / C++ code against the Google style
[1.893s] -- Configured cpplint exclude dirs and/or files: 
[1.895s] -- Added test 'lint_cmake' to check CMake code style
[1.896s] -- Added test 'uncrustify' to check C / C++ code style
[1.897s] -- Configured uncrustify additional arguments: 
[1.898s] -- Added test 'xmllint' to check XML markup files
[1.901s] -- Configuring done
[1.938s] -- Generating done
[1.954s] -- Build files have been written to: /home/guy/ros2_ws/build/examples_rclcpp_multithreaded_executor
[2.001s] Invoked command in '/home/guy/ros2_ws/build/examples_rclcpp_multithreaded_executor' returned '0': CMAKE_PREFIX_PATH=/opt/ros/humble /usr/bin/cmake /home/guy/ros2_ws/src/examples/rclcpp/executors/multithreaded_executor -DCMAKE_INSTALL_PREFIX=/home/guy/ros2_ws/install/examples_rclcpp_multithreaded_executor
[2.012s] Invoking command in '/home/guy/ros2_ws/build/examples_rclcpp_multithreaded_executor': CMAKE_PREFIX_PATH=/opt/ros/humble /usr/bin/cmake --build /home/guy/ros2_ws/build/examples_rclcpp_multithreaded_executor -- -j6 -l6
[2.183s] [35m[1mConsolidate compiler generated dependencies of target multithreaded_executor[0m
[2.342s] [100%] Built target multithreaded_executor
[2.410s] Invoked command in '/home/guy/ros2_ws/build/examples_rclcpp_multithreaded_executor' returned '0': CMAKE_PREFIX_PATH=/opt/ros/humble /usr/bin/cmake --build /home/guy/ros2_ws/build/examples_rclcpp_multithreaded_executor -- -j6 -l6
[2.424s] Invoking command in '/home/guy/ros2_ws/build/examples_rclcpp_multithreaded_executor': CMAKE_PREFIX_PATH=/opt/ros/humble /usr/bin/cmake --install /home/guy/ros2_ws/build/examples_rclcpp_multithreaded_executor
[2.510s] -- Install configuration: ""
[2.510s] -- Execute custom install script
[2.510s] -- Up-to-date symlink: /home/guy/ros2_ws/install/examples_rclcpp_multithreaded_executor/lib/examples_rclcpp_multithreaded_executor/multithreaded_executor
[2.510s] -- Up-to-date symlink: /home/guy/ros2_ws/install/examples_rclcpp_multithreaded_executor/share/ament_index/resource_index/package_run_dependencies/examples_rclcpp_multithreaded_executor
[2.510s] -- Up-to-date symlink: /home/guy/ros2_ws/install/examples_rclcpp_multithreaded_executor/share/ament_index/resource_index/parent_prefix_path/examples_rclcpp_multithreaded_executor
[2.510s] -- Up-to-date symlink: /home/guy/ros2_ws/install/examples_rclcpp_multithreaded_executor/share/examples_rclcpp_multithreaded_executor/environment/ament_prefix_path.sh
[2.511s] -- Up-to-date symlink: /home/guy/ros2_ws/install/examples_rclcpp_multithreaded_executor/share/examples_rclcpp_multithreaded_executor/environment/ament_prefix_path.dsv
[2.511s] -- Up-to-date symlink: /home/guy/ros2_ws/install/examples_rclcpp_multithreaded_executor/share/examples_rclcpp_multithreaded_executor/environment/path.sh
[2.511s] -- Up-to-date symlink: /home/guy/ros2_ws/install/examples_rclcpp_multithreaded_executor/share/examples_rclcpp_multithreaded_executor/environment/path.dsv
[2.511s] -- Up-to-date symlink: /home/guy/ros2_ws/install/examples_rclcpp_multithreaded_executor/share/examples_rclcpp_multithreaded_executor/local_setup.bash
[2.511s] -- Up-to-date symlink: /home/guy/ros2_ws/install/examples_rclcpp_multithreaded_executor/share/examples_rclcpp_multithreaded_executor/local_setup.sh
[2.511s] -- Up-to-date symlink: /home/guy/ros2_ws/install/examples_rclcpp_multithreaded_executor/share/examples_rclcpp_multithreaded_executor/local_setup.zsh
[2.511s] -- Up-to-date symlink: /home/guy/ros2_ws/install/examples_rclcpp_multithreaded_executor/share/examples_rclcpp_multithreaded_executor/local_setup.dsv
[2.511s] -- Symlinking: /home/guy/ros2_ws/install/examples_rclcpp_multithreaded_executor/share/examples_rclcpp_multithreaded_executor/package.dsv
[2.550s] -- Up-to-date symlink: /home/guy/ros2_ws/install/examples_rclcpp_multithreaded_executor/share/ament_index/resource_index/packages/examples_rclcpp_multithreaded_executor
[2.550s] -- Up-to-date symlink: /home/guy/ros2_ws/install/examples_rclcpp_multithreaded_executor/share/examples_rclcpp_multithreaded_executor/cmake/examples_rclcpp_multithreaded_executorConfig.cmake
[2.550s] -- Up-to-date symlink: /home/guy/ros2_ws/install/examples_rclcpp_multithreaded_executor/share/examples_rclcpp_multithreaded_executor/cmake/examples_rclcpp_multithreaded_executorConfig-version.cmake
[2.551s] -- Up-to-date symlink: /home/guy/ros2_ws/install/examples_rclcpp_multithreaded_executor/share/examples_rclcpp_multithreaded_executor/package.xml
[2.558s] Invoked command in '/home/guy/ros2_ws/build/examples_rclcpp_multithreaded_executor' returned '0': CMAKE_PREFIX_PATH=/opt/ros/humble /usr/bin/cmake --install /home/guy/ros2_ws/build/examples_rclcpp_multithreaded_executor
