[0.034s] Invoking command in '/home/guy/ros2_ws/build/examples_rclcpp_async_client': /usr/bin/cmake /home/guy/ros2_ws/src/examples/rclcpp/services/async_client -DAMENT_CMAKE_SYMLINK_INSTALL=1 -DCMAKE_INSTALL_PREFIX=/home/guy/ros2_ws/install/examples_rclcpp_async_client
[0.182s] -- The C compiler identification is GNU 11.4.0
[0.299s] -- The CXX compiler identification is GNU 11.4.0
[0.317s] -- Detecting C compiler ABI info
[0.459s] -- Detecting C compiler ABI info - done
[0.475s] -- Check for working C compiler: /usr/bin/cc - skipped
[0.476s] -- Detecting C compile features
[0.478s] -- Detecting C compile features - done
[0.492s] -- Detecting CXX compiler ABI info
[0.673s] -- Detecting CXX compiler ABI info - done
[0.697s] -- Check for working CXX compiler: /usr/bin/c++ - skipped
[0.701s] -- Detecting CXX compile features
[0.702s] -- Detecting CXX compile features - done
[0.722s] -- Configuring incomplete, errors occurred!
[0.722s] See also "/home/guy/ros2_ws/build/examples_rclcpp_async_client/CMakeFiles/CMakeOutput.log".
[0.722s] [31mCMake Error at CMakeLists.txt:13 (find_package):
[0.722s]   By not providing "Findament_cmake.cmake" in CMAKE_MODULE_PATH this project
[0.723s]   has asked CMake to find a package configuration file provided by
[0.729s]   "ament_cmake", but CMake did not find one.
[0.729s] 
[0.730s]   Could not find a package configuration file provided by "ament_cmake" with
[0.730s]   any of the following names:
[0.730s] 
[0.730s]     ament_cmakeConfig.cmake
[0.730s]     ament_cmake-config.cmake
[0.730s] 
[0.731s]   Add the installation prefix of "ament_cmake" to CMAKE_PREFIX_PATH or set
[0.731s]   "ament_cmake_DIR" to a directory containing one of the above files.  If
[0.731s]   "ament_cmake" provides a separate development package or SDK, be sure it
[0.731s]   has been installed.
[0.731s] 
[0.731s] [0m
