[2.306s] Invoking command in '/home/guy/ros2_ws/build/examples_rclpy_executors': PYTHONPATH=/home/guy/ros2_ws/build/examples_rclpy_executors/prefix_override:/usr/lib/python3/dist-packages/colcon_core/task/python/colcon_distutils_commands:/home/guy/ros2_ws/install/examples_rclpy_executors/lib/python3.10/site-packages:${PYTHONPATH} /usr/bin/python3 -W ignore:setup.py install is deprecated -W ignore:easy_install command is deprecated setup.py develop --editable --build-directory /home/guy/ros2_ws/build/examples_rclpy_executors/build --no-deps symlink_data
[15.406s] running develop
[15.406s] running egg_info
[15.406s] creating examples_rclpy_executors.egg-info
[15.406s] writing examples_rclpy_executors.egg-info/PKG-INFO
[15.406s] writing dependency_links to examples_rclpy_executors.egg-info/dependency_links.txt
[15.406s] writing entry points to examples_rclpy_executors.egg-info/entry_points.txt
[15.407s] writing requirements to examples_rclpy_executors.egg-info/requires.txt
[15.407s] writing top-level names to examples_rclpy_executors.egg-info/top_level.txt
[15.407s] writing manifest file 'examples_rclpy_executors.egg-info/SOURCES.txt'
[15.407s] reading manifest file 'examples_rclpy_executors.egg-info/SOURCES.txt'
[15.407s] writing manifest file 'examples_rclpy_executors.egg-info/SOURCES.txt'
[15.407s] running build_ext
[15.407s] Creating /home/guy/ros2_ws/install/examples_rclpy_executors/lib/python3.10/site-packages/examples-rclpy-executors.egg-link (link to .)
[15.408s] Installing callback_group script to /home/guy/ros2_ws/install/examples_rclpy_executors/lib/examples_rclpy_executors
[15.408s] Installing composed script to /home/guy/ros2_ws/install/examples_rclpy_executors/lib/examples_rclpy_executors
[15.408s] Installing custom_callback_group script to /home/guy/ros2_ws/install/examples_rclpy_executors/lib/examples_rclpy_executors
[15.408s] Installing custom_executor script to /home/guy/ros2_ws/install/examples_rclpy_executors/lib/examples_rclpy_executors
[15.408s] Installing listener script to /home/guy/ros2_ws/install/examples_rclpy_executors/lib/examples_rclpy_executors
[15.408s] Installing talker script to /home/guy/ros2_ws/install/examples_rclpy_executors/lib/examples_rclpy_executors
[15.408s] 
[15.408s] Installed /home/guy/ros2_ws/build/examples_rclpy_executors
[15.409s] running symlink_data
[15.409s] creating /home/guy/ros2_ws/install/examples_rclpy_executors/share/ament_index
[15.409s] creating /home/guy/ros2_ws/install/examples_rclpy_executors/share/ament_index/resource_index
[15.409s] creating /home/guy/ros2_ws/install/examples_rclpy_executors/share/ament_index/resource_index/packages
[15.409s] symbolically linking /home/guy/ros2_ws/build/examples_rclpy_executors/resource/examples_rclpy_executors -> /home/guy/ros2_ws/install/examples_rclpy_executors/share/ament_index/resource_index/packages
[15.409s] symbolically linking /home/guy/ros2_ws/build/examples_rclpy_executors/package.xml -> /home/guy/ros2_ws/install/examples_rclpy_executors/share/examples_rclpy_executors
[15.426s] Invoked command in '/home/guy/ros2_ws/build/examples_rclpy_executors' returned '0': PYTHONPATH=/home/guy/ros2_ws/build/examples_rclpy_executors/prefix_override:/usr/lib/python3/dist-packages/colcon_core/task/python/colcon_distutils_commands:/home/guy/ros2_ws/install/examples_rclpy_executors/lib/python3.10/site-packages:${PYTHONPATH} /usr/bin/python3 -W ignore:setup.py install is deprecated -W ignore:easy_install command is deprecated setup.py develop --editable --build-directory /home/guy/ros2_ws/build/examples_rclpy_executors/build --no-deps symlink_data
