[3.614s] Invoking command in '/home/guy/ros2_ws/src/examples/rclpy/executors': PYTHONPATH=/home/guy/ros2_ws/build/examples_rclpy_executors/prefix_override:/usr/lib/python3/dist-packages/colcon_core/task/python/colcon_distutils_commands:/home/guy/ros2_ws/install/examples_rclpy_executors/lib/python3.10/site-packages:${PYTHONPATH} /usr/bin/python3 -W ignore:setup.py install is deprecated -W ignore:easy_install command is deprecated setup.py egg_info --egg-base ../../../../build/examples_rclpy_executors build --build-base /home/guy/ros2_ws/build/examples_rclpy_executors/build install --record /home/guy/ros2_ws/build/examples_rclpy_executors/install.log --single-version-externally-managed install_data
[4.522s] running egg_info
[4.523s] writing ../../../../build/examples_rclpy_executors/examples_rclpy_executors.egg-info/PKG-INFO
[4.524s] writing dependency_links to ../../../../build/examples_rclpy_executors/examples_rclpy_executors.egg-info/dependency_links.txt
[4.524s] writing entry points to ../../../../build/examples_rclpy_executors/examples_rclpy_executors.egg-info/entry_points.txt
[4.525s] writing requirements to ../../../../build/examples_rclpy_executors/examples_rclpy_executors.egg-info/requires.txt
[4.525s] writing top-level names to ../../../../build/examples_rclpy_executors/examples_rclpy_executors.egg-info/top_level.txt
[4.529s] reading manifest file '../../../../build/examples_rclpy_executors/examples_rclpy_executors.egg-info/SOURCES.txt'
[4.531s] writing manifest file '../../../../build/examples_rclpy_executors/examples_rclpy_executors.egg-info/SOURCES.txt'
[4.544s] running build
[4.544s] running build_py
[4.545s] running install
[4.546s] running install_lib
[4.555s] running install_data
[4.555s] running install_egg_info
[4.559s] removing '/home/guy/ros2_ws/install/examples_rclpy_executors/lib/python3.10/site-packages/examples_rclpy_executors-0.15.3-py3.10.egg-info' (and everything under it)
[4.560s] Copying ../../../../build/examples_rclpy_executors/examples_rclpy_executors.egg-info to /home/guy/ros2_ws/install/examples_rclpy_executors/lib/python3.10/site-packages/examples_rclpy_executors-0.15.3-py3.10.egg-info
[4.562s] running install_scripts
[4.677s] Installing callback_group script to /home/guy/ros2_ws/install/examples_rclpy_executors/lib/examples_rclpy_executors
[4.677s] Installing composed script to /home/guy/ros2_ws/install/examples_rclpy_executors/lib/examples_rclpy_executors
[4.677s] Installing custom_callback_group script to /home/guy/ros2_ws/install/examples_rclpy_executors/lib/examples_rclpy_executors
[4.677s] Installing custom_executor script to /home/guy/ros2_ws/install/examples_rclpy_executors/lib/examples_rclpy_executors
[4.678s] Installing listener script to /home/guy/ros2_ws/install/examples_rclpy_executors/lib/examples_rclpy_executors
[4.678s] Installing talker script to /home/guy/ros2_ws/install/examples_rclpy_executors/lib/examples_rclpy_executors
[4.678s] writing list of installed files to '/home/guy/ros2_ws/build/examples_rclpy_executors/install.log'
[4.883s] Invoked command in '/home/guy/ros2_ws/src/examples/rclpy/executors' returned '0': PYTHONPATH=/home/guy/ros2_ws/build/examples_rclpy_executors/prefix_override:/usr/lib/python3/dist-packages/colcon_core/task/python/colcon_distutils_commands:/home/guy/ros2_ws/install/examples_rclpy_executors/lib/python3.10/site-packages:${PYTHONPATH} /usr/bin/python3 -W ignore:setup.py install is deprecated -W ignore:easy_install command is deprecated setup.py egg_info --egg-base ../../../../build/examples_rclpy_executors build --build-base /home/guy/ros2_ws/build/examples_rclpy_executors/build install --record /home/guy/ros2_ws/build/examples_rclpy_executors/install.log --single-version-externally-managed install_data
