[4.882s] Invoking command in '/home/guy/ros2_ws/src/examples/rclpy/services/minimal_service': PYTHONPATH=/home/guy/ros2_ws/build/examples_rclpy_minimal_service/prefix_override:/usr/lib/python3/dist-packages/colcon_core/task/python/colcon_distutils_commands:/home/guy/ros2_ws/install/examples_rclpy_minimal_service/lib/python3.10/site-packages:${PYTHONPATH} /usr/bin/python3 -W ignore:setup.py install is deprecated -W ignore:easy_install command is deprecated setup.py egg_info --egg-base ../../../../../build/examples_rclpy_minimal_service build --build-base /home/guy/ros2_ws/build/examples_rclpy_minimal_service/build install --record /home/guy/ros2_ws/build/examples_rclpy_minimal_service/install.log --single-version-externally-managed install_data
[6.093s] running egg_info
[6.095s] writing ../../../../../build/examples_rclpy_minimal_service/examples_rclpy_minimal_service.egg-info/PKG-INFO
[6.096s] writing dependency_links to ../../../../../build/examples_rclpy_minimal_service/examples_rclpy_minimal_service.egg-info/dependency_links.txt
[6.096s] writing entry points to ../../../../../build/examples_rclpy_minimal_service/examples_rclpy_minimal_service.egg-info/entry_points.txt
[6.097s] writing requirements to ../../../../../build/examples_rclpy_minimal_service/examples_rclpy_minimal_service.egg-info/requires.txt
[6.097s] writing top-level names to ../../../../../build/examples_rclpy_minimal_service/examples_rclpy_minimal_service.egg-info/top_level.txt
[6.102s] reading manifest file '../../../../../build/examples_rclpy_minimal_service/examples_rclpy_minimal_service.egg-info/SOURCES.txt'
[6.116s] writing manifest file '../../../../../build/examples_rclpy_minimal_service/examples_rclpy_minimal_service.egg-info/SOURCES.txt'
[6.117s] running build
[6.117s] running build_py
[6.118s] running install
[6.119s] running install_lib
[6.122s] running install_data
[6.122s] running install_egg_info
[6.138s] removing '/home/guy/ros2_ws/install/examples_rclpy_minimal_service/lib/python3.10/site-packages/examples_rclpy_minimal_service-0.15.3-py3.10.egg-info' (and everything under it)
[6.139s] Copying ../../../../../build/examples_rclpy_minimal_service/examples_rclpy_minimal_service.egg-info to /home/guy/ros2_ws/install/examples_rclpy_minimal_service/lib/python3.10/site-packages/examples_rclpy_minimal_service-0.15.3-py3.10.egg-info
[6.141s] running install_scripts
[6.233s] Installing service script to /home/guy/ros2_ws/install/examples_rclpy_minimal_service/lib/examples_rclpy_minimal_service
[6.234s] Installing service_member_function script to /home/guy/ros2_ws/install/examples_rclpy_minimal_service/lib/examples_rclpy_minimal_service
[6.234s] writing list of installed files to '/home/guy/ros2_ws/build/examples_rclpy_minimal_service/install.log'
[7.187s] Invoked command in '/home/guy/ros2_ws/src/examples/rclpy/services/minimal_service' returned '0': PYTHONPATH=/home/guy/ros2_ws/build/examples_rclpy_minimal_service/prefix_override:/usr/lib/python3/dist-packages/colcon_core/task/python/colcon_distutils_commands:/home/guy/ros2_ws/install/examples_rclpy_minimal_service/lib/python3.10/site-packages:${PYTHONPATH} /usr/bin/python3 -W ignore:setup.py install is deprecated -W ignore:easy_install command is deprecated setup.py egg_info --egg-base ../../../../../build/examples_rclpy_minimal_service build --build-base /home/guy/ros2_ws/build/examples_rclpy_minimal_service/build install --record /home/guy/ros2_ws/build/examples_rclpy_minimal_service/install.log --single-version-externally-managed install_data
