[5.808s] Invoking command in '/home/guy/ros2_ws/build/examples_rclpy_executors': PYTHONPATH=/home/guy/ros2_ws/build/examples_rclpy_executors/prefix_override:/usr/lib/python3/dist-packages/colcon_core/task/python/colcon_distutils_commands:/home/guy/ros2_ws/install/examples_rclpy_executors/lib/python3.10/site-packages:${PYTHONPATH} /usr/bin/python3 -W ignore:setup.py install is deprecated -W ignore:easy_install command is deprecated setup.py develop --uninstall --editable --build-directory /home/guy/ros2_ws/build/examples_rclpy_executors/build
[7.038s] running develop
[7.658s] Removing /home/guy/ros2_ws/install/examples_rclpy_executors/lib/python3.10/site-packages/examples-rclpy-executors.egg-link (link to .)
[8.670s] Invoked command in '/home/guy/ros2_ws/build/examples_rclpy_executors' returned '0': PYTHONPATH=/home/guy/ros2_ws/build/examples_rclpy_executors/prefix_override:/usr/lib/python3/dist-packages/colcon_core/task/python/colcon_distutils_commands:/home/guy/ros2_ws/install/examples_rclpy_executors/lib/python3.10/site-packages:${PYTHONPATH} /usr/bin/python3 -W ignore:setup.py install is deprecated -W ignore:easy_install command is deprecated setup.py develop --uninstall --editable --build-directory /home/guy/ros2_ws/build/examples_rclpy_executors/build
[8.671s] Invoking command in '/home/guy/ros2_ws/src/examples/rclpy/executors': PYTHONPATH=/home/guy/ros2_ws/build/examples_rclpy_executors/prefix_override:/usr/lib/python3/dist-packages/colcon_core/task/python/colcon_distutils_commands:/home/guy/ros2_ws/install/examples_rclpy_executors/lib/python3.10/site-packages:${PYTHONPATH} /usr/bin/python3 -W ignore:setup.py install is deprecated -W ignore:easy_install command is deprecated setup.py egg_info --egg-base ../../../../build/examples_rclpy_executors build --build-base /home/guy/ros2_ws/build/examples_rclpy_executors/build install --record /home/guy/ros2_ws/build/examples_rclpy_executors/install.log --single-version-externally-managed install_data --force
[9.943s] running egg_info
[9.947s] writing ../../../../build/examples_rclpy_executors/examples_rclpy_executors.egg-info/PKG-INFO
[9.949s] writing dependency_links to ../../../../build/examples_rclpy_executors/examples_rclpy_executors.egg-info/dependency_links.txt
[9.951s] writing entry points to ../../../../build/examples_rclpy_executors/examples_rclpy_executors.egg-info/entry_points.txt
[9.953s] writing requirements to ../../../../build/examples_rclpy_executors/examples_rclpy_executors.egg-info/requires.txt
[9.954s] writing top-level names to ../../../../build/examples_rclpy_executors/examples_rclpy_executors.egg-info/top_level.txt
[9.960s] reading manifest file '../../../../build/examples_rclpy_executors/examples_rclpy_executors.egg-info/SOURCES.txt'
[9.965s] writing manifest file '../../../../build/examples_rclpy_executors/examples_rclpy_executors.egg-info/SOURCES.txt'
[9.967s] running build
[9.967s] running build_py
[9.970s] running install
[9.971s] running install_lib
[9.974s] creating /home/guy/ros2_ws/install/examples_rclpy_executors/lib/python3.10/site-packages/examples_rclpy_executors
[9.975s] copying /home/guy/ros2_ws/build/examples_rclpy_executors/build/lib/examples_rclpy_executors/custom_executor.py -> /home/guy/ros2_ws/install/examples_rclpy_executors/lib/python3.10/site-packages/examples_rclpy_executors
[9.977s] copying /home/guy/ros2_ws/build/examples_rclpy_executors/build/lib/examples_rclpy_executors/composed.py -> /home/guy/ros2_ws/install/examples_rclpy_executors/lib/python3.10/site-packages/examples_rclpy_executors
[9.979s] copying /home/guy/ros2_ws/build/examples_rclpy_executors/build/lib/examples_rclpy_executors/talker.py -> /home/guy/ros2_ws/install/examples_rclpy_executors/lib/python3.10/site-packages/examples_rclpy_executors
[9.981s] copying /home/guy/ros2_ws/build/examples_rclpy_executors/build/lib/examples_rclpy_executors/listener.py -> /home/guy/ros2_ws/install/examples_rclpy_executors/lib/python3.10/site-packages/examples_rclpy_executors
[9.983s] copying /home/guy/ros2_ws/build/examples_rclpy_executors/build/lib/examples_rclpy_executors/custom_callback_group.py -> /home/guy/ros2_ws/install/examples_rclpy_executors/lib/python3.10/site-packages/examples_rclpy_executors
[9.986s] copying /home/guy/ros2_ws/build/examples_rclpy_executors/build/lib/examples_rclpy_executors/__init__.py -> /home/guy/ros2_ws/install/examples_rclpy_executors/lib/python3.10/site-packages/examples_rclpy_executors
[9.987s] copying /home/guy/ros2_ws/build/examples_rclpy_executors/build/lib/examples_rclpy_executors/callback_group.py -> /home/guy/ros2_ws/install/examples_rclpy_executors/lib/python3.10/site-packages/examples_rclpy_executors
[9.996s] byte-compiling /home/guy/ros2_ws/install/examples_rclpy_executors/lib/python3.10/site-packages/examples_rclpy_executors/custom_executor.py to custom_executor.cpython-310.pyc
[10.000s] byte-compiling /home/guy/ros2_ws/install/examples_rclpy_executors/lib/python3.10/site-packages/examples_rclpy_executors/composed.py to composed.cpython-310.pyc
[10.003s] byte-compiling /home/guy/ros2_ws/install/examples_rclpy_executors/lib/python3.10/site-packages/examples_rclpy_executors/talker.py to talker.cpython-310.pyc
[10.006s] byte-compiling /home/guy/ros2_ws/install/examples_rclpy_executors/lib/python3.10/site-packages/examples_rclpy_executors/listener.py to listener.cpython-310.pyc
[10.008s] byte-compiling /home/guy/ros2_ws/install/examples_rclpy_executors/lib/python3.10/site-packages/examples_rclpy_executors/custom_callback_group.py to custom_callback_group.cpython-310.pyc
[10.013s] byte-compiling /home/guy/ros2_ws/install/examples_rclpy_executors/lib/python3.10/site-packages/examples_rclpy_executors/__init__.py to __init__.cpython-310.pyc
[10.015s] byte-compiling /home/guy/ros2_ws/install/examples_rclpy_executors/lib/python3.10/site-packages/examples_rclpy_executors/callback_group.py to callback_group.cpython-310.pyc
[10.018s] running install_data
[10.019s] copying resource/examples_rclpy_executors -> /home/guy/ros2_ws/install/examples_rclpy_executors/share/ament_index/resource_index/packages
[10.021s] copying package.xml -> /home/guy/ros2_ws/install/examples_rclpy_executors/share/examples_rclpy_executors
[10.023s] running install_egg_info
[10.034s] Copying ../../../../build/examples_rclpy_executors/examples_rclpy_executors.egg-info to /home/guy/ros2_ws/install/examples_rclpy_executors/lib/python3.10/site-packages/examples_rclpy_executors-0.15.3-py3.10.egg-info
[10.046s] running install_scripts
[10.148s] Installing callback_group script to /home/guy/ros2_ws/install/examples_rclpy_executors/lib/examples_rclpy_executors
[10.150s] Installing composed script to /home/guy/ros2_ws/install/examples_rclpy_executors/lib/examples_rclpy_executors
[10.152s] Installing custom_callback_group script to /home/guy/ros2_ws/install/examples_rclpy_executors/lib/examples_rclpy_executors
[10.154s] Installing custom_executor script to /home/guy/ros2_ws/install/examples_rclpy_executors/lib/examples_rclpy_executors
[10.156s] Installing listener script to /home/guy/ros2_ws/install/examples_rclpy_executors/lib/examples_rclpy_executors
[10.158s] Installing talker script to /home/guy/ros2_ws/install/examples_rclpy_executors/lib/examples_rclpy_executors
[10.160s] writing list of installed files to '/home/guy/ros2_ws/build/examples_rclpy_executors/install.log'
[10.266s] Invoked command in '/home/guy/ros2_ws/src/examples/rclpy/executors' returned '0': PYTHONPATH=/home/guy/ros2_ws/build/examples_rclpy_executors/prefix_override:/usr/lib/python3/dist-packages/colcon_core/task/python/colcon_distutils_commands:/home/guy/ros2_ws/install/examples_rclpy_executors/lib/python3.10/site-packages:${PYTHONPATH} /usr/bin/python3 -W ignore:setup.py install is deprecated -W ignore:easy_install command is deprecated setup.py egg_info --egg-base ../../../../build/examples_rclpy_executors build --build-base /home/guy/ros2_ws/build/examples_rclpy_executors/build install --record /home/guy/ros2_ws/build/examples_rclpy_executors/install.log --single-version-externally-managed install_data --force
