[5.618s] Invoking command in '/home/guy/ros2_ws/build/examples_rclpy_minimal_client': PYTHONPATH=/home/guy/ros2_ws/build/examples_rclpy_minimal_client/prefix_override:/usr/lib/python3/dist-packages/colcon_core/task/python/colcon_distutils_commands:/home/guy/ros2_ws/install/examples_rclpy_minimal_client/lib/python3.10/site-packages:${PYTHONPATH} /usr/bin/python3 -W ignore:setup.py install is deprecated -W ignore:easy_install command is deprecated setup.py develop --uninstall --editable --build-directory /home/guy/ros2_ws/build/examples_rclpy_minimal_client/build
[6.876s] running develop
[7.474s] Removing /home/guy/ros2_ws/install/examples_rclpy_minimal_client/lib/python3.10/site-packages/examples-rclpy-minimal-client.egg-link (link to .)
[9.861s] Invoked command in '/home/guy/ros2_ws/build/examples_rclpy_minimal_client' returned '0': PYTHONPATH=/home/guy/ros2_ws/build/examples_rclpy_minimal_client/prefix_override:/usr/lib/python3/dist-packages/colcon_core/task/python/colcon_distutils_commands:/home/guy/ros2_ws/install/examples_rclpy_minimal_client/lib/python3.10/site-packages:${PYTHONPATH} /usr/bin/python3 -W ignore:setup.py install is deprecated -W ignore:easy_install command is deprecated setup.py develop --uninstall --editable --build-directory /home/guy/ros2_ws/build/examples_rclpy_minimal_client/build
[9.865s] Invoking command in '/home/guy/ros2_ws/src/examples/rclpy/services/minimal_client': PYTHONPATH=/home/guy/ros2_ws/build/examples_rclpy_minimal_client/prefix_override:/usr/lib/python3/dist-packages/colcon_core/task/python/colcon_distutils_commands:/home/guy/ros2_ws/install/examples_rclpy_minimal_client/lib/python3.10/site-packages:${PYTHONPATH} /usr/bin/python3 -W ignore:setup.py install is deprecated -W ignore:easy_install command is deprecated setup.py egg_info --egg-base ../../../../../build/examples_rclpy_minimal_client build --build-base /home/guy/ros2_ws/build/examples_rclpy_minimal_client/build install --record /home/guy/ros2_ws/build/examples_rclpy_minimal_client/install.log --single-version-externally-managed install_data --force
[11.084s] running egg_info
[11.086s] writing ../../../../../build/examples_rclpy_minimal_client/examples_rclpy_minimal_client.egg-info/PKG-INFO
[11.087s] writing dependency_links to ../../../../../build/examples_rclpy_minimal_client/examples_rclpy_minimal_client.egg-info/dependency_links.txt
[11.088s] writing entry points to ../../../../../build/examples_rclpy_minimal_client/examples_rclpy_minimal_client.egg-info/entry_points.txt
[11.088s] writing requirements to ../../../../../build/examples_rclpy_minimal_client/examples_rclpy_minimal_client.egg-info/requires.txt
[11.088s] writing top-level names to ../../../../../build/examples_rclpy_minimal_client/examples_rclpy_minimal_client.egg-info/top_level.txt
[11.094s] reading manifest file '../../../../../build/examples_rclpy_minimal_client/examples_rclpy_minimal_client.egg-info/SOURCES.txt'
[11.097s] writing manifest file '../../../../../build/examples_rclpy_minimal_client/examples_rclpy_minimal_client.egg-info/SOURCES.txt'
[11.103s] running build
[11.103s] running build_py
[11.104s] running install
[11.105s] running install_lib
[11.107s] creating /home/guy/ros2_ws/install/examples_rclpy_minimal_client/lib/python3.10/site-packages/examples_rclpy_minimal_client
[11.107s] copying /home/guy/ros2_ws/build/examples_rclpy_minimal_client/build/lib/examples_rclpy_minimal_client/client.py -> /home/guy/ros2_ws/install/examples_rclpy_minimal_client/lib/python3.10/site-packages/examples_rclpy_minimal_client
[11.108s] copying /home/guy/ros2_ws/build/examples_rclpy_minimal_client/build/lib/examples_rclpy_minimal_client/client_async.py -> /home/guy/ros2_ws/install/examples_rclpy_minimal_client/lib/python3.10/site-packages/examples_rclpy_minimal_client
[11.108s] copying /home/guy/ros2_ws/build/examples_rclpy_minimal_client/build/lib/examples_rclpy_minimal_client/client_async_member_function.py -> /home/guy/ros2_ws/install/examples_rclpy_minimal_client/lib/python3.10/site-packages/examples_rclpy_minimal_client
[11.115s] copying /home/guy/ros2_ws/build/examples_rclpy_minimal_client/build/lib/examples_rclpy_minimal_client/__init__.py -> /home/guy/ros2_ws/install/examples_rclpy_minimal_client/lib/python3.10/site-packages/examples_rclpy_minimal_client
[11.115s] copying /home/guy/ros2_ws/build/examples_rclpy_minimal_client/build/lib/examples_rclpy_minimal_client/client_async_callback.py -> /home/guy/ros2_ws/install/examples_rclpy_minimal_client/lib/python3.10/site-packages/examples_rclpy_minimal_client
[11.121s] byte-compiling /home/guy/ros2_ws/install/examples_rclpy_minimal_client/lib/python3.10/site-packages/examples_rclpy_minimal_client/client.py to client.cpython-310.pyc
[11.123s] byte-compiling /home/guy/ros2_ws/install/examples_rclpy_minimal_client/lib/python3.10/site-packages/examples_rclpy_minimal_client/client_async.py to client_async.cpython-310.pyc
[11.123s] byte-compiling /home/guy/ros2_ws/install/examples_rclpy_minimal_client/lib/python3.10/site-packages/examples_rclpy_minimal_client/client_async_member_function.py to client_async_member_function.cpython-310.pyc
[11.124s] byte-compiling /home/guy/ros2_ws/install/examples_rclpy_minimal_client/lib/python3.10/site-packages/examples_rclpy_minimal_client/__init__.py to __init__.cpython-310.pyc
[11.125s] byte-compiling /home/guy/ros2_ws/install/examples_rclpy_minimal_client/lib/python3.10/site-packages/examples_rclpy_minimal_client/client_async_callback.py to client_async_callback.cpython-310.pyc
[11.126s] running install_data
[11.126s] copying resource/examples_rclpy_minimal_client -> /home/guy/ros2_ws/install/examples_rclpy_minimal_client/share/ament_index/resource_index/packages
[11.126s] copying package.xml -> /home/guy/ros2_ws/install/examples_rclpy_minimal_client/share/examples_rclpy_minimal_client
[11.127s] running install_egg_info
[11.137s] Copying ../../../../../build/examples_rclpy_minimal_client/examples_rclpy_minimal_client.egg-info to /home/guy/ros2_ws/install/examples_rclpy_minimal_client/lib/python3.10/site-packages/examples_rclpy_minimal_client-0.15.3-py3.10.egg-info
[11.141s] running install_scripts
[11.249s] Installing client script to /home/guy/ros2_ws/install/examples_rclpy_minimal_client/lib/examples_rclpy_minimal_client
[11.250s] Installing client_async script to /home/guy/ros2_ws/install/examples_rclpy_minimal_client/lib/examples_rclpy_minimal_client
[11.252s] Installing client_async_callback script to /home/guy/ros2_ws/install/examples_rclpy_minimal_client/lib/examples_rclpy_minimal_client
[11.253s] Installing client_async_member_function script to /home/guy/ros2_ws/install/examples_rclpy_minimal_client/lib/examples_rclpy_minimal_client
[11.255s] writing list of installed files to '/home/guy/ros2_ws/build/examples_rclpy_minimal_client/install.log'
[11.397s] Invoked command in '/home/guy/ros2_ws/src/examples/rclpy/services/minimal_client' returned '0': PYTHONPATH=/home/guy/ros2_ws/build/examples_rclpy_minimal_client/prefix_override:/usr/lib/python3/dist-packages/colcon_core/task/python/colcon_distutils_commands:/home/guy/ros2_ws/install/examples_rclpy_minimal_client/lib/python3.10/site-packages:${PYTHONPATH} /usr/bin/python3 -W ignore:setup.py install is deprecated -W ignore:easy_install command is deprecated setup.py egg_info --egg-base ../../../../../build/examples_rclpy_minimal_client build --build-base /home/guy/ros2_ws/build/examples_rclpy_minimal_client/build install --record /home/guy/ros2_ws/build/examples_rclpy_minimal_client/install.log --single-version-externally-managed install_data --force
