[0.132s] Invoking command in '/home/guy/ros2_ws/build/examples_rclcpp_minimal_publisher': CMAKE_PREFIX_PATH=/opt/ros/humble /usr/bin/cmake /home/guy/ros2_ws/src/examples/rclcpp/topics/minimal_publisher -DCMAKE_INSTALL_PREFIX=/home/guy/ros2_ws/install/examples_rclcpp_minimal_publisher
[0.207s] -- Found ament_cmake: 1.3.11 (/opt/ros/humble/share/ament_cmake/cmake)
[0.943s] -- Override CMake install command with custom implementation using symlinks instead of copying resources
[0.974s] -- Found rclcpp: 16.0.12 (/opt/ros/humble/share/rclcpp/cmake)
[1.096s] -- Found rosidl_generator_c: 3.1.6 (/opt/ros/humble/share/rosidl_generator_c/cmake)
[1.113s] -- Found rosidl_adapter: 3.1.6 (/opt/ros/humble/share/rosidl_adapter/cmake)
[1.125s] -- Found rosidl_generator_cpp: 3.1.6 (/opt/ros/humble/share/rosidl_generator_cpp/cmake)
[1.181s] -- Using all available rosidl_typesupport_c: rosidl_typesupport_fastrtps_c;rosidl_typesupport_introspection_c
[1.241s] -- Using all available rosidl_typesupport_cpp: rosidl_typesupport_fastrtps_cpp;rosidl_typesupport_introspection_cpp
[1.378s] -- Found rmw_implementation_cmake: 6.1.2 (/opt/ros/humble/share/rmw_implementation_cmake/cmake)
[1.389s] -- Found rmw_fastrtps_cpp: 6.2.7 (/opt/ros/humble/share/rmw_fastrtps_cpp/cmake)
[1.866s] -- Using RMW implementation 'rmw_fastrtps_cpp' as default
[2.092s] -- Found ament_lint_auto: 0.12.12 (/opt/ros/humble/share/ament_lint_auto/cmake)
[2.466s] -- Added test 'copyright' to check source files copyright and LICENSE
[2.468s] -- Added test 'cppcheck' to perform static code analysis on C / C++ code
[2.469s] -- Configured cppcheck include dirs: 
[2.471s] -- Configured cppcheck exclude dirs and/or files: 
[2.473s] -- Added test 'cpplint' to check C / C++ code against the Google style
[2.485s] -- Configured cpplint exclude dirs and/or files: 
[2.486s] -- Added test 'lint_cmake' to check CMake code style
[2.486s] -- Added test 'uncrustify' to check C / C++ code style
[2.486s] -- Configured uncrustify additional arguments: 
[2.486s] -- Added test 'xmllint' to check XML markup files
[2.488s] -- Configuring done
[2.617s] -- Generating done
[2.647s] -- Build files have been written to: /home/guy/ros2_ws/build/examples_rclcpp_minimal_publisher
[2.698s] Invoked command in '/home/guy/ros2_ws/build/examples_rclcpp_minimal_publisher' returned '0': CMAKE_PREFIX_PATH=/opt/ros/humble /usr/bin/cmake /home/guy/ros2_ws/src/examples/rclcpp/topics/minimal_publisher -DCMAKE_INSTALL_PREFIX=/home/guy/ros2_ws/install/examples_rclcpp_minimal_publisher
[2.699s] Invoking command in '/home/guy/ros2_ws/build/examples_rclcpp_minimal_publisher': CMAKE_PREFIX_PATH=/opt/ros/humble /usr/bin/cmake --build /home/guy/ros2_ws/build/examples_rclcpp_minimal_publisher -- -j6 -l6
[2.894s] [35m[1mConsolidate compiler generated dependencies of target publisher_lambda[0m
[2.897s] [ 16%] Built target publisher_lambda
[2.944s] [35m[1mConsolidate compiler generated dependencies of target publisher_not_composable[0m
[3.055s] [ 33%] Built target publisher_not_composable
[3.105s] [35m[1mConsolidate compiler generated dependencies of target publisher_wait_for_all_acked[0m
[3.158s] [ 50%] Built target publisher_wait_for_all_acked
[3.235s] [35m[1mConsolidate compiler generated dependencies of target publisher_member_function_with_unique_network_flow_endpoints[0m
[3.332s] [ 66%] Built target publisher_member_function_with_unique_network_flow_endpoints
[3.409s] [35m[1mConsolidate compiler generated dependencies of target publisher_member_function_with_type_adapter[0m
[3.517s] [ 83%] Built target publisher_member_function_with_type_adapter
[3.620s] [35m[1mConsolidate compiler generated dependencies of target publisher_member_function[0m
[3.720s] [100%] Built target publisher_member_function
[5.246s] Invoked command in '/home/guy/ros2_ws/build/examples_rclcpp_minimal_publisher' returned '0': CMAKE_PREFIX_PATH=/opt/ros/humble /usr/bin/cmake --build /home/guy/ros2_ws/build/examples_rclcpp_minimal_publisher -- -j6 -l6
[5.247s] Invoking command in '/home/guy/ros2_ws/build/examples_rclcpp_minimal_publisher': CMAKE_PREFIX_PATH=/opt/ros/humble /usr/bin/cmake --install /home/guy/ros2_ws/build/examples_rclcpp_minimal_publisher
[5.304s] -- Install configuration: ""
[5.304s] -- Execute custom install script
[5.304s] -- Up-to-date symlink: /home/guy/ros2_ws/install/examples_rclcpp_minimal_publisher/lib/examples_rclcpp_minimal_publisher/publisher_lambda
[5.311s] -- Up-to-date symlink: /home/guy/ros2_ws/install/examples_rclcpp_minimal_publisher/lib/examples_rclcpp_minimal_publisher/publisher_member_function
[5.312s] -- Up-to-date symlink: /home/guy/ros2_ws/install/examples_rclcpp_minimal_publisher/lib/examples_rclcpp_minimal_publisher/publisher_member_function_with_type_adapter
[5.312s] -- Up-to-date symlink: /home/guy/ros2_ws/install/examples_rclcpp_minimal_publisher/lib/examples_rclcpp_minimal_publisher/publisher_member_function_with_unique_network_flow_endpoints
[5.312s] -- Up-to-date symlink: /home/guy/ros2_ws/install/examples_rclcpp_minimal_publisher/lib/examples_rclcpp_minimal_publisher/publisher_wait_for_all_acked
[5.312s] -- Up-to-date symlink: /home/guy/ros2_ws/install/examples_rclcpp_minimal_publisher/lib/examples_rclcpp_minimal_publisher/publisher_not_composable
[5.312s] -- Up-to-date symlink: /home/guy/ros2_ws/install/examples_rclcpp_minimal_publisher/share/ament_index/resource_index/package_run_dependencies/examples_rclcpp_minimal_publisher
[5.313s] -- Up-to-date symlink: /home/guy/ros2_ws/install/examples_rclcpp_minimal_publisher/share/ament_index/resource_index/parent_prefix_path/examples_rclcpp_minimal_publisher
[5.313s] -- Up-to-date symlink: /home/guy/ros2_ws/install/examples_rclcpp_minimal_publisher/share/examples_rclcpp_minimal_publisher/environment/ament_prefix_path.sh
[5.313s] -- Up-to-date symlink: /home/guy/ros2_ws/install/examples_rclcpp_minimal_publisher/share/examples_rclcpp_minimal_publisher/environment/ament_prefix_path.dsv
[5.313s] -- Up-to-date symlink: /home/guy/ros2_ws/install/examples_rclcpp_minimal_publisher/share/examples_rclcpp_minimal_publisher/environment/path.sh
[5.313s] -- Up-to-date symlink: /home/guy/ros2_ws/install/examples_rclcpp_minimal_publisher/share/examples_rclcpp_minimal_publisher/environment/path.dsv
[5.313s] -- Up-to-date symlink: /home/guy/ros2_ws/install/examples_rclcpp_minimal_publisher/share/examples_rclcpp_minimal_publisher/local_setup.bash
[5.313s] -- Up-to-date symlink: /home/guy/ros2_ws/install/examples_rclcpp_minimal_publisher/share/examples_rclcpp_minimal_publisher/local_setup.sh
[5.313s] -- Up-to-date symlink: /home/guy/ros2_ws/install/examples_rclcpp_minimal_publisher/share/examples_rclcpp_minimal_publisher/local_setup.zsh
[5.314s] -- Up-to-date symlink: /home/guy/ros2_ws/install/examples_rclcpp_minimal_publisher/share/examples_rclcpp_minimal_publisher/local_setup.dsv
[5.314s] -- Symlinking: /home/guy/ros2_ws/install/examples_rclcpp_minimal_publisher/share/examples_rclcpp_minimal_publisher/package.dsv
[5.371s] -- Up-to-date symlink: /home/guy/ros2_ws/install/examples_rclcpp_minimal_publisher/share/ament_index/resource_index/packages/examples_rclcpp_minimal_publisher
[5.372s] -- Up-to-date symlink: /home/guy/ros2_ws/install/examples_rclcpp_minimal_publisher/share/examples_rclcpp_minimal_publisher/cmake/examples_rclcpp_minimal_publisherConfig.cmake
[5.372s] -- Up-to-date symlink: /home/guy/ros2_ws/install/examples_rclcpp_minimal_publisher/share/examples_rclcpp_minimal_publisher/cmake/examples_rclcpp_minimal_publisherConfig-version.cmake
[5.372s] -- Up-to-date symlink: /home/guy/ros2_ws/install/examples_rclcpp_minimal_publisher/share/examples_rclcpp_minimal_publisher/package.xml
[5.548s] Invoked command in '/home/guy/ros2_ws/build/examples_rclcpp_minimal_publisher' returned '0': CMAKE_PREFIX_PATH=/opt/ros/humble /usr/bin/cmake --install /home/guy/ros2_ws/build/examples_rclcpp_minimal_publisher
