[0.178s] Invoking command in '/home/guy/ros2_ws/build/examples_rclcpp_minimal_publisher': CMAKE_PREFIX_PATH=/opt/ros/humble /usr/bin/cmake --build /home/guy/ros2_ws/build/examples_rclcpp_minimal_publisher -- -j6 -l6
[0.355s] [ 16%] Built target publisher_lambda
[0.506s] [ 33%] Built target publisher_not_composable
[0.625s] [ 50%] Built target publisher_wait_for_all_acked
[0.796s] [ 66%] Built target publisher_member_function_with_unique_network_flow_endpoints
[0.936s] [ 83%] Built target publisher_member_function_with_type_adapter
[1.083s] [100%] Built target publisher_member_function
[1.915s] Invoked command in '/home/guy/ros2_ws/build/examples_rclcpp_minimal_publisher' returned '0': CMAKE_PREFIX_PATH=/opt/ros/humble /usr/bin/cmake --build /home/guy/ros2_ws/build/examples_rclcpp_minimal_publisher -- -j6 -l6
[1.916s] Invoking command in '/home/guy/ros2_ws/build/examples_rclcpp_minimal_publisher': CMAKE_PREFIX_PATH=/opt/ros/humble /usr/bin/cmake --install /home/guy/ros2_ws/build/examples_rclcpp_minimal_publisher
[1.964s] -- Install configuration: ""
[1.964s] -- Execute custom install script
[1.964s] -- Up-to-date symlink: /home/guy/ros2_ws/install/examples_rclcpp_minimal_publisher/lib/examples_rclcpp_minimal_publisher/publisher_lambda
[1.964s] -- Up-to-date symlink: /home/guy/ros2_ws/install/examples_rclcpp_minimal_publisher/lib/examples_rclcpp_minimal_publisher/publisher_member_function
[1.965s] -- Up-to-date symlink: /home/guy/ros2_ws/install/examples_rclcpp_minimal_publisher/lib/examples_rclcpp_minimal_publisher/publisher_member_function_with_type_adapter
[1.965s] -- Up-to-date symlink: /home/guy/ros2_ws/install/examples_rclcpp_minimal_publisher/lib/examples_rclcpp_minimal_publisher/publisher_member_function_with_unique_network_flow_endpoints
[1.965s] -- Up-to-date symlink: /home/guy/ros2_ws/install/examples_rclcpp_minimal_publisher/lib/examples_rclcpp_minimal_publisher/publisher_wait_for_all_acked
[1.980s] -- Up-to-date symlink: /home/guy/ros2_ws/install/examples_rclcpp_minimal_publisher/lib/examples_rclcpp_minimal_publisher/publisher_not_composable
[1.980s] -- Up-to-date symlink: /home/guy/ros2_ws/install/examples_rclcpp_minimal_publisher/share/ament_index/resource_index/package_run_dependencies/examples_rclcpp_minimal_publisher
[1.980s] -- Up-to-date symlink: /home/guy/ros2_ws/install/examples_rclcpp_minimal_publisher/share/ament_index/resource_index/parent_prefix_path/examples_rclcpp_minimal_publisher
[1.980s] -- Up-to-date symlink: /home/guy/ros2_ws/install/examples_rclcpp_minimal_publisher/share/examples_rclcpp_minimal_publisher/environment/ament_prefix_path.sh
[1.980s] -- Up-to-date symlink: /home/guy/ros2_ws/install/examples_rclcpp_minimal_publisher/share/examples_rclcpp_minimal_publisher/environment/ament_prefix_path.dsv
[1.980s] -- Up-to-date symlink: /home/guy/ros2_ws/install/examples_rclcpp_minimal_publisher/share/examples_rclcpp_minimal_publisher/environment/path.sh
[1.981s] -- Up-to-date symlink: /home/guy/ros2_ws/install/examples_rclcpp_minimal_publisher/share/examples_rclcpp_minimal_publisher/environment/path.dsv
[1.981s] -- Up-to-date symlink: /home/guy/ros2_ws/install/examples_rclcpp_minimal_publisher/share/examples_rclcpp_minimal_publisher/local_setup.bash
[1.981s] -- Up-to-date symlink: /home/guy/ros2_ws/install/examples_rclcpp_minimal_publisher/share/examples_rclcpp_minimal_publisher/local_setup.sh
[1.981s] -- Up-to-date symlink: /home/guy/ros2_ws/install/examples_rclcpp_minimal_publisher/share/examples_rclcpp_minimal_publisher/local_setup.zsh
[1.981s] -- Up-to-date symlink: /home/guy/ros2_ws/install/examples_rclcpp_minimal_publisher/share/examples_rclcpp_minimal_publisher/local_setup.dsv
[1.981s] -- Symlinking: /home/guy/ros2_ws/install/examples_rclcpp_minimal_publisher/share/examples_rclcpp_minimal_publisher/package.dsv
[2.053s] -- Up-to-date symlink: /home/guy/ros2_ws/install/examples_rclcpp_minimal_publisher/share/ament_index/resource_index/packages/examples_rclcpp_minimal_publisher
[2.054s] -- Up-to-date symlink: /home/guy/ros2_ws/install/examples_rclcpp_minimal_publisher/share/examples_rclcpp_minimal_publisher/cmake/examples_rclcpp_minimal_publisherConfig.cmake
[2.054s] -- Up-to-date symlink: /home/guy/ros2_ws/install/examples_rclcpp_minimal_publisher/share/examples_rclcpp_minimal_publisher/cmake/examples_rclcpp_minimal_publisherConfig-version.cmake
[2.054s] -- Up-to-date symlink: /home/guy/ros2_ws/install/examples_rclcpp_minimal_publisher/share/examples_rclcpp_minimal_publisher/package.xml
[2.163s] Invoked command in '/home/guy/ros2_ws/build/examples_rclcpp_minimal_publisher' returned '0': CMAKE_PREFIX_PATH=/opt/ros/humble /usr/bin/cmake --install /home/guy/ros2_ws/build/examples_rclcpp_minimal_publisher
