[4.096s] Invoking command in '/home/guy/ros2_ws/build/examples_rclpy_minimal_action_server': PYTHONPATH=/home/guy/ros2_ws/build/examples_rclpy_minimal_action_server/prefix_override:/usr/lib/python3/dist-packages/colcon_core/task/python/colcon_distutils_commands:/home/guy/ros2_ws/install/examples_rclpy_minimal_action_server/lib/python3.10/site-packages:${PYTHONPATH} /usr/bin/python3 -W ignore:setup.py install is deprecated -W ignore:easy_install command is deprecated setup.py develop --editable --build-directory /home/guy/ros2_ws/build/examples_rclpy_minimal_action_server/build --no-deps symlink_data --force
[5.153s] running develop
[5.949s] running egg_info
[5.950s] writing examples_rclpy_minimal_action_server.egg-info/PKG-INFO
[5.951s] writing dependency_links to examples_rclpy_minimal_action_server.egg-info/dependency_links.txt
[5.952s] writing entry points to examples_rclpy_minimal_action_server.egg-info/entry_points.txt
[5.952s] writing requirements to examples_rclpy_minimal_action_server.egg-info/requires.txt
[5.953s] writing top-level names to examples_rclpy_minimal_action_server.egg-info/top_level.txt
[5.970s] reading manifest file 'examples_rclpy_minimal_action_server.egg-info/SOURCES.txt'
[5.973s] writing manifest file 'examples_rclpy_minimal_action_server.egg-info/SOURCES.txt'
[5.978s] running build_ext
[5.979s] Creating /home/guy/ros2_ws/install/examples_rclpy_minimal_action_server/lib/python3.10/site-packages/examples-rclpy-minimal-action-server.egg-link (link to .)
[5.992s] Installing server script to /home/guy/ros2_ws/install/examples_rclpy_minimal_action_server/lib/examples_rclpy_minimal_action_server
[5.993s] Installing server_defer script to /home/guy/ros2_ws/install/examples_rclpy_minimal_action_server/lib/examples_rclpy_minimal_action_server
[5.994s] Installing server_not_composable script to /home/guy/ros2_ws/install/examples_rclpy_minimal_action_server/lib/examples_rclpy_minimal_action_server
[5.995s] Installing server_queue_goals script to /home/guy/ros2_ws/install/examples_rclpy_minimal_action_server/lib/examples_rclpy_minimal_action_server
[5.995s] Installing server_single_goal script to /home/guy/ros2_ws/install/examples_rclpy_minimal_action_server/lib/examples_rclpy_minimal_action_server
[5.996s] 
[5.996s] Installed /home/guy/ros2_ws/build/examples_rclpy_minimal_action_server
[5.997s] running symlink_data
[5.998s] symbolically linking /home/guy/ros2_ws/build/examples_rclpy_minimal_action_server/resource/examples_rclpy_minimal_action_server -> /home/guy/ros2_ws/install/examples_rclpy_minimal_action_server/share/ament_index/resource_index/packages
[5.998s] symbolically linking /home/guy/ros2_ws/build/examples_rclpy_minimal_action_server/package.xml -> /home/guy/ros2_ws/install/examples_rclpy_minimal_action_server/share/examples_rclpy_minimal_action_server
[6.768s] Invoked command in '/home/guy/ros2_ws/build/examples_rclpy_minimal_action_server' returned '0': PYTHONPATH=/home/guy/ros2_ws/build/examples_rclpy_minimal_action_server/prefix_override:/usr/lib/python3/dist-packages/colcon_core/task/python/colcon_distutils_commands:/home/guy/ros2_ws/install/examples_rclpy_minimal_action_server/lib/python3.10/site-packages:${PYTHONPATH} /usr/bin/python3 -W ignore:setup.py install is deprecated -W ignore:easy_install command is deprecated setup.py develop --editable --build-directory /home/guy/ros2_ws/build/examples_rclpy_minimal_action_server/build --no-deps symlink_data --force
