[0.179s] Invoking command in '/home/guy/ros2_ws/build/examples_rclcpp_cbg_executor': CMAKE_PREFIX_PATH=/opt/ros/humble /usr/bin/cmake /home/guy/ros2_ws/src/examples/rclcpp/executors/cbg_executor -DCMAKE_INSTALL_PREFIX=/home/guy/ros2_ws/install/examples_rclcpp_cbg_executor
[0.352s] -- Found ament_cmake: 1.3.11 (/opt/ros/humble/share/ament_cmake/cmake)
[0.950s] -- Override CMake install command with custom implementation using symlinks instead of copying resources
[1.016s] -- Found rclcpp: 16.0.12 (/opt/ros/humble/share/rclcpp/cmake)
[1.256s] -- Found rosidl_generator_c: 3.1.6 (/opt/ros/humble/share/rosidl_generator_c/cmake)
[1.281s] -- Found rosidl_adapter: 3.1.6 (/opt/ros/humble/share/rosidl_adapter/cmake)
[1.301s] -- Found rosidl_generator_cpp: 3.1.6 (/opt/ros/humble/share/rosidl_generator_cpp/cmake)
[1.380s] -- Using all available rosidl_typesupport_c: rosidl_typesupport_fastrtps_c;rosidl_typesupport_introspection_c
[1.416s] -- Using all available rosidl_typesupport_cpp: rosidl_typesupport_fastrtps_cpp;rosidl_typesupport_introspection_cpp
[1.491s] -- Found rmw_implementation_cmake: 6.1.2 (/opt/ros/humble/share/rmw_implementation_cmake/cmake)
[1.495s] -- Found rmw_fastrtps_cpp: 6.2.7 (/opt/ros/humble/share/rmw_fastrtps_cpp/cmake)
[1.840s] -- Using RMW implementation 'rmw_fastrtps_cpp' as default
[2.053s] -- Found ament_lint_auto: 0.12.12 (/opt/ros/humble/share/ament_lint_auto/cmake)
[2.760s] -- Added test 'copyright' to check source files copyright and LICENSE
[2.788s] -- Added test 'cppcheck' to perform static code analysis on C / C++ code
[2.788s] -- Configured cppcheck include dirs: /home/guy/ros2_ws/src/examples/rclcpp/executors/cbg_executor/include
[2.788s] -- Configured cppcheck exclude dirs and/or files: 
[2.791s] -- Added test 'cpplint' to check C / C++ code against the Google style
[2.792s] -- Configured cpplint exclude dirs and/or files: 
[2.793s] -- Added test 'lint_cmake' to check CMake code style
[2.796s] -- Added test 'uncrustify' to check C / C++ code style
[2.796s] -- Configured uncrustify additional arguments: 
[2.798s] -- Added test 'xmllint' to check XML markup files
[2.814s] -- Configuring done
[2.892s] -- Generating done
[2.906s] -- Build files have been written to: /home/guy/ros2_ws/build/examples_rclcpp_cbg_executor
[2.980s] Invoked command in '/home/guy/ros2_ws/build/examples_rclcpp_cbg_executor' returned '0': CMAKE_PREFIX_PATH=/opt/ros/humble /usr/bin/cmake /home/guy/ros2_ws/src/examples/rclcpp/executors/cbg_executor -DCMAKE_INSTALL_PREFIX=/home/guy/ros2_ws/install/examples_rclcpp_cbg_executor
[2.981s] Invoking command in '/home/guy/ros2_ws/build/examples_rclcpp_cbg_executor': CMAKE_PREFIX_PATH=/opt/ros/humble /usr/bin/cmake --build /home/guy/ros2_ws/build/examples_rclcpp_cbg_executor -- -j6 -l6
[3.244s] [35m[1mConsolidate compiler generated dependencies of target ping[0m
[3.396s] [ 30%] Built target ping
[3.490s] [35m[1mConsolidate compiler generated dependencies of target ping_pong[0m
[3.630s] [ 70%] Built target ping_pong
[3.701s] [35m[1mConsolidate compiler generated dependencies of target pong[0m
[3.869s] [100%] Built target pong
[3.945s] Invoked command in '/home/guy/ros2_ws/build/examples_rclcpp_cbg_executor' returned '0': CMAKE_PREFIX_PATH=/opt/ros/humble /usr/bin/cmake --build /home/guy/ros2_ws/build/examples_rclcpp_cbg_executor -- -j6 -l6
[3.946s] Invoking command in '/home/guy/ros2_ws/build/examples_rclcpp_cbg_executor': CMAKE_PREFIX_PATH=/opt/ros/humble /usr/bin/cmake --install /home/guy/ros2_ws/build/examples_rclcpp_cbg_executor
[3.972s] -- Install configuration: ""
[3.983s] -- Execute custom install script
[3.984s] -- Up-to-date symlink: /home/guy/ros2_ws/install/examples_rclcpp_cbg_executor/lib/examples_rclcpp_cbg_executor/ping
[3.985s] -- Up-to-date symlink: /home/guy/ros2_ws/install/examples_rclcpp_cbg_executor/lib/examples_rclcpp_cbg_executor/pong
[3.986s] -- Up-to-date symlink: /home/guy/ros2_ws/install/examples_rclcpp_cbg_executor/lib/examples_rclcpp_cbg_executor/ping_pong
[3.987s] -- Up-to-date symlink: /home/guy/ros2_ws/install/examples_rclcpp_cbg_executor/include/examples_rclcpp_cbg_executor/ping_node.hpp
[3.988s] -- Up-to-date symlink: /home/guy/ros2_ws/install/examples_rclcpp_cbg_executor/include/examples_rclcpp_cbg_executor/pong_node.hpp
[3.991s] -- Up-to-date symlink: /home/guy/ros2_ws/install/examples_rclcpp_cbg_executor/share/ament_index/resource_index/package_run_dependencies/examples_rclcpp_cbg_executor
[3.995s] -- Up-to-date symlink: /home/guy/ros2_ws/install/examples_rclcpp_cbg_executor/share/ament_index/resource_index/parent_prefix_path/examples_rclcpp_cbg_executor
[3.996s] -- Up-to-date symlink: /home/guy/ros2_ws/install/examples_rclcpp_cbg_executor/share/examples_rclcpp_cbg_executor/environment/ament_prefix_path.sh
[3.997s] -- Up-to-date symlink: /home/guy/ros2_ws/install/examples_rclcpp_cbg_executor/share/examples_rclcpp_cbg_executor/environment/ament_prefix_path.dsv
[3.997s] -- Up-to-date symlink: /home/guy/ros2_ws/install/examples_rclcpp_cbg_executor/share/examples_rclcpp_cbg_executor/environment/path.sh
[3.998s] -- Up-to-date symlink: /home/guy/ros2_ws/install/examples_rclcpp_cbg_executor/share/examples_rclcpp_cbg_executor/environment/path.dsv
[3.998s] -- Up-to-date symlink: /home/guy/ros2_ws/install/examples_rclcpp_cbg_executor/share/examples_rclcpp_cbg_executor/local_setup.bash
[3.999s] -- Up-to-date symlink: /home/guy/ros2_ws/install/examples_rclcpp_cbg_executor/share/examples_rclcpp_cbg_executor/local_setup.sh
[3.999s] -- Up-to-date symlink: /home/guy/ros2_ws/install/examples_rclcpp_cbg_executor/share/examples_rclcpp_cbg_executor/local_setup.zsh
[4.000s] -- Up-to-date symlink: /home/guy/ros2_ws/install/examples_rclcpp_cbg_executor/share/examples_rclcpp_cbg_executor/local_setup.dsv
[4.000s] -- Symlinking: /home/guy/ros2_ws/install/examples_rclcpp_cbg_executor/share/examples_rclcpp_cbg_executor/package.dsv
[4.046s] -- Up-to-date symlink: /home/guy/ros2_ws/install/examples_rclcpp_cbg_executor/share/ament_index/resource_index/packages/examples_rclcpp_cbg_executor
[4.047s] -- Up-to-date symlink: /home/guy/ros2_ws/install/examples_rclcpp_cbg_executor/share/examples_rclcpp_cbg_executor/cmake/ament_cmake_export_dependencies-extras.cmake
[4.048s] -- Up-to-date symlink: /home/guy/ros2_ws/install/examples_rclcpp_cbg_executor/share/examples_rclcpp_cbg_executor/cmake/examples_rclcpp_cbg_executorConfig.cmake
[4.048s] -- Up-to-date symlink: /home/guy/ros2_ws/install/examples_rclcpp_cbg_executor/share/examples_rclcpp_cbg_executor/cmake/examples_rclcpp_cbg_executorConfig-version.cmake
[4.049s] -- Up-to-date symlink: /home/guy/ros2_ws/install/examples_rclcpp_cbg_executor/share/examples_rclcpp_cbg_executor/package.xml
[4.155s] Invoked command in '/home/guy/ros2_ws/build/examples_rclcpp_cbg_executor' returned '0': CMAKE_PREFIX_PATH=/opt/ros/humble /usr/bin/cmake --install /home/guy/ros2_ws/build/examples_rclcpp_cbg_executor
