[0.103s] Invoking command in '/home/guy/ros2_ws/build/pubsub_node': CMAKE_PREFIX_PATH=/opt/ros/humble /usr/bin/cmake /home/guy/ros2_ws/src/pubsub_node -DCMAKE_INSTALL_PREFIX=/home/guy/ros2_ws/install/pubsub_node
[0.404s] -- The C compiler identification is GNU 11.4.0
[0.736s] -- The CXX compiler identification is GNU 11.4.0
[0.775s] -- Detecting C compiler ABI info
[1.198s] -- Detecting C compiler ABI info - done
[1.224s] -- Check for working C compiler: /usr/bin/cc - skipped
[1.227s] -- Detecting C compile features
[1.228s] -- Detecting C compile features - done
[1.250s] -- Detecting CXX compiler ABI info
[1.730s] -- Detecting CXX compiler ABI info - done
[1.768s] -- Check for working CXX compiler: /usr/bin/c++ - skipped
[1.769s] -- Detecting CXX compile features
[1.771s] -- Detecting CXX compile features - done
[1.780s] -- Found ament_cmake: 1.3.11 (/opt/ros/humble/share/ament_cmake/cmake)
[2.595s] -- Found Python3: /usr/bin/python3 (found version "3.10.12") found components: Interpreter 
[3.004s] -- Found ament_lint_auto: 0.12.12 (/opt/ros/humble/share/ament_lint_auto/cmake)
[3.421s] -- Added test 'cppcheck' to perform static code analysis on C / C++ code
[3.421s] -- Configured cppcheck include dirs: 
[3.423s] -- Configured cppcheck exclude dirs and/or files: 
[3.426s] -- Added test 'lint_cmake' to check CMake code style
[3.442s] -- Added test 'uncrustify' to check C / C++ code style
[3.442s] -- Configured uncrustify additional arguments: 
[3.445s] -- Added test 'xmllint' to check XML markup files
[3.451s] -- Configuring done
[3.484s] -- Generating done
[3.497s] -- Build files have been written to: /home/guy/ros2_ws/build/pubsub_node
[3.525s] Invoked command in '/home/guy/ros2_ws/build/pubsub_node' returned '0': CMAKE_PREFIX_PATH=/opt/ros/humble /usr/bin/cmake /home/guy/ros2_ws/src/pubsub_node -DCMAKE_INSTALL_PREFIX=/home/guy/ros2_ws/install/pubsub_node
[3.540s] Invoking command in '/home/guy/ros2_ws/build/pubsub_node': CMAKE_PREFIX_PATH=/opt/ros/humble /usr/bin/cmake --build /home/guy/ros2_ws/build/pubsub_node -- -j6 -l6
[3.759s] Invoked command in '/home/guy/ros2_ws/build/pubsub_node' returned '0': CMAKE_PREFIX_PATH=/opt/ros/humble /usr/bin/cmake --build /home/guy/ros2_ws/build/pubsub_node -- -j6 -l6
[3.760s] Invoking command in '/home/guy/ros2_ws/build/pubsub_node': CMAKE_PREFIX_PATH=/opt/ros/humble /usr/bin/cmake --install /home/guy/ros2_ws/build/pubsub_node
[3.785s] -- Install configuration: ""
[3.785s] -- Installing: /home/guy/ros2_ws/install/pubsub_node/share/ament_index/resource_index/package_run_dependencies/pubsub_node
[3.785s] -- Installing: /home/guy/ros2_ws/install/pubsub_node/share/ament_index/resource_index/parent_prefix_path/pubsub_node
[3.785s] -- Installing: /home/guy/ros2_ws/install/pubsub_node/share/pubsub_node/environment/ament_prefix_path.sh
[3.785s] -- Installing: /home/guy/ros2_ws/install/pubsub_node/share/pubsub_node/environment/ament_prefix_path.dsv
[3.786s] -- Installing: /home/guy/ros2_ws/install/pubsub_node/share/pubsub_node/environment/path.sh
[3.786s] -- Installing: /home/guy/ros2_ws/install/pubsub_node/share/pubsub_node/environment/path.dsv
[3.786s] -- Installing: /home/guy/ros2_ws/install/pubsub_node/share/pubsub_node/local_setup.bash
[3.786s] -- Installing: /home/guy/ros2_ws/install/pubsub_node/share/pubsub_node/local_setup.sh
[3.786s] -- Installing: /home/guy/ros2_ws/install/pubsub_node/share/pubsub_node/local_setup.zsh
[3.786s] -- Installing: /home/guy/ros2_ws/install/pubsub_node/share/pubsub_node/local_setup.dsv
[3.786s] -- Installing: /home/guy/ros2_ws/install/pubsub_node/share/pubsub_node/package.dsv
[3.786s] -- Installing: /home/guy/ros2_ws/install/pubsub_node/share/ament_index/resource_index/packages/pubsub_node
[3.787s] -- Installing: /home/guy/ros2_ws/install/pubsub_node/share/pubsub_node/cmake/pubsub_nodeConfig.cmake
[3.787s] -- Installing: /home/guy/ros2_ws/install/pubsub_node/share/pubsub_node/cmake/pubsub_nodeConfig-version.cmake
[3.787s] -- Installing: /home/guy/ros2_ws/install/pubsub_node/share/pubsub_node/package.xml
[3.811s] Invoked command in '/home/guy/ros2_ws/build/pubsub_node' returned '0': CMAKE_PREFIX_PATH=/opt/ros/humble /usr/bin/cmake --install /home/guy/ros2_ws/build/pubsub_node
