[4.793s] Invoking command in '/home/guy/ros2_ws/src/examples/rclpy/services/minimal_client': PYTHONPATH=/home/guy/ros2_ws/build/examples_rclpy_minimal_client/prefix_override:/usr/lib/python3/dist-packages/colcon_core/task/python/colcon_distutils_commands:/home/guy/ros2_ws/install/examples_rclpy_minimal_client/lib/python3.10/site-packages:${PYTHONPATH} /usr/bin/python3 -W ignore:setup.py install is deprecated -W ignore:easy_install command is deprecated setup.py egg_info --egg-base ../../../../../build/examples_rclpy_minimal_client build --build-base /home/guy/ros2_ws/build/examples_rclpy_minimal_client/build install --record /home/guy/ros2_ws/build/examples_rclpy_minimal_client/install.log --single-version-externally-managed install_data
[5.882s] running egg_info
[5.884s] writing ../../../../../build/examples_rclpy_minimal_client/examples_rclpy_minimal_client.egg-info/PKG-INFO
[5.887s] writing dependency_links to ../../../../../build/examples_rclpy_minimal_client/examples_rclpy_minimal_client.egg-info/dependency_links.txt
[5.887s] writing entry points to ../../../../../build/examples_rclpy_minimal_client/examples_rclpy_minimal_client.egg-info/entry_points.txt
[5.890s] writing requirements to ../../../../../build/examples_rclpy_minimal_client/examples_rclpy_minimal_client.egg-info/requires.txt
[5.890s] writing top-level names to ../../../../../build/examples_rclpy_minimal_client/examples_rclpy_minimal_client.egg-info/top_level.txt
[5.895s] reading manifest file '../../../../../build/examples_rclpy_minimal_client/examples_rclpy_minimal_client.egg-info/SOURCES.txt'
[5.897s] writing manifest file '../../../../../build/examples_rclpy_minimal_client/examples_rclpy_minimal_client.egg-info/SOURCES.txt'
[5.898s] running build
[5.899s] running build_py
[5.901s] running install
[5.902s] running install_lib
[5.907s] running install_data
[5.908s] running install_egg_info
[5.913s] removing '/home/guy/ros2_ws/install/examples_rclpy_minimal_client/lib/python3.10/site-packages/examples_rclpy_minimal_client-0.15.3-py3.10.egg-info' (and everything under it)
[5.915s] Copying ../../../../../build/examples_rclpy_minimal_client/examples_rclpy_minimal_client.egg-info to /home/guy/ros2_ws/install/examples_rclpy_minimal_client/lib/python3.10/site-packages/examples_rclpy_minimal_client-0.15.3-py3.10.egg-info
[5.918s] running install_scripts
[5.970s] Installing client script to /home/guy/ros2_ws/install/examples_rclpy_minimal_client/lib/examples_rclpy_minimal_client
[5.971s] Installing client_async script to /home/guy/ros2_ws/install/examples_rclpy_minimal_client/lib/examples_rclpy_minimal_client
[5.972s] Installing client_async_callback script to /home/guy/ros2_ws/install/examples_rclpy_minimal_client/lib/examples_rclpy_minimal_client
[5.974s] Installing client_async_member_function script to /home/guy/ros2_ws/install/examples_rclpy_minimal_client/lib/examples_rclpy_minimal_client
[5.976s] writing list of installed files to '/home/guy/ros2_ws/build/examples_rclpy_minimal_client/install.log'
[7.126s] Invoked command in '/home/guy/ros2_ws/src/examples/rclpy/services/minimal_client' returned '0': PYTHONPATH=/home/guy/ros2_ws/build/examples_rclpy_minimal_client/prefix_override:/usr/lib/python3/dist-packages/colcon_core/task/python/colcon_distutils_commands:/home/guy/ros2_ws/install/examples_rclpy_minimal_client/lib/python3.10/site-packages:${PYTHONPATH} /usr/bin/python3 -W ignore:setup.py install is deprecated -W ignore:easy_install command is deprecated setup.py egg_info --egg-base ../../../../../build/examples_rclpy_minimal_client build --build-base /home/guy/ros2_ws/build/examples_rclpy_minimal_client/build install --record /home/guy/ros2_ws/build/examples_rclpy_minimal_client/install.log --single-version-externally-managed install_data
