[4.667s] Invoking command in '/home/guy/ros2_ws/build/examples_rclpy_minimal_publisher': PYTHONPATH=/home/guy/ros2_ws/build/examples_rclpy_minimal_publisher/prefix_override:/usr/lib/python3/dist-packages/colcon_core/task/python/colcon_distutils_commands:/home/guy/ros2_ws/install/examples_rclpy_minimal_publisher/lib/python3.10/site-packages:${PYTHONPATH} /usr/bin/python3 -W ignore:setup.py install is deprecated -W ignore:easy_install command is deprecated setup.py develop --editable --build-directory /home/guy/ros2_ws/build/examples_rclpy_minimal_publisher/build --no-deps symlink_data --force
[5.912s] running develop
[6.504s] running egg_info
[6.505s] writing examples_rclpy_minimal_publisher.egg-info/PKG-INFO
[6.505s] writing dependency_links to examples_rclpy_minimal_publisher.egg-info/dependency_links.txt
[6.505s] writing entry points to examples_rclpy_minimal_publisher.egg-info/entry_points.txt
[6.506s] writing requirements to examples_rclpy_minimal_publisher.egg-info/requires.txt
[6.506s] writing top-level names to examples_rclpy_minimal_publisher.egg-info/top_level.txt
[6.507s] reading manifest file 'examples_rclpy_minimal_publisher.egg-info/SOURCES.txt'
[6.509s] writing manifest file 'examples_rclpy_minimal_publisher.egg-info/SOURCES.txt'
[6.521s] running build_ext
[6.522s] Creating /home/guy/ros2_ws/install/examples_rclpy_minimal_publisher/lib/python3.10/site-packages/examples-rclpy-minimal-publisher.egg-link (link to .)
[6.523s] Installing publisher_local_function script to /home/guy/ros2_ws/install/examples_rclpy_minimal_publisher/lib/examples_rclpy_minimal_publisher
[6.524s] Installing publisher_member_function script to /home/guy/ros2_ws/install/examples_rclpy_minimal_publisher/lib/examples_rclpy_minimal_publisher
[6.524s] Installing publisher_member_function_with_wait_for_all_acked script to /home/guy/ros2_ws/install/examples_rclpy_minimal_publisher/lib/examples_rclpy_minimal_publisher
[6.525s] Installing publisher_old_school script to /home/guy/ros2_ws/install/examples_rclpy_minimal_publisher/lib/examples_rclpy_minimal_publisher
[6.525s] 
[6.525s] Installed /home/guy/ros2_ws/build/examples_rclpy_minimal_publisher
[6.526s] running symlink_data
[6.526s] symbolically linking /home/guy/ros2_ws/build/examples_rclpy_minimal_publisher/resource/examples_rclpy_minimal_publisher -> /home/guy/ros2_ws/install/examples_rclpy_minimal_publisher/share/ament_index/resource_index/packages
[6.527s] symbolically linking /home/guy/ros2_ws/build/examples_rclpy_minimal_publisher/package.xml -> /home/guy/ros2_ws/install/examples_rclpy_minimal_publisher/share/examples_rclpy_minimal_publisher
[7.371s] Invoked command in '/home/guy/ros2_ws/build/examples_rclpy_minimal_publisher' returned '0': PYTHONPATH=/home/guy/ros2_ws/build/examples_rclpy_minimal_publisher/prefix_override:/usr/lib/python3/dist-packages/colcon_core/task/python/colcon_distutils_commands:/home/guy/ros2_ws/install/examples_rclpy_minimal_publisher/lib/python3.10/site-packages:${PYTHONPATH} /usr/bin/python3 -W ignore:setup.py install is deprecated -W ignore:easy_install command is deprecated setup.py develop --editable --build-directory /home/guy/ros2_ws/build/examples_rclpy_minimal_publisher/build --no-deps symlink_data --force
