[5.381s] Invoking command in '/home/guy/ros2_ws/build/examples_rclpy_minimal_service': PYTHONPATH=/home/guy/ros2_ws/build/examples_rclpy_minimal_service/prefix_override:/usr/lib/python3/dist-packages/colcon_core/task/python/colcon_distutils_commands:/home/guy/ros2_ws/install/examples_rclpy_minimal_service/lib/python3.10/site-packages:${PYTHONPATH} /usr/bin/python3 -W ignore:setup.py install is deprecated -W ignore:easy_install command is deprecated setup.py develop --uninstall --editable --build-directory /home/guy/ros2_ws/build/examples_rclpy_minimal_service/build
[6.602s] running develop
[7.226s] Removing /home/guy/ros2_ws/install/examples_rclpy_minimal_service/lib/python3.10/site-packages/examples-rclpy-minimal-service.egg-link (link to .)
[7.318s] Invoked command in '/home/guy/ros2_ws/build/examples_rclpy_minimal_service' returned '0': PYTHONPATH=/home/guy/ros2_ws/build/examples_rclpy_minimal_service/prefix_override:/usr/lib/python3/dist-packages/colcon_core/task/python/colcon_distutils_commands:/home/guy/ros2_ws/install/examples_rclpy_minimal_service/lib/python3.10/site-packages:${PYTHONPATH} /usr/bin/python3 -W ignore:setup.py install is deprecated -W ignore:easy_install command is deprecated setup.py develop --uninstall --editable --build-directory /home/guy/ros2_ws/build/examples_rclpy_minimal_service/build
[7.321s] Invoking command in '/home/guy/ros2_ws/src/examples/rclpy/services/minimal_service': PYTHONPATH=/home/guy/ros2_ws/build/examples_rclpy_minimal_service/prefix_override:/usr/lib/python3/dist-packages/colcon_core/task/python/colcon_distutils_commands:/home/guy/ros2_ws/install/examples_rclpy_minimal_service/lib/python3.10/site-packages:${PYTHONPATH} /usr/bin/python3 -W ignore:setup.py install is deprecated -W ignore:easy_install command is deprecated setup.py egg_info --egg-base ../../../../../build/examples_rclpy_minimal_service build --build-base /home/guy/ros2_ws/build/examples_rclpy_minimal_service/build install --record /home/guy/ros2_ws/build/examples_rclpy_minimal_service/install.log --single-version-externally-managed install_data --force
[8.477s] running egg_info
[8.479s] writing ../../../../../build/examples_rclpy_minimal_service/examples_rclpy_minimal_service.egg-info/PKG-INFO
[8.481s] writing dependency_links to ../../../../../build/examples_rclpy_minimal_service/examples_rclpy_minimal_service.egg-info/dependency_links.txt
[8.482s] writing entry points to ../../../../../build/examples_rclpy_minimal_service/examples_rclpy_minimal_service.egg-info/entry_points.txt
[8.483s] writing requirements to ../../../../../build/examples_rclpy_minimal_service/examples_rclpy_minimal_service.egg-info/requires.txt
[8.484s] writing top-level names to ../../../../../build/examples_rclpy_minimal_service/examples_rclpy_minimal_service.egg-info/top_level.txt
[8.489s] reading manifest file '../../../../../build/examples_rclpy_minimal_service/examples_rclpy_minimal_service.egg-info/SOURCES.txt'
[8.492s] writing manifest file '../../../../../build/examples_rclpy_minimal_service/examples_rclpy_minimal_service.egg-info/SOURCES.txt'
[8.493s] running build
[8.493s] running build_py
[8.494s] running install
[8.496s] running install_lib
[8.498s] creating /home/guy/ros2_ws/install/examples_rclpy_minimal_service/lib/python3.10/site-packages/examples_rclpy_minimal_service
[8.499s] copying /home/guy/ros2_ws/build/examples_rclpy_minimal_service/build/lib/examples_rclpy_minimal_service/__init__.py -> /home/guy/ros2_ws/install/examples_rclpy_minimal_service/lib/python3.10/site-packages/examples_rclpy_minimal_service
[8.499s] copying /home/guy/ros2_ws/build/examples_rclpy_minimal_service/build/lib/examples_rclpy_minimal_service/service_member_function.py -> /home/guy/ros2_ws/install/examples_rclpy_minimal_service/lib/python3.10/site-packages/examples_rclpy_minimal_service
[8.500s] copying /home/guy/ros2_ws/build/examples_rclpy_minimal_service/build/lib/examples_rclpy_minimal_service/service.py -> /home/guy/ros2_ws/install/examples_rclpy_minimal_service/lib/python3.10/site-packages/examples_rclpy_minimal_service
[8.511s] byte-compiling /home/guy/ros2_ws/install/examples_rclpy_minimal_service/lib/python3.10/site-packages/examples_rclpy_minimal_service/__init__.py to __init__.cpython-310.pyc
[8.512s] byte-compiling /home/guy/ros2_ws/install/examples_rclpy_minimal_service/lib/python3.10/site-packages/examples_rclpy_minimal_service/service_member_function.py to service_member_function.cpython-310.pyc
[8.512s] byte-compiling /home/guy/ros2_ws/install/examples_rclpy_minimal_service/lib/python3.10/site-packages/examples_rclpy_minimal_service/service.py to service.cpython-310.pyc
[8.512s] running install_data
[8.512s] copying resource/examples_rclpy_minimal_service -> /home/guy/ros2_ws/install/examples_rclpy_minimal_service/share/ament_index/resource_index/packages
[8.512s] copying package.xml -> /home/guy/ros2_ws/install/examples_rclpy_minimal_service/share/examples_rclpy_minimal_service
[8.512s] running install_egg_info
[8.521s] Copying ../../../../../build/examples_rclpy_minimal_service/examples_rclpy_minimal_service.egg-info to /home/guy/ros2_ws/install/examples_rclpy_minimal_service/lib/python3.10/site-packages/examples_rclpy_minimal_service-0.15.3-py3.10.egg-info
[8.525s] running install_scripts
[8.616s] Installing service script to /home/guy/ros2_ws/install/examples_rclpy_minimal_service/lib/examples_rclpy_minimal_service
[8.617s] Installing service_member_function script to /home/guy/ros2_ws/install/examples_rclpy_minimal_service/lib/examples_rclpy_minimal_service
[8.618s] writing list of installed files to '/home/guy/ros2_ws/build/examples_rclpy_minimal_service/install.log'
[8.699s] Invoked command in '/home/guy/ros2_ws/src/examples/rclpy/services/minimal_service' returned '0': PYTHONPATH=/home/guy/ros2_ws/build/examples_rclpy_minimal_service/prefix_override:/usr/lib/python3/dist-packages/colcon_core/task/python/colcon_distutils_commands:/home/guy/ros2_ws/install/examples_rclpy_minimal_service/lib/python3.10/site-packages:${PYTHONPATH} /usr/bin/python3 -W ignore:setup.py install is deprecated -W ignore:easy_install command is deprecated setup.py egg_info --egg-base ../../../../../build/examples_rclpy_minimal_service build --build-base /home/guy/ros2_ws/build/examples_rclpy_minimal_service/build install --record /home/guy/ros2_ws/build/examples_rclpy_minimal_service/install.log --single-version-externally-managed install_data --force
