[5.616s] Invoking command in '/home/guy/ros2_ws/build/examples_rclpy_minimal_action_client': PYTHONPATH=/home/guy/ros2_ws/build/examples_rclpy_minimal_action_client/prefix_override:/usr/lib/python3/dist-packages/colcon_core/task/python/colcon_distutils_commands:/home/guy/ros2_ws/install/examples_rclpy_minimal_action_client/lib/python3.10/site-packages:${PYTHONPATH} /usr/bin/python3 -W ignore:setup.py install is deprecated -W ignore:easy_install command is deprecated setup.py develop --editable --build-directory /home/guy/ros2_ws/build/examples_rclpy_minimal_action_client/build --no-deps symlink_data --force
[6.735s] running develop
[7.627s] running egg_info
[7.629s] writing examples_rclpy_minimal_action_client.egg-info/PKG-INFO
[7.631s] writing dependency_links to examples_rclpy_minimal_action_client.egg-info/dependency_links.txt
[7.633s] writing entry points to examples_rclpy_minimal_action_client.egg-info/entry_points.txt
[7.636s] writing requirements to examples_rclpy_minimal_action_client.egg-info/requires.txt
[7.638s] writing top-level names to examples_rclpy_minimal_action_client.egg-info/top_level.txt
[7.644s] reading manifest file 'examples_rclpy_minimal_action_client.egg-info/SOURCES.txt'
[7.647s] writing manifest file 'examples_rclpy_minimal_action_client.egg-info/SOURCES.txt'
[7.653s] running build_ext
[7.655s] Creating /home/guy/ros2_ws/install/examples_rclpy_minimal_action_client/lib/python3.10/site-packages/examples-rclpy-minimal-action-client.egg-link (link to .)
[7.658s] Installing client script to /home/guy/ros2_ws/install/examples_rclpy_minimal_action_client/lib/examples_rclpy_minimal_action_client
[7.660s] Installing client_asyncio script to /home/guy/ros2_ws/install/examples_rclpy_minimal_action_client/lib/examples_rclpy_minimal_action_client
[7.662s] Installing client_cancel script to /home/guy/ros2_ws/install/examples_rclpy_minimal_action_client/lib/examples_rclpy_minimal_action_client
[7.667s] Installing client_not_composable script to /home/guy/ros2_ws/install/examples_rclpy_minimal_action_client/lib/examples_rclpy_minimal_action_client
[7.669s] 
[7.670s] Installed /home/guy/ros2_ws/build/examples_rclpy_minimal_action_client
[7.671s] running symlink_data
[7.672s] symbolically linking /home/guy/ros2_ws/build/examples_rclpy_minimal_action_client/resource/examples_rclpy_minimal_action_client -> /home/guy/ros2_ws/install/examples_rclpy_minimal_action_client/share/ament_index/resource_index/packages
[7.673s] symbolically linking /home/guy/ros2_ws/build/examples_rclpy_minimal_action_client/package.xml -> /home/guy/ros2_ws/install/examples_rclpy_minimal_action_client/share/examples_rclpy_minimal_action_client
[8.238s] Invoked command in '/home/guy/ros2_ws/build/examples_rclpy_minimal_action_client' returned '0': PYTHONPATH=/home/guy/ros2_ws/build/examples_rclpy_minimal_action_client/prefix_override:/usr/lib/python3/dist-packages/colcon_core/task/python/colcon_distutils_commands:/home/guy/ros2_ws/install/examples_rclpy_minimal_action_client/lib/python3.10/site-packages:${PYTHONPATH} /usr/bin/python3 -W ignore:setup.py install is deprecated -W ignore:easy_install command is deprecated setup.py develop --editable --build-directory /home/guy/ros2_ws/build/examples_rclpy_minimal_action_client/build --no-deps symlink_data --force
