[6.882s] Invoking command in '/home/guy/ros2_ws/build/examples_rclpy_minimal_action_client': PYTHONPATH=/home/guy/ros2_ws/build/examples_rclpy_minimal_action_client/prefix_override:/usr/lib/python3/dist-packages/colcon_core/task/python/colcon_distutils_commands:/home/guy/ros2_ws/install/examples_rclpy_minimal_action_client/lib/python3.10/site-packages:${PYTHONPATH} /usr/bin/python3 -W ignore:setup.py install is deprecated -W ignore:easy_install command is deprecated setup.py develop --uninstall --editable --build-directory /home/guy/ros2_ws/build/examples_rclpy_minimal_action_client/build
[8.246s] running develop
[8.893s] Removing /home/guy/ros2_ws/install/examples_rclpy_minimal_action_client/lib/python3.10/site-packages/examples-rclpy-minimal-action-client.egg-link (link to .)
[9.893s] Invoked command in '/home/guy/ros2_ws/build/examples_rclpy_minimal_action_client' returned '0': PYTHONPATH=/home/guy/ros2_ws/build/examples_rclpy_minimal_action_client/prefix_override:/usr/lib/python3/dist-packages/colcon_core/task/python/colcon_distutils_commands:/home/guy/ros2_ws/install/examples_rclpy_minimal_action_client/lib/python3.10/site-packages:${PYTHONPATH} /usr/bin/python3 -W ignore:setup.py install is deprecated -W ignore:easy_install command is deprecated setup.py develop --uninstall --editable --build-directory /home/guy/ros2_ws/build/examples_rclpy_minimal_action_client/build
[9.897s] Invoking command in '/home/guy/ros2_ws/src/examples/rclpy/actions/minimal_action_client': PYTHONPATH=/home/guy/ros2_ws/build/examples_rclpy_minimal_action_client/prefix_override:/usr/lib/python3/dist-packages/colcon_core/task/python/colcon_distutils_commands:/home/guy/ros2_ws/install/examples_rclpy_minimal_action_client/lib/python3.10/site-packages:${PYTHONPATH} /usr/bin/python3 -W ignore:setup.py install is deprecated -W ignore:easy_install command is deprecated setup.py egg_info --egg-base ../../../../../build/examples_rclpy_minimal_action_client build --build-base /home/guy/ros2_ws/build/examples_rclpy_minimal_action_client/build install --record /home/guy/ros2_ws/build/examples_rclpy_minimal_action_client/install.log --single-version-externally-managed install_data --force
[11.054s] running egg_info
[11.056s] writing ../../../../../build/examples_rclpy_minimal_action_client/examples_rclpy_minimal_action_client.egg-info/PKG-INFO
[11.057s] writing dependency_links to ../../../../../build/examples_rclpy_minimal_action_client/examples_rclpy_minimal_action_client.egg-info/dependency_links.txt
[11.057s] writing entry points to ../../../../../build/examples_rclpy_minimal_action_client/examples_rclpy_minimal_action_client.egg-info/entry_points.txt
[11.057s] writing requirements to ../../../../../build/examples_rclpy_minimal_action_client/examples_rclpy_minimal_action_client.egg-info/requires.txt
[11.058s] writing top-level names to ../../../../../build/examples_rclpy_minimal_action_client/examples_rclpy_minimal_action_client.egg-info/top_level.txt
[11.063s] reading manifest file '../../../../../build/examples_rclpy_minimal_action_client/examples_rclpy_minimal_action_client.egg-info/SOURCES.txt'
[11.067s] writing manifest file '../../../../../build/examples_rclpy_minimal_action_client/examples_rclpy_minimal_action_client.egg-info/SOURCES.txt'
[11.067s] running build
[11.067s] running build_py
[11.067s] running install
[11.067s] running install_lib
[11.070s] creating /home/guy/ros2_ws/install/examples_rclpy_minimal_action_client/lib/python3.10/site-packages/examples_rclpy_minimal_action_client
[11.071s] copying /home/guy/ros2_ws/build/examples_rclpy_minimal_action_client/build/lib/examples_rclpy_minimal_action_client/client.py -> /home/guy/ros2_ws/install/examples_rclpy_minimal_action_client/lib/python3.10/site-packages/examples_rclpy_minimal_action_client
[11.071s] copying /home/guy/ros2_ws/build/examples_rclpy_minimal_action_client/build/lib/examples_rclpy_minimal_action_client/client_asyncio.py -> /home/guy/ros2_ws/install/examples_rclpy_minimal_action_client/lib/python3.10/site-packages/examples_rclpy_minimal_action_client
[11.071s] copying /home/guy/ros2_ws/build/examples_rclpy_minimal_action_client/build/lib/examples_rclpy_minimal_action_client/client_not_composable.py -> /home/guy/ros2_ws/install/examples_rclpy_minimal_action_client/lib/python3.10/site-packages/examples_rclpy_minimal_action_client
[11.071s] copying /home/guy/ros2_ws/build/examples_rclpy_minimal_action_client/build/lib/examples_rclpy_minimal_action_client/__init__.py -> /home/guy/ros2_ws/install/examples_rclpy_minimal_action_client/lib/python3.10/site-packages/examples_rclpy_minimal_action_client
[11.072s] copying /home/guy/ros2_ws/build/examples_rclpy_minimal_action_client/build/lib/examples_rclpy_minimal_action_client/client_cancel.py -> /home/guy/ros2_ws/install/examples_rclpy_minimal_action_client/lib/python3.10/site-packages/examples_rclpy_minimal_action_client
[11.077s] byte-compiling /home/guy/ros2_ws/install/examples_rclpy_minimal_action_client/lib/python3.10/site-packages/examples_rclpy_minimal_action_client/client.py to client.cpython-310.pyc
[11.079s] byte-compiling /home/guy/ros2_ws/install/examples_rclpy_minimal_action_client/lib/python3.10/site-packages/examples_rclpy_minimal_action_client/client_asyncio.py to client_asyncio.cpython-310.pyc
[11.081s] byte-compiling /home/guy/ros2_ws/install/examples_rclpy_minimal_action_client/lib/python3.10/site-packages/examples_rclpy_minimal_action_client/client_not_composable.py to client_not_composable.cpython-310.pyc
[11.082s] byte-compiling /home/guy/ros2_ws/install/examples_rclpy_minimal_action_client/lib/python3.10/site-packages/examples_rclpy_minimal_action_client/__init__.py to __init__.cpython-310.pyc
[11.082s] byte-compiling /home/guy/ros2_ws/install/examples_rclpy_minimal_action_client/lib/python3.10/site-packages/examples_rclpy_minimal_action_client/client_cancel.py to client_cancel.cpython-310.pyc
[11.083s] running install_data
[11.084s] copying resource/examples_rclpy_minimal_action_client -> /home/guy/ros2_ws/install/examples_rclpy_minimal_action_client/share/ament_index/resource_index/packages
[11.084s] copying package.xml -> /home/guy/ros2_ws/install/examples_rclpy_minimal_action_client/share/examples_rclpy_minimal_action_client
[11.084s] running install_egg_info
[11.094s] Copying ../../../../../build/examples_rclpy_minimal_action_client/examples_rclpy_minimal_action_client.egg-info to /home/guy/ros2_ws/install/examples_rclpy_minimal_action_client/lib/python3.10/site-packages/examples_rclpy_minimal_action_client-0.15.3-py3.10.egg-info
[11.096s] running install_scripts
[11.194s] Installing client script to /home/guy/ros2_ws/install/examples_rclpy_minimal_action_client/lib/examples_rclpy_minimal_action_client
[11.195s] Installing client_asyncio script to /home/guy/ros2_ws/install/examples_rclpy_minimal_action_client/lib/examples_rclpy_minimal_action_client
[11.195s] Installing client_cancel script to /home/guy/ros2_ws/install/examples_rclpy_minimal_action_client/lib/examples_rclpy_minimal_action_client
[11.195s] Installing client_not_composable script to /home/guy/ros2_ws/install/examples_rclpy_minimal_action_client/lib/examples_rclpy_minimal_action_client
[11.196s] writing list of installed files to '/home/guy/ros2_ws/build/examples_rclpy_minimal_action_client/install.log'
[11.291s] Invoked command in '/home/guy/ros2_ws/src/examples/rclpy/actions/minimal_action_client' returned '0': PYTHONPATH=/home/guy/ros2_ws/build/examples_rclpy_minimal_action_client/prefix_override:/usr/lib/python3/dist-packages/colcon_core/task/python/colcon_distutils_commands:/home/guy/ros2_ws/install/examples_rclpy_minimal_action_client/lib/python3.10/site-packages:${PYTHONPATH} /usr/bin/python3 -W ignore:setup.py install is deprecated -W ignore:easy_install command is deprecated setup.py egg_info --egg-base ../../../../../build/examples_rclpy_minimal_action_client build --build-base /home/guy/ros2_ws/build/examples_rclpy_minimal_action_client/build install --record /home/guy/ros2_ws/build/examples_rclpy_minimal_action_client/install.log --single-version-externally-managed install_data --force
