-- Found ament_cmake: 1.3.11 (/opt/ros/humble/share/ament_cmake/cmake)
-- Override CMake install command with custom implementation using symlinks instead of copying resources
-- Found rclcpp: 16.0.12 (/opt/ros/humble/share/rclcpp/cmake)
-- Found rosidl_generator_c: 3.1.6 (/opt/ros/humble/share/rosidl_generator_c/cmake)
-- Found rosidl_adapter: 3.1.6 (/opt/ros/humble/share/rosidl_adapter/cmake)
-- Found rosidl_generator_cpp: 3.1.6 (/opt/ros/humble/share/rosidl_generator_cpp/cmake)
-- Using all available rosidl_typesupport_c: rosidl_typesupport_introspection_c;rosidl_typesupport_fastrtps_c
-- Using all available rosidl_typesupport_cpp: rosidl_typesupport_introspection_cpp;rosidl_typesupport_fastrtps_cpp
-- Found rmw_implementation_cmake: 6.1.2 (/opt/ros/humble/share/rmw_implementation_cmake/cmake)
-- Found rmw_fastrtps_cpp: 6.2.7 (/opt/ros/humble/share/rmw_fastrtps_cpp/cmake)
-- Using RMW implementation 'rmw_fastrtps_cpp' as default
-- Found ament_lint_auto: 0.12.12 (/opt/ros/humble/share/ament_lint_auto/cmake)
-- Added test 'cppcheck' to perform static code analysis on C / C++ code
-- Configured cppcheck include dirs: /home/guy/ros2_ws/src/pubsub_node/include
-- Configured cppcheck exclude dirs and/or files: 
-- Added test 'lint_cmake' to check CMake code style
-- Added test 'uncrustify' to check C / C++ code style
-- Configured uncrustify additional arguments: 
-- Added test 'xmllint' to check XML markup files
-- Configuring done
-- Generating done
-- Build files have been written to: /home/guy/ros2_ws/build/pubsub_node
[35m[1mConsolidate compiler generated dependencies of target minimal_pubsub[0m
[ 50%] [32mBuilding CXX object CMakeFiles/minimal_pubsub.dir/src/main.cpp.o[0m
In file included from [01m[K/home/guy/ros2_ws/src/pubsub_node/src/main.cpp:2[m[K:
[01m[K/home/guy/ros2_ws/src/pubsub_node/src/../include/minimal_subscriber.hpp:[m[K In member function ‘[01m[Kvoid MinimalSubscriber::topic_callback(std_msgs::msg::String_<std::allocator<void> >::SharedPtr) const[m[K’:
[01m[K/home/guy/ros2_ws/src/pubsub_node/src/../include/minimal_subscriber.hpp:18:62:[m[K [01;35m[Kwarning: [m[Kunused parameter ‘[01m[Kmsg[m[K’ [[01;35m[K]8;;https://gcc.gnu.org/onlinedocs/gcc/Warning-Options.html#index-Wunused-parameter-Wunused-parameter]8;;[m[K]
   18 |   void topic_callback([01;35m[Kconst std_msgs::msg::String::SharedPtr msg[m[K) const
      |                       [01;35m[K~~~~~~~~~~~~~~~~~~~~~~~~~~~~~~~~~~~~~~~^~~[m[K
[100%] [32m[1mLinking CXX executable minimal_pubsub[0m
[100%] Built target minimal_pubsub
-- Install configuration: ""
-- Execute custom install script
-- Up-to-date symlink: /home/guy/ros2_ws/install/pubsub_node/lib/pubsub_node/minimal_pubsub
-- Up-to-date symlink: /home/guy/ros2_ws/install/pubsub_node/include/minimal_publisher.hpp
-- Up-to-date symlink: /home/guy/ros2_ws/install/pubsub_node/include/minimal_subscriber.hpp
-- Up-to-date symlink: /home/guy/ros2_ws/install/pubsub_node/share/ament_index/resource_index/package_run_dependencies/pubsub_node
-- Up-to-date symlink: /home/guy/ros2_ws/install/pubsub_node/share/ament_index/resource_index/parent_prefix_path/pubsub_node
-- Up-to-date symlink: /home/guy/ros2_ws/install/pubsub_node/share/pubsub_node/environment/ament_prefix_path.sh
-- Up-to-date symlink: /home/guy/ros2_ws/install/pubsub_node/share/pubsub_node/environment/ament_prefix_path.dsv
-- Up-to-date symlink: /home/guy/ros2_ws/install/pubsub_node/share/pubsub_node/environment/path.sh
-- Up-to-date symlink: /home/guy/ros2_ws/install/pubsub_node/share/pubsub_node/environment/path.dsv
-- Up-to-date symlink: /home/guy/ros2_ws/install/pubsub_node/share/pubsub_node/local_setup.bash
-- Up-to-date symlink: /home/guy/ros2_ws/install/pubsub_node/share/pubsub_node/local_setup.sh
-- Up-to-date symlink: /home/guy/ros2_ws/install/pubsub_node/share/pubsub_node/local_setup.zsh
-- Up-to-date symlink: /home/guy/ros2_ws/install/pubsub_node/share/pubsub_node/local_setup.dsv
-- Symlinking: /home/guy/ros2_ws/install/pubsub_node/share/pubsub_node/package.dsv
-- Up-to-date symlink: /home/guy/ros2_ws/install/pubsub_node/share/ament_index/resource_index/packages/pubsub_node
-- Up-to-date symlink: /home/guy/ros2_ws/install/pubsub_node/share/pubsub_node/cmake/pubsub_nodeConfig.cmake
-- Up-to-date symlink: /home/guy/ros2_ws/install/pubsub_node/share/pubsub_node/cmake/pubsub_nodeConfig-version.cmake
-- Up-to-date symlink: /home/guy/ros2_ws/install/pubsub_node/share/pubsub_node/package.xml
