[4.400s] Invoking command in '/home/guy/ros2_ws/build/examples_rclpy_minimal_publisher': PYTHONPATH=/home/guy/ros2_ws/build/examples_rclpy_minimal_publisher/prefix_override:/usr/lib/python3/dist-packages/colcon_core/task/python/colcon_distutils_commands:/home/guy/ros2_ws/install/examples_rclpy_minimal_publisher/lib/python3.10/site-packages:${PYTHONPATH} /usr/bin/python3 -W ignore:setup.py install is deprecated -W ignore:easy_install command is deprecated setup.py develop --editable --build-directory /home/guy/ros2_ws/build/examples_rclpy_minimal_publisher/build --no-deps symlink_data
[5.699s] running develop
[6.312s] running egg_info
[6.312s] writing examples_rclpy_minimal_publisher.egg-info/PKG-INFO
[6.313s] writing dependency_links to examples_rclpy_minimal_publisher.egg-info/dependency_links.txt
[6.314s] writing entry points to examples_rclpy_minimal_publisher.egg-info/entry_points.txt
[6.314s] writing requirements to examples_rclpy_minimal_publisher.egg-info/requires.txt
[6.314s] writing top-level names to examples_rclpy_minimal_publisher.egg-info/top_level.txt
[6.318s] reading manifest file 'examples_rclpy_minimal_publisher.egg-info/SOURCES.txt'
[6.320s] writing manifest file 'examples_rclpy_minimal_publisher.egg-info/SOURCES.txt'
[6.333s] running build_ext
[6.334s] Creating /home/guy/ros2_ws/install/examples_rclpy_minimal_publisher/lib/python3.10/site-packages/examples-rclpy-minimal-publisher.egg-link (link to .)
[6.336s] Installing publisher_local_function script to /home/guy/ros2_ws/install/examples_rclpy_minimal_publisher/lib/examples_rclpy_minimal_publisher
[6.337s] Installing publisher_member_function script to /home/guy/ros2_ws/install/examples_rclpy_minimal_publisher/lib/examples_rclpy_minimal_publisher
[6.337s] Installing publisher_member_function_with_wait_for_all_acked script to /home/guy/ros2_ws/install/examples_rclpy_minimal_publisher/lib/examples_rclpy_minimal_publisher
[6.337s] Installing publisher_old_school script to /home/guy/ros2_ws/install/examples_rclpy_minimal_publisher/lib/examples_rclpy_minimal_publisher
[6.338s] 
[6.338s] Installed /home/guy/ros2_ws/build/examples_rclpy_minimal_publisher
[6.338s] running symlink_data
[7.563s] Invoked command in '/home/guy/ros2_ws/build/examples_rclpy_minimal_publisher' returned '0': PYTHONPATH=/home/guy/ros2_ws/build/examples_rclpy_minimal_publisher/prefix_override:/usr/lib/python3/dist-packages/colcon_core/task/python/colcon_distutils_commands:/home/guy/ros2_ws/install/examples_rclpy_minimal_publisher/lib/python3.10/site-packages:${PYTHONPATH} /usr/bin/python3 -W ignore:setup.py install is deprecated -W ignore:easy_install command is deprecated setup.py develop --editable --build-directory /home/guy/ros2_ws/build/examples_rclpy_minimal_publisher/build --no-deps symlink_data
