[0.047s] Invoking command in '/home/guy/ros2_ws/build/examples_rclcpp_wait_set': CMAKE_PREFIX_PATH=/opt/ros/humble /usr/bin/cmake --build /home/guy/ros2_ws/build/examples_rclcpp_wait_set -- -j6 -l6
[0.350s] [  8%] Built target talker
[0.427s] [ 16%] Built target static_wait_set
[0.511s] [ 25%] Built target thread_safe_wait_set
[0.582s] [ 33%] Built target wait_set_topics_and_timer
[0.643s] [ 41%] Built target wait_set_random_order
[0.714s] [ 50%] Built target executor_random_order
[0.792s] [ 58%] Built target wait_set_topics_with_different_rates
[0.898s] [ 66%] Built target wait_set
[0.977s] [ 75%] Built target wait_set_listener
[1.062s] [ 83%] Built target listener
[1.141s] [ 91%] Built target wait_set_talker
[1.191s] [100%] Built target wait_set_composed
[2.022s] Invoked command in '/home/guy/ros2_ws/build/examples_rclcpp_wait_set' returned '0': CMAKE_PREFIX_PATH=/opt/ros/humble /usr/bin/cmake --build /home/guy/ros2_ws/build/examples_rclcpp_wait_set -- -j6 -l6
[2.024s] Invoking command in '/home/guy/ros2_ws/build/examples_rclcpp_wait_set': CMAKE_PREFIX_PATH=/opt/ros/humble /usr/bin/cmake --install /home/guy/ros2_ws/build/examples_rclcpp_wait_set
[2.059s] -- Install configuration: ""
[2.059s] -- Execute custom install script
[2.060s] -- Up-to-date symlink: /home/guy/ros2_ws/install/examples_rclcpp_wait_set/lib/examples_rclcpp_wait_set/wait_set_talker
[2.060s] -- Up-to-date symlink: /home/guy/ros2_ws/install/examples_rclcpp_wait_set/lib/examples_rclcpp_wait_set/wait_set_listener
[2.060s] -- Up-to-date symlink: /home/guy/ros2_ws/install/examples_rclcpp_wait_set/lib/libtalker.so
[2.060s] -- Up-to-date symlink: /home/guy/ros2_ws/install/examples_rclcpp_wait_set/lib/liblistener.so
[2.060s] -- Up-to-date symlink: /home/guy/ros2_ws/install/examples_rclcpp_wait_set/lib/examples_rclcpp_wait_set/wait_set
[2.070s] -- Up-to-date symlink: /home/guy/ros2_ws/install/examples_rclcpp_wait_set/lib/examples_rclcpp_wait_set/static_wait_set
[2.071s] -- Up-to-date symlink: /home/guy/ros2_ws/install/examples_rclcpp_wait_set/lib/examples_rclcpp_wait_set/thread_safe_wait_set
[2.071s] -- Up-to-date symlink: /home/guy/ros2_ws/install/examples_rclcpp_wait_set/lib/examples_rclcpp_wait_set/wait_set_topics_and_timer
[2.071s] -- Up-to-date symlink: /home/guy/ros2_ws/install/examples_rclcpp_wait_set/lib/examples_rclcpp_wait_set/wait_set_random_order
[2.071s] -- Up-to-date symlink: /home/guy/ros2_ws/install/examples_rclcpp_wait_set/lib/examples_rclcpp_wait_set/executor_random_order
[2.071s] -- Up-to-date symlink: /home/guy/ros2_ws/install/examples_rclcpp_wait_set/lib/examples_rclcpp_wait_set/wait_set_topics_with_different_rates
[2.071s] -- Up-to-date symlink: /home/guy/ros2_ws/install/examples_rclcpp_wait_set/lib/examples_rclcpp_wait_set/wait_set_composed
[2.072s] -- Up-to-date symlink: /home/guy/ros2_ws/install/examples_rclcpp_wait_set/share/ament_index/resource_index/package_run_dependencies/examples_rclcpp_wait_set
[2.072s] -- Up-to-date symlink: /home/guy/ros2_ws/install/examples_rclcpp_wait_set/share/ament_index/resource_index/parent_prefix_path/examples_rclcpp_wait_set
[2.072s] -- Up-to-date symlink: /home/guy/ros2_ws/install/examples_rclcpp_wait_set/share/examples_rclcpp_wait_set/environment/ament_prefix_path.sh
[2.072s] -- Up-to-date symlink: /home/guy/ros2_ws/install/examples_rclcpp_wait_set/share/examples_rclcpp_wait_set/environment/ament_prefix_path.dsv
[2.072s] -- Up-to-date symlink: /home/guy/ros2_ws/install/examples_rclcpp_wait_set/share/examples_rclcpp_wait_set/environment/path.sh
[2.072s] -- Up-to-date symlink: /home/guy/ros2_ws/install/examples_rclcpp_wait_set/share/examples_rclcpp_wait_set/environment/path.dsv
[2.072s] -- Up-to-date symlink: /home/guy/ros2_ws/install/examples_rclcpp_wait_set/share/examples_rclcpp_wait_set/local_setup.bash
[2.072s] -- Up-to-date symlink: /home/guy/ros2_ws/install/examples_rclcpp_wait_set/share/examples_rclcpp_wait_set/local_setup.sh
[2.073s] -- Up-to-date symlink: /home/guy/ros2_ws/install/examples_rclcpp_wait_set/share/examples_rclcpp_wait_set/local_setup.zsh
[2.073s] -- Up-to-date symlink: /home/guy/ros2_ws/install/examples_rclcpp_wait_set/share/examples_rclcpp_wait_set/local_setup.dsv
[2.073s] -- Symlinking: /home/guy/ros2_ws/install/examples_rclcpp_wait_set/share/examples_rclcpp_wait_set/package.dsv
[2.094s] -- Up-to-date symlink: /home/guy/ros2_ws/install/examples_rclcpp_wait_set/share/ament_index/resource_index/packages/examples_rclcpp_wait_set
[2.094s] -- Up-to-date symlink: /home/guy/ros2_ws/install/examples_rclcpp_wait_set/share/ament_index/resource_index/rclcpp_components/examples_rclcpp_wait_set
[2.094s] -- Up-to-date symlink: /home/guy/ros2_ws/install/examples_rclcpp_wait_set/share/examples_rclcpp_wait_set/cmake/examples_rclcpp_wait_setConfig.cmake
[2.094s] -- Up-to-date symlink: /home/guy/ros2_ws/install/examples_rclcpp_wait_set/share/examples_rclcpp_wait_set/cmake/examples_rclcpp_wait_setConfig-version.cmake
[2.095s] -- Up-to-date symlink: /home/guy/ros2_ws/install/examples_rclcpp_wait_set/share/examples_rclcpp_wait_set/package.xml
[2.813s] Invoked command in '/home/guy/ros2_ws/build/examples_rclcpp_wait_set' returned '0': CMAKE_PREFIX_PATH=/opt/ros/humble /usr/bin/cmake --install /home/guy/ros2_ws/build/examples_rclcpp_wait_set
