[0.107s] Invoking command in '/home/guy/ros2_ws/build/examples_rclcpp_minimal_publisher': CMAKE_PREFIX_PATH=${CMAKE_PREFIX_PATH}:/home/guy/ros2_ws/install/launch_testing_examples:/home/guy/ros2_ws/install/examples_rclpy_pointcloud_publisher:/home/guy/ros2_ws/install/examples_rclpy_minimal_subscriber:/home/guy/ros2_ws/install/examples_rclpy_minimal_service:/home/guy/ros2_ws/install/examples_rclpy_minimal_publisher:/home/guy/ros2_ws/install/examples_rclpy_minimal_client:/home/guy/ros2_ws/install/examples_rclpy_minimal_action_server:/home/guy/ros2_ws/install/examples_rclpy_minimal_action_client:/home/guy/ros2_ws/install/examples_rclpy_guard_conditions:/home/guy/ros2_ws/install/examples_rclpy_executors:/opt/ros/humble /usr/bin/cmake /home/guy/ros2_ws/src/examples/rclcpp/topics/minimal_publisher -DAMENT_CMAKE_SYMLINK_INSTALL=1 -DCMAKE_INSTALL_PREFIX=/home/guy/ros2_ws/install/examples_rclcpp_minimal_publisher
[0.158s] -- Found ament_cmake: 1.3.11 (/opt/ros/humble/share/ament_cmake/cmake)
[0.614s] -- Override CMake install command with custom implementation using symlinks instead of copying resources
[0.629s] -- Found rclcpp: 16.0.12 (/opt/ros/humble/share/rclcpp/cmake)
[0.725s] -- Found rosidl_generator_c: 3.1.6 (/opt/ros/humble/share/rosidl_generator_c/cmake)
[0.734s] -- Found rosidl_adapter: 3.1.6 (/opt/ros/humble/share/rosidl_adapter/cmake)
[0.746s] -- Found rosidl_generator_cpp: 3.1.6 (/opt/ros/humble/share/rosidl_generator_cpp/cmake)
[0.792s] -- Using all available rosidl_typesupport_c: rosidl_typesupport_fastrtps_c;rosidl_typesupport_introspection_c
[0.834s] -- Using all available rosidl_typesupport_cpp: rosidl_typesupport_fastrtps_cpp;rosidl_typesupport_introspection_cpp
[0.939s] -- Found rmw_implementation_cmake: 6.1.2 (/opt/ros/humble/share/rmw_implementation_cmake/cmake)
[0.944s] -- Found rmw_fastrtps_cpp: 6.2.7 (/opt/ros/humble/share/rmw_fastrtps_cpp/cmake)
[1.242s] -- Using RMW implementation 'rmw_fastrtps_cpp' as default
[1.491s] -- Found ament_lint_auto: 0.12.12 (/opt/ros/humble/share/ament_lint_auto/cmake)
[1.850s] -- Added test 'copyright' to check source files copyright and LICENSE
[1.852s] -- Added test 'cppcheck' to perform static code analysis on C / C++ code
[1.853s] -- Configured cppcheck include dirs: 
[1.853s] -- Configured cppcheck exclude dirs and/or files: 
[1.854s] -- Added test 'cpplint' to check C / C++ code against the Google style
[1.855s] -- Configured cpplint exclude dirs and/or files: 
[1.856s] -- Added test 'lint_cmake' to check CMake code style
[1.858s] -- Added test 'uncrustify' to check C / C++ code style
[1.863s] -- Configured uncrustify additional arguments: 
[1.864s] -- Added test 'xmllint' to check XML markup files
[1.866s] -- Configuring done
[1.968s] -- Generating done
[2.012s] -- Build files have been written to: /home/guy/ros2_ws/build/examples_rclcpp_minimal_publisher
[2.079s] Invoked command in '/home/guy/ros2_ws/build/examples_rclcpp_minimal_publisher' returned '0': CMAKE_PREFIX_PATH=${CMAKE_PREFIX_PATH}:/home/guy/ros2_ws/install/launch_testing_examples:/home/guy/ros2_ws/install/examples_rclpy_pointcloud_publisher:/home/guy/ros2_ws/install/examples_rclpy_minimal_subscriber:/home/guy/ros2_ws/install/examples_rclpy_minimal_service:/home/guy/ros2_ws/install/examples_rclpy_minimal_publisher:/home/guy/ros2_ws/install/examples_rclpy_minimal_client:/home/guy/ros2_ws/install/examples_rclpy_minimal_action_server:/home/guy/ros2_ws/install/examples_rclpy_minimal_action_client:/home/guy/ros2_ws/install/examples_rclpy_guard_conditions:/home/guy/ros2_ws/install/examples_rclpy_executors:/opt/ros/humble /usr/bin/cmake /home/guy/ros2_ws/src/examples/rclcpp/topics/minimal_publisher -DAMENT_CMAKE_SYMLINK_INSTALL=1 -DCMAKE_INSTALL_PREFIX=/home/guy/ros2_ws/install/examples_rclcpp_minimal_publisher
[2.080s] Invoking command in '/home/guy/ros2_ws/build/examples_rclcpp_minimal_publisher': CMAKE_PREFIX_PATH=${CMAKE_PREFIX_PATH}:/home/guy/ros2_ws/install/launch_testing_examples:/home/guy/ros2_ws/install/examples_rclpy_pointcloud_publisher:/home/guy/ros2_ws/install/examples_rclpy_minimal_subscriber:/home/guy/ros2_ws/install/examples_rclpy_minimal_service:/home/guy/ros2_ws/install/examples_rclpy_minimal_publisher:/home/guy/ros2_ws/install/examples_rclpy_minimal_client:/home/guy/ros2_ws/install/examples_rclpy_minimal_action_server:/home/guy/ros2_ws/install/examples_rclpy_minimal_action_client:/home/guy/ros2_ws/install/examples_rclpy_guard_conditions:/home/guy/ros2_ws/install/examples_rclpy_executors:/opt/ros/humble /usr/bin/cmake --build /home/guy/ros2_ws/build/examples_rclcpp_minimal_publisher -- -j6 -l6
[2.457s] [35m[1mConsolidate compiler generated dependencies of target publisher_lambda[0m
[2.458s] [ 16%] Built target publisher_lambda
[2.466s] [35m[1mConsolidate compiler generated dependencies of target publisher_not_composable[0m
[2.564s] [ 33%] Built target publisher_not_composable
[2.631s] [35m[1mConsolidate compiler generated dependencies of target publisher_wait_for_all_acked[0m
[2.740s] [ 50%] Built target publisher_wait_for_all_acked
[2.800s] [35m[1mConsolidate compiler generated dependencies of target publisher_member_function_with_unique_network_flow_endpoints[0m
[2.912s] [ 66%] Built target publisher_member_function_with_unique_network_flow_endpoints
[2.984s] [35m[1mConsolidate compiler generated dependencies of target publisher_member_function_with_type_adapter[0m
[3.098s] [ 83%] Built target publisher_member_function_with_type_adapter
[3.154s] [35m[1mConsolidate compiler generated dependencies of target publisher_member_function[0m
[3.266s] [100%] Built target publisher_member_function
[3.833s] Invoked command in '/home/guy/ros2_ws/build/examples_rclcpp_minimal_publisher' returned '0': CMAKE_PREFIX_PATH=${CMAKE_PREFIX_PATH}:/home/guy/ros2_ws/install/launch_testing_examples:/home/guy/ros2_ws/install/examples_rclpy_pointcloud_publisher:/home/guy/ros2_ws/install/examples_rclpy_minimal_subscriber:/home/guy/ros2_ws/install/examples_rclpy_minimal_service:/home/guy/ros2_ws/install/examples_rclpy_minimal_publisher:/home/guy/ros2_ws/install/examples_rclpy_minimal_client:/home/guy/ros2_ws/install/examples_rclpy_minimal_action_server:/home/guy/ros2_ws/install/examples_rclpy_minimal_action_client:/home/guy/ros2_ws/install/examples_rclpy_guard_conditions:/home/guy/ros2_ws/install/examples_rclpy_executors:/opt/ros/humble /usr/bin/cmake --build /home/guy/ros2_ws/build/examples_rclcpp_minimal_publisher -- -j6 -l6
[3.844s] Invoking command in '/home/guy/ros2_ws/build/examples_rclcpp_minimal_publisher': CMAKE_PREFIX_PATH=${CMAKE_PREFIX_PATH}:/home/guy/ros2_ws/install/launch_testing_examples:/home/guy/ros2_ws/install/examples_rclpy_pointcloud_publisher:/home/guy/ros2_ws/install/examples_rclpy_minimal_subscriber:/home/guy/ros2_ws/install/examples_rclpy_minimal_service:/home/guy/ros2_ws/install/examples_rclpy_minimal_publisher:/home/guy/ros2_ws/install/examples_rclpy_minimal_client:/home/guy/ros2_ws/install/examples_rclpy_minimal_action_server:/home/guy/ros2_ws/install/examples_rclpy_minimal_action_client:/home/guy/ros2_ws/install/examples_rclpy_guard_conditions:/home/guy/ros2_ws/install/examples_rclpy_executors:/opt/ros/humble /usr/bin/cmake --install /home/guy/ros2_ws/build/examples_rclcpp_minimal_publisher
[3.918s] -- Install configuration: ""
[3.918s] -- Execute custom install script
[3.919s] -- Up-to-date symlink: /home/guy/ros2_ws/install/examples_rclcpp_minimal_publisher/lib/examples_rclcpp_minimal_publisher/publisher_lambda
[3.920s] -- Up-to-date symlink: /home/guy/ros2_ws/install/examples_rclcpp_minimal_publisher/lib/examples_rclcpp_minimal_publisher/publisher_member_function
[3.920s] -- Up-to-date symlink: /home/guy/ros2_ws/install/examples_rclcpp_minimal_publisher/lib/examples_rclcpp_minimal_publisher/publisher_member_function_with_type_adapter
[3.920s] -- Up-to-date symlink: /home/guy/ros2_ws/install/examples_rclcpp_minimal_publisher/lib/examples_rclcpp_minimal_publisher/publisher_member_function_with_unique_network_flow_endpoints
[3.921s] -- Up-to-date symlink: /home/guy/ros2_ws/install/examples_rclcpp_minimal_publisher/lib/examples_rclcpp_minimal_publisher/publisher_wait_for_all_acked
[3.921s] -- Up-to-date symlink: /home/guy/ros2_ws/install/examples_rclcpp_minimal_publisher/lib/examples_rclcpp_minimal_publisher/publisher_not_composable
[3.921s] -- Up-to-date symlink: /home/guy/ros2_ws/install/examples_rclcpp_minimal_publisher/share/ament_index/resource_index/package_run_dependencies/examples_rclcpp_minimal_publisher
[3.921s] -- Up-to-date symlink: /home/guy/ros2_ws/install/examples_rclcpp_minimal_publisher/share/ament_index/resource_index/parent_prefix_path/examples_rclcpp_minimal_publisher
[3.921s] -- Up-to-date symlink: /home/guy/ros2_ws/install/examples_rclcpp_minimal_publisher/share/examples_rclcpp_minimal_publisher/environment/ament_prefix_path.sh
[3.921s] -- Up-to-date symlink: /home/guy/ros2_ws/install/examples_rclcpp_minimal_publisher/share/examples_rclcpp_minimal_publisher/environment/ament_prefix_path.dsv
[3.922s] -- Up-to-date symlink: /home/guy/ros2_ws/install/examples_rclcpp_minimal_publisher/share/examples_rclcpp_minimal_publisher/environment/path.sh
[3.922s] -- Up-to-date symlink: /home/guy/ros2_ws/install/examples_rclcpp_minimal_publisher/share/examples_rclcpp_minimal_publisher/environment/path.dsv
[3.922s] -- Up-to-date symlink: /home/guy/ros2_ws/install/examples_rclcpp_minimal_publisher/share/examples_rclcpp_minimal_publisher/local_setup.bash
[3.922s] -- Up-to-date symlink: /home/guy/ros2_ws/install/examples_rclcpp_minimal_publisher/share/examples_rclcpp_minimal_publisher/local_setup.sh
[3.922s] -- Up-to-date symlink: /home/guy/ros2_ws/install/examples_rclcpp_minimal_publisher/share/examples_rclcpp_minimal_publisher/local_setup.zsh
[3.922s] -- Up-to-date symlink: /home/guy/ros2_ws/install/examples_rclcpp_minimal_publisher/share/examples_rclcpp_minimal_publisher/local_setup.dsv
[3.922s] -- Symlinking: /home/guy/ros2_ws/install/examples_rclcpp_minimal_publisher/share/examples_rclcpp_minimal_publisher/package.dsv
[3.937s] -- Up-to-date symlink: /home/guy/ros2_ws/install/examples_rclcpp_minimal_publisher/share/ament_index/resource_index/packages/examples_rclcpp_minimal_publisher
[3.937s] -- Up-to-date symlink: /home/guy/ros2_ws/install/examples_rclcpp_minimal_publisher/share/examples_rclcpp_minimal_publisher/cmake/examples_rclcpp_minimal_publisherConfig.cmake
[3.937s] -- Up-to-date symlink: /home/guy/ros2_ws/install/examples_rclcpp_minimal_publisher/share/examples_rclcpp_minimal_publisher/cmake/examples_rclcpp_minimal_publisherConfig-version.cmake
[3.937s] -- Up-to-date symlink: /home/guy/ros2_ws/install/examples_rclcpp_minimal_publisher/share/examples_rclcpp_minimal_publisher/package.xml
[3.954s] Invoked command in '/home/guy/ros2_ws/build/examples_rclcpp_minimal_publisher' returned '0': CMAKE_PREFIX_PATH=${CMAKE_PREFIX_PATH}:/home/guy/ros2_ws/install/launch_testing_examples:/home/guy/ros2_ws/install/examples_rclpy_pointcloud_publisher:/home/guy/ros2_ws/install/examples_rclpy_minimal_subscriber:/home/guy/ros2_ws/install/examples_rclpy_minimal_service:/home/guy/ros2_ws/install/examples_rclpy_minimal_publisher:/home/guy/ros2_ws/install/examples_rclpy_minimal_client:/home/guy/ros2_ws/install/examples_rclpy_minimal_action_server:/home/guy/ros2_ws/install/examples_rclpy_minimal_action_client:/home/guy/ros2_ws/install/examples_rclpy_guard_conditions:/home/guy/ros2_ws/install/examples_rclpy_executors:/opt/ros/humble /usr/bin/cmake --install /home/guy/ros2_ws/build/examples_rclcpp_minimal_publisher
