[5.434s] Invoking command in '/home/guy/ros2_ws/src/examples/rclpy/guard_conditions': PYTHONPATH=/home/guy/ros2_ws/build/examples_rclpy_guard_conditions/prefix_override:/usr/lib/python3/dist-packages/colcon_core/task/python/colcon_distutils_commands:/home/guy/ros2_ws/install/examples_rclpy_guard_conditions/lib/python3.10/site-packages:${PYTHONPATH} /usr/bin/python3 -W ignore:setup.py install is deprecated -W ignore:easy_install command is deprecated setup.py egg_info --egg-base ../../../../build/examples_rclpy_guard_conditions build --build-base /home/guy/ros2_ws/build/examples_rclpy_guard_conditions/build install --record /home/guy/ros2_ws/build/examples_rclpy_guard_conditions/install.log --single-version-externally-managed install_data
[6.652s] running egg_info
[6.653s] writing ../../../../build/examples_rclpy_guard_conditions/examples_rclpy_guard_conditions.egg-info/PKG-INFO
[6.654s] writing dependency_links to ../../../../build/examples_rclpy_guard_conditions/examples_rclpy_guard_conditions.egg-info/dependency_links.txt
[6.654s] writing entry points to ../../../../build/examples_rclpy_guard_conditions/examples_rclpy_guard_conditions.egg-info/entry_points.txt
[6.655s] writing requirements to ../../../../build/examples_rclpy_guard_conditions/examples_rclpy_guard_conditions.egg-info/requires.txt
[6.655s] writing top-level names to ../../../../build/examples_rclpy_guard_conditions/examples_rclpy_guard_conditions.egg-info/top_level.txt
[6.669s] reading manifest file '../../../../build/examples_rclpy_guard_conditions/examples_rclpy_guard_conditions.egg-info/SOURCES.txt'
[6.671s] writing manifest file '../../../../build/examples_rclpy_guard_conditions/examples_rclpy_guard_conditions.egg-info/SOURCES.txt'
[6.671s] running build
[6.671s] running build_py
[6.672s] running install
[6.672s] running install_lib
[6.676s] running install_data
[6.676s] running install_egg_info
[6.692s] removing '/home/guy/ros2_ws/install/examples_rclpy_guard_conditions/lib/python3.10/site-packages/examples_rclpy_guard_conditions-0.15.3-py3.10.egg-info' (and everything under it)
[6.693s] Copying ../../../../build/examples_rclpy_guard_conditions/examples_rclpy_guard_conditions.egg-info to /home/guy/ros2_ws/install/examples_rclpy_guard_conditions/lib/python3.10/site-packages/examples_rclpy_guard_conditions-0.15.3-py3.10.egg-info
[6.695s] running install_scripts
[6.789s] Installing trigger_guard_condition script to /home/guy/ros2_ws/install/examples_rclpy_guard_conditions/lib/examples_rclpy_guard_conditions
[6.790s] writing list of installed files to '/home/guy/ros2_ws/build/examples_rclpy_guard_conditions/install.log'
[7.173s] Invoked command in '/home/guy/ros2_ws/src/examples/rclpy/guard_conditions' returned '0': PYTHONPATH=/home/guy/ros2_ws/build/examples_rclpy_guard_conditions/prefix_override:/usr/lib/python3/dist-packages/colcon_core/task/python/colcon_distutils_commands:/home/guy/ros2_ws/install/examples_rclpy_guard_conditions/lib/python3.10/site-packages:${PYTHONPATH} /usr/bin/python3 -W ignore:setup.py install is deprecated -W ignore:easy_install command is deprecated setup.py egg_info --egg-base ../../../../build/examples_rclpy_guard_conditions build --build-base /home/guy/ros2_ws/build/examples_rclpy_guard_conditions/build install --record /home/guy/ros2_ws/build/examples_rclpy_guard_conditions/install.log --single-version-externally-managed install_data
