[0.070s] Invoking command in '/home/guy/ros2_ws/build/examples_rclcpp_wait_set': CMAKE_PREFIX_PATH=/opt/ros/humble /usr/bin/cmake --build /home/guy/ros2_ws/build/examples_rclcpp_wait_set -- -j6 -l6
[0.327s] [  8%] Built target talker
[0.466s] [ 16%] Built target static_wait_set
[0.579s] [ 25%] Built target thread_safe_wait_set
[0.710s] [ 33%] Built target wait_set_topics_and_timer
[0.848s] [ 41%] Built target wait_set_random_order
[0.987s] [ 50%] Built target executor_random_order
[1.114s] [ 58%] Built target wait_set_topics_with_different_rates
[1.230s] [ 66%] Built target wait_set
[1.292s] [35m[1mConsolidate compiler generated dependencies of target wait_set_listener[0m
[1.349s] [ 75%] Built target wait_set_listener
[1.446s] [ 83%] Built target listener
[1.519s] [35m[1mConsolidate compiler generated dependencies of target wait_set_talker[0m
[1.614s] [ 91%] Built target wait_set_talker
[1.762s] [100%] Built target wait_set_composed
[2.293s] Invoked command in '/home/guy/ros2_ws/build/examples_rclcpp_wait_set' returned '0': CMAKE_PREFIX_PATH=/opt/ros/humble /usr/bin/cmake --build /home/guy/ros2_ws/build/examples_rclcpp_wait_set -- -j6 -l6
[2.298s] Invoking command in '/home/guy/ros2_ws/build/examples_rclcpp_wait_set': CMAKE_PREFIX_PATH=/opt/ros/humble /usr/bin/cmake --install /home/guy/ros2_ws/build/examples_rclcpp_wait_set
[2.335s] -- Install configuration: ""
[2.335s] -- Execute custom install script
[2.335s] -- Up-to-date symlink: /home/guy/ros2_ws/install/examples_rclcpp_wait_set/lib/examples_rclcpp_wait_set/wait_set_talker
[2.336s] -- Up-to-date symlink: /home/guy/ros2_ws/install/examples_rclcpp_wait_set/lib/examples_rclcpp_wait_set/wait_set_listener
[2.336s] -- Up-to-date symlink: /home/guy/ros2_ws/install/examples_rclcpp_wait_set/lib/libtalker.so
[2.336s] -- Up-to-date symlink: /home/guy/ros2_ws/install/examples_rclcpp_wait_set/lib/liblistener.so
[2.336s] -- Up-to-date symlink: /home/guy/ros2_ws/install/examples_rclcpp_wait_set/lib/examples_rclcpp_wait_set/wait_set
[2.336s] -- Up-to-date symlink: /home/guy/ros2_ws/install/examples_rclcpp_wait_set/lib/examples_rclcpp_wait_set/static_wait_set
[2.336s] -- Up-to-date symlink: /home/guy/ros2_ws/install/examples_rclcpp_wait_set/lib/examples_rclcpp_wait_set/thread_safe_wait_set
[2.336s] -- Up-to-date symlink: /home/guy/ros2_ws/install/examples_rclcpp_wait_set/lib/examples_rclcpp_wait_set/wait_set_topics_and_timer
[2.337s] -- Up-to-date symlink: /home/guy/ros2_ws/install/examples_rclcpp_wait_set/lib/examples_rclcpp_wait_set/wait_set_random_order
[2.337s] -- Up-to-date symlink: /home/guy/ros2_ws/install/examples_rclcpp_wait_set/lib/examples_rclcpp_wait_set/executor_random_order
[2.337s] -- Up-to-date symlink: /home/guy/ros2_ws/install/examples_rclcpp_wait_set/lib/examples_rclcpp_wait_set/wait_set_topics_with_different_rates
[2.337s] -- Up-to-date symlink: /home/guy/ros2_ws/install/examples_rclcpp_wait_set/lib/examples_rclcpp_wait_set/wait_set_composed
[2.337s] -- Up-to-date symlink: /home/guy/ros2_ws/install/examples_rclcpp_wait_set/share/ament_index/resource_index/package_run_dependencies/examples_rclcpp_wait_set
[2.337s] -- Up-to-date symlink: /home/guy/ros2_ws/install/examples_rclcpp_wait_set/share/ament_index/resource_index/parent_prefix_path/examples_rclcpp_wait_set
[2.337s] -- Up-to-date symlink: /home/guy/ros2_ws/install/examples_rclcpp_wait_set/share/examples_rclcpp_wait_set/environment/ament_prefix_path.sh
[2.337s] -- Up-to-date symlink: /home/guy/ros2_ws/install/examples_rclcpp_wait_set/share/examples_rclcpp_wait_set/environment/ament_prefix_path.dsv
[2.338s] -- Up-to-date symlink: /home/guy/ros2_ws/install/examples_rclcpp_wait_set/share/examples_rclcpp_wait_set/environment/path.sh
[2.338s] -- Up-to-date symlink: /home/guy/ros2_ws/install/examples_rclcpp_wait_set/share/examples_rclcpp_wait_set/environment/path.dsv
[2.338s] -- Up-to-date symlink: /home/guy/ros2_ws/install/examples_rclcpp_wait_set/share/examples_rclcpp_wait_set/local_setup.bash
[2.338s] -- Up-to-date symlink: /home/guy/ros2_ws/install/examples_rclcpp_wait_set/share/examples_rclcpp_wait_set/local_setup.sh
[2.338s] -- Up-to-date symlink: /home/guy/ros2_ws/install/examples_rclcpp_wait_set/share/examples_rclcpp_wait_set/local_setup.zsh
[2.338s] -- Up-to-date symlink: /home/guy/ros2_ws/install/examples_rclcpp_wait_set/share/examples_rclcpp_wait_set/local_setup.dsv
[2.338s] -- Symlinking: /home/guy/ros2_ws/install/examples_rclcpp_wait_set/share/examples_rclcpp_wait_set/package.dsv
[2.345s] -- Up-to-date symlink: /home/guy/ros2_ws/install/examples_rclcpp_wait_set/share/ament_index/resource_index/packages/examples_rclcpp_wait_set
[2.345s] -- Up-to-date symlink: /home/guy/ros2_ws/install/examples_rclcpp_wait_set/share/ament_index/resource_index/rclcpp_components/examples_rclcpp_wait_set
[2.348s] -- Up-to-date symlink: /home/guy/ros2_ws/install/examples_rclcpp_wait_set/share/examples_rclcpp_wait_set/cmake/examples_rclcpp_wait_setConfig.cmake
[2.348s] -- Up-to-date symlink: /home/guy/ros2_ws/install/examples_rclcpp_wait_set/share/examples_rclcpp_wait_set/cmake/examples_rclcpp_wait_setConfig-version.cmake
[2.349s] -- Up-to-date symlink: /home/guy/ros2_ws/install/examples_rclcpp_wait_set/share/examples_rclcpp_wait_set/package.xml
[3.956s] Invoked command in '/home/guy/ros2_ws/build/examples_rclcpp_wait_set' returned '0': CMAKE_PREFIX_PATH=/opt/ros/humble /usr/bin/cmake --install /home/guy/ros2_ws/build/examples_rclcpp_wait_set
