[0.037s] Invoking command in '/home/guy/ros2_ws/build/examples_rclcpp_minimal_timer': CMAKE_PREFIX_PATH=/opt/ros/humble /usr/bin/cmake /home/guy/ros2_ws/src/examples/rclcpp/timers/minimal_timer -DAMENT_CMAKE_SYMLINK_INSTALL=1 -DCMAKE_INSTALL_PREFIX=/home/guy/ros2_ws/install/examples_rclcpp_minimal_timer
[3.900s] -- The C compiler identification is GNU 11.4.0
[3.901s] -- The CXX compiler identification is GNU 11.4.0
[3.901s] -- Detecting C compiler ABI info
[3.901s] -- Detecting C compiler ABI info - done
[3.901s] -- Check for working C compiler: /usr/bin/cc - skipped
[3.901s] -- Detecting C compile features
[3.901s] -- Detecting C compile features - done
[3.902s] -- Detecting CXX compiler ABI info
[3.902s] -- Detecting CXX compiler ABI info - done
[3.902s] -- Check for working CXX compiler: /usr/bin/c++ - skipped
[3.902s] -- Detecting CXX compile features
[3.902s] -- Detecting CXX compile features - done
[3.902s] -- Found ament_cmake: 1.3.11 (/opt/ros/humble/share/ament_cmake/cmake)
[3.902s] -- Found Python3: /usr/bin/python3 (found version "3.10.12") found components: Interpreter 
[3.902s] -- Override CMake install command with custom implementation using symlinks instead of copying resources
[3.903s] -- Found rclcpp: 16.0.11 (/opt/ros/humble/share/rclcpp/cmake)
[3.903s] -- Found rosidl_generator_c: 3.1.6 (/opt/ros/humble/share/rosidl_generator_c/cmake)
[3.903s] -- Found rosidl_adapter: 3.1.6 (/opt/ros/humble/share/rosidl_adapter/cmake)
[3.903s] -- Found rosidl_generator_cpp: 3.1.6 (/opt/ros/humble/share/rosidl_generator_cpp/cmake)
[3.903s] -- Using all available rosidl_typesupport_c: rosidl_typesupport_fastrtps_c;rosidl_typesupport_introspection_c
[3.903s] -- Using all available rosidl_typesupport_cpp: rosidl_typesupport_fastrtps_cpp;rosidl_typesupport_introspection_cpp
[3.903s] -- Found rmw_implementation_cmake: 6.1.2 (/opt/ros/humble/share/rmw_implementation_cmake/cmake)
[3.903s] -- Found rmw_fastrtps_cpp: 6.2.7 (/opt/ros/humble/share/rmw_fastrtps_cpp/cmake)
[3.904s] -- Found OpenSSL: /usr/lib/aarch64-linux-gnu/libcrypto.so (found version "3.0.2")  
[3.904s] -- Found FastRTPS: /opt/ros/humble/include  
[3.904s] -- Using RMW implementation 'rmw_fastrtps_cpp' as default
[3.904s] -- Looking for pthread.h
[4.076s] -- Looking for pthread.h - found
[4.077s] -- Performing Test CMAKE_HAVE_LIBC_PTHREAD
[4.492s] -- Performing Test CMAKE_HAVE_LIBC_PTHREAD - Success
[4.494s] -- Found Threads: TRUE  
[4.649s] -- Found ament_lint_auto: 0.12.11 (/opt/ros/humble/share/ament_lint_auto/cmake)
[4.867s] -- Added test 'copyright' to check source files copyright and LICENSE
[4.871s] -- Added test 'cppcheck' to perform static code analysis on C / C++ code
[4.875s] -- Configured cppcheck include dirs: 
[4.875s] -- Configured cppcheck exclude dirs and/or files: 
[4.879s] -- Added test 'cpplint' to check C / C++ code against the Google style
[4.879s] -- Configured cpplint exclude dirs and/or files: 
[4.882s] -- Added test 'lint_cmake' to check CMake code style
[4.885s] -- Added test 'uncrustify' to check C / C++ code style
[4.886s] -- Configured uncrustify additional arguments: 
[4.888s] -- Added test 'xmllint' to check XML markup files
[4.903s] -- Configuring done
[4.963s] -- Generating done
[4.985s] -- Build files have been written to: /home/guy/ros2_ws/build/examples_rclcpp_minimal_timer
[5.022s] Invoked command in '/home/guy/ros2_ws/build/examples_rclcpp_minimal_timer' returned '0': CMAKE_PREFIX_PATH=/opt/ros/humble /usr/bin/cmake /home/guy/ros2_ws/src/examples/rclcpp/timers/minimal_timer -DAMENT_CMAKE_SYMLINK_INSTALL=1 -DCMAKE_INSTALL_PREFIX=/home/guy/ros2_ws/install/examples_rclcpp_minimal_timer
[5.040s] Invoking command in '/home/guy/ros2_ws/build/examples_rclcpp_minimal_timer': CMAKE_PREFIX_PATH=/opt/ros/humble /usr/bin/cmake --build /home/guy/ros2_ws/build/examples_rclcpp_minimal_timer -- -j6 -l6
[17.908s] [ 25%] [32mBuilding CXX object CMakeFiles/timer_lambda.dir/lambda.cpp.o[0m
[17.908s] [ 50%] [32m[1mLinking CXX executable timer_lambda[0m
[17.908s] [ 50%] Built target timer_lambda
[17.909s] [ 75%] [32mBuilding CXX object CMakeFiles/timer_member_function.dir/member_function.cpp.o[0m
[25.094s] [100%] [32m[1mLinking CXX executable timer_member_function[0m
[25.394s] [100%] Built target timer_member_function
[25.451s] Invoked command in '/home/guy/ros2_ws/build/examples_rclcpp_minimal_timer' returned '0': CMAKE_PREFIX_PATH=/opt/ros/humble /usr/bin/cmake --build /home/guy/ros2_ws/build/examples_rclcpp_minimal_timer -- -j6 -l6
[25.452s] Invoking command in '/home/guy/ros2_ws/build/examples_rclcpp_minimal_timer': CMAKE_PREFIX_PATH=/opt/ros/humble /usr/bin/cmake --install /home/guy/ros2_ws/build/examples_rclcpp_minimal_timer
[25.651s] -- Install configuration: ""
[25.651s] -- Execute custom install script
[25.651s] -- Symlinking: /home/guy/ros2_ws/install/examples_rclcpp_minimal_timer/lib/examples_rclcpp_minimal_timer/timer_lambda
[25.652s] -- Symlinking: /home/guy/ros2_ws/install/examples_rclcpp_minimal_timer/lib/examples_rclcpp_minimal_timer/timer_member_function
[25.652s] -- Symlinking: /home/guy/ros2_ws/install/examples_rclcpp_minimal_timer/share/ament_index/resource_index/package_run_dependencies/examples_rclcpp_minimal_timer
[25.653s] -- Symlinking: /home/guy/ros2_ws/install/examples_rclcpp_minimal_timer/share/ament_index/resource_index/parent_prefix_path/examples_rclcpp_minimal_timer
[25.653s] -- Symlinking: /home/guy/ros2_ws/install/examples_rclcpp_minimal_timer/share/examples_rclcpp_minimal_timer/environment/ament_prefix_path.sh
[25.656s] -- Symlinking: /home/guy/ros2_ws/install/examples_rclcpp_minimal_timer/share/examples_rclcpp_minimal_timer/environment/ament_prefix_path.dsv
[25.656s] -- Symlinking: /home/guy/ros2_ws/install/examples_rclcpp_minimal_timer/share/examples_rclcpp_minimal_timer/environment/path.sh
[25.665s] -- Symlinking: /home/guy/ros2_ws/install/examples_rclcpp_minimal_timer/share/examples_rclcpp_minimal_timer/environment/path.dsv
[25.685s] -- Symlinking: /home/guy/ros2_ws/install/examples_rclcpp_minimal_timer/share/examples_rclcpp_minimal_timer/local_setup.bash
[25.711s] -- Symlinking: /home/guy/ros2_ws/install/examples_rclcpp_minimal_timer/share/examples_rclcpp_minimal_timer/local_setup.sh
[25.742s] -- Symlinking: /home/guy/ros2_ws/install/examples_rclcpp_minimal_timer/share/examples_rclcpp_minimal_timer/local_setup.zsh
[25.763s] -- Symlinking: /home/guy/ros2_ws/install/examples_rclcpp_minimal_timer/share/examples_rclcpp_minimal_timer/local_setup.dsv
[25.783s] -- Symlinking: /home/guy/ros2_ws/install/examples_rclcpp_minimal_timer/share/examples_rclcpp_minimal_timer/package.dsv
[25.805s] -- Symlinking: /home/guy/ros2_ws/install/examples_rclcpp_minimal_timer/share/ament_index/resource_index/packages/examples_rclcpp_minimal_timer
[25.827s] -- Symlinking: /home/guy/ros2_ws/install/examples_rclcpp_minimal_timer/share/examples_rclcpp_minimal_timer/cmake/examples_rclcpp_minimal_timerConfig.cmake
[25.851s] -- Symlinking: /home/guy/ros2_ws/install/examples_rclcpp_minimal_timer/share/examples_rclcpp_minimal_timer/cmake/examples_rclcpp_minimal_timerConfig-version.cmake
[25.871s] -- Symlinking: /home/guy/ros2_ws/install/examples_rclcpp_minimal_timer/share/examples_rclcpp_minimal_timer/package.xml
[25.917s] Invoked command in '/home/guy/ros2_ws/build/examples_rclcpp_minimal_timer' returned '0': CMAKE_PREFIX_PATH=/opt/ros/humble /usr/bin/cmake --install /home/guy/ros2_ws/build/examples_rclcpp_minimal_timer
