[1.603s] Invoking command in '/home/guy/ros2_ws/build/examples_rclpy_minimal_action_client': PYTHONPATH=/home/guy/ros2_ws/build/examples_rclpy_minimal_action_client/prefix_override:/usr/lib/python3/dist-packages/colcon_core/task/python/colcon_distutils_commands:/home/guy/ros2_ws/install/examples_rclpy_minimal_action_client/lib/python3.10/site-packages:${PYTHONPATH} /usr/bin/python3 -W ignore:setup.py install is deprecated -W ignore:easy_install command is deprecated setup.py develop --editable --build-directory /home/guy/ros2_ws/build/examples_rclpy_minimal_action_client/build --no-deps symlink_data
[2.422s] running develop
[2.844s] running egg_info
[2.845s] creating examples_rclpy_minimal_action_client.egg-info
[2.845s] writing examples_rclpy_minimal_action_client.egg-info/PKG-INFO
[2.846s] writing dependency_links to examples_rclpy_minimal_action_client.egg-info/dependency_links.txt
[2.847s] writing entry points to examples_rclpy_minimal_action_client.egg-info/entry_points.txt
[2.847s] writing requirements to examples_rclpy_minimal_action_client.egg-info/requires.txt
[2.847s] writing top-level names to examples_rclpy_minimal_action_client.egg-info/top_level.txt
[2.847s] writing manifest file 'examples_rclpy_minimal_action_client.egg-info/SOURCES.txt'
[2.851s] reading manifest file 'examples_rclpy_minimal_action_client.egg-info/SOURCES.txt'
[2.852s] writing manifest file 'examples_rclpy_minimal_action_client.egg-info/SOURCES.txt'
[2.856s] running build_ext
[2.856s] Creating /home/guy/ros2_ws/install/examples_rclpy_minimal_action_client/lib/python3.10/site-packages/examples-rclpy-minimal-action-client.egg-link (link to .)
[2.858s] Installing client script to /home/guy/ros2_ws/install/examples_rclpy_minimal_action_client/lib/examples_rclpy_minimal_action_client
[2.859s] Installing client_asyncio script to /home/guy/ros2_ws/install/examples_rclpy_minimal_action_client/lib/examples_rclpy_minimal_action_client
[2.859s] Installing client_cancel script to /home/guy/ros2_ws/install/examples_rclpy_minimal_action_client/lib/examples_rclpy_minimal_action_client
[2.859s] Installing client_not_composable script to /home/guy/ros2_ws/install/examples_rclpy_minimal_action_client/lib/examples_rclpy_minimal_action_client
[2.859s] 
[2.860s] Installed /home/guy/ros2_ws/build/examples_rclpy_minimal_action_client
[2.860s] running symlink_data
[2.860s] creating /home/guy/ros2_ws/install/examples_rclpy_minimal_action_client/share/ament_index
[2.860s] creating /home/guy/ros2_ws/install/examples_rclpy_minimal_action_client/share/ament_index/resource_index
[2.860s] creating /home/guy/ros2_ws/install/examples_rclpy_minimal_action_client/share/ament_index/resource_index/packages
[2.861s] symbolically linking /home/guy/ros2_ws/build/examples_rclpy_minimal_action_client/resource/examples_rclpy_minimal_action_client -> /home/guy/ros2_ws/install/examples_rclpy_minimal_action_client/share/ament_index/resource_index/packages
[2.861s] symbolically linking /home/guy/ros2_ws/build/examples_rclpy_minimal_action_client/package.xml -> /home/guy/ros2_ws/install/examples_rclpy_minimal_action_client/share/examples_rclpy_minimal_action_client
[3.256s] Invoked command in '/home/guy/ros2_ws/build/examples_rclpy_minimal_action_client' returned '0': PYTHONPATH=/home/guy/ros2_ws/build/examples_rclpy_minimal_action_client/prefix_override:/usr/lib/python3/dist-packages/colcon_core/task/python/colcon_distutils_commands:/home/guy/ros2_ws/install/examples_rclpy_minimal_action_client/lib/python3.10/site-packages:${PYTHONPATH} /usr/bin/python3 -W ignore:setup.py install is deprecated -W ignore:easy_install command is deprecated setup.py develop --editable --build-directory /home/guy/ros2_ws/build/examples_rclpy_minimal_action_client/build --no-deps symlink_data
