[4.320s] Invoking command in '/home/guy/ros2_ws/build/examples_rclpy_minimal_service': PYTHONPATH=/home/guy/ros2_ws/build/examples_rclpy_minimal_service/prefix_override:/usr/lib/python3/dist-packages/colcon_core/task/python/colcon_distutils_commands:/home/guy/ros2_ws/install/examples_rclpy_minimal_service/lib/python3.10/site-packages:${PYTHONPATH} /usr/bin/python3 -W ignore:setup.py install is deprecated -W ignore:easy_install command is deprecated setup.py develop --uninstall --editable --build-directory /home/guy/ros2_ws/build/examples_rclpy_minimal_service/build
[5.610s] running develop
[6.144s] Removing /home/guy/ros2_ws/install/examples_rclpy_minimal_service/lib/python3.10/site-packages/examples-rclpy-minimal-service.egg-link (link to .)
[6.236s] Invoked command in '/home/guy/ros2_ws/build/examples_rclpy_minimal_service' returned '0': PYTHONPATH=/home/guy/ros2_ws/build/examples_rclpy_minimal_service/prefix_override:/usr/lib/python3/dist-packages/colcon_core/task/python/colcon_distutils_commands:/home/guy/ros2_ws/install/examples_rclpy_minimal_service/lib/python3.10/site-packages:${PYTHONPATH} /usr/bin/python3 -W ignore:setup.py install is deprecated -W ignore:easy_install command is deprecated setup.py develop --uninstall --editable --build-directory /home/guy/ros2_ws/build/examples_rclpy_minimal_service/build
[6.238s] Invoking command in '/home/guy/ros2_ws/src/examples/rclpy/services/minimal_service': PYTHONPATH=/home/guy/ros2_ws/build/examples_rclpy_minimal_service/prefix_override:/usr/lib/python3/dist-packages/colcon_core/task/python/colcon_distutils_commands:/home/guy/ros2_ws/install/examples_rclpy_minimal_service/lib/python3.10/site-packages:${PYTHONPATH} /usr/bin/python3 -W ignore:setup.py install is deprecated -W ignore:easy_install command is deprecated setup.py egg_info --egg-base ../../../../../build/examples_rclpy_minimal_service build --build-base /home/guy/ros2_ws/build/examples_rclpy_minimal_service/build install --record /home/guy/ros2_ws/build/examples_rclpy_minimal_service/install.log --single-version-externally-managed install_data --force
[7.390s] running egg_info
[7.392s] writing ../../../../../build/examples_rclpy_minimal_service/examples_rclpy_minimal_service.egg-info/PKG-INFO
[7.393s] writing dependency_links to ../../../../../build/examples_rclpy_minimal_service/examples_rclpy_minimal_service.egg-info/dependency_links.txt
[7.395s] writing entry points to ../../../../../build/examples_rclpy_minimal_service/examples_rclpy_minimal_service.egg-info/entry_points.txt
[7.395s] writing requirements to ../../../../../build/examples_rclpy_minimal_service/examples_rclpy_minimal_service.egg-info/requires.txt
[7.396s] writing top-level names to ../../../../../build/examples_rclpy_minimal_service/examples_rclpy_minimal_service.egg-info/top_level.txt
[7.398s] reading manifest file '../../../../../build/examples_rclpy_minimal_service/examples_rclpy_minimal_service.egg-info/SOURCES.txt'
[7.400s] writing manifest file '../../../../../build/examples_rclpy_minimal_service/examples_rclpy_minimal_service.egg-info/SOURCES.txt'
[7.401s] running build
[7.401s] running build_py
[7.403s] running install
[7.403s] running install_lib
[7.405s] creating /home/guy/ros2_ws/install/examples_rclpy_minimal_service/lib/python3.10/site-packages/examples_rclpy_minimal_service
[7.405s] copying /home/guy/ros2_ws/build/examples_rclpy_minimal_service/build/lib/examples_rclpy_minimal_service/__init__.py -> /home/guy/ros2_ws/install/examples_rclpy_minimal_service/lib/python3.10/site-packages/examples_rclpy_minimal_service
[7.405s] copying /home/guy/ros2_ws/build/examples_rclpy_minimal_service/build/lib/examples_rclpy_minimal_service/service_member_function.py -> /home/guy/ros2_ws/install/examples_rclpy_minimal_service/lib/python3.10/site-packages/examples_rclpy_minimal_service
[7.408s] copying /home/guy/ros2_ws/build/examples_rclpy_minimal_service/build/lib/examples_rclpy_minimal_service/service.py -> /home/guy/ros2_ws/install/examples_rclpy_minimal_service/lib/python3.10/site-packages/examples_rclpy_minimal_service
[7.414s] byte-compiling /home/guy/ros2_ws/install/examples_rclpy_minimal_service/lib/python3.10/site-packages/examples_rclpy_minimal_service/__init__.py to __init__.cpython-310.pyc
[7.415s] byte-compiling /home/guy/ros2_ws/install/examples_rclpy_minimal_service/lib/python3.10/site-packages/examples_rclpy_minimal_service/service_member_function.py to service_member_function.cpython-310.pyc
[7.416s] byte-compiling /home/guy/ros2_ws/install/examples_rclpy_minimal_service/lib/python3.10/site-packages/examples_rclpy_minimal_service/service.py to service.cpython-310.pyc
[7.416s] running install_data
[7.416s] copying resource/examples_rclpy_minimal_service -> /home/guy/ros2_ws/install/examples_rclpy_minimal_service/share/ament_index/resource_index/packages
[7.417s] copying package.xml -> /home/guy/ros2_ws/install/examples_rclpy_minimal_service/share/examples_rclpy_minimal_service
[7.417s] running install_egg_info
[7.426s] Copying ../../../../../build/examples_rclpy_minimal_service/examples_rclpy_minimal_service.egg-info to /home/guy/ros2_ws/install/examples_rclpy_minimal_service/lib/python3.10/site-packages/examples_rclpy_minimal_service-0.15.3-py3.10.egg-info
[7.429s] running install_scripts
[7.527s] Installing service script to /home/guy/ros2_ws/install/examples_rclpy_minimal_service/lib/examples_rclpy_minimal_service
[7.527s] Installing service_member_function script to /home/guy/ros2_ws/install/examples_rclpy_minimal_service/lib/examples_rclpy_minimal_service
[7.528s] writing list of installed files to '/home/guy/ros2_ws/build/examples_rclpy_minimal_service/install.log'
[7.616s] Invoked command in '/home/guy/ros2_ws/src/examples/rclpy/services/minimal_service' returned '0': PYTHONPATH=/home/guy/ros2_ws/build/examples_rclpy_minimal_service/prefix_override:/usr/lib/python3/dist-packages/colcon_core/task/python/colcon_distutils_commands:/home/guy/ros2_ws/install/examples_rclpy_minimal_service/lib/python3.10/site-packages:${PYTHONPATH} /usr/bin/python3 -W ignore:setup.py install is deprecated -W ignore:easy_install command is deprecated setup.py egg_info --egg-base ../../../../../build/examples_rclpy_minimal_service build --build-base /home/guy/ros2_ws/build/examples_rclpy_minimal_service/build install --record /home/guy/ros2_ws/build/examples_rclpy_minimal_service/install.log --single-version-externally-managed install_data --force
