[10.516s] Invoking command in '/home/guy/ros2_ws/src/examples/rclpy/topics/minimal_publisher': PYTHONPATH=/home/guy/ros2_ws/build/examples_rclpy_minimal_publisher/prefix_override:/usr/lib/python3/dist-packages/colcon_core/task/python/colcon_distutils_commands:/home/guy/ros2_ws/install/examples_rclpy_minimal_publisher/lib/python3.10/site-packages:${PYTHONPATH} /usr/bin/python3 -W ignore:setup.py install is deprecated -W ignore:easy_install command is deprecated setup.py egg_info --egg-base ../../../../../build/examples_rclpy_minimal_publisher build --build-base /home/guy/ros2_ws/build/examples_rclpy_minimal_publisher/build install --record /home/guy/ros2_ws/build/examples_rclpy_minimal_publisher/install.log --single-version-externally-managed install_data
[12.555s] running egg_info
[12.563s] writing ../../../../../build/examples_rclpy_minimal_publisher/examples_rclpy_minimal_publisher.egg-info/PKG-INFO
[12.564s] writing dependency_links to ../../../../../build/examples_rclpy_minimal_publisher/examples_rclpy_minimal_publisher.egg-info/dependency_links.txt
[12.564s] writing entry points to ../../../../../build/examples_rclpy_minimal_publisher/examples_rclpy_minimal_publisher.egg-info/entry_points.txt
[12.564s] writing requirements to ../../../../../build/examples_rclpy_minimal_publisher/examples_rclpy_minimal_publisher.egg-info/requires.txt
[12.564s] writing top-level names to ../../../../../build/examples_rclpy_minimal_publisher/examples_rclpy_minimal_publisher.egg-info/top_level.txt
[12.586s] reading manifest file '../../../../../build/examples_rclpy_minimal_publisher/examples_rclpy_minimal_publisher.egg-info/SOURCES.txt'
[12.586s] writing manifest file '../../../../../build/examples_rclpy_minimal_publisher/examples_rclpy_minimal_publisher.egg-info/SOURCES.txt'
[12.586s] running build
[12.586s] running build_py
[12.586s] running install
[12.587s] running install_lib
[12.605s] running install_data
[12.605s] running install_egg_info
[12.627s] removing '/home/guy/ros2_ws/install/examples_rclpy_minimal_publisher/lib/python3.10/site-packages/examples_rclpy_minimal_publisher-0.15.3-py3.10.egg-info' (and everything under it)
[12.627s] Copying ../../../../../build/examples_rclpy_minimal_publisher/examples_rclpy_minimal_publisher.egg-info to /home/guy/ros2_ws/install/examples_rclpy_minimal_publisher/lib/python3.10/site-packages/examples_rclpy_minimal_publisher-0.15.3-py3.10.egg-info
[12.630s] running install_scripts
[12.733s] Installing publisher_local_function script to /home/guy/ros2_ws/install/examples_rclpy_minimal_publisher/lib/examples_rclpy_minimal_publisher
[12.733s] Installing publisher_member_function script to /home/guy/ros2_ws/install/examples_rclpy_minimal_publisher/lib/examples_rclpy_minimal_publisher
[12.734s] Installing publisher_member_function_with_wait_for_all_acked script to /home/guy/ros2_ws/install/examples_rclpy_minimal_publisher/lib/examples_rclpy_minimal_publisher
[12.734s] Installing publisher_old_school script to /home/guy/ros2_ws/install/examples_rclpy_minimal_publisher/lib/examples_rclpy_minimal_publisher
[12.735s] writing list of installed files to '/home/guy/ros2_ws/build/examples_rclpy_minimal_publisher/install.log'
[12.902s] Invoked command in '/home/guy/ros2_ws/src/examples/rclpy/topics/minimal_publisher' returned '0': PYTHONPATH=/home/guy/ros2_ws/build/examples_rclpy_minimal_publisher/prefix_override:/usr/lib/python3/dist-packages/colcon_core/task/python/colcon_distutils_commands:/home/guy/ros2_ws/install/examples_rclpy_minimal_publisher/lib/python3.10/site-packages:${PYTHONPATH} /usr/bin/python3 -W ignore:setup.py install is deprecated -W ignore:easy_install command is deprecated setup.py egg_info --egg-base ../../../../../build/examples_rclpy_minimal_publisher build --build-base /home/guy/ros2_ws/build/examples_rclpy_minimal_publisher/build install --record /home/guy/ros2_ws/build/examples_rclpy_minimal_publisher/install.log --single-version-externally-managed install_data
