[0.177s] Invoking command in '/home/guy/ros2_ws/build/examples_rclcpp_minimal_action_client': CMAKE_PREFIX_PATH=/opt/ros/humble /usr/bin/cmake /home/guy/ros2_ws/src/examples/rclcpp/actions/minimal_action_client -DCMAKE_INSTALL_PREFIX=/home/guy/ros2_ws/install/examples_rclcpp_minimal_action_client
[0.349s] -- Found ament_cmake: 1.3.11 (/opt/ros/humble/share/ament_cmake/cmake)
[0.952s] -- Override CMake install command with custom implementation using symlinks instead of copying resources
[0.975s] -- Found example_interfaces: 0.9.3 (/opt/ros/humble/share/example_interfaces/cmake)
[1.119s] -- Found rosidl_generator_c: 3.1.6 (/opt/ros/humble/share/rosidl_generator_c/cmake)
[1.141s] -- Found rosidl_adapter: 3.1.6 (/opt/ros/humble/share/rosidl_adapter/cmake)
[1.174s] -- Found rosidl_generator_cpp: 3.1.6 (/opt/ros/humble/share/rosidl_generator_cpp/cmake)
[1.212s] -- Using all available rosidl_typesupport_c: rosidl_typesupport_fastrtps_c;rosidl_typesupport_introspection_c
[1.260s] -- Using all available rosidl_typesupport_cpp: rosidl_typesupport_fastrtps_cpp;rosidl_typesupport_introspection_cpp
[1.453s] -- Found rclcpp: 16.0.12 (/opt/ros/humble/share/rclcpp/cmake)
[1.570s] -- Found rmw_implementation_cmake: 6.1.2 (/opt/ros/humble/share/rmw_implementation_cmake/cmake)
[1.573s] -- Found rmw_fastrtps_cpp: 6.2.7 (/opt/ros/humble/share/rmw_fastrtps_cpp/cmake)
[2.077s] -- Using RMW implementation 'rmw_fastrtps_cpp' as default
[2.400s] -- Found rclcpp_action: 16.0.12 (/opt/ros/humble/share/rclcpp_action/cmake)
[2.474s] -- Found ament_lint_auto: 0.12.12 (/opt/ros/humble/share/ament_lint_auto/cmake)
[2.893s] -- Added test 'copyright' to check source files copyright and LICENSE
[2.895s] -- Added test 'cppcheck' to perform static code analysis on C / C++ code
[2.895s] -- Configured cppcheck include dirs: 
[2.895s] -- Configured cppcheck exclude dirs and/or files: 
[2.896s] -- Added test 'cpplint' to check C / C++ code against the Google style
[2.896s] -- Configured cpplint exclude dirs and/or files: 
[2.897s] -- Added test 'lint_cmake' to check CMake code style
[2.898s] -- Added test 'uncrustify' to check C / C++ code style
[2.899s] -- Configured uncrustify additional arguments: 
[2.899s] -- Added test 'xmllint' to check XML markup files
[2.919s] -- Configuring done
[3.052s] -- Generating done
[3.074s] -- Build files have been written to: /home/guy/ros2_ws/build/examples_rclcpp_minimal_action_client
[3.131s] Invoked command in '/home/guy/ros2_ws/build/examples_rclcpp_minimal_action_client' returned '0': CMAKE_PREFIX_PATH=/opt/ros/humble /usr/bin/cmake /home/guy/ros2_ws/src/examples/rclcpp/actions/minimal_action_client -DCMAKE_INSTALL_PREFIX=/home/guy/ros2_ws/install/examples_rclcpp_minimal_action_client
[3.132s] Invoking command in '/home/guy/ros2_ws/build/examples_rclcpp_minimal_action_client': CMAKE_PREFIX_PATH=/opt/ros/humble /usr/bin/cmake --build /home/guy/ros2_ws/build/examples_rclcpp_minimal_action_client -- -j6 -l6
[3.340s] [35m[1mConsolidate compiler generated dependencies of target action_client_member_functions[0m
[3.414s] [ 25%] Built target action_client_member_functions
[3.484s] [35m[1mConsolidate compiler generated dependencies of target action_client_not_composable_with_feedback[0m
[3.597s] [ 50%] Built target action_client_not_composable_with_feedback
[3.649s] [35m[1mConsolidate compiler generated dependencies of target action_client_not_composable_with_cancel[0m
[3.751s] [ 75%] Built target action_client_not_composable_with_cancel
[3.830s] [35m[1mConsolidate compiler generated dependencies of target action_client_not_composable[0m
[3.971s] [100%] Built target action_client_not_composable
[4.276s] Invoked command in '/home/guy/ros2_ws/build/examples_rclcpp_minimal_action_client' returned '0': CMAKE_PREFIX_PATH=/opt/ros/humble /usr/bin/cmake --build /home/guy/ros2_ws/build/examples_rclcpp_minimal_action_client -- -j6 -l6
[4.277s] Invoking command in '/home/guy/ros2_ws/build/examples_rclcpp_minimal_action_client': CMAKE_PREFIX_PATH=/opt/ros/humble /usr/bin/cmake --install /home/guy/ros2_ws/build/examples_rclcpp_minimal_action_client
[4.314s] -- Install configuration: ""
[4.314s] -- Execute custom install script
[4.314s] -- Up-to-date symlink: /home/guy/ros2_ws/install/examples_rclcpp_minimal_action_client/lib/examples_rclcpp_minimal_action_client/action_client_member_functions
[4.315s] -- Up-to-date symlink: /home/guy/ros2_ws/install/examples_rclcpp_minimal_action_client/lib/examples_rclcpp_minimal_action_client/action_client_not_composable
[4.315s] -- Up-to-date symlink: /home/guy/ros2_ws/install/examples_rclcpp_minimal_action_client/lib/examples_rclcpp_minimal_action_client/action_client_not_composable_with_cancel
[4.315s] -- Up-to-date symlink: /home/guy/ros2_ws/install/examples_rclcpp_minimal_action_client/lib/examples_rclcpp_minimal_action_client/action_client_not_composable_with_feedback
[4.315s] -- Up-to-date symlink: /home/guy/ros2_ws/install/examples_rclcpp_minimal_action_client/share/ament_index/resource_index/package_run_dependencies/examples_rclcpp_minimal_action_client
[4.315s] -- Up-to-date symlink: /home/guy/ros2_ws/install/examples_rclcpp_minimal_action_client/share/ament_index/resource_index/parent_prefix_path/examples_rclcpp_minimal_action_client
[4.315s] -- Up-to-date symlink: /home/guy/ros2_ws/install/examples_rclcpp_minimal_action_client/share/examples_rclcpp_minimal_action_client/environment/ament_prefix_path.sh
[4.316s] -- Up-to-date symlink: /home/guy/ros2_ws/install/examples_rclcpp_minimal_action_client/share/examples_rclcpp_minimal_action_client/environment/ament_prefix_path.dsv
[4.316s] -- Up-to-date symlink: /home/guy/ros2_ws/install/examples_rclcpp_minimal_action_client/share/examples_rclcpp_minimal_action_client/environment/path.sh
[4.316s] -- Up-to-date symlink: /home/guy/ros2_ws/install/examples_rclcpp_minimal_action_client/share/examples_rclcpp_minimal_action_client/environment/path.dsv
[4.316s] -- Up-to-date symlink: /home/guy/ros2_ws/install/examples_rclcpp_minimal_action_client/share/examples_rclcpp_minimal_action_client/local_setup.bash
[4.316s] -- Up-to-date symlink: /home/guy/ros2_ws/install/examples_rclcpp_minimal_action_client/share/examples_rclcpp_minimal_action_client/local_setup.sh
[4.316s] -- Up-to-date symlink: /home/guy/ros2_ws/install/examples_rclcpp_minimal_action_client/share/examples_rclcpp_minimal_action_client/local_setup.zsh
[4.327s] -- Up-to-date symlink: /home/guy/ros2_ws/install/examples_rclcpp_minimal_action_client/share/examples_rclcpp_minimal_action_client/local_setup.dsv
[4.328s] -- Symlinking: /home/guy/ros2_ws/install/examples_rclcpp_minimal_action_client/share/examples_rclcpp_minimal_action_client/package.dsv
[4.375s] -- Up-to-date symlink: /home/guy/ros2_ws/install/examples_rclcpp_minimal_action_client/share/ament_index/resource_index/packages/examples_rclcpp_minimal_action_client
[4.377s] -- Up-to-date symlink: /home/guy/ros2_ws/install/examples_rclcpp_minimal_action_client/share/examples_rclcpp_minimal_action_client/cmake/examples_rclcpp_minimal_action_clientConfig.cmake
[4.377s] -- Up-to-date symlink: /home/guy/ros2_ws/install/examples_rclcpp_minimal_action_client/share/examples_rclcpp_minimal_action_client/cmake/examples_rclcpp_minimal_action_clientConfig-version.cmake
[4.377s] -- Up-to-date symlink: /home/guy/ros2_ws/install/examples_rclcpp_minimal_action_client/share/examples_rclcpp_minimal_action_client/package.xml
[4.386s] Invoked command in '/home/guy/ros2_ws/build/examples_rclcpp_minimal_action_client' returned '0': CMAKE_PREFIX_PATH=/opt/ros/humble /usr/bin/cmake --install /home/guy/ros2_ws/build/examples_rclcpp_minimal_action_client
