[0.035s] Invoking command in '/home/guy/ros2_ws/build/examples_rclcpp_cbg_executor': /usr/bin/cmake /home/guy/ros2_ws/src/examples/rclcpp/executors/cbg_executor -DAMENT_CMAKE_SYMLINK_INSTALL=1 -DCMAKE_INSTALL_PREFIX=/home/guy/ros2_ws/install/examples_rclcpp_cbg_executor
[0.169s] -- The C compiler identification is GNU 11.4.0
[0.284s] -- The CXX compiler identification is GNU 11.4.0
[0.301s] -- Detecting C compiler ABI info
[0.441s] -- Detecting C compiler ABI info - done
[0.454s] -- Check for working C compiler: /usr/bin/cc - skipped
[0.459s] -- Detecting C compile features
[0.460s] -- Detecting C compile features - done
[0.467s] -- Detecting CXX compiler ABI info
[0.646s] -- Detecting CXX compiler ABI info - done
[0.664s] -- Check for working CXX compiler: /usr/bin/c++ - skipped
[0.665s] -- Detecting CXX compile features
[0.666s] -- Detecting CXX compile features - done
[0.688s] [31mCMake Error at CMakeLists.txt:13 (find_package):
[0.689s]   By not providing "Findament_cmake.cmake" in CMAKE_MODULE_PATH this project
[0.689s]   has asked CMake to find a package configuration file provided by
[0.689s]   "ament_cmake", but CMake did not find one.
[0.689s] 
[0.689s]   Could not find a package configuration file provided by "ament_cmake" with
[0.689s]   any of the following names:
[0.690s] 
[0.690s]     ament_cmakeConfig.cmake
[0.690s]     ament_cmake-config.cmake
[0.690s] 
[0.690s]   Add the installation prefix of "ament_cmake" to CMAKE_PREFIX_PATH or set
[0.690s]   "ament_cmake_DIR" to a directory containing one of the above files.  If
[0.690s]   "ament_cmake" provides a separate development package or SDK, be sure it
[0.690s]   has been installed.
[0.691s] 
[0.691s] -- Configuring incomplete, errors occurred!
[0.691s] See also "/home/guy/ros2_ws/build/examples_rclcpp_cbg_executor/CMakeFiles/CMakeOutput.log".
[0.691s] [0m
[0.697s] Invoked command in '/home/guy/ros2_ws/build/examples_rclcpp_cbg_executor' returned '1': /usr/bin/cmake /home/guy/ros2_ws/src/examples/rclcpp/executors/cbg_executor -DAMENT_CMAKE_SYMLINK_INSTALL=1 -DCMAKE_INSTALL_PREFIX=/home/guy/ros2_ws/install/examples_rclcpp_cbg_executor
