[4.661s] Invoking command in '/home/guy/ros2_ws/src/examples/rclpy/services/minimal_service': PYTHONPATH=/home/guy/ros2_ws/build/examples_rclpy_minimal_service/prefix_override:/usr/lib/python3/dist-packages/colcon_core/task/python/colcon_distutils_commands:/home/guy/ros2_ws/install/examples_rclpy_minimal_service/lib/python3.10/site-packages:${PYTHONPATH} /usr/bin/python3 -W ignore:setup.py install is deprecated -W ignore:easy_install command is deprecated setup.py egg_info --egg-base ../../../../../build/examples_rclpy_minimal_service build --build-base /home/guy/ros2_ws/build/examples_rclpy_minimal_service/build install --record /home/guy/ros2_ws/build/examples_rclpy_minimal_service/install.log --single-version-externally-managed install_data
[5.552s] running egg_info
[5.567s] writing ../../../../../build/examples_rclpy_minimal_service/examples_rclpy_minimal_service.egg-info/PKG-INFO
[5.571s] writing dependency_links to ../../../../../build/examples_rclpy_minimal_service/examples_rclpy_minimal_service.egg-info/dependency_links.txt
[5.573s] writing entry points to ../../../../../build/examples_rclpy_minimal_service/examples_rclpy_minimal_service.egg-info/entry_points.txt
[5.574s] writing requirements to ../../../../../build/examples_rclpy_minimal_service/examples_rclpy_minimal_service.egg-info/requires.txt
[5.575s] writing top-level names to ../../../../../build/examples_rclpy_minimal_service/examples_rclpy_minimal_service.egg-info/top_level.txt
[5.581s] reading manifest file '../../../../../build/examples_rclpy_minimal_service/examples_rclpy_minimal_service.egg-info/SOURCES.txt'
[5.584s] writing manifest file '../../../../../build/examples_rclpy_minimal_service/examples_rclpy_minimal_service.egg-info/SOURCES.txt'
[5.585s] running build
[5.585s] running build_py
[5.586s] running install
[5.591s] running install_lib
[5.595s] running install_data
[5.598s] running install_egg_info
[5.603s] removing '/home/guy/ros2_ws/install/examples_rclpy_minimal_service/lib/python3.10/site-packages/examples_rclpy_minimal_service-0.15.3-py3.10.egg-info' (and everything under it)
[5.608s] Copying ../../../../../build/examples_rclpy_minimal_service/examples_rclpy_minimal_service.egg-info to /home/guy/ros2_ws/install/examples_rclpy_minimal_service/lib/python3.10/site-packages/examples_rclpy_minimal_service-0.15.3-py3.10.egg-info
[5.610s] running install_scripts
[5.665s] Installing service script to /home/guy/ros2_ws/install/examples_rclpy_minimal_service/lib/examples_rclpy_minimal_service
[5.666s] Installing service_member_function script to /home/guy/ros2_ws/install/examples_rclpy_minimal_service/lib/examples_rclpy_minimal_service
[5.668s] writing list of installed files to '/home/guy/ros2_ws/build/examples_rclpy_minimal_service/install.log'
