[0.060s] Invoking command in '/home/guy/ros2_ws/build/examples_rclcpp_minimal_client': /usr/bin/cmake /home/guy/ros2_ws/src/examples/rclcpp/services/minimal_client -DAMENT_CMAKE_SYMLINK_INSTALL=1 -DCMAKE_INSTALL_PREFIX=/home/guy/ros2_ws/install/examples_rclcpp_minimal_client
[0.184s] -- The C compiler identification is GNU 11.4.0
[0.296s] -- The CXX compiler identification is GNU 11.4.0
[0.311s] -- Detecting C compiler ABI info
[0.450s] -- Detecting C compiler ABI info - done
[0.467s] -- Check for working C compiler: /usr/bin/cc - skipped
[0.468s] -- Detecting C compile features
[0.469s] -- Detecting C compile features - done
[0.477s] -- Detecting CXX compiler ABI info
[0.650s] -- Detecting CXX compiler ABI info - done
[0.667s] -- Check for working CXX compiler: /usr/bin/c++ - skipped
[0.668s] -- Detecting CXX compile features
[0.668s] -- Detecting CXX compile features - done
[0.699s] [31mCMake Error at CMakeLists.txt:13 (find_package):
[0.700s]   By not providing "Findament_cmake.cmake" in CMAKE_MODULE_PATH this project
[0.700s]   has asked CMake to find a package configuration file provided by
[0.700s]   "ament_cmake", but CMake did not find one.
[0.700s] 
[0.700s]   Could not find a package configuration file provided by "ament_cmake" with
[0.700s]   any of the following names:
[0.701s] 
[0.701s]     ament_cmakeConfig.cmake
[0.701s]     ament_cmake-config.cmake
[0.701s] 
[0.701s]   Add the installation prefix of "ament_cmake" to CMAKE_PREFIX_PATH or set
[0.701s]   "ament_cmake_DIR" to a directory containing one of the above files.  If
[0.701s]   "ament_cmake" provides a separate development package or SDK, be sure it
[0.701s]   has been installed.
[0.702s] 
[0.702s] [0m
[0.702s] -- Configuring incomplete, errors occurred!
[0.702s] See also "/home/guy/ros2_ws/build/examples_rclcpp_minimal_client/CMakeFiles/CMakeOutput.log".
[0.713s] Invoked command in '/home/guy/ros2_ws/build/examples_rclcpp_minimal_client' returned '1': /usr/bin/cmake /home/guy/ros2_ws/src/examples/rclcpp/services/minimal_client -DAMENT_CMAKE_SYMLINK_INSTALL=1 -DCMAKE_INSTALL_PREFIX=/home/guy/ros2_ws/install/examples_rclcpp_minimal_client
