[2.933s] Invoking command in '/home/guy/ros2_ws/build/examples_rclpy_minimal_publisher': PYTHONPATH=/home/guy/ros2_ws/build/examples_rclpy_minimal_publisher/prefix_override:/usr/lib/python3/dist-packages/colcon_core/task/python/colcon_distutils_commands:/home/guy/ros2_ws/install/examples_rclpy_minimal_publisher/lib/python3.10/site-packages:${PYTHONPATH} /usr/bin/python3 -W ignore:setup.py install is deprecated -W ignore:easy_install command is deprecated setup.py develop --editable --build-directory /home/guy/ros2_ws/build/examples_rclpy_minimal_publisher/build --no-deps symlink_data
[3.626s] running develop
[4.349s] running egg_info
[4.349s] creating examples_rclpy_minimal_publisher.egg-info
[4.349s] writing examples_rclpy_minimal_publisher.egg-info/PKG-INFO
[4.350s] writing dependency_links to examples_rclpy_minimal_publisher.egg-info/dependency_links.txt
[4.350s] writing entry points to examples_rclpy_minimal_publisher.egg-info/entry_points.txt
[4.351s] writing requirements to examples_rclpy_minimal_publisher.egg-info/requires.txt
[4.351s] writing top-level names to examples_rclpy_minimal_publisher.egg-info/top_level.txt
[4.351s] writing manifest file 'examples_rclpy_minimal_publisher.egg-info/SOURCES.txt'
[4.356s] reading manifest file 'examples_rclpy_minimal_publisher.egg-info/SOURCES.txt'
[4.357s] writing manifest file 'examples_rclpy_minimal_publisher.egg-info/SOURCES.txt'
[4.361s] running build_ext
[4.361s] Creating /home/guy/ros2_ws/install/examples_rclpy_minimal_publisher/lib/python3.10/site-packages/examples-rclpy-minimal-publisher.egg-link (link to .)
[4.364s] Installing publisher_local_function script to /home/guy/ros2_ws/install/examples_rclpy_minimal_publisher/lib/examples_rclpy_minimal_publisher
[4.364s] Installing publisher_member_function script to /home/guy/ros2_ws/install/examples_rclpy_minimal_publisher/lib/examples_rclpy_minimal_publisher
[4.364s] Installing publisher_member_function_with_wait_for_all_acked script to /home/guy/ros2_ws/install/examples_rclpy_minimal_publisher/lib/examples_rclpy_minimal_publisher
[4.365s] Installing publisher_old_school script to /home/guy/ros2_ws/install/examples_rclpy_minimal_publisher/lib/examples_rclpy_minimal_publisher
[4.365s] 
[4.365s] Installed /home/guy/ros2_ws/build/examples_rclpy_minimal_publisher
[4.366s] running symlink_data
[4.366s] creating /home/guy/ros2_ws/install/examples_rclpy_minimal_publisher/share/ament_index
[4.366s] creating /home/guy/ros2_ws/install/examples_rclpy_minimal_publisher/share/ament_index/resource_index
[4.366s] creating /home/guy/ros2_ws/install/examples_rclpy_minimal_publisher/share/ament_index/resource_index/packages
[4.366s] symbolically linking /home/guy/ros2_ws/build/examples_rclpy_minimal_publisher/resource/examples_rclpy_minimal_publisher -> /home/guy/ros2_ws/install/examples_rclpy_minimal_publisher/share/ament_index/resource_index/packages
[4.367s] symbolically linking /home/guy/ros2_ws/build/examples_rclpy_minimal_publisher/package.xml -> /home/guy/ros2_ws/install/examples_rclpy_minimal_publisher/share/examples_rclpy_minimal_publisher
[4.491s] Invoked command in '/home/guy/ros2_ws/build/examples_rclpy_minimal_publisher' returned '0': PYTHONPATH=/home/guy/ros2_ws/build/examples_rclpy_minimal_publisher/prefix_override:/usr/lib/python3/dist-packages/colcon_core/task/python/colcon_distutils_commands:/home/guy/ros2_ws/install/examples_rclpy_minimal_publisher/lib/python3.10/site-packages:${PYTHONPATH} /usr/bin/python3 -W ignore:setup.py install is deprecated -W ignore:easy_install command is deprecated setup.py develop --editable --build-directory /home/guy/ros2_ws/build/examples_rclpy_minimal_publisher/build --no-deps symlink_data
