[8.095s] Invoking command in '/home/guy/ros2_ws/build/examples_rclpy_executors': PYTHONPATH=/home/guy/ros2_ws/build/examples_rclpy_executors/prefix_override:/usr/lib/python3/dist-packages/colcon_core/task/python/colcon_distutils_commands:/home/guy/ros2_ws/install/examples_rclpy_executors/lib/python3.10/site-packages:${PYTHONPATH} /usr/bin/python3 -W ignore:setup.py install is deprecated -W ignore:easy_install command is deprecated setup.py develop --editable --build-directory /home/guy/ros2_ws/build/examples_rclpy_executors/build --no-deps symlink_data
[9.385s] running develop
[10.028s] running egg_info
[10.028s] writing examples_rclpy_executors.egg-info/PKG-INFO
[10.029s] writing dependency_links to examples_rclpy_executors.egg-info/dependency_links.txt
[10.030s] writing entry points to examples_rclpy_executors.egg-info/entry_points.txt
[10.030s] writing requirements to examples_rclpy_executors.egg-info/requires.txt
[10.030s] writing top-level names to examples_rclpy_executors.egg-info/top_level.txt
[10.035s] reading manifest file 'examples_rclpy_executors.egg-info/SOURCES.txt'
[10.036s] writing manifest file 'examples_rclpy_executors.egg-info/SOURCES.txt'
[10.049s] running build_ext
[10.049s] Creating /home/guy/ros2_ws/install/examples_rclpy_executors/lib/python3.10/site-packages/examples-rclpy-executors.egg-link (link to .)
[10.051s] Installing callback_group script to /home/guy/ros2_ws/install/examples_rclpy_executors/lib/examples_rclpy_executors
[10.052s] Installing composed script to /home/guy/ros2_ws/install/examples_rclpy_executors/lib/examples_rclpy_executors
[10.052s] Installing custom_callback_group script to /home/guy/ros2_ws/install/examples_rclpy_executors/lib/examples_rclpy_executors
[10.052s] Installing custom_executor script to /home/guy/ros2_ws/install/examples_rclpy_executors/lib/examples_rclpy_executors
[10.053s] Installing listener script to /home/guy/ros2_ws/install/examples_rclpy_executors/lib/examples_rclpy_executors
[10.053s] Installing talker script to /home/guy/ros2_ws/install/examples_rclpy_executors/lib/examples_rclpy_executors
[10.054s] 
[10.054s] Installed /home/guy/ros2_ws/build/examples_rclpy_executors
[10.054s] running symlink_data
[10.157s] Invoked command in '/home/guy/ros2_ws/build/examples_rclpy_executors' returned '0': PYTHONPATH=/home/guy/ros2_ws/build/examples_rclpy_executors/prefix_override:/usr/lib/python3/dist-packages/colcon_core/task/python/colcon_distutils_commands:/home/guy/ros2_ws/install/examples_rclpy_executors/lib/python3.10/site-packages:${PYTHONPATH} /usr/bin/python3 -W ignore:setup.py install is deprecated -W ignore:easy_install command is deprecated setup.py develop --editable --build-directory /home/guy/ros2_ws/build/examples_rclpy_executors/build --no-deps symlink_data
