[0.058s] Invoking command in '/home/guy/ros2_ws/build/examples_rclcpp_minimal_action_client': /usr/bin/cmake /home/guy/ros2_ws/src/examples/rclcpp/actions/minimal_action_client -DAMENT_CMAKE_SYMLINK_INSTALL=1 -DCMAKE_INSTALL_PREFIX=/home/guy/ros2_ws/install/examples_rclcpp_minimal_action_client
[0.185s] -- The C compiler identification is GNU 11.4.0
[0.306s] -- The CXX compiler identification is GNU 11.4.0
[0.319s] -- Detecting C compiler ABI info
[0.471s] -- Detecting C compiler ABI info - done
[0.488s] -- Check for working C compiler: /usr/bin/cc - skipped
[0.489s] -- Detecting C compile features
[0.490s] -- Detecting C compile features - done
[0.496s] -- Detecting CXX compiler ABI info
[0.720s] -- Detecting CXX compiler ABI info - done
[0.736s] -- Check for working CXX compiler: /usr/bin/c++ - skipped
[0.736s] -- Detecting CXX compile features
[0.740s] -- Detecting CXX compile features - done
[0.745s] [31mCMake Error at CMakeLists.txt:13 (find_package):
[0.746s]   By not providing "Findament_cmake.cmake" in CMAKE_MODULE_PATH this project
[0.746s]   has asked CMake to find a package configuration file provided by
[0.746s]   "ament_cmake", but CMake did not find one.
[0.747s] 
[0.747s]   Could not find a package configuration file provided by "ament_cmake" with
[0.747s]   any of the following names:
[0.748s] 
[0.749s]     ament_cmakeConfig.cmake
[0.750s]     ament_cmake-config.cmake
[0.750s] 
[0.751s]   Add the installation prefix of "ament_cmake" to CMAKE_PREFIX_PATH or set
[0.751s]   "ament_cmake_DIR" to a directory containing one of the above files.  If
[0.752s]   "ament_cmake" provides a separate development package or SDK, be sure it
[0.754s]   has been installed.
[0.754s] 
[0.755s] [0m
[0.757s] -- Configuring incomplete, errors occurred!
[0.758s] See also "/home/guy/ros2_ws/build/examples_rclcpp_minimal_action_client/CMakeFiles/CMakeOutput.log".
