[8.048s] Invoking command in '/home/guy/ros2_ws/src/examples/rclpy/guard_conditions': PYTHONPATH=/home/guy/ros2_ws/build/examples_rclpy_guard_conditions/prefix_override:/usr/lib/python3/dist-packages/colcon_core/task/python/colcon_distutils_commands:/home/guy/ros2_ws/install/examples_rclpy_guard_conditions/lib/python3.10/site-packages:${PYTHONPATH} /usr/bin/python3 -W ignore:setup.py install is deprecated -W ignore:easy_install command is deprecated setup.py egg_info --egg-base ../../../../build/examples_rclpy_guard_conditions build --build-base /home/guy/ros2_ws/build/examples_rclpy_guard_conditions/build install --record /home/guy/ros2_ws/build/examples_rclpy_guard_conditions/install.log --single-version-externally-managed install_data
[9.418s] running egg_info
[9.422s] writing ../../../../build/examples_rclpy_guard_conditions/examples_rclpy_guard_conditions.egg-info/PKG-INFO
[9.423s] writing dependency_links to ../../../../build/examples_rclpy_guard_conditions/examples_rclpy_guard_conditions.egg-info/dependency_links.txt
[9.424s] writing entry points to ../../../../build/examples_rclpy_guard_conditions/examples_rclpy_guard_conditions.egg-info/entry_points.txt
[9.425s] writing requirements to ../../../../build/examples_rclpy_guard_conditions/examples_rclpy_guard_conditions.egg-info/requires.txt
[9.426s] writing top-level names to ../../../../build/examples_rclpy_guard_conditions/examples_rclpy_guard_conditions.egg-info/top_level.txt
[9.433s] reading manifest file '../../../../build/examples_rclpy_guard_conditions/examples_rclpy_guard_conditions.egg-info/SOURCES.txt'
[9.435s] writing manifest file '../../../../build/examples_rclpy_guard_conditions/examples_rclpy_guard_conditions.egg-info/SOURCES.txt'
[9.436s] running build
[9.436s] running build_py
[9.436s] running install
[9.437s] running install_lib
[9.446s] running install_data
[9.447s] running install_egg_info
[9.457s] removing '/home/guy/ros2_ws/install/examples_rclpy_guard_conditions/lib/python3.10/site-packages/examples_rclpy_guard_conditions-0.15.3-py3.10.egg-info' (and everything under it)
[9.458s] Copying ../../../../build/examples_rclpy_guard_conditions/examples_rclpy_guard_conditions.egg-info to /home/guy/ros2_ws/install/examples_rclpy_guard_conditions/lib/python3.10/site-packages/examples_rclpy_guard_conditions-0.15.3-py3.10.egg-info
[9.461s] running install_scripts
[9.575s] Installing trigger_guard_condition script to /home/guy/ros2_ws/install/examples_rclpy_guard_conditions/lib/examples_rclpy_guard_conditions
[9.577s] writing list of installed files to '/home/guy/ros2_ws/build/examples_rclpy_guard_conditions/install.log'
[9.736s] Invoked command in '/home/guy/ros2_ws/src/examples/rclpy/guard_conditions' returned '0': PYTHONPATH=/home/guy/ros2_ws/build/examples_rclpy_guard_conditions/prefix_override:/usr/lib/python3/dist-packages/colcon_core/task/python/colcon_distutils_commands:/home/guy/ros2_ws/install/examples_rclpy_guard_conditions/lib/python3.10/site-packages:${PYTHONPATH} /usr/bin/python3 -W ignore:setup.py install is deprecated -W ignore:easy_install command is deprecated setup.py egg_info --egg-base ../../../../build/examples_rclpy_guard_conditions build --build-base /home/guy/ros2_ws/build/examples_rclpy_guard_conditions/build install --record /home/guy/ros2_ws/build/examples_rclpy_guard_conditions/install.log --single-version-externally-managed install_data
