[0.085s] Invoking command in '/home/guy/ros2_ws/build/examples_rclcpp_minimal_publisher': CMAKE_PREFIX_PATH=/opt/ros/humble /usr/bin/cmake /home/guy/ros2_ws/src/examples/rclcpp/topics/minimal_publisher -DAMENT_CMAKE_SYMLINK_INSTALL=1 -DCMAKE_INSTALL_PREFIX=/home/guy/ros2_ws/install/examples_rclcpp_minimal_publisher
[0.619s] -- The C compiler identification is GNU 11.4.0
[0.764s] -- The CXX compiler identification is GNU 11.4.0
[0.802s] -- Detecting C compiler ABI info
[1.146s] -- Detecting C compiler ABI info - done
[1.168s] -- Check for working C compiler: /usr/bin/cc - skipped
[1.171s] -- Detecting C compile features
[1.186s] -- Detecting C compile features - done
[1.193s] -- Detecting CXX compiler ABI info
[1.697s] -- Detecting CXX compiler ABI info - done
[1.713s] -- Check for working CXX compiler: /usr/bin/c++ - skipped
[1.723s] -- Detecting CXX compile features
[1.732s] -- Detecting CXX compile features - done
[1.756s] -- Found ament_cmake: 1.3.11 (/opt/ros/humble/share/ament_cmake/cmake)
[2.597s] -- Found Python3: /usr/bin/python3 (found version "3.10.12") found components: Interpreter 
[2.987s] -- Override CMake install command with custom implementation using symlinks instead of copying resources
[3.132s] -- Found rclcpp: 16.0.11 (/opt/ros/humble/share/rclcpp/cmake)
[3.376s] -- Found rosidl_generator_c: 3.1.6 (/opt/ros/humble/share/rosidl_generator_c/cmake)
[3.407s] -- Found rosidl_adapter: 3.1.6 (/opt/ros/humble/share/rosidl_adapter/cmake)
[3.446s] -- Found rosidl_generator_cpp: 3.1.6 (/opt/ros/humble/share/rosidl_generator_cpp/cmake)
[3.514s] -- Using all available rosidl_typesupport_c: rosidl_typesupport_fastrtps_c;rosidl_typesupport_introspection_c
[3.627s] -- Using all available rosidl_typesupport_cpp: rosidl_typesupport_fastrtps_cpp;rosidl_typesupport_introspection_cpp
[3.859s] -- Found rmw_implementation_cmake: 6.1.2 (/opt/ros/humble/share/rmw_implementation_cmake/cmake)
[3.880s] -- Found rmw_fastrtps_cpp: 6.2.7 (/opt/ros/humble/share/rmw_fastrtps_cpp/cmake)
[4.433s] -- Found OpenSSL: /usr/lib/aarch64-linux-gnu/libcrypto.so (found version "3.0.2")  
[4.532s] -- Found FastRTPS: /opt/ros/humble/include  
[4.711s] -- Using RMW implementation 'rmw_fastrtps_cpp' as default
[4.747s] -- Looking for pthread.h
[5.185s] -- Looking for pthread.h - found
[5.186s] -- Performing Test CMAKE_HAVE_LIBC_PTHREAD
[5.547s] -- Performing Test CMAKE_HAVE_LIBC_PTHREAD - Success
[5.550s] -- Found Threads: TRUE  
[5.826s] -- Found ament_lint_auto: 0.12.11 (/opt/ros/humble/share/ament_lint_auto/cmake)
[6.228s] -- Added test 'copyright' to check source files copyright and LICENSE
[6.230s] -- Added test 'cppcheck' to perform static code analysis on C / C++ code
[6.232s] -- Configured cppcheck include dirs: 
[6.233s] -- Configured cppcheck exclude dirs and/or files: 
[6.235s] -- Added test 'cpplint' to check C / C++ code against the Google style
[6.235s] -- Configured cpplint exclude dirs and/or files: 
[6.236s] -- Added test 'lint_cmake' to check CMake code style
[6.248s] -- Added test 'uncrustify' to check C / C++ code style
[6.248s] -- Configured uncrustify additional arguments: 
[6.249s] -- Added test 'xmllint' to check XML markup files
[6.253s] -- Configuring done
[6.361s] -- Generating done
[6.400s] -- Build files have been written to: /home/guy/ros2_ws/build/examples_rclcpp_minimal_publisher
[6.476s] Invoked command in '/home/guy/ros2_ws/build/examples_rclcpp_minimal_publisher' returned '0': CMAKE_PREFIX_PATH=/opt/ros/humble /usr/bin/cmake /home/guy/ros2_ws/src/examples/rclcpp/topics/minimal_publisher -DAMENT_CMAKE_SYMLINK_INSTALL=1 -DCMAKE_INSTALL_PREFIX=/home/guy/ros2_ws/install/examples_rclcpp_minimal_publisher
[6.477s] Invoking command in '/home/guy/ros2_ws/build/examples_rclcpp_minimal_publisher': CMAKE_PREFIX_PATH=/opt/ros/humble /usr/bin/cmake --build /home/guy/ros2_ws/build/examples_rclcpp_minimal_publisher -- -j6 -l6
[7.471s] [  8%] [32mBuilding CXX object CMakeFiles/publisher_lambda.dir/lambda.cpp.o[0m
[21.856s] [ 16%] [32m[1mLinking CXX executable publisher_lambda[0m
[22.257s] [ 16%] Built target publisher_lambda
[22.301s] [ 25%] [32mBuilding CXX object CMakeFiles/publisher_not_composable.dir/not_composable.cpp.o[0m
[33.417s] [ 33%] [32m[1mLinking CXX executable publisher_not_composable[0m
[33.854s] [ 33%] Built target publisher_not_composable
[33.901s] [ 41%] [32mBuilding CXX object CMakeFiles/publisher_wait_for_all_acked.dir/member_function_with_wait_for_all_acked.cpp.o[0m
[44.586s] [ 50%] [32m[1mLinking CXX executable publisher_wait_for_all_acked[0m
[45.182s] [ 50%] Built target publisher_wait_for_all_acked
[45.331s] [ 58%] [32mBuilding CXX object CMakeFiles/publisher_member_function_with_unique_network_flow_endpoints.dir/member_function_with_unique_network_flow_endpoints.cpp.o[0m
[58.119s] [ 66%] [32m[1mLinking CXX executable publisher_member_function_with_unique_network_flow_endpoints[0m
[58.594s] [ 66%] Built target publisher_member_function_with_unique_network_flow_endpoints
[58.635s] [ 75%] [32mBuilding CXX object CMakeFiles/publisher_member_function_with_type_adapter.dir/member_function_with_type_adapter.cpp.o[0m
[69.500s] [ 83%] [32m[1mLinking CXX executable publisher_member_function_with_type_adapter[0m
[69.982s] [ 83%] Built target publisher_member_function_with_type_adapter
[70.024s] [ 91%] [32mBuilding CXX object CMakeFiles/publisher_member_function.dir/member_function.cpp.o[0m
[80.282s] [100%] [32m[1mLinking CXX executable publisher_member_function[0m
[80.687s] [100%] Built target publisher_member_function
[80.711s] Invoked command in '/home/guy/ros2_ws/build/examples_rclcpp_minimal_publisher' returned '0': CMAKE_PREFIX_PATH=/opt/ros/humble /usr/bin/cmake --build /home/guy/ros2_ws/build/examples_rclcpp_minimal_publisher -- -j6 -l6
[80.714s] Invoking command in '/home/guy/ros2_ws/build/examples_rclcpp_minimal_publisher': CMAKE_PREFIX_PATH=/opt/ros/humble /usr/bin/cmake --install /home/guy/ros2_ws/build/examples_rclcpp_minimal_publisher
[80.730s] -- Install configuration: ""
[80.731s] -- Execute custom install script
[80.731s] -- Symlinking: /home/guy/ros2_ws/install/examples_rclcpp_minimal_publisher/lib/examples_rclcpp_minimal_publisher/publisher_lambda
[80.750s] -- Symlinking: /home/guy/ros2_ws/install/examples_rclcpp_minimal_publisher/lib/examples_rclcpp_minimal_publisher/publisher_member_function
[80.767s] -- Symlinking: /home/guy/ros2_ws/install/examples_rclcpp_minimal_publisher/lib/examples_rclcpp_minimal_publisher/publisher_member_function_with_type_adapter
[80.785s] -- Symlinking: /home/guy/ros2_ws/install/examples_rclcpp_minimal_publisher/lib/examples_rclcpp_minimal_publisher/publisher_member_function_with_unique_network_flow_endpoints
[80.804s] -- Symlinking: /home/guy/ros2_ws/install/examples_rclcpp_minimal_publisher/lib/examples_rclcpp_minimal_publisher/publisher_wait_for_all_acked
[80.824s] -- Symlinking: /home/guy/ros2_ws/install/examples_rclcpp_minimal_publisher/lib/examples_rclcpp_minimal_publisher/publisher_not_composable
[80.842s] -- Symlinking: /home/guy/ros2_ws/install/examples_rclcpp_minimal_publisher/share/ament_index/resource_index/package_run_dependencies/examples_rclcpp_minimal_publisher
[80.860s] -- Symlinking: /home/guy/ros2_ws/install/examples_rclcpp_minimal_publisher/share/ament_index/resource_index/parent_prefix_path/examples_rclcpp_minimal_publisher
[80.880s] -- Symlinking: /home/guy/ros2_ws/install/examples_rclcpp_minimal_publisher/share/examples_rclcpp_minimal_publisher/environment/ament_prefix_path.sh
[80.899s] -- Symlinking: /home/guy/ros2_ws/install/examples_rclcpp_minimal_publisher/share/examples_rclcpp_minimal_publisher/environment/ament_prefix_path.dsv
[80.916s] -- Symlinking: /home/guy/ros2_ws/install/examples_rclcpp_minimal_publisher/share/examples_rclcpp_minimal_publisher/environment/path.sh
[80.934s] -- Symlinking: /home/guy/ros2_ws/install/examples_rclcpp_minimal_publisher/share/examples_rclcpp_minimal_publisher/environment/path.dsv
[80.952s] -- Symlinking: /home/guy/ros2_ws/install/examples_rclcpp_minimal_publisher/share/examples_rclcpp_minimal_publisher/local_setup.bash
[80.972s] -- Symlinking: /home/guy/ros2_ws/install/examples_rclcpp_minimal_publisher/share/examples_rclcpp_minimal_publisher/local_setup.sh
[80.992s] -- Symlinking: /home/guy/ros2_ws/install/examples_rclcpp_minimal_publisher/share/examples_rclcpp_minimal_publisher/local_setup.zsh
[81.009s] -- Symlinking: /home/guy/ros2_ws/install/examples_rclcpp_minimal_publisher/share/examples_rclcpp_minimal_publisher/local_setup.dsv
[81.027s] -- Symlinking: /home/guy/ros2_ws/install/examples_rclcpp_minimal_publisher/share/examples_rclcpp_minimal_publisher/package.dsv
[81.047s] -- Symlinking: /home/guy/ros2_ws/install/examples_rclcpp_minimal_publisher/share/ament_index/resource_index/packages/examples_rclcpp_minimal_publisher
[81.065s] -- Symlinking: /home/guy/ros2_ws/install/examples_rclcpp_minimal_publisher/share/examples_rclcpp_minimal_publisher/cmake/examples_rclcpp_minimal_publisherConfig.cmake
[81.082s] -- Symlinking: /home/guy/ros2_ws/install/examples_rclcpp_minimal_publisher/share/examples_rclcpp_minimal_publisher/cmake/examples_rclcpp_minimal_publisherConfig-version.cmake
[81.100s] -- Symlinking: /home/guy/ros2_ws/install/examples_rclcpp_minimal_publisher/share/examples_rclcpp_minimal_publisher/package.xml
[81.126s] Invoked command in '/home/guy/ros2_ws/build/examples_rclcpp_minimal_publisher' returned '0': CMAKE_PREFIX_PATH=/opt/ros/humble /usr/bin/cmake --install /home/guy/ros2_ws/build/examples_rclcpp_minimal_publisher
