[7.073s] Invoking command in '/home/guy/ros2_ws/build/examples_rclpy_guard_conditions': PYTHONPATH=/home/guy/ros2_ws/build/examples_rclpy_guard_conditions/prefix_override:/usr/lib/python3/dist-packages/colcon_core/task/python/colcon_distutils_commands:/home/guy/ros2_ws/install/examples_rclpy_guard_conditions/lib/python3.10/site-packages:${PYTHONPATH} /usr/bin/python3 -W ignore:setup.py install is deprecated -W ignore:easy_install command is deprecated setup.py develop --uninstall --editable --build-directory /home/guy/ros2_ws/build/examples_rclpy_guard_conditions/build
[8.387s] running develop
[9.005s] Removing /home/guy/ros2_ws/install/examples_rclpy_guard_conditions/lib/python3.10/site-packages/examples-rclpy-guard-conditions.egg-link (link to .)
[10.102s] Invoked command in '/home/guy/ros2_ws/build/examples_rclpy_guard_conditions' returned '0': PYTHONPATH=/home/guy/ros2_ws/build/examples_rclpy_guard_conditions/prefix_override:/usr/lib/python3/dist-packages/colcon_core/task/python/colcon_distutils_commands:/home/guy/ros2_ws/install/examples_rclpy_guard_conditions/lib/python3.10/site-packages:${PYTHONPATH} /usr/bin/python3 -W ignore:setup.py install is deprecated -W ignore:easy_install command is deprecated setup.py develop --uninstall --editable --build-directory /home/guy/ros2_ws/build/examples_rclpy_guard_conditions/build
[10.105s] Invoking command in '/home/guy/ros2_ws/src/examples/rclpy/guard_conditions': PYTHONPATH=/home/guy/ros2_ws/build/examples_rclpy_guard_conditions/prefix_override:/usr/lib/python3/dist-packages/colcon_core/task/python/colcon_distutils_commands:/home/guy/ros2_ws/install/examples_rclpy_guard_conditions/lib/python3.10/site-packages:${PYTHONPATH} /usr/bin/python3 -W ignore:setup.py install is deprecated -W ignore:easy_install command is deprecated setup.py egg_info --egg-base ../../../../build/examples_rclpy_guard_conditions build --build-base /home/guy/ros2_ws/build/examples_rclpy_guard_conditions/build install --record /home/guy/ros2_ws/build/examples_rclpy_guard_conditions/install.log --single-version-externally-managed install_data --force
[11.303s] running egg_info
[11.305s] writing ../../../../build/examples_rclpy_guard_conditions/examples_rclpy_guard_conditions.egg-info/PKG-INFO
[11.306s] writing dependency_links to ../../../../build/examples_rclpy_guard_conditions/examples_rclpy_guard_conditions.egg-info/dependency_links.txt
[11.307s] writing entry points to ../../../../build/examples_rclpy_guard_conditions/examples_rclpy_guard_conditions.egg-info/entry_points.txt
[11.307s] writing requirements to ../../../../build/examples_rclpy_guard_conditions/examples_rclpy_guard_conditions.egg-info/requires.txt
[11.307s] writing top-level names to ../../../../build/examples_rclpy_guard_conditions/examples_rclpy_guard_conditions.egg-info/top_level.txt
[11.312s] reading manifest file '../../../../build/examples_rclpy_guard_conditions/examples_rclpy_guard_conditions.egg-info/SOURCES.txt'
[11.314s] writing manifest file '../../../../build/examples_rclpy_guard_conditions/examples_rclpy_guard_conditions.egg-info/SOURCES.txt'
[11.315s] running build
[11.315s] running build_py
[11.316s] running install
[11.316s] running install_lib
[11.318s] creating /home/guy/ros2_ws/install/examples_rclpy_guard_conditions/lib/python3.10/site-packages/examples_rclpy_guard_conditions
[11.319s] copying /home/guy/ros2_ws/build/examples_rclpy_guard_conditions/build/lib/examples_rclpy_guard_conditions/__init__.py -> /home/guy/ros2_ws/install/examples_rclpy_guard_conditions/lib/python3.10/site-packages/examples_rclpy_guard_conditions
[11.319s] copying /home/guy/ros2_ws/build/examples_rclpy_guard_conditions/build/lib/examples_rclpy_guard_conditions/trigger_guard_condition.py -> /home/guy/ros2_ws/install/examples_rclpy_guard_conditions/lib/python3.10/site-packages/examples_rclpy_guard_conditions
[11.325s] byte-compiling /home/guy/ros2_ws/install/examples_rclpy_guard_conditions/lib/python3.10/site-packages/examples_rclpy_guard_conditions/__init__.py to __init__.cpython-310.pyc
[11.325s] byte-compiling /home/guy/ros2_ws/install/examples_rclpy_guard_conditions/lib/python3.10/site-packages/examples_rclpy_guard_conditions/trigger_guard_condition.py to trigger_guard_condition.cpython-310.pyc
[11.327s] running install_data
[11.327s] copying resource/examples_rclpy_guard_conditions -> /home/guy/ros2_ws/install/examples_rclpy_guard_conditions/share/ament_index/resource_index/packages
[11.328s] copying package.xml -> /home/guy/ros2_ws/install/examples_rclpy_guard_conditions/share/examples_rclpy_guard_conditions
[11.328s] running install_egg_info
[11.337s] Copying ../../../../build/examples_rclpy_guard_conditions/examples_rclpy_guard_conditions.egg-info to /home/guy/ros2_ws/install/examples_rclpy_guard_conditions/lib/python3.10/site-packages/examples_rclpy_guard_conditions-0.15.3-py3.10.egg-info
[11.339s] running install_scripts
[11.438s] Installing trigger_guard_condition script to /home/guy/ros2_ws/install/examples_rclpy_guard_conditions/lib/examples_rclpy_guard_conditions
[11.439s] writing list of installed files to '/home/guy/ros2_ws/build/examples_rclpy_guard_conditions/install.log'
[11.591s] Invoked command in '/home/guy/ros2_ws/src/examples/rclpy/guard_conditions' returned '0': PYTHONPATH=/home/guy/ros2_ws/build/examples_rclpy_guard_conditions/prefix_override:/usr/lib/python3/dist-packages/colcon_core/task/python/colcon_distutils_commands:/home/guy/ros2_ws/install/examples_rclpy_guard_conditions/lib/python3.10/site-packages:${PYTHONPATH} /usr/bin/python3 -W ignore:setup.py install is deprecated -W ignore:easy_install command is deprecated setup.py egg_info --egg-base ../../../../build/examples_rclpy_guard_conditions build --build-base /home/guy/ros2_ws/build/examples_rclpy_guard_conditions/build install --record /home/guy/ros2_ws/build/examples_rclpy_guard_conditions/install.log --single-version-externally-managed install_data --force
