[0.052s] Invoking command in '/home/guy/ros2_ws/build/examples_rclcpp_minimal_service': CMAKE_PREFIX_PATH=/opt/ros/humble /usr/bin/cmake /home/guy/ros2_ws/src/examples/rclcpp/services/minimal_service -DAMENT_CMAKE_SYMLINK_INSTALL=1 -DCMAKE_INSTALL_PREFIX=/home/guy/ros2_ws/install/examples_rclcpp_minimal_service
[0.402s] -- The C compiler identification is GNU 11.4.0
[0.713s] -- The CXX compiler identification is GNU 11.4.0
[0.742s] -- Detecting C compiler ABI info
[1.147s] -- Detecting C compiler ABI info - done
[1.175s] -- Check for working C compiler: /usr/bin/cc - skipped
[1.176s] -- Detecting C compile features
[1.178s] -- Detecting C compile features - done
[1.198s] -- Detecting CXX compiler ABI info
[1.600s] -- Detecting CXX compiler ABI info - done
[1.620s] -- Check for working CXX compiler: /usr/bin/c++ - skipped
[1.621s] -- Detecting CXX compile features
[1.625s] -- Detecting CXX compile features - done
[1.644s] -- Found ament_cmake: 1.3.11 (/opt/ros/humble/share/ament_cmake/cmake)
[2.356s] -- Found Python3: /usr/bin/python3 (found version "3.10.12") found components: Interpreter 
[2.582s] -- Override CMake install command with custom implementation using symlinks instead of copying resources
[2.645s] -- Found example_interfaces: 0.9.3 (/opt/ros/humble/share/example_interfaces/cmake)
[2.808s] -- Found rosidl_generator_c: 3.1.6 (/opt/ros/humble/share/rosidl_generator_c/cmake)
[2.823s] -- Found rosidl_adapter: 3.1.6 (/opt/ros/humble/share/rosidl_adapter/cmake)
[2.851s] -- Found rosidl_generator_cpp: 3.1.6 (/opt/ros/humble/share/rosidl_generator_cpp/cmake)
[2.902s] -- Using all available rosidl_typesupport_c: rosidl_typesupport_fastrtps_c;rosidl_typesupport_introspection_c
[2.979s] -- Using all available rosidl_typesupport_cpp: rosidl_typesupport_fastrtps_cpp;rosidl_typesupport_introspection_cpp
[3.243s] -- Found rclcpp: 16.0.11 (/opt/ros/humble/share/rclcpp/cmake)
[3.404s] -- Found rmw_implementation_cmake: 6.1.2 (/opt/ros/humble/share/rmw_implementation_cmake/cmake)
[3.409s] -- Found rmw_fastrtps_cpp: 6.2.7 (/opt/ros/humble/share/rmw_fastrtps_cpp/cmake)
[3.898s] -- Found OpenSSL: /usr/lib/aarch64-linux-gnu/libcrypto.so (found version "3.0.2")  
[3.996s] -- Found FastRTPS: /opt/ros/humble/include  
[4.124s] -- Using RMW implementation 'rmw_fastrtps_cpp' as default
[4.138s] -- Looking for pthread.h
[4.420s] -- Looking for pthread.h - found
[4.420s] -- Performing Test CMAKE_HAVE_LIBC_PTHREAD
[4.811s] -- Performing Test CMAKE_HAVE_LIBC_PTHREAD - Success
[4.815s] -- Found Threads: TRUE  
[5.071s] -- Found ament_lint_auto: 0.12.11 (/opt/ros/humble/share/ament_lint_auto/cmake)
[5.470s] -- Added test 'copyright' to check source files copyright and LICENSE
[5.474s] -- Added test 'cppcheck' to perform static code analysis on C / C++ code
[5.475s] -- Configured cppcheck include dirs: 
[5.475s] -- Configured cppcheck exclude dirs and/or files: 
[5.476s] -- Added test 'cpplint' to check C / C++ code against the Google style
[5.477s] -- Configured cpplint exclude dirs and/or files: 
[5.478s] -- Added test 'lint_cmake' to check CMake code style
[5.488s] -- Added test 'uncrustify' to check C / C++ code style
[5.488s] -- Configured uncrustify additional arguments: 
[5.489s] -- Added test 'xmllint' to check XML markup files
[5.493s] -- Configuring done
[5.548s] -- Generating done
[5.559s] -- Build files have been written to: /home/guy/ros2_ws/build/examples_rclcpp_minimal_service
[5.663s] Invoked command in '/home/guy/ros2_ws/build/examples_rclcpp_minimal_service' returned '0': CMAKE_PREFIX_PATH=/opt/ros/humble /usr/bin/cmake /home/guy/ros2_ws/src/examples/rclcpp/services/minimal_service -DAMENT_CMAKE_SYMLINK_INSTALL=1 -DCMAKE_INSTALL_PREFIX=/home/guy/ros2_ws/install/examples_rclcpp_minimal_service
[5.664s] Invoking command in '/home/guy/ros2_ws/build/examples_rclcpp_minimal_service': CMAKE_PREFIX_PATH=/opt/ros/humble /usr/bin/cmake --build /home/guy/ros2_ws/build/examples_rclcpp_minimal_service -- -j6 -l6
[5.868s] [ 50%] [32mBuilding CXX object CMakeFiles/service_main.dir/main.cpp.o[0m
[19.084s] [100%] [32m[1mLinking CXX executable service_main[0m
[19.614s] [100%] Built target service_main
[19.654s] Invoked command in '/home/guy/ros2_ws/build/examples_rclcpp_minimal_service' returned '0': CMAKE_PREFIX_PATH=/opt/ros/humble /usr/bin/cmake --build /home/guy/ros2_ws/build/examples_rclcpp_minimal_service -- -j6 -l6
[19.655s] Invoking command in '/home/guy/ros2_ws/build/examples_rclcpp_minimal_service': CMAKE_PREFIX_PATH=/opt/ros/humble /usr/bin/cmake --install /home/guy/ros2_ws/build/examples_rclcpp_minimal_service
[24.694s] -- Install configuration: ""
[24.694s] -- Execute custom install script
[24.694s] -- Symlinking: /home/guy/ros2_ws/install/examples_rclcpp_minimal_service/lib/examples_rclcpp_minimal_service/service_main
[24.694s] -- Symlinking: /home/guy/ros2_ws/install/examples_rclcpp_minimal_service/share/ament_index/resource_index/package_run_dependencies/examples_rclcpp_minimal_service
[24.695s] -- Symlinking: /home/guy/ros2_ws/install/examples_rclcpp_minimal_service/share/ament_index/resource_index/parent_prefix_path/examples_rclcpp_minimal_service
[24.695s] -- Symlinking: /home/guy/ros2_ws/install/examples_rclcpp_minimal_service/share/examples_rclcpp_minimal_service/environment/ament_prefix_path.sh
[24.695s] -- Symlinking: /home/guy/ros2_ws/install/examples_rclcpp_minimal_service/share/examples_rclcpp_minimal_service/environment/ament_prefix_path.dsv
[24.695s] -- Symlinking: /home/guy/ros2_ws/install/examples_rclcpp_minimal_service/share/examples_rclcpp_minimal_service/environment/path.sh
[24.695s] -- Symlinking: /home/guy/ros2_ws/install/examples_rclcpp_minimal_service/share/examples_rclcpp_minimal_service/environment/path.dsv
[24.695s] -- Symlinking: /home/guy/ros2_ws/install/examples_rclcpp_minimal_service/share/examples_rclcpp_minimal_service/local_setup.bash
[24.695s] -- Symlinking: /home/guy/ros2_ws/install/examples_rclcpp_minimal_service/share/examples_rclcpp_minimal_service/local_setup.sh
[24.696s] -- Symlinking: /home/guy/ros2_ws/install/examples_rclcpp_minimal_service/share/examples_rclcpp_minimal_service/local_setup.zsh
[24.696s] -- Symlinking: /home/guy/ros2_ws/install/examples_rclcpp_minimal_service/share/examples_rclcpp_minimal_service/local_setup.dsv
[24.696s] -- Symlinking: /home/guy/ros2_ws/install/examples_rclcpp_minimal_service/share/examples_rclcpp_minimal_service/package.dsv
[24.696s] -- Symlinking: /home/guy/ros2_ws/install/examples_rclcpp_minimal_service/share/ament_index/resource_index/packages/examples_rclcpp_minimal_service
[24.696s] -- Symlinking: /home/guy/ros2_ws/install/examples_rclcpp_minimal_service/share/examples_rclcpp_minimal_service/cmake/examples_rclcpp_minimal_serviceConfig.cmake
[24.696s] -- Symlinking: /home/guy/ros2_ws/install/examples_rclcpp_minimal_service/share/examples_rclcpp_minimal_service/cmake/examples_rclcpp_minimal_serviceConfig-version.cmake
[24.696s] -- Symlinking: /home/guy/ros2_ws/install/examples_rclcpp_minimal_service/share/examples_rclcpp_minimal_service/package.xml
[24.702s] Invoked command in '/home/guy/ros2_ws/build/examples_rclcpp_minimal_service' returned '0': CMAKE_PREFIX_PATH=/opt/ros/humble /usr/bin/cmake --install /home/guy/ros2_ws/build/examples_rclcpp_minimal_service
