[7.035s] Invoking command in '/home/guy/ros2_ws/build/examples_rclpy_executors': PYTHONPATH=/home/guy/ros2_ws/build/examples_rclpy_executors/prefix_override:/usr/lib/python3/dist-packages/colcon_core/task/python/colcon_distutils_commands:/home/guy/ros2_ws/install/examples_rclpy_executors/lib/python3.10/site-packages:${PYTHONPATH} /usr/bin/python3 -W ignore:setup.py install is deprecated -W ignore:easy_install command is deprecated setup.py develop --editable --build-directory /home/guy/ros2_ws/build/examples_rclpy_executors/build --no-deps symlink_data --force
[8.227s] running develop
[8.839s] running egg_info
[8.840s] writing examples_rclpy_executors.egg-info/PKG-INFO
[8.841s] writing dependency_links to examples_rclpy_executors.egg-info/dependency_links.txt
[8.842s] writing entry points to examples_rclpy_executors.egg-info/entry_points.txt
[8.843s] writing requirements to examples_rclpy_executors.egg-info/requires.txt
[8.844s] writing top-level names to examples_rclpy_executors.egg-info/top_level.txt
[8.850s] reading manifest file 'examples_rclpy_executors.egg-info/SOURCES.txt'
[8.852s] writing manifest file 'examples_rclpy_executors.egg-info/SOURCES.txt'
[8.865s] running build_ext
[8.866s] Creating /home/guy/ros2_ws/install/examples_rclpy_executors/lib/python3.10/site-packages/examples-rclpy-executors.egg-link (link to .)
[8.869s] Installing callback_group script to /home/guy/ros2_ws/install/examples_rclpy_executors/lib/examples_rclpy_executors
[8.871s] Installing composed script to /home/guy/ros2_ws/install/examples_rclpy_executors/lib/examples_rclpy_executors
[8.872s] Installing custom_callback_group script to /home/guy/ros2_ws/install/examples_rclpy_executors/lib/examples_rclpy_executors
[8.873s] Installing custom_executor script to /home/guy/ros2_ws/install/examples_rclpy_executors/lib/examples_rclpy_executors
[8.875s] Installing listener script to /home/guy/ros2_ws/install/examples_rclpy_executors/lib/examples_rclpy_executors
[8.876s] Installing talker script to /home/guy/ros2_ws/install/examples_rclpy_executors/lib/examples_rclpy_executors
[8.878s] 
[8.878s] Installed /home/guy/ros2_ws/build/examples_rclpy_executors
[8.878s] running symlink_data
[8.879s] symbolically linking /home/guy/ros2_ws/build/examples_rclpy_executors/resource/examples_rclpy_executors -> /home/guy/ros2_ws/install/examples_rclpy_executors/share/ament_index/resource_index/packages
[8.880s] symbolically linking /home/guy/ros2_ws/build/examples_rclpy_executors/package.xml -> /home/guy/ros2_ws/install/examples_rclpy_executors/share/examples_rclpy_executors
[8.976s] Invoked command in '/home/guy/ros2_ws/build/examples_rclpy_executors' returned '0': PYTHONPATH=/home/guy/ros2_ws/build/examples_rclpy_executors/prefix_override:/usr/lib/python3/dist-packages/colcon_core/task/python/colcon_distutils_commands:/home/guy/ros2_ws/install/examples_rclpy_executors/lib/python3.10/site-packages:${PYTHONPATH} /usr/bin/python3 -W ignore:setup.py install is deprecated -W ignore:easy_install command is deprecated setup.py develop --editable --build-directory /home/guy/ros2_ws/build/examples_rclpy_executors/build --no-deps symlink_data --force
