[7.952s] Invoking command in '/home/guy/ros2_ws/src/examples/rclpy/topics/minimal_publisher': PYTHONPATH=/home/guy/ros2_ws/build/examples_rclpy_minimal_publisher/prefix_override:/usr/lib/python3/dist-packages/colcon_core/task/python/colcon_distutils_commands:/home/guy/ros2_ws/install/examples_rclpy_minimal_publisher/lib/python3.10/site-packages:${PYTHONPATH} /usr/bin/python3 -W ignore:setup.py install is deprecated -W ignore:easy_install command is deprecated setup.py egg_info --egg-base ../../../../../build/examples_rclpy_minimal_publisher build --build-base /home/guy/ros2_ws/build/examples_rclpy_minimal_publisher/build install --record /home/guy/ros2_ws/build/examples_rclpy_minimal_publisher/install.log --single-version-externally-managed install_data
[9.236s] running egg_info
[9.237s] writing ../../../../../build/examples_rclpy_minimal_publisher/examples_rclpy_minimal_publisher.egg-info/PKG-INFO
[9.237s] writing dependency_links to ../../../../../build/examples_rclpy_minimal_publisher/examples_rclpy_minimal_publisher.egg-info/dependency_links.txt
[9.237s] writing entry points to ../../../../../build/examples_rclpy_minimal_publisher/examples_rclpy_minimal_publisher.egg-info/entry_points.txt
[9.238s] writing requirements to ../../../../../build/examples_rclpy_minimal_publisher/examples_rclpy_minimal_publisher.egg-info/requires.txt
[9.238s] writing top-level names to ../../../../../build/examples_rclpy_minimal_publisher/examples_rclpy_minimal_publisher.egg-info/top_level.txt
[9.238s] reading manifest file '../../../../../build/examples_rclpy_minimal_publisher/examples_rclpy_minimal_publisher.egg-info/SOURCES.txt'
[9.238s] writing manifest file '../../../../../build/examples_rclpy_minimal_publisher/examples_rclpy_minimal_publisher.egg-info/SOURCES.txt'
[9.238s] running build
[9.238s] running build_py
[9.238s] running install
[9.239s] running install_lib
[9.239s] running install_data
[9.239s] running install_egg_info
[9.240s] removing '/home/guy/ros2_ws/install/examples_rclpy_minimal_publisher/lib/python3.10/site-packages/examples_rclpy_minimal_publisher-0.15.3-py3.10.egg-info' (and everything under it)
[9.241s] Copying ../../../../../build/examples_rclpy_minimal_publisher/examples_rclpy_minimal_publisher.egg-info to /home/guy/ros2_ws/install/examples_rclpy_minimal_publisher/lib/python3.10/site-packages/examples_rclpy_minimal_publisher-0.15.3-py3.10.egg-info
[9.241s] running install_scripts
[9.241s] Installing publisher_local_function script to /home/guy/ros2_ws/install/examples_rclpy_minimal_publisher/lib/examples_rclpy_minimal_publisher
[9.241s] Installing publisher_member_function script to /home/guy/ros2_ws/install/examples_rclpy_minimal_publisher/lib/examples_rclpy_minimal_publisher
[9.242s] Installing publisher_member_function_with_wait_for_all_acked script to /home/guy/ros2_ws/install/examples_rclpy_minimal_publisher/lib/examples_rclpy_minimal_publisher
[9.243s] Installing publisher_old_school script to /home/guy/ros2_ws/install/examples_rclpy_minimal_publisher/lib/examples_rclpy_minimal_publisher
[9.244s] writing list of installed files to '/home/guy/ros2_ws/build/examples_rclpy_minimal_publisher/install.log'
[9.367s] Invoked command in '/home/guy/ros2_ws/src/examples/rclpy/topics/minimal_publisher' returned '0': PYTHONPATH=/home/guy/ros2_ws/build/examples_rclpy_minimal_publisher/prefix_override:/usr/lib/python3/dist-packages/colcon_core/task/python/colcon_distutils_commands:/home/guy/ros2_ws/install/examples_rclpy_minimal_publisher/lib/python3.10/site-packages:${PYTHONPATH} /usr/bin/python3 -W ignore:setup.py install is deprecated -W ignore:easy_install command is deprecated setup.py egg_info --egg-base ../../../../../build/examples_rclpy_minimal_publisher build --build-base /home/guy/ros2_ws/build/examples_rclpy_minimal_publisher/build install --record /home/guy/ros2_ws/build/examples_rclpy_minimal_publisher/install.log --single-version-externally-managed install_data
