[4.144s] Invoking command in '/home/guy/ros2_ws/build/examples_rclpy_minimal_service': PYTHONPATH=/home/guy/ros2_ws/build/examples_rclpy_minimal_service/prefix_override:/usr/lib/python3/dist-packages/colcon_core/task/python/colcon_distutils_commands:/home/guy/ros2_ws/install/examples_rclpy_minimal_service/lib/python3.10/site-packages:${PYTHONPATH} /usr/bin/python3 -W ignore:setup.py install is deprecated -W ignore:easy_install command is deprecated setup.py develop --editable --build-directory /home/guy/ros2_ws/build/examples_rclpy_minimal_service/build --no-deps symlink_data --force
[5.365s] running develop
[5.964s] running egg_info
[5.964s] writing examples_rclpy_minimal_service.egg-info/PKG-INFO
[5.965s] writing dependency_links to examples_rclpy_minimal_service.egg-info/dependency_links.txt
[5.966s] writing entry points to examples_rclpy_minimal_service.egg-info/entry_points.txt
[5.968s] writing requirements to examples_rclpy_minimal_service.egg-info/requires.txt
[5.968s] writing top-level names to examples_rclpy_minimal_service.egg-info/top_level.txt
[5.970s] reading manifest file 'examples_rclpy_minimal_service.egg-info/SOURCES.txt'
[5.972s] writing manifest file 'examples_rclpy_minimal_service.egg-info/SOURCES.txt'
[5.984s] running build_ext
[5.984s] Creating /home/guy/ros2_ws/install/examples_rclpy_minimal_service/lib/python3.10/site-packages/examples-rclpy-minimal-service.egg-link (link to .)
[5.986s] Installing service script to /home/guy/ros2_ws/install/examples_rclpy_minimal_service/lib/examples_rclpy_minimal_service
[5.986s] Installing service_member_function script to /home/guy/ros2_ws/install/examples_rclpy_minimal_service/lib/examples_rclpy_minimal_service
[5.987s] 
[5.987s] Installed /home/guy/ros2_ws/build/examples_rclpy_minimal_service
[5.987s] running symlink_data
[5.988s] symbolically linking /home/guy/ros2_ws/build/examples_rclpy_minimal_service/resource/examples_rclpy_minimal_service -> /home/guy/ros2_ws/install/examples_rclpy_minimal_service/share/ament_index/resource_index/packages
[5.988s] symbolically linking /home/guy/ros2_ws/build/examples_rclpy_minimal_service/package.xml -> /home/guy/ros2_ws/install/examples_rclpy_minimal_service/share/examples_rclpy_minimal_service
[6.084s] Invoked command in '/home/guy/ros2_ws/build/examples_rclpy_minimal_service' returned '0': PYTHONPATH=/home/guy/ros2_ws/build/examples_rclpy_minimal_service/prefix_override:/usr/lib/python3/dist-packages/colcon_core/task/python/colcon_distutils_commands:/home/guy/ros2_ws/install/examples_rclpy_minimal_service/lib/python3.10/site-packages:${PYTHONPATH} /usr/bin/python3 -W ignore:setup.py install is deprecated -W ignore:easy_install command is deprecated setup.py develop --editable --build-directory /home/guy/ros2_ws/build/examples_rclpy_minimal_service/build --no-deps symlink_data --force
