[5.066s] Invoking command in '/home/guy/ros2_ws/build/examples_rclpy_guard_conditions': PYTHONPATH=/home/guy/ros2_ws/build/examples_rclpy_guard_conditions/prefix_override:/usr/lib/python3/dist-packages/colcon_core/task/python/colcon_distutils_commands:/home/guy/ros2_ws/install/examples_rclpy_guard_conditions/lib/python3.10/site-packages:${PYTHONPATH} /usr/bin/python3 -W ignore:setup.py install is deprecated -W ignore:easy_install command is deprecated setup.py develop --uninstall --editable --build-directory /home/guy/ros2_ws/build/examples_rclpy_guard_conditions/build
[6.499s] running develop
[7.478s] Removing /home/guy/ros2_ws/install/examples_rclpy_guard_conditions/lib/python3.10/site-packages/examples-rclpy-guard-conditions.egg-link (link to .)
[7.683s] Invoked command in '/home/guy/ros2_ws/build/examples_rclpy_guard_conditions' returned '0': PYTHONPATH=/home/guy/ros2_ws/build/examples_rclpy_guard_conditions/prefix_override:/usr/lib/python3/dist-packages/colcon_core/task/python/colcon_distutils_commands:/home/guy/ros2_ws/install/examples_rclpy_guard_conditions/lib/python3.10/site-packages:${PYTHONPATH} /usr/bin/python3 -W ignore:setup.py install is deprecated -W ignore:easy_install command is deprecated setup.py develop --uninstall --editable --build-directory /home/guy/ros2_ws/build/examples_rclpy_guard_conditions/build
[7.684s] Invoking command in '/home/guy/ros2_ws/src/examples/rclpy/guard_conditions': PYTHONPATH=/home/guy/ros2_ws/build/examples_rclpy_guard_conditions/prefix_override:/usr/lib/python3/dist-packages/colcon_core/task/python/colcon_distutils_commands:/home/guy/ros2_ws/install/examples_rclpy_guard_conditions/lib/python3.10/site-packages:${PYTHONPATH} /usr/bin/python3 -W ignore:setup.py install is deprecated -W ignore:easy_install command is deprecated setup.py egg_info --egg-base ../../../../build/examples_rclpy_guard_conditions build --build-base /home/guy/ros2_ws/build/examples_rclpy_guard_conditions/build install --record /home/guy/ros2_ws/build/examples_rclpy_guard_conditions/install.log --single-version-externally-managed install_data --force
[9.252s] running egg_info
[9.253s] writing ../../../../build/examples_rclpy_guard_conditions/examples_rclpy_guard_conditions.egg-info/PKG-INFO
[9.253s] writing dependency_links to ../../../../build/examples_rclpy_guard_conditions/examples_rclpy_guard_conditions.egg-info/dependency_links.txt
[9.253s] writing entry points to ../../../../build/examples_rclpy_guard_conditions/examples_rclpy_guard_conditions.egg-info/entry_points.txt
[9.253s] writing requirements to ../../../../build/examples_rclpy_guard_conditions/examples_rclpy_guard_conditions.egg-info/requires.txt
[9.253s] writing top-level names to ../../../../build/examples_rclpy_guard_conditions/examples_rclpy_guard_conditions.egg-info/top_level.txt
[9.253s] reading manifest file '../../../../build/examples_rclpy_guard_conditions/examples_rclpy_guard_conditions.egg-info/SOURCES.txt'
[9.253s] writing manifest file '../../../../build/examples_rclpy_guard_conditions/examples_rclpy_guard_conditions.egg-info/SOURCES.txt'
[9.254s] running build
[9.254s] running build_py
[9.254s] creating /home/guy/ros2_ws/build/examples_rclpy_guard_conditions/build
[9.254s] creating /home/guy/ros2_ws/build/examples_rclpy_guard_conditions/build/lib
[9.254s] creating /home/guy/ros2_ws/build/examples_rclpy_guard_conditions/build/lib/examples_rclpy_guard_conditions
[9.254s] copying examples_rclpy_guard_conditions/__init__.py -> /home/guy/ros2_ws/build/examples_rclpy_guard_conditions/build/lib/examples_rclpy_guard_conditions
[9.254s] copying examples_rclpy_guard_conditions/trigger_guard_condition.py -> /home/guy/ros2_ws/build/examples_rclpy_guard_conditions/build/lib/examples_rclpy_guard_conditions
[9.255s] running install
[9.255s] running install_lib
[9.255s] creating /home/guy/ros2_ws/install/examples_rclpy_guard_conditions/lib/python3.10/site-packages/examples_rclpy_guard_conditions
[9.255s] copying /home/guy/ros2_ws/build/examples_rclpy_guard_conditions/build/lib/examples_rclpy_guard_conditions/__init__.py -> /home/guy/ros2_ws/install/examples_rclpy_guard_conditions/lib/python3.10/site-packages/examples_rclpy_guard_conditions
[9.255s] copying /home/guy/ros2_ws/build/examples_rclpy_guard_conditions/build/lib/examples_rclpy_guard_conditions/trigger_guard_condition.py -> /home/guy/ros2_ws/install/examples_rclpy_guard_conditions/lib/python3.10/site-packages/examples_rclpy_guard_conditions
[9.255s] byte-compiling /home/guy/ros2_ws/install/examples_rclpy_guard_conditions/lib/python3.10/site-packages/examples_rclpy_guard_conditions/__init__.py to __init__.cpython-310.pyc
[9.255s] byte-compiling /home/guy/ros2_ws/install/examples_rclpy_guard_conditions/lib/python3.10/site-packages/examples_rclpy_guard_conditions/trigger_guard_condition.py to trigger_guard_condition.cpython-310.pyc
[9.256s] running install_data
[9.256s] copying resource/examples_rclpy_guard_conditions -> /home/guy/ros2_ws/install/examples_rclpy_guard_conditions/share/ament_index/resource_index/packages
[9.256s] copying package.xml -> /home/guy/ros2_ws/install/examples_rclpy_guard_conditions/share/examples_rclpy_guard_conditions
[9.256s] running install_egg_info
[9.256s] Copying ../../../../build/examples_rclpy_guard_conditions/examples_rclpy_guard_conditions.egg-info to /home/guy/ros2_ws/install/examples_rclpy_guard_conditions/lib/python3.10/site-packages/examples_rclpy_guard_conditions-0.15.3-py3.10.egg-info
[9.256s] running install_scripts
[9.256s] Installing trigger_guard_condition script to /home/guy/ros2_ws/install/examples_rclpy_guard_conditions/lib/examples_rclpy_guard_conditions
[9.257s] writing list of installed files to '/home/guy/ros2_ws/build/examples_rclpy_guard_conditions/install.log'
[9.333s] Invoked command in '/home/guy/ros2_ws/src/examples/rclpy/guard_conditions' returned '0': PYTHONPATH=/home/guy/ros2_ws/build/examples_rclpy_guard_conditions/prefix_override:/usr/lib/python3/dist-packages/colcon_core/task/python/colcon_distutils_commands:/home/guy/ros2_ws/install/examples_rclpy_guard_conditions/lib/python3.10/site-packages:${PYTHONPATH} /usr/bin/python3 -W ignore:setup.py install is deprecated -W ignore:easy_install command is deprecated setup.py egg_info --egg-base ../../../../build/examples_rclpy_guard_conditions build --build-base /home/guy/ros2_ws/build/examples_rclpy_guard_conditions/build install --record /home/guy/ros2_ws/build/examples_rclpy_guard_conditions/install.log --single-version-externally-managed install_data --force
